[2021-05-26 06:35:04,002] {taskinstance.py:876} INFO - Dependencies all met for <TaskInstance: my_simple_dag2.sleep_me 2021-05-25T00:00:00+00:00 [queued]>
[2021-05-26 06:35:04,010] {taskinstance.py:876} INFO - Dependencies all met for <TaskInstance: my_simple_dag2.sleep_me 2021-05-25T00:00:00+00:00 [queued]>
[2021-05-26 06:35:04,010] {taskinstance.py:1067} INFO - 
--------------------------------------------------------------------------------
[2021-05-26 06:35:04,010] {taskinstance.py:1068} INFO - Starting attempt 1 of 1
[2021-05-26 06:35:04,010] {taskinstance.py:1069} INFO - 
--------------------------------------------------------------------------------
[2021-05-26 06:35:04,026] {taskinstance.py:1087} INFO - Executing <Task(BashOperator): sleep_me> on 2021-05-25T00:00:00+00:00
[2021-05-26 06:35:04,029] {standard_task_runner.py:52} INFO - Started process 22609 to run task
[2021-05-26 06:35:04,033] {standard_task_runner.py:76} INFO - Running: ['airflow', 'tasks', 'run', 'my_simple_dag2', 'sleep_me', '2021-05-25T00:00:00+00:00', '--job-id', '4', '--pool', 'default_pool', '--raw', '--subdir', 'DAGS_FOLDER/__pycache__/test_dag.py', '--cfg-path', '/tmp/tmp4y2kch1h', '--error-file', '/tmp/tmpiju68hh5']
[2021-05-26 06:35:04,034] {standard_task_runner.py:77} INFO - Job 4: Subtask sleep_me
[2021-05-26 06:35:04,099] {logging_mixin.py:104} INFO - Running <TaskInstance: my_simple_dag2.sleep_me 2021-05-25T00:00:00+00:00 [running]> on host nus-fintech-ner-1.asia-southeast1-b.c.cylynx-dev-badc.internal
[2021-05-26 06:35:04,157] {taskinstance.py:1282} INFO - Exporting the following env vars:
AIRFLOW_CTX_DAG_OWNER=airflow
AIRFLOW_CTX_DAG_ID=my_simple_dag2
AIRFLOW_CTX_TASK_ID=sleep_me
AIRFLOW_CTX_EXECUTION_DATE=2021-05-25T00:00:00+00:00
AIRFLOW_CTX_DAG_RUN_ID=scheduled__2021-05-25T00:00:00+00:00
[2021-05-26 06:35:04,158] {subprocess.py:52} INFO - Tmp dir root location: 
 /tmp
[2021-05-26 06:35:04,158] {subprocess.py:63} INFO - Running command: ['bash', '-c', 'sleep 5']
[2021-05-26 06:35:04,162] {subprocess.py:75} INFO - Output:
[2021-05-26 06:35:09,163] {subprocess.py:83} INFO - Command exited with return code 0
[2021-05-26 06:35:09,191] {taskinstance.py:1191} INFO - Marking task as SUCCESS. dag_id=my_simple_dag2, task_id=sleep_me, execution_date=20210525T000000, start_date=20210526T063504, end_date=20210526T063509
[2021-05-26 06:35:09,225] {taskinstance.py:1245} INFO - 1 downstream tasks scheduled from follow-on schedule check
[2021-05-26 06:35:09,264] {local_task_job.py:151} INFO - Task exited with return code 0
