[2021-05-26 06:35:11,183] {taskinstance.py:876} INFO - Dependencies all met for <TaskInstance: my_simple_dag2.respond 2021-05-25T00:00:00+00:00 [queued]>
[2021-05-26 06:35:11,191] {taskinstance.py:876} INFO - Dependencies all met for <TaskInstance: my_simple_dag2.respond 2021-05-25T00:00:00+00:00 [queued]>
[2021-05-26 06:35:11,191] {taskinstance.py:1067} INFO - 
--------------------------------------------------------------------------------
[2021-05-26 06:35:11,191] {taskinstance.py:1068} INFO - Starting attempt 1 of 1
[2021-05-26 06:35:11,191] {taskinstance.py:1069} INFO - 
--------------------------------------------------------------------------------
[2021-05-26 06:35:11,210] {taskinstance.py:1087} INFO - Executing <Task(PythonOperator): respond> on 2021-05-25T00:00:00+00:00
[2021-05-26 06:35:11,213] {standard_task_runner.py:52} INFO - Started process 22641 to run task
[2021-05-26 06:35:11,217] {standard_task_runner.py:76} INFO - Running: ['airflow', 'tasks', 'run', 'my_simple_dag2', 'respond', '2021-05-25T00:00:00+00:00', '--job-id', '5', '--pool', 'default_pool', '--raw', '--subdir', 'DAGS_FOLDER/__pycache__/test_dag.py', '--cfg-path', '/tmp/tmp0wydn3bq', '--error-file', '/tmp/tmpg5g53wa_']
[2021-05-26 06:35:11,219] {standard_task_runner.py:77} INFO - Job 5: Subtask respond
[2021-05-26 06:35:11,265] {logging_mixin.py:104} INFO - Running <TaskInstance: my_simple_dag2.respond 2021-05-25T00:00:00+00:00 [running]> on host nus-fintech-ner-1.asia-southeast1-b.c.cylynx-dev-badc.internal
[2021-05-26 06:35:11,316] {taskinstance.py:1282} INFO - Exporting the following env vars:
AIRFLOW_CTX_DAG_OWNER=airflow
AIRFLOW_CTX_DAG_ID=my_simple_dag2
AIRFLOW_CTX_TASK_ID=respond
AIRFLOW_CTX_EXECUTION_DATE=2021-05-25T00:00:00+00:00
AIRFLOW_CTX_DAG_RUN_ID=scheduled__2021-05-25T00:00:00+00:00
[2021-05-26 06:35:11,316] {python.py:151} INFO - Done. Returned value was: Greet Responded Again
[2021-05-26 06:35:11,333] {taskinstance.py:1191} INFO - Marking task as SUCCESS. dag_id=my_simple_dag2, task_id=respond, execution_date=20210525T000000, start_date=20210526T063511, end_date=20210526T063511
[2021-05-26 06:35:11,355] {taskinstance.py:1245} INFO - 0 downstream tasks scheduled from follow-on schedule check
[2021-05-26 06:35:11,390] {local_task_job.py:151} INFO - Task exited with return code 0
