[2021-05-26 06:26:13,057] {taskinstance.py:876} INFO - Dependencies all met for <TaskInstance: my_simple_dag.say_Hi 2018-09-24T12:30:00+00:00 [queued]>
[2021-05-26 06:26:13,069] {taskinstance.py:876} INFO - Dependencies all met for <TaskInstance: my_simple_dag.say_Hi 2018-09-24T12:30:00+00:00 [queued]>
[2021-05-26 06:26:13,070] {taskinstance.py:1067} INFO - 
--------------------------------------------------------------------------------
[2021-05-26 06:26:13,070] {taskinstance.py:1068} INFO - Starting attempt 1 of 1
[2021-05-26 06:26:13,070] {taskinstance.py:1069} INFO - 
--------------------------------------------------------------------------------
[2021-05-26 06:26:13,095] {taskinstance.py:1087} INFO - Executing <Task(BashOperator): say_Hi> on 2018-09-24T12:30:00+00:00
[2021-05-26 06:26:13,097] {standard_task_runner.py:52} INFO - Started process 20527 to run task
[2021-05-26 06:26:13,109] {standard_task_runner.py:76} INFO - Running: ['airflow', 'tasks', 'run', 'my_simple_dag', 'say_Hi', '2018-09-24T12:30:00+00:00', '--job-id', '35', '--pool', 'default_pool', '--raw', '--subdir', 'DAGS_FOLDER/test_dag.py', '--cfg-path', '/tmp/tmp2tiyn7kl', '--error-file', '/tmp/tmprva175y7']
[2021-05-26 06:26:13,115] {standard_task_runner.py:77} INFO - Job 35: Subtask say_Hi
[2021-05-26 06:26:13,171] {logging_mixin.py:104} INFO - Running <TaskInstance: my_simple_dag.say_Hi 2018-09-24T12:30:00+00:00 [running]> on host nus-fintech-ner-1.asia-southeast1-b.c.cylynx-dev-badc.internal
[2021-05-26 06:26:13,242] {taskinstance.py:1282} INFO - Exporting the following env vars:
AIRFLOW_CTX_DAG_OWNER=airflow
AIRFLOW_CTX_DAG_ID=my_simple_dag
AIRFLOW_CTX_TASK_ID=say_Hi
AIRFLOW_CTX_EXECUTION_DATE=2018-09-24T12:30:00+00:00
AIRFLOW_CTX_DAG_RUN_ID=scheduled__2018-09-24T12:30:00+00:00
[2021-05-26 06:26:13,244] {subprocess.py:52} INFO - Tmp dir root location: 
 /tmp
[2021-05-26 06:26:13,245] {subprocess.py:63} INFO - Running command: ['bash', '-c', 'echo "Hi!!"']
[2021-05-26 06:26:13,254] {subprocess.py:75} INFO - Output:
[2021-05-26 06:26:13,256] {subprocess.py:79} INFO - Hi!!
[2021-05-26 06:26:13,257] {subprocess.py:83} INFO - Command exited with return code 0
[2021-05-26 06:26:13,285] {taskinstance.py:1191} INFO - Marking task as SUCCESS. dag_id=my_simple_dag, task_id=say_Hi, execution_date=20180924T123000, start_date=20210526T062613, end_date=20210526T062613
[2021-05-26 06:26:13,335] {taskinstance.py:1245} INFO - 1 downstream tasks scheduled from follow-on schedule check
[2021-05-26 06:26:13,360] {local_task_job.py:151} INFO - Task exited with return code 0
