[2021-05-26 06:37:37,759] {taskinstance.py:876} INFO - Dependencies all met for <TaskInstance: my_simple_dag2.greet 2021-05-26T06:37:33.844584+00:00 [queued]>
[2021-05-26 06:37:37,767] {taskinstance.py:876} INFO - Dependencies all met for <TaskInstance: my_simple_dag2.greet 2021-05-26T06:37:33.844584+00:00 [queued]>
[2021-05-26 06:37:37,768] {taskinstance.py:1067} INFO - 
--------------------------------------------------------------------------------
[2021-05-26 06:37:37,768] {taskinstance.py:1068} INFO - Starting attempt 1 of 1
[2021-05-26 06:37:37,768] {taskinstance.py:1069} INFO - 
--------------------------------------------------------------------------------
[2021-05-26 06:37:37,783] {taskinstance.py:1087} INFO - Executing <Task(PythonOperator): greet> on 2021-05-26T06:37:33.844584+00:00
[2021-05-26 06:37:37,785] {standard_task_runner.py:52} INFO - Started process 24173 to run task
[2021-05-26 06:37:37,789] {standard_task_runner.py:76} INFO - Running: ['airflow', 'tasks', 'run', 'my_simple_dag2', 'greet', '2021-05-26T06:37:33.844584+00:00', '--job-id', '7', '--pool', 'default_pool', '--raw', '--subdir', 'DAGS_FOLDER/__pycache__/test_dag.py', '--cfg-path', '/tmp/tmpderint8f', '--error-file', '/tmp/tmpx56an7r8']
[2021-05-26 06:37:37,792] {standard_task_runner.py:77} INFO - Job 7: Subtask greet
[2021-05-26 06:37:37,822] {logging_mixin.py:104} INFO - Running <TaskInstance: my_simple_dag2.greet 2021-05-26T06:37:33.844584+00:00 [running]> on host nus-fintech-ner-1.asia-southeast1-b.c.cylynx-dev-badc.internal
[2021-05-26 06:37:37,865] {taskinstance.py:1282} INFO - Exporting the following env vars:
AIRFLOW_CTX_DAG_OWNER=airflow
AIRFLOW_CTX_DAG_ID=my_simple_dag2
AIRFLOW_CTX_TASK_ID=greet
AIRFLOW_CTX_EXECUTION_DATE=2021-05-26T06:37:33.844584+00:00
AIRFLOW_CTX_DAG_RUN_ID=manual__2021-05-26T06:37:33.844584+00:00
[2021-05-26 06:37:37,866] {logging_mixin.py:104} INFO - Writing in file
[2021-05-26 06:37:37,866] {python.py:151} INFO - Done. Returned value was: Greeted
[2021-05-26 06:37:37,884] {taskinstance.py:1191} INFO - Marking task as SUCCESS. dag_id=my_simple_dag2, task_id=greet, execution_date=20210526T063733, start_date=20210526T063737, end_date=20210526T063737
[2021-05-26 06:37:37,915] {taskinstance.py:1245} INFO - 1 downstream tasks scheduled from follow-on schedule check
[2021-05-26 06:37:37,926] {local_task_job.py:151} INFO - Task exited with return code 0
