[2021-05-26 06:26:59,644] {taskinstance.py:876} INFO - Dependencies all met for <TaskInstance: my_simple_dag.say_Hi 2018-09-24T14:10:00+00:00 [queued]>
[2021-05-26 06:26:59,657] {taskinstance.py:876} INFO - Dependencies all met for <TaskInstance: my_simple_dag.say_Hi 2018-09-24T14:10:00+00:00 [queued]>
[2021-05-26 06:26:59,659] {taskinstance.py:1067} INFO - 
--------------------------------------------------------------------------------
[2021-05-26 06:26:59,659] {taskinstance.py:1068} INFO - Starting attempt 1 of 1
[2021-05-26 06:26:59,659] {taskinstance.py:1069} INFO - 
--------------------------------------------------------------------------------
[2021-05-26 06:26:59,685] {taskinstance.py:1087} INFO - Executing <Task(BashOperator): say_Hi> on 2018-09-24T14:10:00+00:00
[2021-05-26 06:26:59,688] {standard_task_runner.py:52} INFO - Started process 20790 to run task
[2021-05-26 06:26:59,704] {standard_task_runner.py:76} INFO - Running: ['airflow', 'tasks', 'run', 'my_simple_dag', 'say_Hi', '2018-09-24T14:10:00+00:00', '--job-id', '55', '--pool', 'default_pool', '--raw', '--subdir', 'DAGS_FOLDER/test_dag.py', '--cfg-path', '/tmp/tmp27tukt9s', '--error-file', '/tmp/tmpd0vn5syv']
[2021-05-26 06:26:59,706] {standard_task_runner.py:77} INFO - Job 55: Subtask say_Hi
[2021-05-26 06:26:59,749] {logging_mixin.py:104} INFO - Running <TaskInstance: my_simple_dag.say_Hi 2018-09-24T14:10:00+00:00 [running]> on host nus-fintech-ner-1.asia-southeast1-b.c.cylynx-dev-badc.internal
[2021-05-26 06:26:59,823] {taskinstance.py:1282} INFO - Exporting the following env vars:
AIRFLOW_CTX_DAG_OWNER=airflow
AIRFLOW_CTX_DAG_ID=my_simple_dag
AIRFLOW_CTX_TASK_ID=say_Hi
AIRFLOW_CTX_EXECUTION_DATE=2018-09-24T14:10:00+00:00
AIRFLOW_CTX_DAG_RUN_ID=scheduled__2018-09-24T14:10:00+00:00
[2021-05-26 06:26:59,825] {subprocess.py:52} INFO - Tmp dir root location: 
 /tmp
[2021-05-26 06:26:59,826] {subprocess.py:63} INFO - Running command: ['bash', '-c', 'echo "Hi!!"']
[2021-05-26 06:26:59,835] {subprocess.py:75} INFO - Output:
[2021-05-26 06:26:59,837] {subprocess.py:79} INFO - Hi!!
[2021-05-26 06:26:59,837] {subprocess.py:83} INFO - Command exited with return code 0
[2021-05-26 06:26:59,867] {taskinstance.py:1191} INFO - Marking task as SUCCESS. dag_id=my_simple_dag, task_id=say_Hi, execution_date=20180924T141000, start_date=20210526T062659, end_date=20210526T062659
[2021-05-26 06:26:59,923] {taskinstance.py:1245} INFO - 1 downstream tasks scheduled from follow-on schedule check
[2021-05-26 06:26:59,964] {local_task_job.py:151} INFO - Task exited with return code 0
