[2021-05-26 06:34:59,919] {taskinstance.py:876} INFO - Dependencies all met for <TaskInstance: my_simple_dag2.say_Hi 2021-05-25T00:00:00+00:00 [queued]>
[2021-05-26 06:34:59,930] {taskinstance.py:876} INFO - Dependencies all met for <TaskInstance: my_simple_dag2.say_Hi 2021-05-25T00:00:00+00:00 [queued]>
[2021-05-26 06:34:59,931] {taskinstance.py:1067} INFO - 
--------------------------------------------------------------------------------
[2021-05-26 06:34:59,931] {taskinstance.py:1068} INFO - Starting attempt 1 of 1
[2021-05-26 06:34:59,932] {taskinstance.py:1069} INFO - 
--------------------------------------------------------------------------------
[2021-05-26 06:34:59,956] {taskinstance.py:1087} INFO - Executing <Task(BashOperator): say_Hi> on 2021-05-25T00:00:00+00:00
[2021-05-26 06:34:59,957] {standard_task_runner.py:52} INFO - Started process 22592 to run task
[2021-05-26 06:34:59,966] {standard_task_runner.py:76} INFO - Running: ['airflow', 'tasks', 'run', 'my_simple_dag2', 'say_Hi', '2021-05-25T00:00:00+00:00', '--job-id', '2', '--pool', 'default_pool', '--raw', '--subdir', 'DAGS_FOLDER/__pycache__/test_dag.py', '--cfg-path', '/tmp/tmp2k61by4z', '--error-file', '/tmp/tmpm6b6v5x1']
[2021-05-26 06:34:59,968] {standard_task_runner.py:77} INFO - Job 2: Subtask say_Hi
[2021-05-26 06:35:00,019] {logging_mixin.py:104} INFO - Running <TaskInstance: my_simple_dag2.say_Hi 2021-05-25T00:00:00+00:00 [running]> on host nus-fintech-ner-1.asia-southeast1-b.c.cylynx-dev-badc.internal
[2021-05-26 06:35:00,081] {taskinstance.py:1282} INFO - Exporting the following env vars:
AIRFLOW_CTX_DAG_OWNER=airflow
AIRFLOW_CTX_DAG_ID=my_simple_dag2
AIRFLOW_CTX_TASK_ID=say_Hi
AIRFLOW_CTX_EXECUTION_DATE=2021-05-25T00:00:00+00:00
AIRFLOW_CTX_DAG_RUN_ID=scheduled__2021-05-25T00:00:00+00:00
[2021-05-26 06:35:00,083] {subprocess.py:52} INFO - Tmp dir root location: 
 /tmp
[2021-05-26 06:35:00,084] {subprocess.py:63} INFO - Running command: ['bash', '-c', 'echo "Hi!!"']
[2021-05-26 06:35:00,091] {subprocess.py:75} INFO - Output:
[2021-05-26 06:35:00,092] {subprocess.py:79} INFO - Hi!!
[2021-05-26 06:35:00,093] {subprocess.py:83} INFO - Command exited with return code 0
[2021-05-26 06:35:00,119] {taskinstance.py:1191} INFO - Marking task as SUCCESS. dag_id=my_simple_dag2, task_id=say_Hi, execution_date=20210525T000000, start_date=20210526T063459, end_date=20210526T063500
[2021-05-26 06:35:00,155] {taskinstance.py:1245} INFO - 1 downstream tasks scheduled from follow-on schedule check
[2021-05-26 06:35:00,183] {local_task_job.py:151} INFO - Task exited with return code 0
