[2021-05-26 06:35:02,147] {taskinstance.py:876} INFO - Dependencies all met for <TaskInstance: my_simple_dag2.greet 2021-05-25T00:00:00+00:00 [queued]>
[2021-05-26 06:35:02,154] {taskinstance.py:876} INFO - Dependencies all met for <TaskInstance: my_simple_dag2.greet 2021-05-25T00:00:00+00:00 [queued]>
[2021-05-26 06:35:02,155] {taskinstance.py:1067} INFO - 
--------------------------------------------------------------------------------
[2021-05-26 06:35:02,155] {taskinstance.py:1068} INFO - Starting attempt 1 of 1
[2021-05-26 06:35:02,155] {taskinstance.py:1069} INFO - 
--------------------------------------------------------------------------------
[2021-05-26 06:35:02,172] {taskinstance.py:1087} INFO - Executing <Task(PythonOperator): greet> on 2021-05-25T00:00:00+00:00
[2021-05-26 06:35:02,174] {standard_task_runner.py:52} INFO - Started process 22604 to run task
[2021-05-26 06:35:02,182] {standard_task_runner.py:76} INFO - Running: ['airflow', 'tasks', 'run', 'my_simple_dag2', 'greet', '2021-05-25T00:00:00+00:00', '--job-id', '3', '--pool', 'default_pool', '--raw', '--subdir', 'DAGS_FOLDER/__pycache__/test_dag.py', '--cfg-path', '/tmp/tmp6r7fkf80', '--error-file', '/tmp/tmp_uz6fga3']
[2021-05-26 06:35:02,184] {standard_task_runner.py:77} INFO - Job 3: Subtask greet
[2021-05-26 06:35:02,222] {logging_mixin.py:104} INFO - Running <TaskInstance: my_simple_dag2.greet 2021-05-25T00:00:00+00:00 [running]> on host nus-fintech-ner-1.asia-southeast1-b.c.cylynx-dev-badc.internal
[2021-05-26 06:35:02,271] {taskinstance.py:1282} INFO - Exporting the following env vars:
AIRFLOW_CTX_DAG_OWNER=airflow
AIRFLOW_CTX_DAG_ID=my_simple_dag2
AIRFLOW_CTX_TASK_ID=greet
AIRFLOW_CTX_EXECUTION_DATE=2021-05-25T00:00:00+00:00
AIRFLOW_CTX_DAG_RUN_ID=scheduled__2021-05-25T00:00:00+00:00
[2021-05-26 06:35:02,272] {logging_mixin.py:104} INFO - Writing in file
[2021-05-26 06:35:02,272] {python.py:151} INFO - Done. Returned value was: Greeted
[2021-05-26 06:35:02,291] {taskinstance.py:1191} INFO - Marking task as SUCCESS. dag_id=my_simple_dag2, task_id=greet, execution_date=20210525T000000, start_date=20210526T063502, end_date=20210526T063502
[2021-05-26 06:35:02,324] {taskinstance.py:1245} INFO - 1 downstream tasks scheduled from follow-on schedule check
[2021-05-26 06:35:02,353] {local_task_job.py:151} INFO - Task exited with return code 0
