[2021-05-26 05:47:51,695] {scheduler_job.py:182} INFO - Started process (PID=10658) to work on /home/ubuntu/.local/lib/python3.6/site-packages/airflow/example_dags/example_bash_operator.py
[2021-05-26 05:47:51,696] {scheduler_job.py:633} INFO - Processing file /home/ubuntu/.local/lib/python3.6/site-packages/airflow/example_dags/example_bash_operator.py for tasks to queue
[2021-05-26 05:47:51,697] {logging_mixin.py:104} INFO - [2021-05-26 05:47:51,696] {dagbag.py:487} INFO - Filling up the DagBag from /home/ubuntu/.local/lib/python3.6/site-packages/airflow/example_dags/example_bash_operator.py
[2021-05-26 05:47:51,714] {scheduler_job.py:643} INFO - DAG(s) dict_keys(['example_bash_operator']) retrieved from /home/ubuntu/.local/lib/python3.6/site-packages/airflow/example_dags/example_bash_operator.py
[2021-05-26 05:47:51,729] {logging_mixin.py:104} INFO - [2021-05-26 05:47:51,729] {dag.py:1832} INFO - Sync 1 DAGs
[2021-05-26 05:47:51,747] {logging_mixin.py:104} INFO - [2021-05-26 05:47:51,747] {dag.py:2305} INFO - Setting next_dagrun for example_bash_operator to 2021-05-24 00:00:00+00:00
[2021-05-26 05:47:51,766] {scheduler_job.py:190} INFO - Processing /home/ubuntu/.local/lib/python3.6/site-packages/airflow/example_dags/example_bash_operator.py took 0.075 seconds
[2021-05-26 05:48:25,174] {scheduler_job.py:182} INFO - Started process (PID=10803) to work on /home/ubuntu/.local/lib/python3.6/site-packages/airflow/example_dags/example_bash_operator.py
[2021-05-26 05:48:25,177] {scheduler_job.py:633} INFO - Processing file /home/ubuntu/.local/lib/python3.6/site-packages/airflow/example_dags/example_bash_operator.py for tasks to queue
[2021-05-26 05:48:25,178] {logging_mixin.py:104} INFO - [2021-05-26 05:48:25,178] {dagbag.py:487} INFO - Filling up the DagBag from /home/ubuntu/.local/lib/python3.6/site-packages/airflow/example_dags/example_bash_operator.py
[2021-05-26 05:48:25,197] {scheduler_job.py:643} INFO - DAG(s) dict_keys(['example_bash_operator']) retrieved from /home/ubuntu/.local/lib/python3.6/site-packages/airflow/example_dags/example_bash_operator.py
[2021-05-26 05:48:25,212] {logging_mixin.py:104} INFO - [2021-05-26 05:48:25,212] {dag.py:1832} INFO - Sync 1 DAGs
[2021-05-26 05:48:25,230] {logging_mixin.py:104} INFO - [2021-05-26 05:48:25,230] {dag.py:2305} INFO - Setting next_dagrun for example_bash_operator to 2021-05-24 00:00:00+00:00
[2021-05-26 05:48:25,248] {scheduler_job.py:190} INFO - Processing /home/ubuntu/.local/lib/python3.6/site-packages/airflow/example_dags/example_bash_operator.py took 0.076 seconds
[2021-05-26 05:48:56,597] {scheduler_job.py:182} INFO - Started process (PID=10930) to work on /home/ubuntu/.local/lib/python3.6/site-packages/airflow/example_dags/example_bash_operator.py
[2021-05-26 05:48:56,598] {scheduler_job.py:633} INFO - Processing file /home/ubuntu/.local/lib/python3.6/site-packages/airflow/example_dags/example_bash_operator.py for tasks to queue
[2021-05-26 05:48:56,599] {logging_mixin.py:104} INFO - [2021-05-26 05:48:56,599] {dagbag.py:487} INFO - Filling up the DagBag from /home/ubuntu/.local/lib/python3.6/site-packages/airflow/example_dags/example_bash_operator.py
[2021-05-26 05:48:56,613] {scheduler_job.py:643} INFO - DAG(s) dict_keys(['example_bash_operator']) retrieved from /home/ubuntu/.local/lib/python3.6/site-packages/airflow/example_dags/example_bash_operator.py
[2021-05-26 05:48:56,627] {logging_mixin.py:104} INFO - [2021-05-26 05:48:56,626] {dag.py:1832} INFO - Sync 1 DAGs
[2021-05-26 05:48:56,642] {logging_mixin.py:104} INFO - [2021-05-26 05:48:56,642] {dag.py:2305} INFO - Setting next_dagrun for example_bash_operator to 2021-05-24 00:00:00+00:00
[2021-05-26 05:48:56,658] {scheduler_job.py:190} INFO - Processing /home/ubuntu/.local/lib/python3.6/site-packages/airflow/example_dags/example_bash_operator.py took 0.062 seconds
[2021-05-26 05:49:28,462] {scheduler_job.py:182} INFO - Started process (PID=11077) to work on /home/ubuntu/.local/lib/python3.6/site-packages/airflow/example_dags/example_bash_operator.py
[2021-05-26 05:49:28,463] {scheduler_job.py:633} INFO - Processing file /home/ubuntu/.local/lib/python3.6/site-packages/airflow/example_dags/example_bash_operator.py for tasks to queue
[2021-05-26 05:49:28,463] {logging_mixin.py:104} INFO - [2021-05-26 05:49:28,463] {dagbag.py:487} INFO - Filling up the DagBag from /home/ubuntu/.local/lib/python3.6/site-packages/airflow/example_dags/example_bash_operator.py
[2021-05-26 05:49:28,477] {scheduler_job.py:643} INFO - DAG(s) dict_keys(['example_bash_operator']) retrieved from /home/ubuntu/.local/lib/python3.6/site-packages/airflow/example_dags/example_bash_operator.py
[2021-05-26 05:49:28,490] {logging_mixin.py:104} INFO - [2021-05-26 05:49:28,490] {dag.py:1832} INFO - Sync 1 DAGs
[2021-05-26 05:49:28,508] {logging_mixin.py:104} INFO - [2021-05-26 05:49:28,508] {dag.py:2305} INFO - Setting next_dagrun for example_bash_operator to 2021-05-24 00:00:00+00:00
[2021-05-26 05:49:28,526] {scheduler_job.py:190} INFO - Processing /home/ubuntu/.local/lib/python3.6/site-packages/airflow/example_dags/example_bash_operator.py took 0.066 seconds
[2021-05-26 05:50:00,720] {scheduler_job.py:182} INFO - Started process (PID=11204) to work on /home/ubuntu/.local/lib/python3.6/site-packages/airflow/example_dags/example_bash_operator.py
[2021-05-26 05:50:00,723] {scheduler_job.py:633} INFO - Processing file /home/ubuntu/.local/lib/python3.6/site-packages/airflow/example_dags/example_bash_operator.py for tasks to queue
[2021-05-26 05:50:00,723] {logging_mixin.py:104} INFO - [2021-05-26 05:50:00,723] {dagbag.py:487} INFO - Filling up the DagBag from /home/ubuntu/.local/lib/python3.6/site-packages/airflow/example_dags/example_bash_operator.py
[2021-05-26 05:50:00,739] {scheduler_job.py:643} INFO - DAG(s) dict_keys(['example_bash_operator']) retrieved from /home/ubuntu/.local/lib/python3.6/site-packages/airflow/example_dags/example_bash_operator.py
[2021-05-26 05:50:00,755] {logging_mixin.py:104} INFO - [2021-05-26 05:50:00,755] {dag.py:1832} INFO - Sync 1 DAGs
[2021-05-26 05:50:00,784] {logging_mixin.py:104} INFO - [2021-05-26 05:50:00,783] {dag.py:2305} INFO - Setting next_dagrun for example_bash_operator to 2021-05-24 00:00:00+00:00
[2021-05-26 05:50:00,804] {scheduler_job.py:190} INFO - Processing /home/ubuntu/.local/lib/python3.6/site-packages/airflow/example_dags/example_bash_operator.py took 0.086 seconds
[2021-05-26 05:50:33,067] {scheduler_job.py:182} INFO - Started process (PID=11332) to work on /home/ubuntu/.local/lib/python3.6/site-packages/airflow/example_dags/example_bash_operator.py
[2021-05-26 05:50:33,073] {scheduler_job.py:633} INFO - Processing file /home/ubuntu/.local/lib/python3.6/site-packages/airflow/example_dags/example_bash_operator.py for tasks to queue
[2021-05-26 05:50:33,077] {logging_mixin.py:104} INFO - [2021-05-26 05:50:33,076] {dagbag.py:487} INFO - Filling up the DagBag from /home/ubuntu/.local/lib/python3.6/site-packages/airflow/example_dags/example_bash_operator.py
[2021-05-26 05:50:33,091] {scheduler_job.py:643} INFO - DAG(s) dict_keys(['example_bash_operator']) retrieved from /home/ubuntu/.local/lib/python3.6/site-packages/airflow/example_dags/example_bash_operator.py
[2021-05-26 05:50:33,104] {logging_mixin.py:104} INFO - [2021-05-26 05:50:33,104] {dag.py:1832} INFO - Sync 1 DAGs
[2021-05-26 05:50:33,125] {logging_mixin.py:104} INFO - [2021-05-26 05:50:33,124] {dag.py:2305} INFO - Setting next_dagrun for example_bash_operator to 2021-05-24 00:00:00+00:00
[2021-05-26 05:50:33,143] {scheduler_job.py:190} INFO - Processing /home/ubuntu/.local/lib/python3.6/site-packages/airflow/example_dags/example_bash_operator.py took 0.077 seconds
[2021-05-26 05:51:05,352] {scheduler_job.py:182} INFO - Started process (PID=11459) to work on /home/ubuntu/.local/lib/python3.6/site-packages/airflow/example_dags/example_bash_operator.py
[2021-05-26 05:51:05,355] {scheduler_job.py:633} INFO - Processing file /home/ubuntu/.local/lib/python3.6/site-packages/airflow/example_dags/example_bash_operator.py for tasks to queue
[2021-05-26 05:51:05,358] {logging_mixin.py:104} INFO - [2021-05-26 05:51:05,358] {dagbag.py:487} INFO - Filling up the DagBag from /home/ubuntu/.local/lib/python3.6/site-packages/airflow/example_dags/example_bash_operator.py
[2021-05-26 05:51:05,374] {scheduler_job.py:643} INFO - DAG(s) dict_keys(['example_bash_operator']) retrieved from /home/ubuntu/.local/lib/python3.6/site-packages/airflow/example_dags/example_bash_operator.py
[2021-05-26 05:51:05,390] {logging_mixin.py:104} INFO - [2021-05-26 05:51:05,390] {dag.py:1832} INFO - Sync 1 DAGs
[2021-05-26 05:51:05,411] {logging_mixin.py:104} INFO - [2021-05-26 05:51:05,411] {dag.py:2305} INFO - Setting next_dagrun for example_bash_operator to 2021-05-24 00:00:00+00:00
[2021-05-26 05:51:05,432] {scheduler_job.py:190} INFO - Processing /home/ubuntu/.local/lib/python3.6/site-packages/airflow/example_dags/example_bash_operator.py took 0.082 seconds
[2021-05-26 05:51:36,267] {scheduler_job.py:182} INFO - Started process (PID=11580) to work on /home/ubuntu/.local/lib/python3.6/site-packages/airflow/example_dags/example_bash_operator.py
[2021-05-26 05:51:36,270] {scheduler_job.py:633} INFO - Processing file /home/ubuntu/.local/lib/python3.6/site-packages/airflow/example_dags/example_bash_operator.py for tasks to queue
[2021-05-26 05:51:36,271] {logging_mixin.py:104} INFO - [2021-05-26 05:51:36,271] {dagbag.py:487} INFO - Filling up the DagBag from /home/ubuntu/.local/lib/python3.6/site-packages/airflow/example_dags/example_bash_operator.py
[2021-05-26 05:51:36,286] {scheduler_job.py:643} INFO - DAG(s) dict_keys(['example_bash_operator']) retrieved from /home/ubuntu/.local/lib/python3.6/site-packages/airflow/example_dags/example_bash_operator.py
[2021-05-26 05:51:36,304] {logging_mixin.py:104} INFO - [2021-05-26 05:51:36,304] {dag.py:1832} INFO - Sync 1 DAGs
[2021-05-26 05:51:36,321] {logging_mixin.py:104} INFO - [2021-05-26 05:51:36,321] {dag.py:2305} INFO - Setting next_dagrun for example_bash_operator to 2021-05-24 00:00:00+00:00
[2021-05-26 05:51:36,338] {scheduler_job.py:190} INFO - Processing /home/ubuntu/.local/lib/python3.6/site-packages/airflow/example_dags/example_bash_operator.py took 0.073 seconds
[2021-05-26 05:52:08,903] {scheduler_job.py:182} INFO - Started process (PID=11708) to work on /home/ubuntu/.local/lib/python3.6/site-packages/airflow/example_dags/example_bash_operator.py
[2021-05-26 05:52:08,907] {scheduler_job.py:633} INFO - Processing file /home/ubuntu/.local/lib/python3.6/site-packages/airflow/example_dags/example_bash_operator.py for tasks to queue
[2021-05-26 05:52:08,911] {logging_mixin.py:104} INFO - [2021-05-26 05:52:08,910] {dagbag.py:487} INFO - Filling up the DagBag from /home/ubuntu/.local/lib/python3.6/site-packages/airflow/example_dags/example_bash_operator.py
[2021-05-26 05:52:08,926] {scheduler_job.py:643} INFO - DAG(s) dict_keys(['example_bash_operator']) retrieved from /home/ubuntu/.local/lib/python3.6/site-packages/airflow/example_dags/example_bash_operator.py
[2021-05-26 05:52:08,943] {logging_mixin.py:104} INFO - [2021-05-26 05:52:08,943] {dag.py:1832} INFO - Sync 1 DAGs
[2021-05-26 05:52:08,961] {logging_mixin.py:104} INFO - [2021-05-26 05:52:08,961] {dag.py:2305} INFO - Setting next_dagrun for example_bash_operator to 2021-05-24 00:00:00+00:00
[2021-05-26 05:52:08,986] {scheduler_job.py:190} INFO - Processing /home/ubuntu/.local/lib/python3.6/site-packages/airflow/example_dags/example_bash_operator.py took 0.085 seconds
[2021-05-26 05:52:39,689] {scheduler_job.py:182} INFO - Started process (PID=11829) to work on /home/ubuntu/.local/lib/python3.6/site-packages/airflow/example_dags/example_bash_operator.py
[2021-05-26 05:52:39,691] {scheduler_job.py:633} INFO - Processing file /home/ubuntu/.local/lib/python3.6/site-packages/airflow/example_dags/example_bash_operator.py for tasks to queue
[2021-05-26 05:52:39,692] {logging_mixin.py:104} INFO - [2021-05-26 05:52:39,692] {dagbag.py:487} INFO - Filling up the DagBag from /home/ubuntu/.local/lib/python3.6/site-packages/airflow/example_dags/example_bash_operator.py
[2021-05-26 05:52:39,714] {scheduler_job.py:643} INFO - DAG(s) dict_keys(['example_bash_operator']) retrieved from /home/ubuntu/.local/lib/python3.6/site-packages/airflow/example_dags/example_bash_operator.py
[2021-05-26 05:52:39,728] {logging_mixin.py:104} INFO - [2021-05-26 05:52:39,728] {dag.py:1832} INFO - Sync 1 DAGs
[2021-05-26 05:52:39,744] {logging_mixin.py:104} INFO - [2021-05-26 05:52:39,744] {dag.py:2305} INFO - Setting next_dagrun for example_bash_operator to 2021-05-24 00:00:00+00:00
[2021-05-26 05:52:39,763] {scheduler_job.py:190} INFO - Processing /home/ubuntu/.local/lib/python3.6/site-packages/airflow/example_dags/example_bash_operator.py took 0.076 seconds
[2021-05-26 05:53:12,482] {scheduler_job.py:182} INFO - Started process (PID=11951) to work on /home/ubuntu/.local/lib/python3.6/site-packages/airflow/example_dags/example_bash_operator.py
[2021-05-26 05:53:12,483] {scheduler_job.py:633} INFO - Processing file /home/ubuntu/.local/lib/python3.6/site-packages/airflow/example_dags/example_bash_operator.py for tasks to queue
[2021-05-26 05:53:12,483] {logging_mixin.py:104} INFO - [2021-05-26 05:53:12,483] {dagbag.py:487} INFO - Filling up the DagBag from /home/ubuntu/.local/lib/python3.6/site-packages/airflow/example_dags/example_bash_operator.py
[2021-05-26 05:53:12,500] {scheduler_job.py:643} INFO - DAG(s) dict_keys(['example_bash_operator']) retrieved from /home/ubuntu/.local/lib/python3.6/site-packages/airflow/example_dags/example_bash_operator.py
[2021-05-26 05:53:12,512] {logging_mixin.py:104} INFO - [2021-05-26 05:53:12,512] {dag.py:1832} INFO - Sync 1 DAGs
[2021-05-26 05:53:12,527] {logging_mixin.py:104} INFO - [2021-05-26 05:53:12,527] {dag.py:2305} INFO - Setting next_dagrun for example_bash_operator to 2021-05-24 00:00:00+00:00
[2021-05-26 05:53:12,544] {scheduler_job.py:190} INFO - Processing /home/ubuntu/.local/lib/python3.6/site-packages/airflow/example_dags/example_bash_operator.py took 0.064 seconds
[2021-05-26 05:53:43,926] {scheduler_job.py:182} INFO - Started process (PID=12080) to work on /home/ubuntu/.local/lib/python3.6/site-packages/airflow/example_dags/example_bash_operator.py
[2021-05-26 05:53:43,930] {scheduler_job.py:633} INFO - Processing file /home/ubuntu/.local/lib/python3.6/site-packages/airflow/example_dags/example_bash_operator.py for tasks to queue
[2021-05-26 05:53:43,934] {logging_mixin.py:104} INFO - [2021-05-26 05:53:43,934] {dagbag.py:487} INFO - Filling up the DagBag from /home/ubuntu/.local/lib/python3.6/site-packages/airflow/example_dags/example_bash_operator.py
[2021-05-26 05:53:43,951] {scheduler_job.py:643} INFO - DAG(s) dict_keys(['example_bash_operator']) retrieved from /home/ubuntu/.local/lib/python3.6/site-packages/airflow/example_dags/example_bash_operator.py
[2021-05-26 05:53:43,967] {logging_mixin.py:104} INFO - [2021-05-26 05:53:43,967] {dag.py:1832} INFO - Sync 1 DAGs
[2021-05-26 05:53:43,986] {logging_mixin.py:104} INFO - [2021-05-26 05:53:43,986] {dag.py:2305} INFO - Setting next_dagrun for example_bash_operator to 2021-05-24 00:00:00+00:00
[2021-05-26 05:53:44,006] {scheduler_job.py:190} INFO - Processing /home/ubuntu/.local/lib/python3.6/site-packages/airflow/example_dags/example_bash_operator.py took 0.082 seconds
[2021-05-26 05:54:16,803] {scheduler_job.py:182} INFO - Started process (PID=12207) to work on /home/ubuntu/.local/lib/python3.6/site-packages/airflow/example_dags/example_bash_operator.py
[2021-05-26 05:54:16,804] {scheduler_job.py:633} INFO - Processing file /home/ubuntu/.local/lib/python3.6/site-packages/airflow/example_dags/example_bash_operator.py for tasks to queue
[2021-05-26 05:54:16,805] {logging_mixin.py:104} INFO - [2021-05-26 05:54:16,805] {dagbag.py:487} INFO - Filling up the DagBag from /home/ubuntu/.local/lib/python3.6/site-packages/airflow/example_dags/example_bash_operator.py
[2021-05-26 05:54:16,820] {scheduler_job.py:643} INFO - DAG(s) dict_keys(['example_bash_operator']) retrieved from /home/ubuntu/.local/lib/python3.6/site-packages/airflow/example_dags/example_bash_operator.py
[2021-05-26 05:54:16,834] {logging_mixin.py:104} INFO - [2021-05-26 05:54:16,834] {dag.py:1832} INFO - Sync 1 DAGs
[2021-05-26 05:54:16,849] {logging_mixin.py:104} INFO - [2021-05-26 05:54:16,849] {dag.py:2305} INFO - Setting next_dagrun for example_bash_operator to 2021-05-24 00:00:00+00:00
[2021-05-26 05:54:16,868] {scheduler_job.py:190} INFO - Processing /home/ubuntu/.local/lib/python3.6/site-packages/airflow/example_dags/example_bash_operator.py took 0.067 seconds
[2021-05-26 05:54:50,071] {scheduler_job.py:182} INFO - Started process (PID=12334) to work on /home/ubuntu/.local/lib/python3.6/site-packages/airflow/example_dags/example_bash_operator.py
[2021-05-26 05:54:50,074] {scheduler_job.py:633} INFO - Processing file /home/ubuntu/.local/lib/python3.6/site-packages/airflow/example_dags/example_bash_operator.py for tasks to queue
[2021-05-26 05:54:50,075] {logging_mixin.py:104} INFO - [2021-05-26 05:54:50,075] {dagbag.py:487} INFO - Filling up the DagBag from /home/ubuntu/.local/lib/python3.6/site-packages/airflow/example_dags/example_bash_operator.py
[2021-05-26 05:54:50,093] {scheduler_job.py:643} INFO - DAG(s) dict_keys(['example_bash_operator']) retrieved from /home/ubuntu/.local/lib/python3.6/site-packages/airflow/example_dags/example_bash_operator.py
[2021-05-26 05:54:50,108] {logging_mixin.py:104} INFO - [2021-05-26 05:54:50,108] {dag.py:1832} INFO - Sync 1 DAGs
[2021-05-26 05:54:50,125] {logging_mixin.py:104} INFO - [2021-05-26 05:54:50,125] {dag.py:2305} INFO - Setting next_dagrun for example_bash_operator to 2021-05-24 00:00:00+00:00
[2021-05-26 05:54:50,145] {scheduler_job.py:190} INFO - Processing /home/ubuntu/.local/lib/python3.6/site-packages/airflow/example_dags/example_bash_operator.py took 0.076 seconds
[2021-05-26 05:56:09,563] {scheduler_job.py:182} INFO - Started process (PID=12677) to work on /home/ubuntu/.local/lib/python3.6/site-packages/airflow/example_dags/example_bash_operator.py
[2021-05-26 05:56:09,568] {scheduler_job.py:633} INFO - Processing file /home/ubuntu/.local/lib/python3.6/site-packages/airflow/example_dags/example_bash_operator.py for tasks to queue
[2021-05-26 05:56:09,573] {logging_mixin.py:104} INFO - [2021-05-26 05:56:09,572] {dagbag.py:487} INFO - Filling up the DagBag from /home/ubuntu/.local/lib/python3.6/site-packages/airflow/example_dags/example_bash_operator.py
[2021-05-26 05:56:09,592] {scheduler_job.py:643} INFO - DAG(s) dict_keys(['example_bash_operator']) retrieved from /home/ubuntu/.local/lib/python3.6/site-packages/airflow/example_dags/example_bash_operator.py
[2021-05-26 05:56:09,613] {logging_mixin.py:104} INFO - [2021-05-26 05:56:09,613] {dag.py:1832} INFO - Sync 1 DAGs
[2021-05-26 05:56:09,637] {logging_mixin.py:104} INFO - [2021-05-26 05:56:09,637] {dag.py:2305} INFO - Setting next_dagrun for example_bash_operator to 2021-05-24 00:00:00+00:00
[2021-05-26 05:56:09,669] {scheduler_job.py:190} INFO - Processing /home/ubuntu/.local/lib/python3.6/site-packages/airflow/example_dags/example_bash_operator.py took 0.109 seconds
[2021-05-26 05:56:43,137] {scheduler_job.py:182} INFO - Started process (PID=12838) to work on /home/ubuntu/.local/lib/python3.6/site-packages/airflow/example_dags/example_bash_operator.py
[2021-05-26 05:56:43,138] {scheduler_job.py:633} INFO - Processing file /home/ubuntu/.local/lib/python3.6/site-packages/airflow/example_dags/example_bash_operator.py for tasks to queue
[2021-05-26 05:56:43,147] {logging_mixin.py:104} INFO - [2021-05-26 05:56:43,139] {dagbag.py:487} INFO - Filling up the DagBag from /home/ubuntu/.local/lib/python3.6/site-packages/airflow/example_dags/example_bash_operator.py
[2021-05-26 05:56:43,165] {scheduler_job.py:643} INFO - DAG(s) dict_keys(['example_bash_operator']) retrieved from /home/ubuntu/.local/lib/python3.6/site-packages/airflow/example_dags/example_bash_operator.py
[2021-05-26 05:56:43,200] {logging_mixin.py:104} INFO - [2021-05-26 05:56:43,200] {dag.py:1832} INFO - Sync 1 DAGs
[2021-05-26 05:56:43,242] {logging_mixin.py:104} INFO - [2021-05-26 05:56:43,242] {dag.py:2305} INFO - Setting next_dagrun for example_bash_operator to 2021-05-24 00:00:00+00:00
[2021-05-26 05:56:43,273] {scheduler_job.py:190} INFO - Processing /home/ubuntu/.local/lib/python3.6/site-packages/airflow/example_dags/example_bash_operator.py took 0.138 seconds
[2021-05-26 05:57:18,814] {scheduler_job.py:182} INFO - Started process (PID=13012) to work on /home/ubuntu/.local/lib/python3.6/site-packages/airflow/example_dags/example_bash_operator.py
[2021-05-26 05:57:18,818] {scheduler_job.py:633} INFO - Processing file /home/ubuntu/.local/lib/python3.6/site-packages/airflow/example_dags/example_bash_operator.py for tasks to queue
[2021-05-26 05:57:18,822] {logging_mixin.py:104} INFO - [2021-05-26 05:57:18,822] {dagbag.py:487} INFO - Filling up the DagBag from /home/ubuntu/.local/lib/python3.6/site-packages/airflow/example_dags/example_bash_operator.py
[2021-05-26 05:57:18,839] {scheduler_job.py:643} INFO - DAG(s) dict_keys(['example_bash_operator']) retrieved from /home/ubuntu/.local/lib/python3.6/site-packages/airflow/example_dags/example_bash_operator.py
[2021-05-26 05:57:18,864] {logging_mixin.py:104} INFO - [2021-05-26 05:57:18,864] {dag.py:1832} INFO - Sync 1 DAGs
[2021-05-26 05:57:18,886] {logging_mixin.py:104} INFO - [2021-05-26 05:57:18,886] {dag.py:2305} INFO - Setting next_dagrun for example_bash_operator to 2021-05-24 00:00:00+00:00
[2021-05-26 05:57:18,912] {scheduler_job.py:190} INFO - Processing /home/ubuntu/.local/lib/python3.6/site-packages/airflow/example_dags/example_bash_operator.py took 0.101 seconds
[2021-05-26 05:57:51,445] {scheduler_job.py:182} INFO - Started process (PID=13145) to work on /home/ubuntu/.local/lib/python3.6/site-packages/airflow/example_dags/example_bash_operator.py
[2021-05-26 05:57:51,446] {scheduler_job.py:633} INFO - Processing file /home/ubuntu/.local/lib/python3.6/site-packages/airflow/example_dags/example_bash_operator.py for tasks to queue
[2021-05-26 05:57:51,447] {logging_mixin.py:104} INFO - [2021-05-26 05:57:51,447] {dagbag.py:487} INFO - Filling up the DagBag from /home/ubuntu/.local/lib/python3.6/site-packages/airflow/example_dags/example_bash_operator.py
[2021-05-26 05:57:51,461] {scheduler_job.py:643} INFO - DAG(s) dict_keys(['example_bash_operator']) retrieved from /home/ubuntu/.local/lib/python3.6/site-packages/airflow/example_dags/example_bash_operator.py
[2021-05-26 05:57:51,477] {logging_mixin.py:104} INFO - [2021-05-26 05:57:51,477] {dag.py:1832} INFO - Sync 1 DAGs
[2021-05-26 05:57:51,495] {logging_mixin.py:104} INFO - [2021-05-26 05:57:51,495] {dag.py:2305} INFO - Setting next_dagrun for example_bash_operator to 2021-05-24 00:00:00+00:00
[2021-05-26 05:57:51,514] {scheduler_job.py:190} INFO - Processing /home/ubuntu/.local/lib/python3.6/site-packages/airflow/example_dags/example_bash_operator.py took 0.070 seconds
[2021-05-26 05:58:23,777] {scheduler_job.py:182} INFO - Started process (PID=13296) to work on /home/ubuntu/.local/lib/python3.6/site-packages/airflow/example_dags/example_bash_operator.py
[2021-05-26 05:58:23,781] {scheduler_job.py:633} INFO - Processing file /home/ubuntu/.local/lib/python3.6/site-packages/airflow/example_dags/example_bash_operator.py for tasks to queue
[2021-05-26 05:58:23,785] {logging_mixin.py:104} INFO - [2021-05-26 05:58:23,785] {dagbag.py:487} INFO - Filling up the DagBag from /home/ubuntu/.local/lib/python3.6/site-packages/airflow/example_dags/example_bash_operator.py
[2021-05-26 05:58:23,803] {scheduler_job.py:643} INFO - DAG(s) dict_keys(['example_bash_operator']) retrieved from /home/ubuntu/.local/lib/python3.6/site-packages/airflow/example_dags/example_bash_operator.py
[2021-05-26 05:58:23,819] {logging_mixin.py:104} INFO - [2021-05-26 05:58:23,819] {dag.py:1832} INFO - Sync 1 DAGs
[2021-05-26 05:58:23,839] {logging_mixin.py:104} INFO - [2021-05-26 05:58:23,839] {dag.py:2305} INFO - Setting next_dagrun for example_bash_operator to 2021-05-24 00:00:00+00:00
[2021-05-26 05:58:23,867] {scheduler_job.py:190} INFO - Processing /home/ubuntu/.local/lib/python3.6/site-packages/airflow/example_dags/example_bash_operator.py took 0.092 seconds
[2021-05-26 05:58:57,681] {scheduler_job.py:182} INFO - Started process (PID=13451) to work on /home/ubuntu/.local/lib/python3.6/site-packages/airflow/example_dags/example_bash_operator.py
[2021-05-26 05:58:57,693] {scheduler_job.py:633} INFO - Processing file /home/ubuntu/.local/lib/python3.6/site-packages/airflow/example_dags/example_bash_operator.py for tasks to queue
[2021-05-26 05:58:57,697] {logging_mixin.py:104} INFO - [2021-05-26 05:58:57,697] {dagbag.py:487} INFO - Filling up the DagBag from /home/ubuntu/.local/lib/python3.6/site-packages/airflow/example_dags/example_bash_operator.py
[2021-05-26 05:58:57,715] {scheduler_job.py:643} INFO - DAG(s) dict_keys(['example_bash_operator']) retrieved from /home/ubuntu/.local/lib/python3.6/site-packages/airflow/example_dags/example_bash_operator.py
[2021-05-26 05:58:57,737] {logging_mixin.py:104} INFO - [2021-05-26 05:58:57,737] {dag.py:1832} INFO - Sync 1 DAGs
[2021-05-26 05:58:57,756] {logging_mixin.py:104} INFO - [2021-05-26 05:58:57,756] {dag.py:2305} INFO - Setting next_dagrun for example_bash_operator to 2021-05-24 00:00:00+00:00
[2021-05-26 05:58:57,787] {scheduler_job.py:190} INFO - Processing /home/ubuntu/.local/lib/python3.6/site-packages/airflow/example_dags/example_bash_operator.py took 0.108 seconds
[2021-05-26 05:59:31,496] {scheduler_job.py:182} INFO - Started process (PID=13626) to work on /home/ubuntu/.local/lib/python3.6/site-packages/airflow/example_dags/example_bash_operator.py
[2021-05-26 05:59:31,497] {scheduler_job.py:633} INFO - Processing file /home/ubuntu/.local/lib/python3.6/site-packages/airflow/example_dags/example_bash_operator.py for tasks to queue
[2021-05-26 05:59:31,497] {logging_mixin.py:104} INFO - [2021-05-26 05:59:31,497] {dagbag.py:487} INFO - Filling up the DagBag from /home/ubuntu/.local/lib/python3.6/site-packages/airflow/example_dags/example_bash_operator.py
[2021-05-26 05:59:31,511] {scheduler_job.py:643} INFO - DAG(s) dict_keys(['example_bash_operator']) retrieved from /home/ubuntu/.local/lib/python3.6/site-packages/airflow/example_dags/example_bash_operator.py
[2021-05-26 05:59:31,528] {logging_mixin.py:104} INFO - [2021-05-26 05:59:31,528] {dag.py:1832} INFO - Sync 1 DAGs
[2021-05-26 05:59:31,544] {logging_mixin.py:104} INFO - [2021-05-26 05:59:31,544] {dag.py:2305} INFO - Setting next_dagrun for example_bash_operator to 2021-05-24 00:00:00+00:00
[2021-05-26 05:59:31,561] {scheduler_job.py:190} INFO - Processing /home/ubuntu/.local/lib/python3.6/site-packages/airflow/example_dags/example_bash_operator.py took 0.068 seconds
[2021-05-26 06:00:07,832] {scheduler_job.py:182} INFO - Started process (PID=13827) to work on /home/ubuntu/.local/lib/python3.6/site-packages/airflow/example_dags/example_bash_operator.py
[2021-05-26 06:00:07,851] {scheduler_job.py:633} INFO - Processing file /home/ubuntu/.local/lib/python3.6/site-packages/airflow/example_dags/example_bash_operator.py for tasks to queue
[2021-05-26 06:00:07,852] {logging_mixin.py:104} INFO - [2021-05-26 06:00:07,852] {dagbag.py:487} INFO - Filling up the DagBag from /home/ubuntu/.local/lib/python3.6/site-packages/airflow/example_dags/example_bash_operator.py
[2021-05-26 06:00:07,899] {scheduler_job.py:643} INFO - DAG(s) dict_keys(['example_bash_operator']) retrieved from /home/ubuntu/.local/lib/python3.6/site-packages/airflow/example_dags/example_bash_operator.py
[2021-05-26 06:00:07,982] {logging_mixin.py:104} INFO - [2021-05-26 06:00:07,982] {dag.py:1832} INFO - Sync 1 DAGs
[2021-05-26 06:00:08,068] {logging_mixin.py:104} INFO - [2021-05-26 06:00:08,067] {dag.py:2305} INFO - Setting next_dagrun for example_bash_operator to 2021-05-24 00:00:00+00:00
[2021-05-26 06:00:08,107] {scheduler_job.py:190} INFO - Processing /home/ubuntu/.local/lib/python3.6/site-packages/airflow/example_dags/example_bash_operator.py took 0.277 seconds
[2021-05-26 06:00:44,529] {scheduler_job.py:182} INFO - Started process (PID=13974) to work on /home/ubuntu/.local/lib/python3.6/site-packages/airflow/example_dags/example_bash_operator.py
[2021-05-26 06:00:44,533] {scheduler_job.py:633} INFO - Processing file /home/ubuntu/.local/lib/python3.6/site-packages/airflow/example_dags/example_bash_operator.py for tasks to queue
[2021-05-26 06:00:44,537] {logging_mixin.py:104} INFO - [2021-05-26 06:00:44,537] {dagbag.py:487} INFO - Filling up the DagBag from /home/ubuntu/.local/lib/python3.6/site-packages/airflow/example_dags/example_bash_operator.py
[2021-05-26 06:00:44,556] {scheduler_job.py:643} INFO - DAG(s) dict_keys(['example_bash_operator']) retrieved from /home/ubuntu/.local/lib/python3.6/site-packages/airflow/example_dags/example_bash_operator.py
[2021-05-26 06:00:44,573] {logging_mixin.py:104} INFO - [2021-05-26 06:00:44,573] {dag.py:1832} INFO - Sync 1 DAGs
[2021-05-26 06:00:44,597] {logging_mixin.py:104} INFO - [2021-05-26 06:00:44,597] {dag.py:2305} INFO - Setting next_dagrun for example_bash_operator to 2021-05-24 00:00:00+00:00
[2021-05-26 06:00:44,623] {scheduler_job.py:190} INFO - Processing /home/ubuntu/.local/lib/python3.6/site-packages/airflow/example_dags/example_bash_operator.py took 0.097 seconds
[2021-05-26 06:01:18,983] {scheduler_job.py:182} INFO - Started process (PID=14135) to work on /home/ubuntu/.local/lib/python3.6/site-packages/airflow/example_dags/example_bash_operator.py
[2021-05-26 06:01:18,996] {scheduler_job.py:633} INFO - Processing file /home/ubuntu/.local/lib/python3.6/site-packages/airflow/example_dags/example_bash_operator.py for tasks to queue
[2021-05-26 06:01:19,000] {logging_mixin.py:104} INFO - [2021-05-26 06:01:19,000] {dagbag.py:487} INFO - Filling up the DagBag from /home/ubuntu/.local/lib/python3.6/site-packages/airflow/example_dags/example_bash_operator.py
[2021-05-26 06:01:19,019] {scheduler_job.py:643} INFO - DAG(s) dict_keys(['example_bash_operator']) retrieved from /home/ubuntu/.local/lib/python3.6/site-packages/airflow/example_dags/example_bash_operator.py
[2021-05-26 06:01:19,050] {logging_mixin.py:104} INFO - [2021-05-26 06:01:19,050] {dag.py:1832} INFO - Sync 1 DAGs
[2021-05-26 06:01:19,068] {logging_mixin.py:104} INFO - [2021-05-26 06:01:19,068] {dag.py:2305} INFO - Setting next_dagrun for example_bash_operator to 2021-05-24 00:00:00+00:00
[2021-05-26 06:01:19,092] {scheduler_job.py:190} INFO - Processing /home/ubuntu/.local/lib/python3.6/site-packages/airflow/example_dags/example_bash_operator.py took 0.112 seconds
[2021-05-26 06:01:59,814] {scheduler_job.py:182} INFO - Started process (PID=14334) to work on /home/ubuntu/.local/lib/python3.6/site-packages/airflow/example_dags/example_bash_operator.py
[2021-05-26 06:01:59,818] {scheduler_job.py:633} INFO - Processing file /home/ubuntu/.local/lib/python3.6/site-packages/airflow/example_dags/example_bash_operator.py for tasks to queue
[2021-05-26 06:01:59,822] {logging_mixin.py:104} INFO - [2021-05-26 06:01:59,821] {dagbag.py:487} INFO - Filling up the DagBag from /home/ubuntu/.local/lib/python3.6/site-packages/airflow/example_dags/example_bash_operator.py
[2021-05-26 06:01:59,840] {scheduler_job.py:643} INFO - DAG(s) dict_keys(['example_bash_operator']) retrieved from /home/ubuntu/.local/lib/python3.6/site-packages/airflow/example_dags/example_bash_operator.py
[2021-05-26 06:02:00,297] {logging_mixin.py:104} INFO - [2021-05-26 06:02:00,296] {dag.py:1832} INFO - Sync 1 DAGs
[2021-05-26 06:02:00,311] {logging_mixin.py:104} INFO - [2021-05-26 06:02:00,310] {dag.py:2305} INFO - Setting next_dagrun for example_bash_operator to 2021-05-24 00:00:00+00:00
[2021-05-26 06:02:00,331] {scheduler_job.py:190} INFO - Processing /home/ubuntu/.local/lib/python3.6/site-packages/airflow/example_dags/example_bash_operator.py took 0.519 seconds
[2021-05-26 06:02:42,414] {scheduler_job.py:182} INFO - Started process (PID=14540) to work on /home/ubuntu/.local/lib/python3.6/site-packages/airflow/example_dags/example_bash_operator.py
[2021-05-26 06:02:42,419] {scheduler_job.py:633} INFO - Processing file /home/ubuntu/.local/lib/python3.6/site-packages/airflow/example_dags/example_bash_operator.py for tasks to queue
[2021-05-26 06:02:42,423] {logging_mixin.py:104} INFO - [2021-05-26 06:02:42,422] {dagbag.py:487} INFO - Filling up the DagBag from /home/ubuntu/.local/lib/python3.6/site-packages/airflow/example_dags/example_bash_operator.py
[2021-05-26 06:02:42,441] {scheduler_job.py:643} INFO - DAG(s) dict_keys(['example_bash_operator']) retrieved from /home/ubuntu/.local/lib/python3.6/site-packages/airflow/example_dags/example_bash_operator.py
[2021-05-26 06:02:42,458] {logging_mixin.py:104} INFO - [2021-05-26 06:02:42,458] {dag.py:1832} INFO - Sync 1 DAGs
[2021-05-26 06:02:42,479] {logging_mixin.py:104} INFO - [2021-05-26 06:02:42,479] {dag.py:2305} INFO - Setting next_dagrun for example_bash_operator to 2021-05-24 00:00:00+00:00
[2021-05-26 06:02:42,507] {scheduler_job.py:190} INFO - Processing /home/ubuntu/.local/lib/python3.6/site-packages/airflow/example_dags/example_bash_operator.py took 0.095 seconds
[2021-05-26 06:03:20,837] {scheduler_job.py:182} INFO - Started process (PID=14739) to work on /home/ubuntu/.local/lib/python3.6/site-packages/airflow/example_dags/example_bash_operator.py
[2021-05-26 06:03:20,855] {scheduler_job.py:633} INFO - Processing file /home/ubuntu/.local/lib/python3.6/site-packages/airflow/example_dags/example_bash_operator.py for tasks to queue
[2021-05-26 06:03:20,861] {logging_mixin.py:104} INFO - [2021-05-26 06:03:20,860] {dagbag.py:487} INFO - Filling up the DagBag from /home/ubuntu/.local/lib/python3.6/site-packages/airflow/example_dags/example_bash_operator.py
[2021-05-26 06:03:20,942] {scheduler_job.py:643} INFO - DAG(s) dict_keys(['example_bash_operator']) retrieved from /home/ubuntu/.local/lib/python3.6/site-packages/airflow/example_dags/example_bash_operator.py
[2021-05-26 06:03:21,012] {logging_mixin.py:104} INFO - [2021-05-26 06:03:21,012] {dag.py:1832} INFO - Sync 1 DAGs
[2021-05-26 06:03:21,072] {logging_mixin.py:104} INFO - [2021-05-26 06:03:21,072] {dag.py:2305} INFO - Setting next_dagrun for example_bash_operator to 2021-05-24 00:00:00+00:00
[2021-05-26 06:03:21,133] {scheduler_job.py:190} INFO - Processing /home/ubuntu/.local/lib/python3.6/site-packages/airflow/example_dags/example_bash_operator.py took 0.317 seconds
[2021-05-26 06:04:02,459] {scheduler_job.py:182} INFO - Started process (PID=14943) to work on /home/ubuntu/.local/lib/python3.6/site-packages/airflow/example_dags/example_bash_operator.py
[2021-05-26 06:04:02,461] {scheduler_job.py:633} INFO - Processing file /home/ubuntu/.local/lib/python3.6/site-packages/airflow/example_dags/example_bash_operator.py for tasks to queue
[2021-05-26 06:04:02,462] {logging_mixin.py:104} INFO - [2021-05-26 06:04:02,462] {dagbag.py:487} INFO - Filling up the DagBag from /home/ubuntu/.local/lib/python3.6/site-packages/airflow/example_dags/example_bash_operator.py
[2021-05-26 06:04:02,483] {scheduler_job.py:643} INFO - DAG(s) dict_keys(['example_bash_operator']) retrieved from /home/ubuntu/.local/lib/python3.6/site-packages/airflow/example_dags/example_bash_operator.py
[2021-05-26 06:04:02,503] {logging_mixin.py:104} INFO - [2021-05-26 06:04:02,503] {dag.py:1832} INFO - Sync 1 DAGs
[2021-05-26 06:04:02,524] {logging_mixin.py:104} INFO - [2021-05-26 06:04:02,524] {dag.py:2305} INFO - Setting next_dagrun for example_bash_operator to 2021-05-24 00:00:00+00:00
[2021-05-26 06:04:02,544] {scheduler_job.py:190} INFO - Processing /home/ubuntu/.local/lib/python3.6/site-packages/airflow/example_dags/example_bash_operator.py took 0.087 seconds
[2021-05-26 06:04:36,364] {scheduler_job.py:182} INFO - Started process (PID=15083) to work on /home/ubuntu/.local/lib/python3.6/site-packages/airflow/example_dags/example_bash_operator.py
[2021-05-26 06:04:36,373] {scheduler_job.py:633} INFO - Processing file /home/ubuntu/.local/lib/python3.6/site-packages/airflow/example_dags/example_bash_operator.py for tasks to queue
[2021-05-26 06:04:36,377] {logging_mixin.py:104} INFO - [2021-05-26 06:04:36,377] {dagbag.py:487} INFO - Filling up the DagBag from /home/ubuntu/.local/lib/python3.6/site-packages/airflow/example_dags/example_bash_operator.py
[2021-05-26 06:04:36,400] {scheduler_job.py:643} INFO - DAG(s) dict_keys(['example_bash_operator']) retrieved from /home/ubuntu/.local/lib/python3.6/site-packages/airflow/example_dags/example_bash_operator.py
[2021-05-26 06:04:36,423] {logging_mixin.py:104} INFO - [2021-05-26 06:04:36,423] {dag.py:1832} INFO - Sync 1 DAGs
[2021-05-26 06:04:36,446] {logging_mixin.py:104} INFO - [2021-05-26 06:04:36,446] {dag.py:2305} INFO - Setting next_dagrun for example_bash_operator to 2021-05-24 00:00:00+00:00
[2021-05-26 06:04:36,474] {scheduler_job.py:190} INFO - Processing /home/ubuntu/.local/lib/python3.6/site-packages/airflow/example_dags/example_bash_operator.py took 0.113 seconds
[2021-05-26 06:05:10,048] {scheduler_job.py:182} INFO - Started process (PID=15236) to work on /home/ubuntu/.local/lib/python3.6/site-packages/airflow/example_dags/example_bash_operator.py
[2021-05-26 06:05:10,053] {scheduler_job.py:633} INFO - Processing file /home/ubuntu/.local/lib/python3.6/site-packages/airflow/example_dags/example_bash_operator.py for tasks to queue
[2021-05-26 06:05:10,058] {logging_mixin.py:104} INFO - [2021-05-26 06:05:10,058] {dagbag.py:487} INFO - Filling up the DagBag from /home/ubuntu/.local/lib/python3.6/site-packages/airflow/example_dags/example_bash_operator.py
[2021-05-26 06:05:10,080] {scheduler_job.py:643} INFO - DAG(s) dict_keys(['example_bash_operator']) retrieved from /home/ubuntu/.local/lib/python3.6/site-packages/airflow/example_dags/example_bash_operator.py
[2021-05-26 06:05:10,102] {logging_mixin.py:104} INFO - [2021-05-26 06:05:10,102] {dag.py:1832} INFO - Sync 1 DAGs
[2021-05-26 06:05:10,127] {logging_mixin.py:104} INFO - [2021-05-26 06:05:10,127] {dag.py:2305} INFO - Setting next_dagrun for example_bash_operator to 2021-05-24 00:00:00+00:00
[2021-05-26 06:05:10,158] {scheduler_job.py:190} INFO - Processing /home/ubuntu/.local/lib/python3.6/site-packages/airflow/example_dags/example_bash_operator.py took 0.113 seconds
[2021-05-26 06:05:50,166] {scheduler_job.py:182} INFO - Started process (PID=15392) to work on /home/ubuntu/.local/lib/python3.6/site-packages/airflow/example_dags/example_bash_operator.py
[2021-05-26 06:05:50,175] {scheduler_job.py:633} INFO - Processing file /home/ubuntu/.local/lib/python3.6/site-packages/airflow/example_dags/example_bash_operator.py for tasks to queue
[2021-05-26 06:05:50,180] {logging_mixin.py:104} INFO - [2021-05-26 06:05:50,180] {dagbag.py:487} INFO - Filling up the DagBag from /home/ubuntu/.local/lib/python3.6/site-packages/airflow/example_dags/example_bash_operator.py
[2021-05-26 06:05:50,199] {scheduler_job.py:643} INFO - DAG(s) dict_keys(['example_bash_operator']) retrieved from /home/ubuntu/.local/lib/python3.6/site-packages/airflow/example_dags/example_bash_operator.py
[2021-05-26 06:05:50,539] {logging_mixin.py:104} INFO - [2021-05-26 06:05:50,539] {dag.py:1832} INFO - Sync 1 DAGs
[2021-05-26 06:05:50,552] {logging_mixin.py:104} INFO - [2021-05-26 06:05:50,552] {dag.py:1851} INFO - Creating ORM DAG for example_bash_operator
[2021-05-26 06:05:50,567] {logging_mixin.py:104} INFO - [2021-05-26 06:05:50,566] {dag.py:2305} INFO - Setting next_dagrun for example_bash_operator to 2021-05-24 00:00:00+00:00
[2021-05-26 06:05:50,603] {scheduler_job.py:190} INFO - Processing /home/ubuntu/.local/lib/python3.6/site-packages/airflow/example_dags/example_bash_operator.py took 0.440 seconds
[2021-05-26 06:06:33,959] {scheduler_job.py:182} INFO - Started process (PID=15553) to work on /home/ubuntu/.local/lib/python3.6/site-packages/airflow/example_dags/example_bash_operator.py
[2021-05-26 06:06:33,964] {scheduler_job.py:633} INFO - Processing file /home/ubuntu/.local/lib/python3.6/site-packages/airflow/example_dags/example_bash_operator.py for tasks to queue
[2021-05-26 06:06:33,970] {logging_mixin.py:104} INFO - [2021-05-26 06:06:33,970] {dagbag.py:487} INFO - Filling up the DagBag from /home/ubuntu/.local/lib/python3.6/site-packages/airflow/example_dags/example_bash_operator.py
[2021-05-26 06:06:33,988] {scheduler_job.py:643} INFO - DAG(s) dict_keys(['example_bash_operator']) retrieved from /home/ubuntu/.local/lib/python3.6/site-packages/airflow/example_dags/example_bash_operator.py
[2021-05-26 06:06:34,321] {logging_mixin.py:104} INFO - [2021-05-26 06:06:34,321] {dag.py:1832} INFO - Sync 1 DAGs
[2021-05-26 06:06:34,336] {logging_mixin.py:104} INFO - [2021-05-26 06:06:34,335] {dag.py:1851} INFO - Creating ORM DAG for example_bash_operator
[2021-05-26 06:06:34,348] {logging_mixin.py:104} INFO - [2021-05-26 06:06:34,348] {dag.py:2305} INFO - Setting next_dagrun for example_bash_operator to 2021-05-24 00:00:00+00:00
[2021-05-26 06:06:34,385] {scheduler_job.py:190} INFO - Processing /home/ubuntu/.local/lib/python3.6/site-packages/airflow/example_dags/example_bash_operator.py took 0.428 seconds
[2021-05-26 06:07:22,280] {scheduler_job.py:182} INFO - Started process (PID=15781) to work on /home/ubuntu/.local/lib/python3.6/site-packages/airflow/example_dags/example_bash_operator.py
[2021-05-26 06:07:22,285] {scheduler_job.py:633} INFO - Processing file /home/ubuntu/.local/lib/python3.6/site-packages/airflow/example_dags/example_bash_operator.py for tasks to queue
[2021-05-26 06:07:22,289] {logging_mixin.py:104} INFO - [2021-05-26 06:07:22,289] {dagbag.py:487} INFO - Filling up the DagBag from /home/ubuntu/.local/lib/python3.6/site-packages/airflow/example_dags/example_bash_operator.py
[2021-05-26 06:07:22,311] {scheduler_job.py:643} INFO - DAG(s) dict_keys(['example_bash_operator']) retrieved from /home/ubuntu/.local/lib/python3.6/site-packages/airflow/example_dags/example_bash_operator.py
[2021-05-26 06:07:22,330] {logging_mixin.py:104} INFO - [2021-05-26 06:07:22,330] {dag.py:1832} INFO - Sync 1 DAGs
[2021-05-26 06:07:22,352] {logging_mixin.py:104} INFO - [2021-05-26 06:07:22,352] {dag.py:2305} INFO - Setting next_dagrun for example_bash_operator to 2021-05-24 00:00:00+00:00
[2021-05-26 06:07:22,384] {scheduler_job.py:190} INFO - Processing /home/ubuntu/.local/lib/python3.6/site-packages/airflow/example_dags/example_bash_operator.py took 0.107 seconds
[2021-05-26 06:07:56,676] {scheduler_job.py:182} INFO - Started process (PID=15939) to work on /home/ubuntu/.local/lib/python3.6/site-packages/airflow/example_dags/example_bash_operator.py
[2021-05-26 06:07:56,681] {scheduler_job.py:633} INFO - Processing file /home/ubuntu/.local/lib/python3.6/site-packages/airflow/example_dags/example_bash_operator.py for tasks to queue
[2021-05-26 06:07:56,686] {logging_mixin.py:104} INFO - [2021-05-26 06:07:56,685] {dagbag.py:487} INFO - Filling up the DagBag from /home/ubuntu/.local/lib/python3.6/site-packages/airflow/example_dags/example_bash_operator.py
[2021-05-26 06:07:56,707] {scheduler_job.py:643} INFO - DAG(s) dict_keys(['example_bash_operator']) retrieved from /home/ubuntu/.local/lib/python3.6/site-packages/airflow/example_dags/example_bash_operator.py
[2021-05-26 06:07:56,727] {logging_mixin.py:104} INFO - [2021-05-26 06:07:56,726] {dag.py:1832} INFO - Sync 1 DAGs
[2021-05-26 06:07:56,747] {logging_mixin.py:104} INFO - [2021-05-26 06:07:56,747] {dag.py:2305} INFO - Setting next_dagrun for example_bash_operator to 2021-05-24 00:00:00+00:00
[2021-05-26 06:07:56,777] {scheduler_job.py:190} INFO - Processing /home/ubuntu/.local/lib/python3.6/site-packages/airflow/example_dags/example_bash_operator.py took 0.104 seconds
