[2021-05-26 05:44:26,716] {scheduler_job.py:182} INFO - Started process (PID=9920) to work on /home/ubuntu/.local/lib/python3.6/site-packages/airflow/example_dags/example_xcomargs.py
[2021-05-26 05:44:26,718] {scheduler_job.py:633} INFO - Processing file /home/ubuntu/.local/lib/python3.6/site-packages/airflow/example_dags/example_xcomargs.py for tasks to queue
[2021-05-26 05:44:26,719] {logging_mixin.py:104} INFO - [2021-05-26 05:44:26,719] {dagbag.py:487} INFO - Filling up the DagBag from /home/ubuntu/.local/lib/python3.6/site-packages/airflow/example_dags/example_xcomargs.py
[2021-05-26 05:44:26,740] {scheduler_job.py:643} INFO - DAG(s) dict_keys(['example_xcom_args', 'example_xcom_args_with_operators']) retrieved from /home/ubuntu/.local/lib/python3.6/site-packages/airflow/example_dags/example_xcomargs.py
[2021-05-26 05:44:27,020] {logging_mixin.py:104} INFO - [2021-05-26 05:44:27,020] {dag.py:1832} INFO - Sync 2 DAGs
[2021-05-26 05:44:27,033] {logging_mixin.py:104} INFO - [2021-05-26 05:44:27,033] {dag.py:2305} INFO - Setting next_dagrun for example_xcom_args to None
[2021-05-26 05:44:27,034] {logging_mixin.py:104} INFO - [2021-05-26 05:44:27,034] {dag.py:2305} INFO - Setting next_dagrun for example_xcom_args_with_operators to None
[2021-05-26 05:44:27,053] {scheduler_job.py:190} INFO - Processing /home/ubuntu/.local/lib/python3.6/site-packages/airflow/example_dags/example_xcomargs.py took 0.342 seconds
[2021-05-26 05:47:23,561] {scheduler_job.py:182} INFO - Started process (PID=10520) to work on /home/ubuntu/.local/lib/python3.6/site-packages/airflow/example_dags/example_xcomargs.py
[2021-05-26 05:47:23,564] {scheduler_job.py:633} INFO - Processing file /home/ubuntu/.local/lib/python3.6/site-packages/airflow/example_dags/example_xcomargs.py for tasks to queue
[2021-05-26 05:47:23,565] {logging_mixin.py:104} INFO - [2021-05-26 05:47:23,565] {dagbag.py:487} INFO - Filling up the DagBag from /home/ubuntu/.local/lib/python3.6/site-packages/airflow/example_dags/example_xcomargs.py
[2021-05-26 05:47:23,589] {scheduler_job.py:643} INFO - DAG(s) dict_keys(['example_xcom_args', 'example_xcom_args_with_operators']) retrieved from /home/ubuntu/.local/lib/python3.6/site-packages/airflow/example_dags/example_xcomargs.py
[2021-05-26 05:47:23,859] {logging_mixin.py:104} INFO - [2021-05-26 05:47:23,859] {dag.py:1832} INFO - Sync 2 DAGs
[2021-05-26 05:47:23,872] {logging_mixin.py:104} INFO - [2021-05-26 05:47:23,872] {dag.py:2305} INFO - Setting next_dagrun for example_xcom_args to None
[2021-05-26 05:47:23,873] {logging_mixin.py:104} INFO - [2021-05-26 05:47:23,873] {dag.py:2305} INFO - Setting next_dagrun for example_xcom_args_with_operators to None
[2021-05-26 05:47:23,894] {scheduler_job.py:190} INFO - Processing /home/ubuntu/.local/lib/python3.6/site-packages/airflow/example_dags/example_xcomargs.py took 0.338 seconds
[2021-05-26 05:47:57,995] {scheduler_job.py:182} INFO - Started process (PID=10682) to work on /home/ubuntu/.local/lib/python3.6/site-packages/airflow/example_dags/example_xcomargs.py
[2021-05-26 05:47:57,996] {scheduler_job.py:633} INFO - Processing file /home/ubuntu/.local/lib/python3.6/site-packages/airflow/example_dags/example_xcomargs.py for tasks to queue
[2021-05-26 05:47:57,997] {logging_mixin.py:104} INFO - [2021-05-26 05:47:57,996] {dagbag.py:487} INFO - Filling up the DagBag from /home/ubuntu/.local/lib/python3.6/site-packages/airflow/example_dags/example_xcomargs.py
[2021-05-26 05:47:58,016] {scheduler_job.py:643} INFO - DAG(s) dict_keys(['example_xcom_args', 'example_xcom_args_with_operators']) retrieved from /home/ubuntu/.local/lib/python3.6/site-packages/airflow/example_dags/example_xcomargs.py
[2021-05-26 05:47:58,280] {logging_mixin.py:104} INFO - [2021-05-26 05:47:58,280] {dag.py:1832} INFO - Sync 2 DAGs
[2021-05-26 05:47:58,292] {logging_mixin.py:104} INFO - [2021-05-26 05:47:58,292] {dag.py:2305} INFO - Setting next_dagrun for example_xcom_args to None
[2021-05-26 05:47:58,293] {logging_mixin.py:104} INFO - [2021-05-26 05:47:58,292] {dag.py:2305} INFO - Setting next_dagrun for example_xcom_args_with_operators to None
[2021-05-26 05:47:58,311] {scheduler_job.py:190} INFO - Processing /home/ubuntu/.local/lib/python3.6/site-packages/airflow/example_dags/example_xcomargs.py took 0.318 seconds
[2021-05-26 05:48:28,920] {scheduler_job.py:182} INFO - Started process (PID=10819) to work on /home/ubuntu/.local/lib/python3.6/site-packages/airflow/example_dags/example_xcomargs.py
[2021-05-26 05:48:28,923] {scheduler_job.py:633} INFO - Processing file /home/ubuntu/.local/lib/python3.6/site-packages/airflow/example_dags/example_xcomargs.py for tasks to queue
[2021-05-26 05:48:28,926] {logging_mixin.py:104} INFO - [2021-05-26 05:48:28,926] {dagbag.py:487} INFO - Filling up the DagBag from /home/ubuntu/.local/lib/python3.6/site-packages/airflow/example_dags/example_xcomargs.py
[2021-05-26 05:48:28,943] {scheduler_job.py:643} INFO - DAG(s) dict_keys(['example_xcom_args', 'example_xcom_args_with_operators']) retrieved from /home/ubuntu/.local/lib/python3.6/site-packages/airflow/example_dags/example_xcomargs.py
[2021-05-26 05:48:29,250] {logging_mixin.py:104} INFO - [2021-05-26 05:48:29,250] {dag.py:1832} INFO - Sync 2 DAGs
[2021-05-26 05:48:29,270] {logging_mixin.py:104} INFO - [2021-05-26 05:48:29,269] {dag.py:2305} INFO - Setting next_dagrun for example_xcom_args to None
[2021-05-26 05:48:29,271] {logging_mixin.py:104} INFO - [2021-05-26 05:48:29,271] {dag.py:2305} INFO - Setting next_dagrun for example_xcom_args_with_operators to None
[2021-05-26 05:48:29,294] {scheduler_job.py:190} INFO - Processing /home/ubuntu/.local/lib/python3.6/site-packages/airflow/example_dags/example_xcomargs.py took 0.376 seconds
[2021-05-26 05:49:00,456] {scheduler_job.py:182} INFO - Started process (PID=10946) to work on /home/ubuntu/.local/lib/python3.6/site-packages/airflow/example_dags/example_xcomargs.py
[2021-05-26 05:49:00,458] {scheduler_job.py:633} INFO - Processing file /home/ubuntu/.local/lib/python3.6/site-packages/airflow/example_dags/example_xcomargs.py for tasks to queue
[2021-05-26 05:49:00,460] {logging_mixin.py:104} INFO - [2021-05-26 05:49:00,459] {dagbag.py:487} INFO - Filling up the DagBag from /home/ubuntu/.local/lib/python3.6/site-packages/airflow/example_dags/example_xcomargs.py
[2021-05-26 05:49:00,494] {scheduler_job.py:643} INFO - DAG(s) dict_keys(['example_xcom_args', 'example_xcom_args_with_operators']) retrieved from /home/ubuntu/.local/lib/python3.6/site-packages/airflow/example_dags/example_xcomargs.py
[2021-05-26 05:49:00,791] {logging_mixin.py:104} INFO - [2021-05-26 05:49:00,789] {dag.py:1832} INFO - Sync 2 DAGs
[2021-05-26 05:49:00,806] {logging_mixin.py:104} INFO - [2021-05-26 05:49:00,806] {dag.py:2305} INFO - Setting next_dagrun for example_xcom_args to None
[2021-05-26 05:49:00,808] {logging_mixin.py:104} INFO - [2021-05-26 05:49:00,808] {dag.py:2305} INFO - Setting next_dagrun for example_xcom_args_with_operators to None
[2021-05-26 05:49:00,827] {scheduler_job.py:190} INFO - Processing /home/ubuntu/.local/lib/python3.6/site-packages/airflow/example_dags/example_xcomargs.py took 0.374 seconds
[2021-05-26 05:49:33,023] {scheduler_job.py:182} INFO - Started process (PID=11099) to work on /home/ubuntu/.local/lib/python3.6/site-packages/airflow/example_dags/example_xcomargs.py
[2021-05-26 05:49:33,025] {scheduler_job.py:633} INFO - Processing file /home/ubuntu/.local/lib/python3.6/site-packages/airflow/example_dags/example_xcomargs.py for tasks to queue
[2021-05-26 05:49:33,026] {logging_mixin.py:104} INFO - [2021-05-26 05:49:33,026] {dagbag.py:487} INFO - Filling up the DagBag from /home/ubuntu/.local/lib/python3.6/site-packages/airflow/example_dags/example_xcomargs.py
[2021-05-26 05:49:33,048] {scheduler_job.py:643} INFO - DAG(s) dict_keys(['example_xcom_args', 'example_xcom_args_with_operators']) retrieved from /home/ubuntu/.local/lib/python3.6/site-packages/airflow/example_dags/example_xcomargs.py
[2021-05-26 05:49:33,301] {logging_mixin.py:104} INFO - [2021-05-26 05:49:33,301] {dag.py:1832} INFO - Sync 2 DAGs
[2021-05-26 05:49:33,315] {logging_mixin.py:104} INFO - [2021-05-26 05:49:33,315] {dag.py:2305} INFO - Setting next_dagrun for example_xcom_args to None
[2021-05-26 05:49:33,316] {logging_mixin.py:104} INFO - [2021-05-26 05:49:33,316] {dag.py:2305} INFO - Setting next_dagrun for example_xcom_args_with_operators to None
[2021-05-26 05:49:33,338] {scheduler_job.py:190} INFO - Processing /home/ubuntu/.local/lib/python3.6/site-packages/airflow/example_dags/example_xcomargs.py took 0.317 seconds
[2021-05-26 05:50:04,121] {scheduler_job.py:182} INFO - Started process (PID=11219) to work on /home/ubuntu/.local/lib/python3.6/site-packages/airflow/example_dags/example_xcomargs.py
[2021-05-26 05:50:04,123] {scheduler_job.py:633} INFO - Processing file /home/ubuntu/.local/lib/python3.6/site-packages/airflow/example_dags/example_xcomargs.py for tasks to queue
[2021-05-26 05:50:04,124] {logging_mixin.py:104} INFO - [2021-05-26 05:50:04,124] {dagbag.py:487} INFO - Filling up the DagBag from /home/ubuntu/.local/lib/python3.6/site-packages/airflow/example_dags/example_xcomargs.py
[2021-05-26 05:50:04,144] {scheduler_job.py:643} INFO - DAG(s) dict_keys(['example_xcom_args', 'example_xcom_args_with_operators']) retrieved from /home/ubuntu/.local/lib/python3.6/site-packages/airflow/example_dags/example_xcomargs.py
[2021-05-26 05:50:04,164] {logging_mixin.py:104} INFO - [2021-05-26 05:50:04,164] {dag.py:1832} INFO - Sync 2 DAGs
[2021-05-26 05:50:04,179] {logging_mixin.py:104} INFO - [2021-05-26 05:50:04,179] {dag.py:2305} INFO - Setting next_dagrun for example_xcom_args to None
[2021-05-26 05:50:04,181] {logging_mixin.py:104} INFO - [2021-05-26 05:50:04,181] {dag.py:2305} INFO - Setting next_dagrun for example_xcom_args_with_operators to None
[2021-05-26 05:50:04,199] {scheduler_job.py:190} INFO - Processing /home/ubuntu/.local/lib/python3.6/site-packages/airflow/example_dags/example_xcomargs.py took 0.079 seconds
[2021-05-26 05:50:35,342] {scheduler_job.py:182} INFO - Started process (PID=11340) to work on /home/ubuntu/.local/lib/python3.6/site-packages/airflow/example_dags/example_xcomargs.py
[2021-05-26 05:50:35,344] {scheduler_job.py:633} INFO - Processing file /home/ubuntu/.local/lib/python3.6/site-packages/airflow/example_dags/example_xcomargs.py for tasks to queue
[2021-05-26 05:50:35,345] {logging_mixin.py:104} INFO - [2021-05-26 05:50:35,345] {dagbag.py:487} INFO - Filling up the DagBag from /home/ubuntu/.local/lib/python3.6/site-packages/airflow/example_dags/example_xcomargs.py
[2021-05-26 05:50:35,366] {scheduler_job.py:643} INFO - DAG(s) dict_keys(['example_xcom_args', 'example_xcom_args_with_operators']) retrieved from /home/ubuntu/.local/lib/python3.6/site-packages/airflow/example_dags/example_xcomargs.py
[2021-05-26 05:50:35,387] {logging_mixin.py:104} INFO - [2021-05-26 05:50:35,387] {dag.py:1832} INFO - Sync 2 DAGs
[2021-05-26 05:50:35,402] {logging_mixin.py:104} INFO - [2021-05-26 05:50:35,402] {dag.py:2305} INFO - Setting next_dagrun for example_xcom_args to None
[2021-05-26 05:50:35,405] {logging_mixin.py:104} INFO - [2021-05-26 05:50:35,404] {dag.py:2305} INFO - Setting next_dagrun for example_xcom_args_with_operators to None
[2021-05-26 05:50:35,424] {scheduler_job.py:190} INFO - Processing /home/ubuntu/.local/lib/python3.6/site-packages/airflow/example_dags/example_xcomargs.py took 0.084 seconds
[2021-05-26 05:51:06,484] {scheduler_job.py:182} INFO - Started process (PID=11460) to work on /home/ubuntu/.local/lib/python3.6/site-packages/airflow/example_dags/example_xcomargs.py
[2021-05-26 05:51:06,488] {scheduler_job.py:633} INFO - Processing file /home/ubuntu/.local/lib/python3.6/site-packages/airflow/example_dags/example_xcomargs.py for tasks to queue
[2021-05-26 05:51:06,491] {logging_mixin.py:104} INFO - [2021-05-26 05:51:06,491] {dagbag.py:487} INFO - Filling up the DagBag from /home/ubuntu/.local/lib/python3.6/site-packages/airflow/example_dags/example_xcomargs.py
[2021-05-26 05:51:06,512] {scheduler_job.py:643} INFO - DAG(s) dict_keys(['example_xcom_args', 'example_xcom_args_with_operators']) retrieved from /home/ubuntu/.local/lib/python3.6/site-packages/airflow/example_dags/example_xcomargs.py
[2021-05-26 05:51:06,776] {logging_mixin.py:104} INFO - [2021-05-26 05:51:06,776] {dag.py:1832} INFO - Sync 2 DAGs
[2021-05-26 05:51:06,788] {logging_mixin.py:104} INFO - [2021-05-26 05:51:06,788] {dag.py:2305} INFO - Setting next_dagrun for example_xcom_args to None
[2021-05-26 05:51:06,789] {logging_mixin.py:104} INFO - [2021-05-26 05:51:06,789] {dag.py:2305} INFO - Setting next_dagrun for example_xcom_args_with_operators to None
[2021-05-26 05:51:06,806] {scheduler_job.py:190} INFO - Processing /home/ubuntu/.local/lib/python3.6/site-packages/airflow/example_dags/example_xcomargs.py took 0.325 seconds
[2021-05-26 05:51:37,398] {scheduler_job.py:182} INFO - Started process (PID=11581) to work on /home/ubuntu/.local/lib/python3.6/site-packages/airflow/example_dags/example_xcomargs.py
[2021-05-26 05:51:37,401] {scheduler_job.py:633} INFO - Processing file /home/ubuntu/.local/lib/python3.6/site-packages/airflow/example_dags/example_xcomargs.py for tasks to queue
[2021-05-26 05:51:37,401] {logging_mixin.py:104} INFO - [2021-05-26 05:51:37,401] {dagbag.py:487} INFO - Filling up the DagBag from /home/ubuntu/.local/lib/python3.6/site-packages/airflow/example_dags/example_xcomargs.py
[2021-05-26 05:51:37,423] {scheduler_job.py:643} INFO - DAG(s) dict_keys(['example_xcom_args', 'example_xcom_args_with_operators']) retrieved from /home/ubuntu/.local/lib/python3.6/site-packages/airflow/example_dags/example_xcomargs.py
[2021-05-26 05:51:37,673] {logging_mixin.py:104} INFO - [2021-05-26 05:51:37,673] {dag.py:1832} INFO - Sync 2 DAGs
[2021-05-26 05:51:37,685] {logging_mixin.py:104} INFO - [2021-05-26 05:51:37,685] {dag.py:2305} INFO - Setting next_dagrun for example_xcom_args to None
[2021-05-26 05:51:37,687] {logging_mixin.py:104} INFO - [2021-05-26 05:51:37,686] {dag.py:2305} INFO - Setting next_dagrun for example_xcom_args_with_operators to None
[2021-05-26 05:51:37,704] {scheduler_job.py:190} INFO - Processing /home/ubuntu/.local/lib/python3.6/site-packages/airflow/example_dags/example_xcomargs.py took 0.307 seconds
[2021-05-26 05:52:08,311] {scheduler_job.py:182} INFO - Started process (PID=11701) to work on /home/ubuntu/.local/lib/python3.6/site-packages/airflow/example_dags/example_xcomargs.py
[2021-05-26 05:52:08,315] {scheduler_job.py:633} INFO - Processing file /home/ubuntu/.local/lib/python3.6/site-packages/airflow/example_dags/example_xcomargs.py for tasks to queue
[2021-05-26 05:52:08,318] {logging_mixin.py:104} INFO - [2021-05-26 05:52:08,318] {dagbag.py:487} INFO - Filling up the DagBag from /home/ubuntu/.local/lib/python3.6/site-packages/airflow/example_dags/example_xcomargs.py
[2021-05-26 05:52:08,338] {scheduler_job.py:643} INFO - DAG(s) dict_keys(['example_xcom_args', 'example_xcom_args_with_operators']) retrieved from /home/ubuntu/.local/lib/python3.6/site-packages/airflow/example_dags/example_xcomargs.py
[2021-05-26 05:52:08,601] {logging_mixin.py:104} INFO - [2021-05-26 05:52:08,601] {dag.py:1832} INFO - Sync 2 DAGs
[2021-05-26 05:52:08,614] {logging_mixin.py:104} INFO - [2021-05-26 05:52:08,614] {dag.py:2305} INFO - Setting next_dagrun for example_xcom_args to None
[2021-05-26 05:52:08,615] {logging_mixin.py:104} INFO - [2021-05-26 05:52:08,615] {dag.py:2305} INFO - Setting next_dagrun for example_xcom_args_with_operators to None
[2021-05-26 05:52:08,632] {scheduler_job.py:190} INFO - Processing /home/ubuntu/.local/lib/python3.6/site-packages/airflow/example_dags/example_xcomargs.py took 0.323 seconds
[2021-05-26 05:52:39,110] {scheduler_job.py:182} INFO - Started process (PID=11822) to work on /home/ubuntu/.local/lib/python3.6/site-packages/airflow/example_dags/example_xcomargs.py
[2021-05-26 05:52:39,111] {scheduler_job.py:633} INFO - Processing file /home/ubuntu/.local/lib/python3.6/site-packages/airflow/example_dags/example_xcomargs.py for tasks to queue
[2021-05-26 05:52:39,112] {logging_mixin.py:104} INFO - [2021-05-26 05:52:39,112] {dagbag.py:487} INFO - Filling up the DagBag from /home/ubuntu/.local/lib/python3.6/site-packages/airflow/example_dags/example_xcomargs.py
[2021-05-26 05:52:39,135] {scheduler_job.py:643} INFO - DAG(s) dict_keys(['example_xcom_args', 'example_xcom_args_with_operators']) retrieved from /home/ubuntu/.local/lib/python3.6/site-packages/airflow/example_dags/example_xcomargs.py
[2021-05-26 05:52:39,418] {logging_mixin.py:104} INFO - [2021-05-26 05:52:39,418] {dag.py:1832} INFO - Sync 2 DAGs
[2021-05-26 05:52:39,438] {logging_mixin.py:104} INFO - [2021-05-26 05:52:39,438] {dag.py:2305} INFO - Setting next_dagrun for example_xcom_args to None
[2021-05-26 05:52:39,438] {logging_mixin.py:104} INFO - [2021-05-26 05:52:39,438] {dag.py:2305} INFO - Setting next_dagrun for example_xcom_args_with_operators to None
[2021-05-26 05:52:39,465] {scheduler_job.py:190} INFO - Processing /home/ubuntu/.local/lib/python3.6/site-packages/airflow/example_dags/example_xcomargs.py took 0.357 seconds
[2021-05-26 05:53:11,026] {scheduler_job.py:182} INFO - Started process (PID=11950) to work on /home/ubuntu/.local/lib/python3.6/site-packages/airflow/example_dags/example_xcomargs.py
[2021-05-26 05:53:11,029] {scheduler_job.py:633} INFO - Processing file /home/ubuntu/.local/lib/python3.6/site-packages/airflow/example_dags/example_xcomargs.py for tasks to queue
[2021-05-26 05:53:11,029] {logging_mixin.py:104} INFO - [2021-05-26 05:53:11,029] {dagbag.py:487} INFO - Filling up the DagBag from /home/ubuntu/.local/lib/python3.6/site-packages/airflow/example_dags/example_xcomargs.py
[2021-05-26 05:53:11,054] {scheduler_job.py:643} INFO - DAG(s) dict_keys(['example_xcom_args', 'example_xcom_args_with_operators']) retrieved from /home/ubuntu/.local/lib/python3.6/site-packages/airflow/example_dags/example_xcomargs.py
[2021-05-26 05:53:11,321] {logging_mixin.py:104} INFO - [2021-05-26 05:53:11,321] {dag.py:1832} INFO - Sync 2 DAGs
[2021-05-26 05:53:11,335] {logging_mixin.py:104} INFO - [2021-05-26 05:53:11,335] {dag.py:2305} INFO - Setting next_dagrun for example_xcom_args to None
[2021-05-26 05:53:11,337] {logging_mixin.py:104} INFO - [2021-05-26 05:53:11,337] {dag.py:2305} INFO - Setting next_dagrun for example_xcom_args_with_operators to None
[2021-05-26 05:53:11,360] {scheduler_job.py:190} INFO - Processing /home/ubuntu/.local/lib/python3.6/site-packages/airflow/example_dags/example_xcomargs.py took 0.335 seconds
[2021-05-26 05:53:42,242] {scheduler_job.py:182} INFO - Started process (PID=12072) to work on /home/ubuntu/.local/lib/python3.6/site-packages/airflow/example_dags/example_xcomargs.py
[2021-05-26 05:53:42,243] {scheduler_job.py:633} INFO - Processing file /home/ubuntu/.local/lib/python3.6/site-packages/airflow/example_dags/example_xcomargs.py for tasks to queue
[2021-05-26 05:53:42,244] {logging_mixin.py:104} INFO - [2021-05-26 05:53:42,244] {dagbag.py:487} INFO - Filling up the DagBag from /home/ubuntu/.local/lib/python3.6/site-packages/airflow/example_dags/example_xcomargs.py
[2021-05-26 05:53:42,264] {scheduler_job.py:643} INFO - DAG(s) dict_keys(['example_xcom_args', 'example_xcom_args_with_operators']) retrieved from /home/ubuntu/.local/lib/python3.6/site-packages/airflow/example_dags/example_xcomargs.py
[2021-05-26 05:53:42,509] {logging_mixin.py:104} INFO - [2021-05-26 05:53:42,509] {dag.py:1832} INFO - Sync 2 DAGs
[2021-05-26 05:53:42,521] {logging_mixin.py:104} INFO - [2021-05-26 05:53:42,521] {dag.py:2305} INFO - Setting next_dagrun for example_xcom_args to None
[2021-05-26 05:53:42,522] {logging_mixin.py:104} INFO - [2021-05-26 05:53:42,522] {dag.py:2305} INFO - Setting next_dagrun for example_xcom_args_with_operators to None
[2021-05-26 05:53:42,541] {scheduler_job.py:190} INFO - Processing /home/ubuntu/.local/lib/python3.6/site-packages/airflow/example_dags/example_xcomargs.py took 0.301 seconds
[2021-05-26 05:54:14,221] {scheduler_job.py:182} INFO - Started process (PID=12193) to work on /home/ubuntu/.local/lib/python3.6/site-packages/airflow/example_dags/example_xcomargs.py
[2021-05-26 05:54:14,224] {scheduler_job.py:633} INFO - Processing file /home/ubuntu/.local/lib/python3.6/site-packages/airflow/example_dags/example_xcomargs.py for tasks to queue
[2021-05-26 05:54:14,225] {logging_mixin.py:104} INFO - [2021-05-26 05:54:14,225] {dagbag.py:487} INFO - Filling up the DagBag from /home/ubuntu/.local/lib/python3.6/site-packages/airflow/example_dags/example_xcomargs.py
[2021-05-26 05:54:14,245] {scheduler_job.py:643} INFO - DAG(s) dict_keys(['example_xcom_args', 'example_xcom_args_with_operators']) retrieved from /home/ubuntu/.local/lib/python3.6/site-packages/airflow/example_dags/example_xcomargs.py
[2021-05-26 05:54:14,509] {logging_mixin.py:104} INFO - [2021-05-26 05:54:14,508] {dag.py:1832} INFO - Sync 2 DAGs
[2021-05-26 05:54:14,520] {logging_mixin.py:104} INFO - [2021-05-26 05:54:14,520] {dag.py:2305} INFO - Setting next_dagrun for example_xcom_args to None
[2021-05-26 05:54:14,521] {logging_mixin.py:104} INFO - [2021-05-26 05:54:14,521] {dag.py:2305} INFO - Setting next_dagrun for example_xcom_args_with_operators to None
[2021-05-26 05:54:14,540] {scheduler_job.py:190} INFO - Processing /home/ubuntu/.local/lib/python3.6/site-packages/airflow/example_dags/example_xcomargs.py took 0.321 seconds
[2021-05-26 05:54:47,502] {scheduler_job.py:182} INFO - Started process (PID=12320) to work on /home/ubuntu/.local/lib/python3.6/site-packages/airflow/example_dags/example_xcomargs.py
[2021-05-26 05:54:47,505] {scheduler_job.py:633} INFO - Processing file /home/ubuntu/.local/lib/python3.6/site-packages/airflow/example_dags/example_xcomargs.py for tasks to queue
[2021-05-26 05:54:47,506] {logging_mixin.py:104} INFO - [2021-05-26 05:54:47,506] {dagbag.py:487} INFO - Filling up the DagBag from /home/ubuntu/.local/lib/python3.6/site-packages/airflow/example_dags/example_xcomargs.py
[2021-05-26 05:54:47,532] {scheduler_job.py:643} INFO - DAG(s) dict_keys(['example_xcom_args', 'example_xcom_args_with_operators']) retrieved from /home/ubuntu/.local/lib/python3.6/site-packages/airflow/example_dags/example_xcomargs.py
[2021-05-26 05:54:47,792] {logging_mixin.py:104} INFO - [2021-05-26 05:54:47,792] {dag.py:1832} INFO - Sync 2 DAGs
[2021-05-26 05:54:47,806] {logging_mixin.py:104} INFO - [2021-05-26 05:54:47,805] {dag.py:2305} INFO - Setting next_dagrun for example_xcom_args to None
[2021-05-26 05:54:47,808] {logging_mixin.py:104} INFO - [2021-05-26 05:54:47,807] {dag.py:2305} INFO - Setting next_dagrun for example_xcom_args_with_operators to None
[2021-05-26 05:54:47,825] {scheduler_job.py:190} INFO - Processing /home/ubuntu/.local/lib/python3.6/site-packages/airflow/example_dags/example_xcomargs.py took 0.325 seconds
[2021-05-26 05:55:39,415] {scheduler_job.py:182} INFO - Started process (PID=12559) to work on /home/ubuntu/.local/lib/python3.6/site-packages/airflow/example_dags/example_xcomargs.py
[2021-05-26 05:55:39,416] {scheduler_job.py:633} INFO - Processing file /home/ubuntu/.local/lib/python3.6/site-packages/airflow/example_dags/example_xcomargs.py for tasks to queue
[2021-05-26 05:55:39,417] {logging_mixin.py:104} INFO - [2021-05-26 05:55:39,417] {dagbag.py:487} INFO - Filling up the DagBag from /home/ubuntu/.local/lib/python3.6/site-packages/airflow/example_dags/example_xcomargs.py
[2021-05-26 05:55:39,438] {scheduler_job.py:643} INFO - DAG(s) dict_keys(['example_xcom_args', 'example_xcom_args_with_operators']) retrieved from /home/ubuntu/.local/lib/python3.6/site-packages/airflow/example_dags/example_xcomargs.py
[2021-05-26 05:55:39,771] {logging_mixin.py:104} INFO - [2021-05-26 05:55:39,771] {dag.py:1832} INFO - Sync 2 DAGs
[2021-05-26 05:55:39,786] {logging_mixin.py:104} INFO - [2021-05-26 05:55:39,786] {dag.py:2305} INFO - Setting next_dagrun for example_xcom_args to None
[2021-05-26 05:55:39,788] {logging_mixin.py:104} INFO - [2021-05-26 05:55:39,788] {dag.py:2305} INFO - Setting next_dagrun for example_xcom_args_with_operators to None
[2021-05-26 05:55:39,807] {scheduler_job.py:190} INFO - Processing /home/ubuntu/.local/lib/python3.6/site-packages/airflow/example_dags/example_xcomargs.py took 0.394 seconds
[2021-05-26 05:56:15,217] {scheduler_job.py:182} INFO - Started process (PID=12711) to work on /home/ubuntu/.local/lib/python3.6/site-packages/airflow/example_dags/example_xcomargs.py
[2021-05-26 05:56:15,221] {scheduler_job.py:633} INFO - Processing file /home/ubuntu/.local/lib/python3.6/site-packages/airflow/example_dags/example_xcomargs.py for tasks to queue
[2021-05-26 05:56:15,226] {logging_mixin.py:104} INFO - [2021-05-26 05:56:15,226] {dagbag.py:487} INFO - Filling up the DagBag from /home/ubuntu/.local/lib/python3.6/site-packages/airflow/example_dags/example_xcomargs.py
[2021-05-26 05:56:15,264] {scheduler_job.py:643} INFO - DAG(s) dict_keys(['example_xcom_args', 'example_xcom_args_with_operators']) retrieved from /home/ubuntu/.local/lib/python3.6/site-packages/airflow/example_dags/example_xcomargs.py
[2021-05-26 05:56:15,587] {logging_mixin.py:104} INFO - [2021-05-26 05:56:15,587] {dag.py:1832} INFO - Sync 2 DAGs
[2021-05-26 05:56:15,605] {logging_mixin.py:104} INFO - [2021-05-26 05:56:15,604] {dag.py:2305} INFO - Setting next_dagrun for example_xcom_args to None
[2021-05-26 05:56:15,609] {logging_mixin.py:104} INFO - [2021-05-26 05:56:15,609] {dag.py:2305} INFO - Setting next_dagrun for example_xcom_args_with_operators to None
[2021-05-26 05:56:15,640] {scheduler_job.py:190} INFO - Processing /home/ubuntu/.local/lib/python3.6/site-packages/airflow/example_dags/example_xcomargs.py took 0.426 seconds
[2021-05-26 05:56:49,418] {scheduler_job.py:182} INFO - Started process (PID=12867) to work on /home/ubuntu/.local/lib/python3.6/site-packages/airflow/example_dags/example_xcomargs.py
[2021-05-26 05:56:49,424] {scheduler_job.py:633} INFO - Processing file /home/ubuntu/.local/lib/python3.6/site-packages/airflow/example_dags/example_xcomargs.py for tasks to queue
[2021-05-26 05:56:49,431] {logging_mixin.py:104} INFO - [2021-05-26 05:56:49,431] {dagbag.py:487} INFO - Filling up the DagBag from /home/ubuntu/.local/lib/python3.6/site-packages/airflow/example_dags/example_xcomargs.py
[2021-05-26 05:56:49,495] {scheduler_job.py:643} INFO - DAG(s) dict_keys(['example_xcom_args', 'example_xcom_args_with_operators']) retrieved from /home/ubuntu/.local/lib/python3.6/site-packages/airflow/example_dags/example_xcomargs.py
[2021-05-26 05:56:49,858] {logging_mixin.py:104} INFO - [2021-05-26 05:56:49,857] {dag.py:1832} INFO - Sync 2 DAGs
[2021-05-26 05:56:49,879] {logging_mixin.py:104} INFO - [2021-05-26 05:56:49,878] {dag.py:2305} INFO - Setting next_dagrun for example_xcom_args to None
[2021-05-26 05:56:49,887] {logging_mixin.py:104} INFO - [2021-05-26 05:56:49,887] {dag.py:2305} INFO - Setting next_dagrun for example_xcom_args_with_operators to None
[2021-05-26 05:56:49,925] {scheduler_job.py:190} INFO - Processing /home/ubuntu/.local/lib/python3.6/site-packages/airflow/example_dags/example_xcomargs.py took 0.509 seconds
[2021-05-26 05:57:24,066] {scheduler_job.py:182} INFO - Started process (PID=13041) to work on /home/ubuntu/.local/lib/python3.6/site-packages/airflow/example_dags/example_xcomargs.py
[2021-05-26 05:57:24,071] {scheduler_job.py:633} INFO - Processing file /home/ubuntu/.local/lib/python3.6/site-packages/airflow/example_dags/example_xcomargs.py for tasks to queue
[2021-05-26 05:57:24,075] {logging_mixin.py:104} INFO - [2021-05-26 05:57:24,075] {dagbag.py:487} INFO - Filling up the DagBag from /home/ubuntu/.local/lib/python3.6/site-packages/airflow/example_dags/example_xcomargs.py
[2021-05-26 05:57:24,097] {scheduler_job.py:643} INFO - DAG(s) dict_keys(['example_xcom_args', 'example_xcom_args_with_operators']) retrieved from /home/ubuntu/.local/lib/python3.6/site-packages/airflow/example_dags/example_xcomargs.py
[2021-05-26 05:57:24,121] {logging_mixin.py:104} INFO - [2021-05-26 05:57:24,121] {dag.py:1832} INFO - Sync 2 DAGs
[2021-05-26 05:57:24,140] {logging_mixin.py:104} INFO - [2021-05-26 05:57:24,139] {dag.py:2305} INFO - Setting next_dagrun for example_xcom_args to None
[2021-05-26 05:57:24,144] {logging_mixin.py:104} INFO - [2021-05-26 05:57:24,144] {dag.py:2305} INFO - Setting next_dagrun for example_xcom_args_with_operators to None
[2021-05-26 05:57:24,166] {scheduler_job.py:190} INFO - Processing /home/ubuntu/.local/lib/python3.6/site-packages/airflow/example_dags/example_xcomargs.py took 0.102 seconds
[2021-05-26 05:57:54,957] {scheduler_job.py:182} INFO - Started process (PID=13160) to work on /home/ubuntu/.local/lib/python3.6/site-packages/airflow/example_dags/example_xcomargs.py
[2021-05-26 05:57:54,961] {scheduler_job.py:633} INFO - Processing file /home/ubuntu/.local/lib/python3.6/site-packages/airflow/example_dags/example_xcomargs.py for tasks to queue
[2021-05-26 05:57:54,965] {logging_mixin.py:104} INFO - [2021-05-26 05:57:54,965] {dagbag.py:487} INFO - Filling up the DagBag from /home/ubuntu/.local/lib/python3.6/site-packages/airflow/example_dags/example_xcomargs.py
[2021-05-26 05:57:54,987] {scheduler_job.py:643} INFO - DAG(s) dict_keys(['example_xcom_args', 'example_xcom_args_with_operators']) retrieved from /home/ubuntu/.local/lib/python3.6/site-packages/airflow/example_dags/example_xcomargs.py
[2021-05-26 05:57:55,293] {logging_mixin.py:104} INFO - [2021-05-26 05:57:55,293] {dag.py:1832} INFO - Sync 2 DAGs
[2021-05-26 05:57:55,308] {logging_mixin.py:104} INFO - [2021-05-26 05:57:55,308] {dag.py:2305} INFO - Setting next_dagrun for example_xcom_args to None
[2021-05-26 05:57:55,312] {logging_mixin.py:104} INFO - [2021-05-26 05:57:55,312] {dag.py:2305} INFO - Setting next_dagrun for example_xcom_args_with_operators to None
[2021-05-26 05:57:55,342] {scheduler_job.py:190} INFO - Processing /home/ubuntu/.local/lib/python3.6/site-packages/airflow/example_dags/example_xcomargs.py took 0.387 seconds
[2021-05-26 05:58:26,047] {scheduler_job.py:182} INFO - Started process (PID=13304) to work on /home/ubuntu/.local/lib/python3.6/site-packages/airflow/example_dags/example_xcomargs.py
[2021-05-26 05:58:26,051] {scheduler_job.py:633} INFO - Processing file /home/ubuntu/.local/lib/python3.6/site-packages/airflow/example_dags/example_xcomargs.py for tasks to queue
[2021-05-26 05:58:26,055] {logging_mixin.py:104} INFO - [2021-05-26 05:58:26,055] {dagbag.py:487} INFO - Filling up the DagBag from /home/ubuntu/.local/lib/python3.6/site-packages/airflow/example_dags/example_xcomargs.py
[2021-05-26 05:58:26,081] {scheduler_job.py:643} INFO - DAG(s) dict_keys(['example_xcom_args', 'example_xcom_args_with_operators']) retrieved from /home/ubuntu/.local/lib/python3.6/site-packages/airflow/example_dags/example_xcomargs.py
[2021-05-26 05:58:26,379] {logging_mixin.py:104} INFO - [2021-05-26 05:58:26,379] {dag.py:1832} INFO - Sync 2 DAGs
[2021-05-26 05:58:26,403] {logging_mixin.py:104} INFO - [2021-05-26 05:58:26,403] {dag.py:2305} INFO - Setting next_dagrun for example_xcom_args to None
[2021-05-26 05:58:26,407] {logging_mixin.py:104} INFO - [2021-05-26 05:58:26,407] {dag.py:2305} INFO - Setting next_dagrun for example_xcom_args_with_operators to None
[2021-05-26 05:58:26,434] {scheduler_job.py:190} INFO - Processing /home/ubuntu/.local/lib/python3.6/site-packages/airflow/example_dags/example_xcomargs.py took 0.389 seconds
[2021-05-26 05:58:56,807] {scheduler_job.py:182} INFO - Started process (PID=13450) to work on /home/ubuntu/.local/lib/python3.6/site-packages/airflow/example_dags/example_xcomargs.py
[2021-05-26 05:58:56,811] {scheduler_job.py:633} INFO - Processing file /home/ubuntu/.local/lib/python3.6/site-packages/airflow/example_dags/example_xcomargs.py for tasks to queue
[2021-05-26 05:58:56,815] {logging_mixin.py:104} INFO - [2021-05-26 05:58:56,815] {dagbag.py:487} INFO - Filling up the DagBag from /home/ubuntu/.local/lib/python3.6/site-packages/airflow/example_dags/example_xcomargs.py
[2021-05-26 05:58:56,841] {scheduler_job.py:643} INFO - DAG(s) dict_keys(['example_xcom_args', 'example_xcom_args_with_operators']) retrieved from /home/ubuntu/.local/lib/python3.6/site-packages/airflow/example_dags/example_xcomargs.py
[2021-05-26 05:58:57,141] {logging_mixin.py:104} INFO - [2021-05-26 05:58:57,141] {dag.py:1832} INFO - Sync 2 DAGs
[2021-05-26 05:58:57,158] {logging_mixin.py:104} INFO - [2021-05-26 05:58:57,158] {dag.py:2305} INFO - Setting next_dagrun for example_xcom_args to None
[2021-05-26 05:58:57,161] {logging_mixin.py:104} INFO - [2021-05-26 05:58:57,161] {dag.py:2305} INFO - Setting next_dagrun for example_xcom_args_with_operators to None
[2021-05-26 05:58:57,179] {scheduler_job.py:190} INFO - Processing /home/ubuntu/.local/lib/python3.6/site-packages/airflow/example_dags/example_xcomargs.py took 0.375 seconds
[2021-05-26 05:59:27,392] {scheduler_job.py:182} INFO - Started process (PID=13604) to work on /home/ubuntu/.local/lib/python3.6/site-packages/airflow/example_dags/example_xcomargs.py
[2021-05-26 05:59:27,396] {scheduler_job.py:633} INFO - Processing file /home/ubuntu/.local/lib/python3.6/site-packages/airflow/example_dags/example_xcomargs.py for tasks to queue
[2021-05-26 05:59:27,400] {logging_mixin.py:104} INFO - [2021-05-26 05:59:27,400] {dagbag.py:487} INFO - Filling up the DagBag from /home/ubuntu/.local/lib/python3.6/site-packages/airflow/example_dags/example_xcomargs.py
[2021-05-26 05:59:27,424] {scheduler_job.py:643} INFO - DAG(s) dict_keys(['example_xcom_args', 'example_xcom_args_with_operators']) retrieved from /home/ubuntu/.local/lib/python3.6/site-packages/airflow/example_dags/example_xcomargs.py
[2021-05-26 05:59:27,762] {logging_mixin.py:104} INFO - [2021-05-26 05:59:27,762] {dag.py:1832} INFO - Sync 2 DAGs
[2021-05-26 05:59:27,779] {logging_mixin.py:104} INFO - [2021-05-26 05:59:27,779] {dag.py:2305} INFO - Setting next_dagrun for example_xcom_args to None
[2021-05-26 05:59:27,783] {logging_mixin.py:104} INFO - [2021-05-26 05:59:27,783] {dag.py:2305} INFO - Setting next_dagrun for example_xcom_args_with_operators to None
[2021-05-26 05:59:27,807] {scheduler_job.py:190} INFO - Processing /home/ubuntu/.local/lib/python3.6/site-packages/airflow/example_dags/example_xcomargs.py took 0.418 seconds
[2021-05-26 06:00:00,608] {scheduler_job.py:182} INFO - Started process (PID=13780) to work on /home/ubuntu/.local/lib/python3.6/site-packages/airflow/example_dags/example_xcomargs.py
[2021-05-26 06:00:00,624] {scheduler_job.py:633} INFO - Processing file /home/ubuntu/.local/lib/python3.6/site-packages/airflow/example_dags/example_xcomargs.py for tasks to queue
[2021-05-26 06:00:00,628] {logging_mixin.py:104} INFO - [2021-05-26 06:00:00,628] {dagbag.py:487} INFO - Filling up the DagBag from /home/ubuntu/.local/lib/python3.6/site-packages/airflow/example_dags/example_xcomargs.py
[2021-05-26 06:00:00,664] {scheduler_job.py:643} INFO - DAG(s) dict_keys(['example_xcom_args', 'example_xcom_args_with_operators']) retrieved from /home/ubuntu/.local/lib/python3.6/site-packages/airflow/example_dags/example_xcomargs.py
[2021-05-26 06:00:01,204] {logging_mixin.py:104} INFO - [2021-05-26 06:00:01,203] {dag.py:1832} INFO - Sync 2 DAGs
[2021-05-26 06:00:01,221] {logging_mixin.py:104} INFO - [2021-05-26 06:00:01,221] {dag.py:2305} INFO - Setting next_dagrun for example_xcom_args to None
[2021-05-26 06:00:01,223] {logging_mixin.py:104} INFO - [2021-05-26 06:00:01,223] {dag.py:2305} INFO - Setting next_dagrun for example_xcom_args_with_operators to None
[2021-05-26 06:00:01,244] {scheduler_job.py:190} INFO - Processing /home/ubuntu/.local/lib/python3.6/site-packages/airflow/example_dags/example_xcomargs.py took 0.639 seconds
[2021-05-26 06:00:33,654] {scheduler_job.py:182} INFO - Started process (PID=13933) to work on /home/ubuntu/.local/lib/python3.6/site-packages/airflow/example_dags/example_xcomargs.py
[2021-05-26 06:00:33,655] {scheduler_job.py:633} INFO - Processing file /home/ubuntu/.local/lib/python3.6/site-packages/airflow/example_dags/example_xcomargs.py for tasks to queue
[2021-05-26 06:00:33,656] {logging_mixin.py:104} INFO - [2021-05-26 06:00:33,656] {dagbag.py:487} INFO - Filling up the DagBag from /home/ubuntu/.local/lib/python3.6/site-packages/airflow/example_dags/example_xcomargs.py
[2021-05-26 06:00:33,679] {scheduler_job.py:643} INFO - DAG(s) dict_keys(['example_xcom_args', 'example_xcom_args_with_operators']) retrieved from /home/ubuntu/.local/lib/python3.6/site-packages/airflow/example_dags/example_xcomargs.py
[2021-05-26 06:00:33,698] {logging_mixin.py:104} INFO - [2021-05-26 06:00:33,698] {dag.py:1832} INFO - Sync 2 DAGs
[2021-05-26 06:00:33,715] {logging_mixin.py:104} INFO - [2021-05-26 06:00:33,715] {dag.py:2305} INFO - Setting next_dagrun for example_xcom_args to None
[2021-05-26 06:00:33,720] {logging_mixin.py:104} INFO - [2021-05-26 06:00:33,720] {dag.py:2305} INFO - Setting next_dagrun for example_xcom_args_with_operators to None
[2021-05-26 06:00:33,742] {scheduler_job.py:190} INFO - Processing /home/ubuntu/.local/lib/python3.6/site-packages/airflow/example_dags/example_xcomargs.py took 0.090 seconds
[2021-05-26 06:01:05,291] {scheduler_job.py:182} INFO - Started process (PID=14072) to work on /home/ubuntu/.local/lib/python3.6/site-packages/airflow/example_dags/example_xcomargs.py
[2021-05-26 06:01:05,292] {scheduler_job.py:633} INFO - Processing file /home/ubuntu/.local/lib/python3.6/site-packages/airflow/example_dags/example_xcomargs.py for tasks to queue
[2021-05-26 06:01:05,293] {logging_mixin.py:104} INFO - [2021-05-26 06:01:05,293] {dagbag.py:487} INFO - Filling up the DagBag from /home/ubuntu/.local/lib/python3.6/site-packages/airflow/example_dags/example_xcomargs.py
[2021-05-26 06:01:05,347] {scheduler_job.py:643} INFO - DAG(s) dict_keys(['example_xcom_args', 'example_xcom_args_with_operators']) retrieved from /home/ubuntu/.local/lib/python3.6/site-packages/airflow/example_dags/example_xcomargs.py
[2021-05-26 06:01:05,977] {logging_mixin.py:104} INFO - [2021-05-26 06:01:05,977] {dag.py:1832} INFO - Sync 2 DAGs
[2021-05-26 06:01:05,995] {logging_mixin.py:104} INFO - [2021-05-26 06:01:05,995] {dag.py:2305} INFO - Setting next_dagrun for example_xcom_args to None
[2021-05-26 06:01:06,008] {logging_mixin.py:104} INFO - [2021-05-26 06:01:06,008] {dag.py:2305} INFO - Setting next_dagrun for example_xcom_args_with_operators to None
[2021-05-26 06:01:06,040] {scheduler_job.py:190} INFO - Processing /home/ubuntu/.local/lib/python3.6/site-packages/airflow/example_dags/example_xcomargs.py took 0.751 seconds
[2021-05-26 06:01:37,129] {scheduler_job.py:182} INFO - Started process (PID=14227) to work on /home/ubuntu/.local/lib/python3.6/site-packages/airflow/example_dags/example_xcomargs.py
[2021-05-26 06:01:37,134] {scheduler_job.py:633} INFO - Processing file /home/ubuntu/.local/lib/python3.6/site-packages/airflow/example_dags/example_xcomargs.py for tasks to queue
[2021-05-26 06:01:37,138] {logging_mixin.py:104} INFO - [2021-05-26 06:01:37,137] {dagbag.py:487} INFO - Filling up the DagBag from /home/ubuntu/.local/lib/python3.6/site-packages/airflow/example_dags/example_xcomargs.py
[2021-05-26 06:01:37,162] {scheduler_job.py:643} INFO - DAG(s) dict_keys(['example_xcom_args', 'example_xcom_args_with_operators']) retrieved from /home/ubuntu/.local/lib/python3.6/site-packages/airflow/example_dags/example_xcomargs.py
[2021-05-26 06:01:37,469] {logging_mixin.py:104} INFO - [2021-05-26 06:01:37,469] {dag.py:1832} INFO - Sync 2 DAGs
[2021-05-26 06:01:37,487] {logging_mixin.py:104} INFO - [2021-05-26 06:01:37,487] {dag.py:2305} INFO - Setting next_dagrun for example_xcom_args to None
[2021-05-26 06:01:37,492] {logging_mixin.py:104} INFO - [2021-05-26 06:01:37,492] {dag.py:2305} INFO - Setting next_dagrun for example_xcom_args_with_operators to None
[2021-05-26 06:01:37,520] {scheduler_job.py:190} INFO - Processing /home/ubuntu/.local/lib/python3.6/site-packages/airflow/example_dags/example_xcomargs.py took 0.393 seconds
[2021-05-26 06:02:14,728] {scheduler_job.py:182} INFO - Started process (PID=14401) to work on /home/ubuntu/.local/lib/python3.6/site-packages/airflow/example_dags/example_xcomargs.py
[2021-05-26 06:02:14,732] {scheduler_job.py:633} INFO - Processing file /home/ubuntu/.local/lib/python3.6/site-packages/airflow/example_dags/example_xcomargs.py for tasks to queue
[2021-05-26 06:02:14,736] {logging_mixin.py:104} INFO - [2021-05-26 06:02:14,736] {dagbag.py:487} INFO - Filling up the DagBag from /home/ubuntu/.local/lib/python3.6/site-packages/airflow/example_dags/example_xcomargs.py
[2021-05-26 06:02:14,761] {scheduler_job.py:643} INFO - DAG(s) dict_keys(['example_xcom_args', 'example_xcom_args_with_operators']) retrieved from /home/ubuntu/.local/lib/python3.6/site-packages/airflow/example_dags/example_xcomargs.py
[2021-05-26 06:02:15,102] {logging_mixin.py:104} INFO - [2021-05-26 06:02:15,102] {dag.py:1832} INFO - Sync 2 DAGs
[2021-05-26 06:02:15,118] {logging_mixin.py:104} INFO - [2021-05-26 06:02:15,118] {dag.py:2305} INFO - Setting next_dagrun for example_xcom_args to None
[2021-05-26 06:02:15,123] {logging_mixin.py:104} INFO - [2021-05-26 06:02:15,123] {dag.py:2305} INFO - Setting next_dagrun for example_xcom_args_with_operators to None
[2021-05-26 06:02:15,151] {scheduler_job.py:190} INFO - Processing /home/ubuntu/.local/lib/python3.6/site-packages/airflow/example_dags/example_xcomargs.py took 0.426 seconds
[2021-05-26 06:02:45,931] {scheduler_job.py:182} INFO - Started process (PID=14555) to work on /home/ubuntu/.local/lib/python3.6/site-packages/airflow/example_dags/example_xcomargs.py
[2021-05-26 06:02:45,936] {scheduler_job.py:633} INFO - Processing file /home/ubuntu/.local/lib/python3.6/site-packages/airflow/example_dags/example_xcomargs.py for tasks to queue
[2021-05-26 06:02:45,940] {logging_mixin.py:104} INFO - [2021-05-26 06:02:45,939] {dagbag.py:487} INFO - Filling up the DagBag from /home/ubuntu/.local/lib/python3.6/site-packages/airflow/example_dags/example_xcomargs.py
[2021-05-26 06:02:45,961] {scheduler_job.py:643} INFO - DAG(s) dict_keys(['example_xcom_args', 'example_xcom_args_with_operators']) retrieved from /home/ubuntu/.local/lib/python3.6/site-packages/airflow/example_dags/example_xcomargs.py
[2021-05-26 06:02:46,311] {logging_mixin.py:104} INFO - [2021-05-26 06:02:46,311] {dag.py:1832} INFO - Sync 2 DAGs
[2021-05-26 06:02:46,323] {logging_mixin.py:104} INFO - [2021-05-26 06:02:46,323] {dag.py:2305} INFO - Setting next_dagrun for example_xcom_args to None
[2021-05-26 06:02:46,325] {logging_mixin.py:104} INFO - [2021-05-26 06:02:46,324] {dag.py:2305} INFO - Setting next_dagrun for example_xcom_args_with_operators to None
[2021-05-26 06:02:46,341] {scheduler_job.py:190} INFO - Processing /home/ubuntu/.local/lib/python3.6/site-packages/airflow/example_dags/example_xcomargs.py took 0.411 seconds
[2021-05-26 06:03:22,311] {scheduler_job.py:182} INFO - Started process (PID=14743) to work on /home/ubuntu/.local/lib/python3.6/site-packages/airflow/example_dags/example_xcomargs.py
[2021-05-26 06:03:22,336] {scheduler_job.py:633} INFO - Processing file /home/ubuntu/.local/lib/python3.6/site-packages/airflow/example_dags/example_xcomargs.py for tasks to queue
[2021-05-26 06:03:22,340] {logging_mixin.py:104} INFO - [2021-05-26 06:03:22,340] {dagbag.py:487} INFO - Filling up the DagBag from /home/ubuntu/.local/lib/python3.6/site-packages/airflow/example_dags/example_xcomargs.py
[2021-05-26 06:03:22,437] {scheduler_job.py:643} INFO - DAG(s) dict_keys(['example_xcom_args', 'example_xcom_args_with_operators']) retrieved from /home/ubuntu/.local/lib/python3.6/site-packages/airflow/example_dags/example_xcomargs.py
[2021-05-26 06:03:23,337] {logging_mixin.py:104} INFO - [2021-05-26 06:03:23,337] {dag.py:1832} INFO - Sync 2 DAGs
[2021-05-26 06:03:23,376] {logging_mixin.py:104} INFO - [2021-05-26 06:03:23,376] {dag.py:2305} INFO - Setting next_dagrun for example_xcom_args to None
[2021-05-26 06:03:23,383] {logging_mixin.py:104} INFO - [2021-05-26 06:03:23,382] {dag.py:2305} INFO - Setting next_dagrun for example_xcom_args_with_operators to None
[2021-05-26 06:03:23,426] {scheduler_job.py:190} INFO - Processing /home/ubuntu/.local/lib/python3.6/site-packages/airflow/example_dags/example_xcomargs.py took 1.119 seconds
[2021-05-26 06:03:54,816] {scheduler_job.py:182} INFO - Started process (PID=14895) to work on /home/ubuntu/.local/lib/python3.6/site-packages/airflow/example_dags/example_xcomargs.py
[2021-05-26 06:03:54,820] {scheduler_job.py:633} INFO - Processing file /home/ubuntu/.local/lib/python3.6/site-packages/airflow/example_dags/example_xcomargs.py for tasks to queue
[2021-05-26 06:03:54,824] {logging_mixin.py:104} INFO - [2021-05-26 06:03:54,824] {dagbag.py:487} INFO - Filling up the DagBag from /home/ubuntu/.local/lib/python3.6/site-packages/airflow/example_dags/example_xcomargs.py
[2021-05-26 06:03:54,851] {scheduler_job.py:643} INFO - DAG(s) dict_keys(['example_xcom_args', 'example_xcom_args_with_operators']) retrieved from /home/ubuntu/.local/lib/python3.6/site-packages/airflow/example_dags/example_xcomargs.py
[2021-05-26 06:03:55,174] {logging_mixin.py:104} INFO - [2021-05-26 06:03:55,173] {dag.py:1832} INFO - Sync 2 DAGs
[2021-05-26 06:03:55,192] {logging_mixin.py:104} INFO - [2021-05-26 06:03:55,191] {dag.py:2305} INFO - Setting next_dagrun for example_xcom_args to None
[2021-05-26 06:03:55,196] {logging_mixin.py:104} INFO - [2021-05-26 06:03:55,196] {dag.py:2305} INFO - Setting next_dagrun for example_xcom_args_with_operators to None
[2021-05-26 06:03:55,226] {scheduler_job.py:190} INFO - Processing /home/ubuntu/.local/lib/python3.6/site-packages/airflow/example_dags/example_xcomargs.py took 0.412 seconds
[2021-05-26 06:04:28,605] {scheduler_job.py:182} INFO - Started process (PID=15052) to work on /home/ubuntu/.local/lib/python3.6/site-packages/airflow/example_dags/example_xcomargs.py
[2021-05-26 06:04:28,610] {scheduler_job.py:633} INFO - Processing file /home/ubuntu/.local/lib/python3.6/site-packages/airflow/example_dags/example_xcomargs.py for tasks to queue
[2021-05-26 06:04:28,611] {logging_mixin.py:104} INFO - [2021-05-26 06:04:28,611] {dagbag.py:487} INFO - Filling up the DagBag from /home/ubuntu/.local/lib/python3.6/site-packages/airflow/example_dags/example_xcomargs.py
[2021-05-26 06:04:28,632] {scheduler_job.py:643} INFO - DAG(s) dict_keys(['example_xcom_args', 'example_xcom_args_with_operators']) retrieved from /home/ubuntu/.local/lib/python3.6/site-packages/airflow/example_dags/example_xcomargs.py
[2021-05-26 06:04:28,990] {logging_mixin.py:104} INFO - [2021-05-26 06:04:28,990] {dag.py:1832} INFO - Sync 2 DAGs
[2021-05-26 06:04:29,008] {logging_mixin.py:104} INFO - [2021-05-26 06:04:29,008] {dag.py:2305} INFO - Setting next_dagrun for example_xcom_args to None
[2021-05-26 06:04:29,009] {logging_mixin.py:104} INFO - [2021-05-26 06:04:29,009] {dag.py:2305} INFO - Setting next_dagrun for example_xcom_args_with_operators to None
[2021-05-26 06:04:29,031] {scheduler_job.py:190} INFO - Processing /home/ubuntu/.local/lib/python3.6/site-packages/airflow/example_dags/example_xcomargs.py took 0.429 seconds
[2021-05-26 06:04:59,622] {scheduler_job.py:182} INFO - Started process (PID=15189) to work on /home/ubuntu/.local/lib/python3.6/site-packages/airflow/example_dags/example_xcomargs.py
[2021-05-26 06:04:59,624] {scheduler_job.py:633} INFO - Processing file /home/ubuntu/.local/lib/python3.6/site-packages/airflow/example_dags/example_xcomargs.py for tasks to queue
[2021-05-26 06:04:59,624] {logging_mixin.py:104} INFO - [2021-05-26 06:04:59,624] {dagbag.py:487} INFO - Filling up the DagBag from /home/ubuntu/.local/lib/python3.6/site-packages/airflow/example_dags/example_xcomargs.py
[2021-05-26 06:04:59,646] {scheduler_job.py:643} INFO - DAG(s) dict_keys(['example_xcom_args', 'example_xcom_args_with_operators']) retrieved from /home/ubuntu/.local/lib/python3.6/site-packages/airflow/example_dags/example_xcomargs.py
[2021-05-26 06:04:59,980] {logging_mixin.py:104} INFO - [2021-05-26 06:04:59,980] {dag.py:1832} INFO - Sync 2 DAGs
[2021-05-26 06:04:59,993] {logging_mixin.py:104} INFO - [2021-05-26 06:04:59,993] {dag.py:2305} INFO - Setting next_dagrun for example_xcom_args to None
[2021-05-26 06:04:59,994] {logging_mixin.py:104} INFO - [2021-05-26 06:04:59,994] {dag.py:2305} INFO - Setting next_dagrun for example_xcom_args_with_operators to None
[2021-05-26 06:05:00,013] {scheduler_job.py:190} INFO - Processing /home/ubuntu/.local/lib/python3.6/site-packages/airflow/example_dags/example_xcomargs.py took 0.395 seconds
[2021-05-26 06:05:30,485] {scheduler_job.py:182} INFO - Started process (PID=15315) to work on /home/ubuntu/.local/lib/python3.6/site-packages/airflow/example_dags/example_xcomargs.py
[2021-05-26 06:05:30,490] {scheduler_job.py:633} INFO - Processing file /home/ubuntu/.local/lib/python3.6/site-packages/airflow/example_dags/example_xcomargs.py for tasks to queue
[2021-05-26 06:05:30,495] {logging_mixin.py:104} INFO - [2021-05-26 06:05:30,494] {dagbag.py:487} INFO - Filling up the DagBag from /home/ubuntu/.local/lib/python3.6/site-packages/airflow/example_dags/example_xcomargs.py
[2021-05-26 06:05:30,523] {scheduler_job.py:643} INFO - DAG(s) dict_keys(['example_xcom_args', 'example_xcom_args_with_operators']) retrieved from /home/ubuntu/.local/lib/python3.6/site-packages/airflow/example_dags/example_xcomargs.py
[2021-05-26 06:05:30,550] {logging_mixin.py:104} INFO - [2021-05-26 06:05:30,550] {dag.py:1832} INFO - Sync 2 DAGs
[2021-05-26 06:05:30,570] {logging_mixin.py:104} INFO - [2021-05-26 06:05:30,570] {dag.py:2305} INFO - Setting next_dagrun for example_xcom_args to None
[2021-05-26 06:05:30,576] {logging_mixin.py:104} INFO - [2021-05-26 06:05:30,575] {dag.py:2305} INFO - Setting next_dagrun for example_xcom_args_with_operators to None
[2021-05-26 06:05:30,601] {scheduler_job.py:190} INFO - Processing /home/ubuntu/.local/lib/python3.6/site-packages/airflow/example_dags/example_xcomargs.py took 0.120 seconds
[2021-05-26 06:06:03,937] {scheduler_job.py:182} INFO - Started process (PID=15438) to work on /home/ubuntu/.local/lib/python3.6/site-packages/airflow/example_dags/example_xcomargs.py
[2021-05-26 06:06:03,941] {scheduler_job.py:633} INFO - Processing file /home/ubuntu/.local/lib/python3.6/site-packages/airflow/example_dags/example_xcomargs.py for tasks to queue
[2021-05-26 06:06:03,945] {logging_mixin.py:104} INFO - [2021-05-26 06:06:03,945] {dagbag.py:487} INFO - Filling up the DagBag from /home/ubuntu/.local/lib/python3.6/site-packages/airflow/example_dags/example_xcomargs.py
[2021-05-26 06:06:03,968] {scheduler_job.py:643} INFO - DAG(s) dict_keys(['example_xcom_args', 'example_xcom_args_with_operators']) retrieved from /home/ubuntu/.local/lib/python3.6/site-packages/airflow/example_dags/example_xcomargs.py
[2021-05-26 06:06:04,386] {logging_mixin.py:104} INFO - [2021-05-26 06:06:04,386] {dag.py:1832} INFO - Sync 2 DAGs
[2021-05-26 06:06:04,426] {logging_mixin.py:104} INFO - [2021-05-26 06:06:04,425] {dag.py:2305} INFO - Setting next_dagrun for example_xcom_args to None
[2021-05-26 06:06:04,433] {logging_mixin.py:104} INFO - [2021-05-26 06:06:04,432] {dag.py:2305} INFO - Setting next_dagrun for example_xcom_args_with_operators to None
[2021-05-26 06:06:04,486] {scheduler_job.py:190} INFO - Processing /home/ubuntu/.local/lib/python3.6/site-packages/airflow/example_dags/example_xcomargs.py took 0.551 seconds
[2021-05-26 06:06:35,497] {scheduler_job.py:182} INFO - Started process (PID=15554) to work on /home/ubuntu/.local/lib/python3.6/site-packages/airflow/example_dags/example_xcomargs.py
[2021-05-26 06:06:35,502] {scheduler_job.py:633} INFO - Processing file /home/ubuntu/.local/lib/python3.6/site-packages/airflow/example_dags/example_xcomargs.py for tasks to queue
[2021-05-26 06:06:35,506] {logging_mixin.py:104} INFO - [2021-05-26 06:06:35,505] {dagbag.py:487} INFO - Filling up the DagBag from /home/ubuntu/.local/lib/python3.6/site-packages/airflow/example_dags/example_xcomargs.py
[2021-05-26 06:06:35,528] {scheduler_job.py:643} INFO - DAG(s) dict_keys(['example_xcom_args', 'example_xcom_args_with_operators']) retrieved from /home/ubuntu/.local/lib/python3.6/site-packages/airflow/example_dags/example_xcomargs.py
[2021-05-26 06:06:35,955] {logging_mixin.py:104} INFO - [2021-05-26 06:06:35,954] {dag.py:1832} INFO - Sync 2 DAGs
[2021-05-26 06:06:35,980] {logging_mixin.py:104} INFO - [2021-05-26 06:06:35,980] {dag.py:2305} INFO - Setting next_dagrun for example_xcom_args to None
[2021-05-26 06:06:35,984] {logging_mixin.py:104} INFO - [2021-05-26 06:06:35,983] {dag.py:2305} INFO - Setting next_dagrun for example_xcom_args_with_operators to None
[2021-05-26 06:06:36,027] {scheduler_job.py:190} INFO - Processing /home/ubuntu/.local/lib/python3.6/site-packages/airflow/example_dags/example_xcomargs.py took 0.532 seconds
[2021-05-26 06:07:13,018] {scheduler_job.py:182} INFO - Started process (PID=15724) to work on /home/ubuntu/.local/lib/python3.6/site-packages/airflow/example_dags/example_xcomargs.py
[2021-05-26 06:07:13,022] {scheduler_job.py:633} INFO - Processing file /home/ubuntu/.local/lib/python3.6/site-packages/airflow/example_dags/example_xcomargs.py for tasks to queue
[2021-05-26 06:07:13,026] {logging_mixin.py:104} INFO - [2021-05-26 06:07:13,026] {dagbag.py:487} INFO - Filling up the DagBag from /home/ubuntu/.local/lib/python3.6/site-packages/airflow/example_dags/example_xcomargs.py
[2021-05-26 06:07:13,047] {scheduler_job.py:643} INFO - DAG(s) dict_keys(['example_xcom_args', 'example_xcom_args_with_operators']) retrieved from /home/ubuntu/.local/lib/python3.6/site-packages/airflow/example_dags/example_xcomargs.py
[2021-05-26 06:07:13,368] {logging_mixin.py:104} INFO - [2021-05-26 06:07:13,368] {dag.py:1832} INFO - Sync 2 DAGs
[2021-05-26 06:07:13,386] {logging_mixin.py:104} INFO - [2021-05-26 06:07:13,386] {dag.py:2305} INFO - Setting next_dagrun for example_xcom_args to None
[2021-05-26 06:07:13,391] {logging_mixin.py:104} INFO - [2021-05-26 06:07:13,391] {dag.py:2305} INFO - Setting next_dagrun for example_xcom_args_with_operators to None
[2021-05-26 06:07:13,425] {scheduler_job.py:190} INFO - Processing /home/ubuntu/.local/lib/python3.6/site-packages/airflow/example_dags/example_xcomargs.py took 0.410 seconds
[2021-05-26 06:07:45,088] {scheduler_job.py:182} INFO - Started process (PID=15892) to work on /home/ubuntu/.local/lib/python3.6/site-packages/airflow/example_dags/example_xcomargs.py
[2021-05-26 06:07:45,089] {scheduler_job.py:633} INFO - Processing file /home/ubuntu/.local/lib/python3.6/site-packages/airflow/example_dags/example_xcomargs.py for tasks to queue
[2021-05-26 06:07:45,089] {logging_mixin.py:104} INFO - [2021-05-26 06:07:45,089] {dagbag.py:487} INFO - Filling up the DagBag from /home/ubuntu/.local/lib/python3.6/site-packages/airflow/example_dags/example_xcomargs.py
[2021-05-26 06:07:45,110] {scheduler_job.py:643} INFO - DAG(s) dict_keys(['example_xcom_args', 'example_xcom_args_with_operators']) retrieved from /home/ubuntu/.local/lib/python3.6/site-packages/airflow/example_dags/example_xcomargs.py
[2021-05-26 06:07:45,128] {logging_mixin.py:104} INFO - [2021-05-26 06:07:45,128] {dag.py:1832} INFO - Sync 2 DAGs
[2021-05-26 06:07:45,142] {logging_mixin.py:104} INFO - [2021-05-26 06:07:45,142] {dag.py:2305} INFO - Setting next_dagrun for example_xcom_args to None
[2021-05-26 06:07:45,143] {logging_mixin.py:104} INFO - [2021-05-26 06:07:45,143] {dag.py:2305} INFO - Setting next_dagrun for example_xcom_args_with_operators to None
[2021-05-26 06:07:45,164] {scheduler_job.py:190} INFO - Processing /home/ubuntu/.local/lib/python3.6/site-packages/airflow/example_dags/example_xcomargs.py took 0.079 seconds
[2021-05-26 06:08:15,402] {scheduler_job.py:182} INFO - Started process (PID=16016) to work on /home/ubuntu/.local/lib/python3.6/site-packages/airflow/example_dags/example_xcomargs.py
[2021-05-26 06:08:15,411] {scheduler_job.py:633} INFO - Processing file /home/ubuntu/.local/lib/python3.6/site-packages/airflow/example_dags/example_xcomargs.py for tasks to queue
[2021-05-26 06:08:15,412] {logging_mixin.py:104} INFO - [2021-05-26 06:08:15,412] {dagbag.py:487} INFO - Filling up the DagBag from /home/ubuntu/.local/lib/python3.6/site-packages/airflow/example_dags/example_xcomargs.py
[2021-05-26 06:08:15,450] {scheduler_job.py:643} INFO - DAG(s) dict_keys(['example_xcom_args', 'example_xcom_args_with_operators']) retrieved from /home/ubuntu/.local/lib/python3.6/site-packages/airflow/example_dags/example_xcomargs.py
[2021-05-26 06:08:16,045] {logging_mixin.py:104} INFO - [2021-05-26 06:08:16,045] {dag.py:1832} INFO - Sync 2 DAGs
[2021-05-26 06:08:16,064] {logging_mixin.py:104} INFO - [2021-05-26 06:08:16,063] {dag.py:2305} INFO - Setting next_dagrun for example_xcom_args to None
[2021-05-26 06:08:16,070] {logging_mixin.py:104} INFO - [2021-05-26 06:08:16,070] {dag.py:2305} INFO - Setting next_dagrun for example_xcom_args_with_operators to None
[2021-05-26 06:08:16,103] {scheduler_job.py:190} INFO - Processing /home/ubuntu/.local/lib/python3.6/site-packages/airflow/example_dags/example_xcomargs.py took 0.704 seconds
