[2021-05-26 05:47:47,981] {scheduler_job.py:182} INFO - Started process (PID=10636) to work on /home/ubuntu/.local/lib/python3.6/site-packages/airflow/example_dags/example_xcom.py
[2021-05-26 05:47:47,983] {scheduler_job.py:633} INFO - Processing file /home/ubuntu/.local/lib/python3.6/site-packages/airflow/example_dags/example_xcom.py for tasks to queue
[2021-05-26 05:47:47,984] {logging_mixin.py:104} INFO - [2021-05-26 05:47:47,983] {dagbag.py:487} INFO - Filling up the DagBag from /home/ubuntu/.local/lib/python3.6/site-packages/airflow/example_dags/example_xcom.py
[2021-05-26 05:47:47,995] {scheduler_job.py:643} INFO - DAG(s) dict_keys(['example_xcom']) retrieved from /home/ubuntu/.local/lib/python3.6/site-packages/airflow/example_dags/example_xcom.py
[2021-05-26 05:47:48,007] {logging_mixin.py:104} INFO - [2021-05-26 05:47:48,007] {dag.py:1832} INFO - Sync 1 DAGs
[2021-05-26 05:47:48,018] {logging_mixin.py:104} INFO - [2021-05-26 05:47:48,017] {dag.py:2305} INFO - Setting next_dagrun for example_xcom to 2021-05-24 00:00:00+00:00
[2021-05-26 05:47:48,036] {scheduler_job.py:190} INFO - Processing /home/ubuntu/.local/lib/python3.6/site-packages/airflow/example_dags/example_xcom.py took 0.058 seconds
[2021-05-26 05:48:21,506] {scheduler_job.py:182} INFO - Started process (PID=10781) to work on /home/ubuntu/.local/lib/python3.6/site-packages/airflow/example_dags/example_xcom.py
[2021-05-26 05:48:21,508] {scheduler_job.py:633} INFO - Processing file /home/ubuntu/.local/lib/python3.6/site-packages/airflow/example_dags/example_xcom.py for tasks to queue
[2021-05-26 05:48:21,509] {logging_mixin.py:104} INFO - [2021-05-26 05:48:21,509] {dagbag.py:487} INFO - Filling up the DagBag from /home/ubuntu/.local/lib/python3.6/site-packages/airflow/example_dags/example_xcom.py
[2021-05-26 05:48:21,522] {scheduler_job.py:643} INFO - DAG(s) dict_keys(['example_xcom']) retrieved from /home/ubuntu/.local/lib/python3.6/site-packages/airflow/example_dags/example_xcom.py
[2021-05-26 05:48:21,535] {logging_mixin.py:104} INFO - [2021-05-26 05:48:21,535] {dag.py:1832} INFO - Sync 1 DAGs
[2021-05-26 05:48:21,552] {logging_mixin.py:104} INFO - [2021-05-26 05:48:21,552] {dag.py:2305} INFO - Setting next_dagrun for example_xcom to 2021-05-24 00:00:00+00:00
[2021-05-26 05:48:21,571] {scheduler_job.py:190} INFO - Processing /home/ubuntu/.local/lib/python3.6/site-packages/airflow/example_dags/example_xcom.py took 0.069 seconds
[2021-05-26 05:48:53,033] {scheduler_job.py:182} INFO - Started process (PID=10920) to work on /home/ubuntu/.local/lib/python3.6/site-packages/airflow/example_dags/example_xcom.py
[2021-05-26 05:48:53,035] {scheduler_job.py:633} INFO - Processing file /home/ubuntu/.local/lib/python3.6/site-packages/airflow/example_dags/example_xcom.py for tasks to queue
[2021-05-26 05:48:53,036] {logging_mixin.py:104} INFO - [2021-05-26 05:48:53,035] {dagbag.py:487} INFO - Filling up the DagBag from /home/ubuntu/.local/lib/python3.6/site-packages/airflow/example_dags/example_xcom.py
[2021-05-26 05:48:53,048] {scheduler_job.py:643} INFO - DAG(s) dict_keys(['example_xcom']) retrieved from /home/ubuntu/.local/lib/python3.6/site-packages/airflow/example_dags/example_xcom.py
[2021-05-26 05:48:53,062] {logging_mixin.py:104} INFO - [2021-05-26 05:48:53,062] {dag.py:1832} INFO - Sync 1 DAGs
[2021-05-26 05:48:53,078] {logging_mixin.py:104} INFO - [2021-05-26 05:48:53,078] {dag.py:2305} INFO - Setting next_dagrun for example_xcom to 2021-05-24 00:00:00+00:00
[2021-05-26 05:48:53,097] {scheduler_job.py:190} INFO - Processing /home/ubuntu/.local/lib/python3.6/site-packages/airflow/example_dags/example_xcom.py took 0.066 seconds
[2021-05-26 05:49:24,464] {scheduler_job.py:182} INFO - Started process (PID=11061) to work on /home/ubuntu/.local/lib/python3.6/site-packages/airflow/example_dags/example_xcom.py
[2021-05-26 05:49:24,469] {scheduler_job.py:633} INFO - Processing file /home/ubuntu/.local/lib/python3.6/site-packages/airflow/example_dags/example_xcom.py for tasks to queue
[2021-05-26 05:49:24,470] {logging_mixin.py:104} INFO - [2021-05-26 05:49:24,470] {dagbag.py:487} INFO - Filling up the DagBag from /home/ubuntu/.local/lib/python3.6/site-packages/airflow/example_dags/example_xcom.py
[2021-05-26 05:49:24,483] {scheduler_job.py:643} INFO - DAG(s) dict_keys(['example_xcom']) retrieved from /home/ubuntu/.local/lib/python3.6/site-packages/airflow/example_dags/example_xcom.py
[2021-05-26 05:49:24,496] {logging_mixin.py:104} INFO - [2021-05-26 05:49:24,496] {dag.py:1832} INFO - Sync 1 DAGs
[2021-05-26 05:49:24,511] {logging_mixin.py:104} INFO - [2021-05-26 05:49:24,511] {dag.py:2305} INFO - Setting next_dagrun for example_xcom to 2021-05-24 00:00:00+00:00
[2021-05-26 05:49:24,528] {scheduler_job.py:190} INFO - Processing /home/ubuntu/.local/lib/python3.6/site-packages/airflow/example_dags/example_xcom.py took 0.067 seconds
[2021-05-26 05:49:56,383] {scheduler_job.py:182} INFO - Started process (PID=11188) to work on /home/ubuntu/.local/lib/python3.6/site-packages/airflow/example_dags/example_xcom.py
[2021-05-26 05:49:56,386] {scheduler_job.py:633} INFO - Processing file /home/ubuntu/.local/lib/python3.6/site-packages/airflow/example_dags/example_xcom.py for tasks to queue
[2021-05-26 05:49:56,386] {logging_mixin.py:104} INFO - [2021-05-26 05:49:56,386] {dagbag.py:487} INFO - Filling up the DagBag from /home/ubuntu/.local/lib/python3.6/site-packages/airflow/example_dags/example_xcom.py
[2021-05-26 05:49:56,398] {scheduler_job.py:643} INFO - DAG(s) dict_keys(['example_xcom']) retrieved from /home/ubuntu/.local/lib/python3.6/site-packages/airflow/example_dags/example_xcom.py
[2021-05-26 05:49:56,411] {logging_mixin.py:104} INFO - [2021-05-26 05:49:56,411] {dag.py:1832} INFO - Sync 1 DAGs
[2021-05-26 05:49:56,425] {logging_mixin.py:104} INFO - [2021-05-26 05:49:56,425] {dag.py:2305} INFO - Setting next_dagrun for example_xcom to 2021-05-24 00:00:00+00:00
[2021-05-26 05:49:56,443] {scheduler_job.py:190} INFO - Processing /home/ubuntu/.local/lib/python3.6/site-packages/airflow/example_dags/example_xcom.py took 0.063 seconds
[2021-05-26 05:50:29,069] {scheduler_job.py:182} INFO - Started process (PID=11316) to work on /home/ubuntu/.local/lib/python3.6/site-packages/airflow/example_dags/example_xcom.py
[2021-05-26 05:50:29,072] {scheduler_job.py:633} INFO - Processing file /home/ubuntu/.local/lib/python3.6/site-packages/airflow/example_dags/example_xcom.py for tasks to queue
[2021-05-26 05:50:29,073] {logging_mixin.py:104} INFO - [2021-05-26 05:50:29,073] {dagbag.py:487} INFO - Filling up the DagBag from /home/ubuntu/.local/lib/python3.6/site-packages/airflow/example_dags/example_xcom.py
[2021-05-26 05:50:29,089] {scheduler_job.py:643} INFO - DAG(s) dict_keys(['example_xcom']) retrieved from /home/ubuntu/.local/lib/python3.6/site-packages/airflow/example_dags/example_xcom.py
[2021-05-26 05:50:29,103] {logging_mixin.py:104} INFO - [2021-05-26 05:50:29,103] {dag.py:1832} INFO - Sync 1 DAGs
[2021-05-26 05:50:29,118] {logging_mixin.py:104} INFO - [2021-05-26 05:50:29,118] {dag.py:2305} INFO - Setting next_dagrun for example_xcom to 2021-05-24 00:00:00+00:00
[2021-05-26 05:50:29,137] {scheduler_job.py:190} INFO - Processing /home/ubuntu/.local/lib/python3.6/site-packages/airflow/example_dags/example_xcom.py took 0.071 seconds
[2021-05-26 05:51:01,629] {scheduler_job.py:182} INFO - Started process (PID=11443) to work on /home/ubuntu/.local/lib/python3.6/site-packages/airflow/example_dags/example_xcom.py
[2021-05-26 05:51:01,632] {scheduler_job.py:633} INFO - Processing file /home/ubuntu/.local/lib/python3.6/site-packages/airflow/example_dags/example_xcom.py for tasks to queue
[2021-05-26 05:51:01,632] {logging_mixin.py:104} INFO - [2021-05-26 05:51:01,632] {dagbag.py:487} INFO - Filling up the DagBag from /home/ubuntu/.local/lib/python3.6/site-packages/airflow/example_dags/example_xcom.py
[2021-05-26 05:51:01,645] {scheduler_job.py:643} INFO - DAG(s) dict_keys(['example_xcom']) retrieved from /home/ubuntu/.local/lib/python3.6/site-packages/airflow/example_dags/example_xcom.py
[2021-05-26 05:51:01,658] {logging_mixin.py:104} INFO - [2021-05-26 05:51:01,658] {dag.py:1832} INFO - Sync 1 DAGs
[2021-05-26 05:51:01,673] {logging_mixin.py:104} INFO - [2021-05-26 05:51:01,673] {dag.py:2305} INFO - Setting next_dagrun for example_xcom to 2021-05-24 00:00:00+00:00
[2021-05-26 05:51:01,695] {scheduler_job.py:190} INFO - Processing /home/ubuntu/.local/lib/python3.6/site-packages/airflow/example_dags/example_xcom.py took 0.067 seconds
[2021-05-26 05:51:32,560] {scheduler_job.py:182} INFO - Started process (PID=11564) to work on /home/ubuntu/.local/lib/python3.6/site-packages/airflow/example_dags/example_xcom.py
[2021-05-26 05:51:32,561] {scheduler_job.py:633} INFO - Processing file /home/ubuntu/.local/lib/python3.6/site-packages/airflow/example_dags/example_xcom.py for tasks to queue
[2021-05-26 05:51:32,562] {logging_mixin.py:104} INFO - [2021-05-26 05:51:32,562] {dagbag.py:487} INFO - Filling up the DagBag from /home/ubuntu/.local/lib/python3.6/site-packages/airflow/example_dags/example_xcom.py
[2021-05-26 05:51:32,573] {scheduler_job.py:643} INFO - DAG(s) dict_keys(['example_xcom']) retrieved from /home/ubuntu/.local/lib/python3.6/site-packages/airflow/example_dags/example_xcom.py
[2021-05-26 05:51:32,585] {logging_mixin.py:104} INFO - [2021-05-26 05:51:32,585] {dag.py:1832} INFO - Sync 1 DAGs
[2021-05-26 05:51:32,599] {logging_mixin.py:104} INFO - [2021-05-26 05:51:32,599] {dag.py:2305} INFO - Setting next_dagrun for example_xcom to 2021-05-24 00:00:00+00:00
[2021-05-26 05:51:32,617] {scheduler_job.py:190} INFO - Processing /home/ubuntu/.local/lib/python3.6/site-packages/airflow/example_dags/example_xcom.py took 0.059 seconds
[2021-05-26 05:52:03,753] {scheduler_job.py:182} INFO - Started process (PID=11685) to work on /home/ubuntu/.local/lib/python3.6/site-packages/airflow/example_dags/example_xcom.py
[2021-05-26 05:52:03,757] {scheduler_job.py:633} INFO - Processing file /home/ubuntu/.local/lib/python3.6/site-packages/airflow/example_dags/example_xcom.py for tasks to queue
[2021-05-26 05:52:03,762] {logging_mixin.py:104} INFO - [2021-05-26 05:52:03,761] {dagbag.py:487} INFO - Filling up the DagBag from /home/ubuntu/.local/lib/python3.6/site-packages/airflow/example_dags/example_xcom.py
[2021-05-26 05:52:03,774] {scheduler_job.py:643} INFO - DAG(s) dict_keys(['example_xcom']) retrieved from /home/ubuntu/.local/lib/python3.6/site-packages/airflow/example_dags/example_xcom.py
[2021-05-26 05:52:03,790] {logging_mixin.py:104} INFO - [2021-05-26 05:52:03,789] {dag.py:1832} INFO - Sync 1 DAGs
[2021-05-26 05:52:03,803] {logging_mixin.py:104} INFO - [2021-05-26 05:52:03,803] {dag.py:2305} INFO - Setting next_dagrun for example_xcom to 2021-05-24 00:00:00+00:00
[2021-05-26 05:52:03,823] {scheduler_job.py:190} INFO - Processing /home/ubuntu/.local/lib/python3.6/site-packages/airflow/example_dags/example_xcom.py took 0.071 seconds
[2021-05-26 05:52:34,531] {scheduler_job.py:182} INFO - Started process (PID=11806) to work on /home/ubuntu/.local/lib/python3.6/site-packages/airflow/example_dags/example_xcom.py
[2021-05-26 05:52:34,534] {scheduler_job.py:633} INFO - Processing file /home/ubuntu/.local/lib/python3.6/site-packages/airflow/example_dags/example_xcom.py for tasks to queue
[2021-05-26 05:52:34,535] {logging_mixin.py:104} INFO - [2021-05-26 05:52:34,534] {dagbag.py:487} INFO - Filling up the DagBag from /home/ubuntu/.local/lib/python3.6/site-packages/airflow/example_dags/example_xcom.py
[2021-05-26 05:52:34,550] {scheduler_job.py:643} INFO - DAG(s) dict_keys(['example_xcom']) retrieved from /home/ubuntu/.local/lib/python3.6/site-packages/airflow/example_dags/example_xcom.py
[2021-05-26 05:52:34,569] {logging_mixin.py:104} INFO - [2021-05-26 05:52:34,569] {dag.py:1832} INFO - Sync 1 DAGs
[2021-05-26 05:52:34,588] {logging_mixin.py:104} INFO - [2021-05-26 05:52:34,588] {dag.py:2305} INFO - Setting next_dagrun for example_xcom to 2021-05-24 00:00:00+00:00
[2021-05-26 05:52:34,614] {scheduler_job.py:190} INFO - Processing /home/ubuntu/.local/lib/python3.6/site-packages/airflow/example_dags/example_xcom.py took 0.086 seconds
[2021-05-26 05:53:07,026] {scheduler_job.py:182} INFO - Started process (PID=11933) to work on /home/ubuntu/.local/lib/python3.6/site-packages/airflow/example_dags/example_xcom.py
[2021-05-26 05:53:07,028] {scheduler_job.py:633} INFO - Processing file /home/ubuntu/.local/lib/python3.6/site-packages/airflow/example_dags/example_xcom.py for tasks to queue
[2021-05-26 05:53:07,029] {logging_mixin.py:104} INFO - [2021-05-26 05:53:07,029] {dagbag.py:487} INFO - Filling up the DagBag from /home/ubuntu/.local/lib/python3.6/site-packages/airflow/example_dags/example_xcom.py
[2021-05-26 05:53:07,045] {scheduler_job.py:643} INFO - DAG(s) dict_keys(['example_xcom']) retrieved from /home/ubuntu/.local/lib/python3.6/site-packages/airflow/example_dags/example_xcom.py
[2021-05-26 05:53:07,063] {logging_mixin.py:104} INFO - [2021-05-26 05:53:07,063] {dag.py:1832} INFO - Sync 1 DAGs
[2021-05-26 05:53:07,078] {logging_mixin.py:104} INFO - [2021-05-26 05:53:07,078] {dag.py:2305} INFO - Setting next_dagrun for example_xcom to 2021-05-24 00:00:00+00:00
[2021-05-26 05:53:07,105] {scheduler_job.py:190} INFO - Processing /home/ubuntu/.local/lib/python3.6/site-packages/airflow/example_dags/example_xcom.py took 0.081 seconds
[2021-05-26 05:53:38,842] {scheduler_job.py:182} INFO - Started process (PID=12057) to work on /home/ubuntu/.local/lib/python3.6/site-packages/airflow/example_dags/example_xcom.py
[2021-05-26 05:53:38,846] {scheduler_job.py:633} INFO - Processing file /home/ubuntu/.local/lib/python3.6/site-packages/airflow/example_dags/example_xcom.py for tasks to queue
[2021-05-26 05:53:38,849] {logging_mixin.py:104} INFO - [2021-05-26 05:53:38,849] {dagbag.py:487} INFO - Filling up the DagBag from /home/ubuntu/.local/lib/python3.6/site-packages/airflow/example_dags/example_xcom.py
[2021-05-26 05:53:38,864] {scheduler_job.py:643} INFO - DAG(s) dict_keys(['example_xcom']) retrieved from /home/ubuntu/.local/lib/python3.6/site-packages/airflow/example_dags/example_xcom.py
[2021-05-26 05:53:38,877] {logging_mixin.py:104} INFO - [2021-05-26 05:53:38,877] {dag.py:1832} INFO - Sync 1 DAGs
[2021-05-26 05:53:38,890] {logging_mixin.py:104} INFO - [2021-05-26 05:53:38,890] {dag.py:2305} INFO - Setting next_dagrun for example_xcom to 2021-05-24 00:00:00+00:00
[2021-05-26 05:53:38,909] {scheduler_job.py:190} INFO - Processing /home/ubuntu/.local/lib/python3.6/site-packages/airflow/example_dags/example_xcom.py took 0.068 seconds
[2021-05-26 05:54:11,743] {scheduler_job.py:182} INFO - Started process (PID=12184) to work on /home/ubuntu/.local/lib/python3.6/site-packages/airflow/example_dags/example_xcom.py
[2021-05-26 05:54:11,748] {scheduler_job.py:633} INFO - Processing file /home/ubuntu/.local/lib/python3.6/site-packages/airflow/example_dags/example_xcom.py for tasks to queue
[2021-05-26 05:54:11,751] {logging_mixin.py:104} INFO - [2021-05-26 05:54:11,750] {dagbag.py:487} INFO - Filling up the DagBag from /home/ubuntu/.local/lib/python3.6/site-packages/airflow/example_dags/example_xcom.py
[2021-05-26 05:54:11,767] {scheduler_job.py:643} INFO - DAG(s) dict_keys(['example_xcom']) retrieved from /home/ubuntu/.local/lib/python3.6/site-packages/airflow/example_dags/example_xcom.py
[2021-05-26 05:54:11,783] {logging_mixin.py:104} INFO - [2021-05-26 05:54:11,783] {dag.py:1832} INFO - Sync 1 DAGs
[2021-05-26 05:54:11,798] {logging_mixin.py:104} INFO - [2021-05-26 05:54:11,797] {dag.py:2305} INFO - Setting next_dagrun for example_xcom to 2021-05-24 00:00:00+00:00
[2021-05-26 05:54:11,815] {scheduler_job.py:190} INFO - Processing /home/ubuntu/.local/lib/python3.6/site-packages/airflow/example_dags/example_xcom.py took 0.074 seconds
[2021-05-26 05:54:44,593] {scheduler_job.py:182} INFO - Started process (PID=12311) to work on /home/ubuntu/.local/lib/python3.6/site-packages/airflow/example_dags/example_xcom.py
[2021-05-26 05:54:44,596] {scheduler_job.py:633} INFO - Processing file /home/ubuntu/.local/lib/python3.6/site-packages/airflow/example_dags/example_xcom.py for tasks to queue
[2021-05-26 05:54:44,599] {logging_mixin.py:104} INFO - [2021-05-26 05:54:44,599] {dagbag.py:487} INFO - Filling up the DagBag from /home/ubuntu/.local/lib/python3.6/site-packages/airflow/example_dags/example_xcom.py
[2021-05-26 05:54:44,613] {scheduler_job.py:643} INFO - DAG(s) dict_keys(['example_xcom']) retrieved from /home/ubuntu/.local/lib/python3.6/site-packages/airflow/example_dags/example_xcom.py
[2021-05-26 05:54:44,627] {logging_mixin.py:104} INFO - [2021-05-26 05:54:44,627] {dag.py:1832} INFO - Sync 1 DAGs
[2021-05-26 05:54:44,640] {logging_mixin.py:104} INFO - [2021-05-26 05:54:44,640] {dag.py:2305} INFO - Setting next_dagrun for example_xcom to 2021-05-24 00:00:00+00:00
[2021-05-26 05:54:44,663] {scheduler_job.py:190} INFO - Processing /home/ubuntu/.local/lib/python3.6/site-packages/airflow/example_dags/example_xcom.py took 0.072 seconds
[2021-05-26 05:56:04,782] {scheduler_job.py:182} INFO - Started process (PID=12660) to work on /home/ubuntu/.local/lib/python3.6/site-packages/airflow/example_dags/example_xcom.py
[2021-05-26 05:56:04,787] {scheduler_job.py:633} INFO - Processing file /home/ubuntu/.local/lib/python3.6/site-packages/airflow/example_dags/example_xcom.py for tasks to queue
[2021-05-26 05:56:04,792] {logging_mixin.py:104} INFO - [2021-05-26 05:56:04,791] {dagbag.py:487} INFO - Filling up the DagBag from /home/ubuntu/.local/lib/python3.6/site-packages/airflow/example_dags/example_xcom.py
[2021-05-26 05:56:04,809] {scheduler_job.py:643} INFO - DAG(s) dict_keys(['example_xcom']) retrieved from /home/ubuntu/.local/lib/python3.6/site-packages/airflow/example_dags/example_xcom.py
[2021-05-26 05:56:04,829] {logging_mixin.py:104} INFO - [2021-05-26 05:56:04,829] {dag.py:1832} INFO - Sync 1 DAGs
[2021-05-26 05:56:04,849] {logging_mixin.py:104} INFO - [2021-05-26 05:56:04,849] {dag.py:2305} INFO - Setting next_dagrun for example_xcom to 2021-05-24 00:00:00+00:00
[2021-05-26 05:56:04,879] {scheduler_job.py:190} INFO - Processing /home/ubuntu/.local/lib/python3.6/site-packages/airflow/example_dags/example_xcom.py took 0.099 seconds
[2021-05-26 05:56:39,405] {scheduler_job.py:182} INFO - Started process (PID=12821) to work on /home/ubuntu/.local/lib/python3.6/site-packages/airflow/example_dags/example_xcom.py
[2021-05-26 05:56:39,416] {scheduler_job.py:633} INFO - Processing file /home/ubuntu/.local/lib/python3.6/site-packages/airflow/example_dags/example_xcom.py for tasks to queue
[2021-05-26 05:56:39,420] {logging_mixin.py:104} INFO - [2021-05-26 05:56:39,420] {dagbag.py:487} INFO - Filling up the DagBag from /home/ubuntu/.local/lib/python3.6/site-packages/airflow/example_dags/example_xcom.py
[2021-05-26 05:56:39,441] {scheduler_job.py:643} INFO - DAG(s) dict_keys(['example_xcom']) retrieved from /home/ubuntu/.local/lib/python3.6/site-packages/airflow/example_dags/example_xcom.py
[2021-05-26 05:56:39,479] {logging_mixin.py:104} INFO - [2021-05-26 05:56:39,479] {dag.py:1832} INFO - Sync 1 DAGs
[2021-05-26 05:56:39,526] {logging_mixin.py:104} INFO - [2021-05-26 05:56:39,526] {dag.py:2305} INFO - Setting next_dagrun for example_xcom to 2021-05-24 00:00:00+00:00
[2021-05-26 05:56:39,550] {scheduler_job.py:190} INFO - Processing /home/ubuntu/.local/lib/python3.6/site-packages/airflow/example_dags/example_xcom.py took 0.148 seconds
[2021-05-26 05:57:14,839] {scheduler_job.py:182} INFO - Started process (PID=12991) to work on /home/ubuntu/.local/lib/python3.6/site-packages/airflow/example_dags/example_xcom.py
[2021-05-26 05:57:14,845] {scheduler_job.py:633} INFO - Processing file /home/ubuntu/.local/lib/python3.6/site-packages/airflow/example_dags/example_xcom.py for tasks to queue
[2021-05-26 05:57:14,848] {logging_mixin.py:104} INFO - [2021-05-26 05:57:14,848] {dagbag.py:487} INFO - Filling up the DagBag from /home/ubuntu/.local/lib/python3.6/site-packages/airflow/example_dags/example_xcom.py
[2021-05-26 05:57:14,880] {scheduler_job.py:643} INFO - DAG(s) dict_keys(['example_xcom']) retrieved from /home/ubuntu/.local/lib/python3.6/site-packages/airflow/example_dags/example_xcom.py
[2021-05-26 05:57:14,904] {logging_mixin.py:104} INFO - [2021-05-26 05:57:14,904] {dag.py:1832} INFO - Sync 1 DAGs
[2021-05-26 05:57:14,941] {logging_mixin.py:104} INFO - [2021-05-26 05:57:14,941] {dag.py:2305} INFO - Setting next_dagrun for example_xcom to 2021-05-24 00:00:00+00:00
[2021-05-26 05:57:14,981] {scheduler_job.py:190} INFO - Processing /home/ubuntu/.local/lib/python3.6/site-packages/airflow/example_dags/example_xcom.py took 0.145 seconds
[2021-05-26 05:57:47,511] {scheduler_job.py:182} INFO - Started process (PID=13129) to work on /home/ubuntu/.local/lib/python3.6/site-packages/airflow/example_dags/example_xcom.py
[2021-05-26 05:57:47,515] {scheduler_job.py:633} INFO - Processing file /home/ubuntu/.local/lib/python3.6/site-packages/airflow/example_dags/example_xcom.py for tasks to queue
[2021-05-26 05:57:47,518] {logging_mixin.py:104} INFO - [2021-05-26 05:57:47,518] {dagbag.py:487} INFO - Filling up the DagBag from /home/ubuntu/.local/lib/python3.6/site-packages/airflow/example_dags/example_xcom.py
[2021-05-26 05:57:47,532] {scheduler_job.py:643} INFO - DAG(s) dict_keys(['example_xcom']) retrieved from /home/ubuntu/.local/lib/python3.6/site-packages/airflow/example_dags/example_xcom.py
[2021-05-26 05:57:47,548] {logging_mixin.py:104} INFO - [2021-05-26 05:57:47,548] {dag.py:1832} INFO - Sync 1 DAGs
[2021-05-26 05:57:47,566] {logging_mixin.py:104} INFO - [2021-05-26 05:57:47,566] {dag.py:2305} INFO - Setting next_dagrun for example_xcom to 2021-05-24 00:00:00+00:00
[2021-05-26 05:57:47,591] {scheduler_job.py:190} INFO - Processing /home/ubuntu/.local/lib/python3.6/site-packages/airflow/example_dags/example_xcom.py took 0.082 seconds
[2021-05-26 05:58:19,960] {scheduler_job.py:182} INFO - Started process (PID=13280) to work on /home/ubuntu/.local/lib/python3.6/site-packages/airflow/example_dags/example_xcom.py
[2021-05-26 05:58:19,963] {scheduler_job.py:633} INFO - Processing file /home/ubuntu/.local/lib/python3.6/site-packages/airflow/example_dags/example_xcom.py for tasks to queue
[2021-05-26 05:58:19,964] {logging_mixin.py:104} INFO - [2021-05-26 05:58:19,964] {dagbag.py:487} INFO - Filling up the DagBag from /home/ubuntu/.local/lib/python3.6/site-packages/airflow/example_dags/example_xcom.py
[2021-05-26 05:58:19,978] {scheduler_job.py:643} INFO - DAG(s) dict_keys(['example_xcom']) retrieved from /home/ubuntu/.local/lib/python3.6/site-packages/airflow/example_dags/example_xcom.py
[2021-05-26 05:58:19,992] {logging_mixin.py:104} INFO - [2021-05-26 05:58:19,992] {dag.py:1832} INFO - Sync 1 DAGs
[2021-05-26 05:58:20,010] {logging_mixin.py:104} INFO - [2021-05-26 05:58:20,010] {dag.py:2305} INFO - Setting next_dagrun for example_xcom to 2021-05-24 00:00:00+00:00
[2021-05-26 05:58:20,030] {scheduler_job.py:190} INFO - Processing /home/ubuntu/.local/lib/python3.6/site-packages/airflow/example_dags/example_xcom.py took 0.072 seconds
[2021-05-26 05:58:52,515] {scheduler_job.py:182} INFO - Started process (PID=13427) to work on /home/ubuntu/.local/lib/python3.6/site-packages/airflow/example_dags/example_xcom.py
[2021-05-26 05:58:52,519] {scheduler_job.py:633} INFO - Processing file /home/ubuntu/.local/lib/python3.6/site-packages/airflow/example_dags/example_xcom.py for tasks to queue
[2021-05-26 05:58:52,524] {logging_mixin.py:104} INFO - [2021-05-26 05:58:52,523] {dagbag.py:487} INFO - Filling up the DagBag from /home/ubuntu/.local/lib/python3.6/site-packages/airflow/example_dags/example_xcom.py
[2021-05-26 05:58:52,537] {scheduler_job.py:643} INFO - DAG(s) dict_keys(['example_xcom']) retrieved from /home/ubuntu/.local/lib/python3.6/site-packages/airflow/example_dags/example_xcom.py
[2021-05-26 05:58:52,555] {logging_mixin.py:104} INFO - [2021-05-26 05:58:52,555] {dag.py:1832} INFO - Sync 1 DAGs
[2021-05-26 05:58:52,575] {logging_mixin.py:104} INFO - [2021-05-26 05:58:52,574] {dag.py:2305} INFO - Setting next_dagrun for example_xcom to 2021-05-24 00:00:00+00:00
[2021-05-26 05:58:52,602] {scheduler_job.py:190} INFO - Processing /home/ubuntu/.local/lib/python3.6/site-packages/airflow/example_dags/example_xcom.py took 0.089 seconds
[2021-05-26 05:59:26,309] {scheduler_job.py:182} INFO - Started process (PID=13603) to work on /home/ubuntu/.local/lib/python3.6/site-packages/airflow/example_dags/example_xcom.py
[2021-05-26 05:59:26,314] {scheduler_job.py:633} INFO - Processing file /home/ubuntu/.local/lib/python3.6/site-packages/airflow/example_dags/example_xcom.py for tasks to queue
[2021-05-26 05:59:26,319] {logging_mixin.py:104} INFO - [2021-05-26 05:59:26,318] {dagbag.py:487} INFO - Filling up the DagBag from /home/ubuntu/.local/lib/python3.6/site-packages/airflow/example_dags/example_xcom.py
[2021-05-26 05:59:26,333] {scheduler_job.py:643} INFO - DAG(s) dict_keys(['example_xcom']) retrieved from /home/ubuntu/.local/lib/python3.6/site-packages/airflow/example_dags/example_xcom.py
[2021-05-26 05:59:26,352] {logging_mixin.py:104} INFO - [2021-05-26 05:59:26,352] {dag.py:1832} INFO - Sync 1 DAGs
[2021-05-26 05:59:26,369] {logging_mixin.py:104} INFO - [2021-05-26 05:59:26,369] {dag.py:2305} INFO - Setting next_dagrun for example_xcom to 2021-05-24 00:00:00+00:00
[2021-05-26 05:59:26,396] {scheduler_job.py:190} INFO - Processing /home/ubuntu/.local/lib/python3.6/site-packages/airflow/example_dags/example_xcom.py took 0.089 seconds
[2021-05-26 05:59:59,353] {scheduler_job.py:182} INFO - Started process (PID=13773) to work on /home/ubuntu/.local/lib/python3.6/site-packages/airflow/example_dags/example_xcom.py
[2021-05-26 05:59:59,354] {scheduler_job.py:633} INFO - Processing file /home/ubuntu/.local/lib/python3.6/site-packages/airflow/example_dags/example_xcom.py for tasks to queue
[2021-05-26 05:59:59,355] {logging_mixin.py:104} INFO - [2021-05-26 05:59:59,355] {dagbag.py:487} INFO - Filling up the DagBag from /home/ubuntu/.local/lib/python3.6/site-packages/airflow/example_dags/example_xcom.py
[2021-05-26 05:59:59,383] {scheduler_job.py:643} INFO - DAG(s) dict_keys(['example_xcom']) retrieved from /home/ubuntu/.local/lib/python3.6/site-packages/airflow/example_dags/example_xcom.py
[2021-05-26 05:59:59,413] {logging_mixin.py:104} INFO - [2021-05-26 05:59:59,412] {dag.py:1832} INFO - Sync 1 DAGs
[2021-05-26 05:59:59,447] {logging_mixin.py:104} INFO - [2021-05-26 05:59:59,447] {dag.py:2305} INFO - Setting next_dagrun for example_xcom to 2021-05-24 00:00:00+00:00
[2021-05-26 05:59:59,485] {scheduler_job.py:190} INFO - Processing /home/ubuntu/.local/lib/python3.6/site-packages/airflow/example_dags/example_xcom.py took 0.143 seconds
[2021-05-26 06:00:39,354] {scheduler_job.py:182} INFO - Started process (PID=13951) to work on /home/ubuntu/.local/lib/python3.6/site-packages/airflow/example_dags/example_xcom.py
[2021-05-26 06:00:39,355] {scheduler_job.py:633} INFO - Processing file /home/ubuntu/.local/lib/python3.6/site-packages/airflow/example_dags/example_xcom.py for tasks to queue
[2021-05-26 06:00:39,356] {logging_mixin.py:104} INFO - [2021-05-26 06:00:39,356] {dagbag.py:487} INFO - Filling up the DagBag from /home/ubuntu/.local/lib/python3.6/site-packages/airflow/example_dags/example_xcom.py
[2021-05-26 06:00:39,367] {scheduler_job.py:643} INFO - DAG(s) dict_keys(['example_xcom']) retrieved from /home/ubuntu/.local/lib/python3.6/site-packages/airflow/example_dags/example_xcom.py
[2021-05-26 06:00:39,388] {logging_mixin.py:104} INFO - [2021-05-26 06:00:39,388] {dag.py:1832} INFO - Sync 1 DAGs
[2021-05-26 06:00:39,408] {logging_mixin.py:104} INFO - [2021-05-26 06:00:39,408] {dag.py:2305} INFO - Setting next_dagrun for example_xcom to 2021-05-24 00:00:00+00:00
[2021-05-26 06:00:39,431] {scheduler_job.py:190} INFO - Processing /home/ubuntu/.local/lib/python3.6/site-packages/airflow/example_dags/example_xcom.py took 0.080 seconds
[2021-05-26 06:01:14,115] {scheduler_job.py:182} INFO - Started process (PID=14115) to work on /home/ubuntu/.local/lib/python3.6/site-packages/airflow/example_dags/example_xcom.py
[2021-05-26 06:01:14,120] {scheduler_job.py:633} INFO - Processing file /home/ubuntu/.local/lib/python3.6/site-packages/airflow/example_dags/example_xcom.py for tasks to queue
[2021-05-26 06:01:14,124] {logging_mixin.py:104} INFO - [2021-05-26 06:01:14,124] {dagbag.py:487} INFO - Filling up the DagBag from /home/ubuntu/.local/lib/python3.6/site-packages/airflow/example_dags/example_xcom.py
[2021-05-26 06:01:14,139] {scheduler_job.py:643} INFO - DAG(s) dict_keys(['example_xcom']) retrieved from /home/ubuntu/.local/lib/python3.6/site-packages/airflow/example_dags/example_xcom.py
[2021-05-26 06:01:14,157] {logging_mixin.py:104} INFO - [2021-05-26 06:01:14,157] {dag.py:1832} INFO - Sync 1 DAGs
[2021-05-26 06:01:14,181] {logging_mixin.py:104} INFO - [2021-05-26 06:01:14,175] {dag.py:2305} INFO - Setting next_dagrun for example_xcom to 2021-05-24 00:00:00+00:00
[2021-05-26 06:01:14,209] {scheduler_job.py:190} INFO - Processing /home/ubuntu/.local/lib/python3.6/site-packages/airflow/example_dags/example_xcom.py took 0.096 seconds
[2021-05-26 06:01:50,230] {scheduler_job.py:182} INFO - Started process (PID=14297) to work on /home/ubuntu/.local/lib/python3.6/site-packages/airflow/example_dags/example_xcom.py
[2021-05-26 06:01:50,234] {scheduler_job.py:633} INFO - Processing file /home/ubuntu/.local/lib/python3.6/site-packages/airflow/example_dags/example_xcom.py for tasks to queue
[2021-05-26 06:01:50,238] {logging_mixin.py:104} INFO - [2021-05-26 06:01:50,238] {dagbag.py:487} INFO - Filling up the DagBag from /home/ubuntu/.local/lib/python3.6/site-packages/airflow/example_dags/example_xcom.py
[2021-05-26 06:01:50,252] {scheduler_job.py:643} INFO - DAG(s) dict_keys(['example_xcom']) retrieved from /home/ubuntu/.local/lib/python3.6/site-packages/airflow/example_dags/example_xcom.py
[2021-05-26 06:01:50,563] {logging_mixin.py:104} INFO - [2021-05-26 06:01:50,563] {dag.py:1832} INFO - Sync 1 DAGs
[2021-05-26 06:01:50,580] {logging_mixin.py:104} INFO - [2021-05-26 06:01:50,580] {dag.py:2305} INFO - Setting next_dagrun for example_xcom to 2021-05-24 00:00:00+00:00
[2021-05-26 06:01:50,615] {scheduler_job.py:190} INFO - Processing /home/ubuntu/.local/lib/python3.6/site-packages/airflow/example_dags/example_xcom.py took 0.387 seconds
[2021-05-26 06:02:34,386] {scheduler_job.py:182} INFO - Started process (PID=14502) to work on /home/ubuntu/.local/lib/python3.6/site-packages/airflow/example_dags/example_xcom.py
[2021-05-26 06:02:34,390] {scheduler_job.py:633} INFO - Processing file /home/ubuntu/.local/lib/python3.6/site-packages/airflow/example_dags/example_xcom.py for tasks to queue
[2021-05-26 06:02:34,395] {logging_mixin.py:104} INFO - [2021-05-26 06:02:34,395] {dagbag.py:487} INFO - Filling up the DagBag from /home/ubuntu/.local/lib/python3.6/site-packages/airflow/example_dags/example_xcom.py
[2021-05-26 06:02:34,411] {scheduler_job.py:643} INFO - DAG(s) dict_keys(['example_xcom']) retrieved from /home/ubuntu/.local/lib/python3.6/site-packages/airflow/example_dags/example_xcom.py
[2021-05-26 06:02:34,429] {logging_mixin.py:104} INFO - [2021-05-26 06:02:34,429] {dag.py:1832} INFO - Sync 1 DAGs
[2021-05-26 06:02:34,445] {logging_mixin.py:104} INFO - [2021-05-26 06:02:34,445] {dag.py:2305} INFO - Setting next_dagrun for example_xcom to 2021-05-24 00:00:00+00:00
[2021-05-26 06:02:34,468] {scheduler_job.py:190} INFO - Processing /home/ubuntu/.local/lib/python3.6/site-packages/airflow/example_dags/example_xcom.py took 0.084 seconds
[2021-05-26 06:03:08,689] {scheduler_job.py:182} INFO - Started process (PID=14683) to work on /home/ubuntu/.local/lib/python3.6/site-packages/airflow/example_dags/example_xcom.py
[2021-05-26 06:03:08,700] {scheduler_job.py:633} INFO - Processing file /home/ubuntu/.local/lib/python3.6/site-packages/airflow/example_dags/example_xcom.py for tasks to queue
[2021-05-26 06:03:08,713] {logging_mixin.py:104} INFO - [2021-05-26 06:03:08,713] {dagbag.py:487} INFO - Filling up the DagBag from /home/ubuntu/.local/lib/python3.6/site-packages/airflow/example_dags/example_xcom.py
[2021-05-26 06:03:08,778] {scheduler_job.py:643} INFO - DAG(s) dict_keys(['example_xcom']) retrieved from /home/ubuntu/.local/lib/python3.6/site-packages/airflow/example_dags/example_xcom.py
[2021-05-26 06:03:08,853] {logging_mixin.py:104} INFO - [2021-05-26 06:03:08,853] {dag.py:1832} INFO - Sync 1 DAGs
[2021-05-26 06:03:08,936] {logging_mixin.py:104} INFO - [2021-05-26 06:03:08,935] {dag.py:2305} INFO - Setting next_dagrun for example_xcom to 2021-05-24 00:00:00+00:00
[2021-05-26 06:03:08,978] {scheduler_job.py:190} INFO - Processing /home/ubuntu/.local/lib/python3.6/site-packages/airflow/example_dags/example_xcom.py took 0.305 seconds
[2021-05-26 06:03:51,095] {scheduler_job.py:182} INFO - Started process (PID=14880) to work on /home/ubuntu/.local/lib/python3.6/site-packages/airflow/example_dags/example_xcom.py
[2021-05-26 06:03:51,105] {scheduler_job.py:633} INFO - Processing file /home/ubuntu/.local/lib/python3.6/site-packages/airflow/example_dags/example_xcom.py for tasks to queue
[2021-05-26 06:03:51,115] {logging_mixin.py:104} INFO - [2021-05-26 06:03:51,115] {dagbag.py:487} INFO - Filling up the DagBag from /home/ubuntu/.local/lib/python3.6/site-packages/airflow/example_dags/example_xcom.py
[2021-05-26 06:03:51,153] {scheduler_job.py:643} INFO - DAG(s) dict_keys(['example_xcom']) retrieved from /home/ubuntu/.local/lib/python3.6/site-packages/airflow/example_dags/example_xcom.py
[2021-05-26 06:03:51,193] {logging_mixin.py:104} INFO - [2021-05-26 06:03:51,193] {dag.py:1832} INFO - Sync 1 DAGs
[2021-05-26 06:03:51,220] {logging_mixin.py:104} INFO - [2021-05-26 06:03:51,219] {dag.py:2305} INFO - Setting next_dagrun for example_xcom to 2021-05-24 00:00:00+00:00
[2021-05-26 06:03:51,250] {scheduler_job.py:190} INFO - Processing /home/ubuntu/.local/lib/python3.6/site-packages/airflow/example_dags/example_xcom.py took 0.157 seconds
[2021-05-26 06:04:26,100] {scheduler_job.py:182} INFO - Started process (PID=15044) to work on /home/ubuntu/.local/lib/python3.6/site-packages/airflow/example_dags/example_xcom.py
[2021-05-26 06:04:26,108] {scheduler_job.py:633} INFO - Processing file /home/ubuntu/.local/lib/python3.6/site-packages/airflow/example_dags/example_xcom.py for tasks to queue
[2021-05-26 06:04:26,113] {logging_mixin.py:104} INFO - [2021-05-26 06:04:26,113] {dagbag.py:487} INFO - Filling up the DagBag from /home/ubuntu/.local/lib/python3.6/site-packages/airflow/example_dags/example_xcom.py
[2021-05-26 06:04:26,128] {scheduler_job.py:643} INFO - DAG(s) dict_keys(['example_xcom']) retrieved from /home/ubuntu/.local/lib/python3.6/site-packages/airflow/example_dags/example_xcom.py
[2021-05-26 06:04:26,147] {logging_mixin.py:104} INFO - [2021-05-26 06:04:26,147] {dag.py:1832} INFO - Sync 1 DAGs
[2021-05-26 06:04:26,169] {logging_mixin.py:104} INFO - [2021-05-26 06:04:26,168] {dag.py:2305} INFO - Setting next_dagrun for example_xcom to 2021-05-24 00:00:00+00:00
[2021-05-26 06:04:26,198] {scheduler_job.py:190} INFO - Processing /home/ubuntu/.local/lib/python3.6/site-packages/airflow/example_dags/example_xcom.py took 0.101 seconds
[2021-05-26 06:05:02,311] {scheduler_job.py:182} INFO - Started process (PID=15203) to work on /home/ubuntu/.local/lib/python3.6/site-packages/airflow/example_dags/example_xcom.py
[2021-05-26 06:05:02,315] {scheduler_job.py:633} INFO - Processing file /home/ubuntu/.local/lib/python3.6/site-packages/airflow/example_dags/example_xcom.py for tasks to queue
[2021-05-26 06:05:02,319] {logging_mixin.py:104} INFO - [2021-05-26 06:05:02,318] {dagbag.py:487} INFO - Filling up the DagBag from /home/ubuntu/.local/lib/python3.6/site-packages/airflow/example_dags/example_xcom.py
[2021-05-26 06:05:02,335] {scheduler_job.py:643} INFO - DAG(s) dict_keys(['example_xcom']) retrieved from /home/ubuntu/.local/lib/python3.6/site-packages/airflow/example_dags/example_xcom.py
[2021-05-26 06:05:02,355] {logging_mixin.py:104} INFO - [2021-05-26 06:05:02,355] {dag.py:1832} INFO - Sync 1 DAGs
[2021-05-26 06:05:02,375] {logging_mixin.py:104} INFO - [2021-05-26 06:05:02,375] {dag.py:2305} INFO - Setting next_dagrun for example_xcom to 2021-05-24 00:00:00+00:00
[2021-05-26 06:05:02,404] {scheduler_job.py:190} INFO - Processing /home/ubuntu/.local/lib/python3.6/site-packages/airflow/example_dags/example_xcom.py took 0.095 seconds
[2021-05-26 06:05:39,523] {scheduler_job.py:182} INFO - Started process (PID=15352) to work on /home/ubuntu/.local/lib/python3.6/site-packages/airflow/example_dags/example_xcom.py
[2021-05-26 06:05:39,528] {scheduler_job.py:633} INFO - Processing file /home/ubuntu/.local/lib/python3.6/site-packages/airflow/example_dags/example_xcom.py for tasks to queue
[2021-05-26 06:05:39,532] {logging_mixin.py:104} INFO - [2021-05-26 06:05:39,532] {dagbag.py:487} INFO - Filling up the DagBag from /home/ubuntu/.local/lib/python3.6/site-packages/airflow/example_dags/example_xcom.py
[2021-05-26 06:05:39,546] {scheduler_job.py:643} INFO - DAG(s) dict_keys(['example_xcom']) retrieved from /home/ubuntu/.local/lib/python3.6/site-packages/airflow/example_dags/example_xcom.py
[2021-05-26 06:05:39,565] {logging_mixin.py:104} INFO - [2021-05-26 06:05:39,565] {dag.py:1832} INFO - Sync 1 DAGs
[2021-05-26 06:05:39,584] {logging_mixin.py:104} INFO - [2021-05-26 06:05:39,584] {dag.py:2305} INFO - Setting next_dagrun for example_xcom to 2021-05-24 00:00:00+00:00
[2021-05-26 06:05:39,610] {scheduler_job.py:190} INFO - Processing /home/ubuntu/.local/lib/python3.6/site-packages/airflow/example_dags/example_xcom.py took 0.089 seconds
[2021-05-26 06:06:21,846] {scheduler_job.py:182} INFO - Started process (PID=15507) to work on /home/ubuntu/.local/lib/python3.6/site-packages/airflow/example_dags/example_xcom.py
[2021-05-26 06:06:21,851] {scheduler_job.py:633} INFO - Processing file /home/ubuntu/.local/lib/python3.6/site-packages/airflow/example_dags/example_xcom.py for tasks to queue
[2021-05-26 06:06:21,855] {logging_mixin.py:104} INFO - [2021-05-26 06:06:21,854] {dagbag.py:487} INFO - Filling up the DagBag from /home/ubuntu/.local/lib/python3.6/site-packages/airflow/example_dags/example_xcom.py
[2021-05-26 06:06:21,889] {scheduler_job.py:643} INFO - DAG(s) dict_keys(['example_xcom']) retrieved from /home/ubuntu/.local/lib/python3.6/site-packages/airflow/example_dags/example_xcom.py
[2021-05-26 06:06:21,921] {logging_mixin.py:104} INFO - [2021-05-26 06:06:21,921] {dag.py:1832} INFO - Sync 1 DAGs
[2021-05-26 06:06:21,944] {logging_mixin.py:104} INFO - [2021-05-26 06:06:21,944] {dag.py:2305} INFO - Setting next_dagrun for example_xcom to 2021-05-24 00:00:00+00:00
[2021-05-26 06:06:21,972] {scheduler_job.py:190} INFO - Processing /home/ubuntu/.local/lib/python3.6/site-packages/airflow/example_dags/example_xcom.py took 0.128 seconds
[2021-05-26 06:07:09,452] {scheduler_job.py:182} INFO - Started process (PID=15700) to work on /home/ubuntu/.local/lib/python3.6/site-packages/airflow/example_dags/example_xcom.py
[2021-05-26 06:07:09,454] {scheduler_job.py:633} INFO - Processing file /home/ubuntu/.local/lib/python3.6/site-packages/airflow/example_dags/example_xcom.py for tasks to queue
[2021-05-26 06:07:09,455] {logging_mixin.py:104} INFO - [2021-05-26 06:07:09,455] {dagbag.py:487} INFO - Filling up the DagBag from /home/ubuntu/.local/lib/python3.6/site-packages/airflow/example_dags/example_xcom.py
[2021-05-26 06:07:09,485] {scheduler_job.py:643} INFO - DAG(s) dict_keys(['example_xcom']) retrieved from /home/ubuntu/.local/lib/python3.6/site-packages/airflow/example_dags/example_xcom.py
[2021-05-26 06:07:09,504] {logging_mixin.py:104} INFO - [2021-05-26 06:07:09,503] {dag.py:1832} INFO - Sync 1 DAGs
[2021-05-26 06:07:09,520] {logging_mixin.py:104} INFO - [2021-05-26 06:07:09,520] {dag.py:2305} INFO - Setting next_dagrun for example_xcom to 2021-05-24 00:00:00+00:00
[2021-05-26 06:07:09,548] {scheduler_job.py:190} INFO - Processing /home/ubuntu/.local/lib/python3.6/site-packages/airflow/example_dags/example_xcom.py took 0.107 seconds
[2021-05-26 06:07:47,369] {scheduler_job.py:182} INFO - Started process (PID=15900) to work on /home/ubuntu/.local/lib/python3.6/site-packages/airflow/example_dags/example_xcom.py
[2021-05-26 06:07:47,374] {scheduler_job.py:633} INFO - Processing file /home/ubuntu/.local/lib/python3.6/site-packages/airflow/example_dags/example_xcom.py for tasks to queue
[2021-05-26 06:07:47,380] {logging_mixin.py:104} INFO - [2021-05-26 06:07:47,380] {dagbag.py:487} INFO - Filling up the DagBag from /home/ubuntu/.local/lib/python3.6/site-packages/airflow/example_dags/example_xcom.py
[2021-05-26 06:07:47,398] {scheduler_job.py:643} INFO - DAG(s) dict_keys(['example_xcom']) retrieved from /home/ubuntu/.local/lib/python3.6/site-packages/airflow/example_dags/example_xcom.py
[2021-05-26 06:07:47,428] {logging_mixin.py:104} INFO - [2021-05-26 06:07:47,427] {dag.py:1832} INFO - Sync 1 DAGs
[2021-05-26 06:07:47,447] {logging_mixin.py:104} INFO - [2021-05-26 06:07:47,447] {dag.py:2305} INFO - Setting next_dagrun for example_xcom to 2021-05-24 00:00:00+00:00
[2021-05-26 06:07:47,484] {scheduler_job.py:190} INFO - Processing /home/ubuntu/.local/lib/python3.6/site-packages/airflow/example_dags/example_xcom.py took 0.118 seconds
[2021-05-26 06:08:27,824] {scheduler_job.py:182} INFO - Started process (PID=16089) to work on /home/ubuntu/.local/lib/python3.6/site-packages/airflow/example_dags/example_xcom.py
[2021-05-26 06:08:27,831] {scheduler_job.py:633} INFO - Processing file /home/ubuntu/.local/lib/python3.6/site-packages/airflow/example_dags/example_xcom.py for tasks to queue
[2021-05-26 06:08:27,833] {logging_mixin.py:104} INFO - [2021-05-26 06:08:27,832] {dagbag.py:487} INFO - Filling up the DagBag from /home/ubuntu/.local/lib/python3.6/site-packages/airflow/example_dags/example_xcom.py
[2021-05-26 06:08:27,852] {scheduler_job.py:643} INFO - DAG(s) dict_keys(['example_xcom']) retrieved from /home/ubuntu/.local/lib/python3.6/site-packages/airflow/example_dags/example_xcom.py
[2021-05-26 06:08:27,881] {logging_mixin.py:104} INFO - [2021-05-26 06:08:27,881] {dag.py:1832} INFO - Sync 1 DAGs
[2021-05-26 06:08:27,911] {logging_mixin.py:104} INFO - [2021-05-26 06:08:27,911] {dag.py:2305} INFO - Setting next_dagrun for example_xcom to 2021-05-24 00:00:00+00:00
[2021-05-26 06:08:27,935] {scheduler_job.py:190} INFO - Processing /home/ubuntu/.local/lib/python3.6/site-packages/airflow/example_dags/example_xcom.py took 0.113 seconds
