[2021-05-26 05:47:54,561] {scheduler_job.py:182} INFO - Started process (PID=10667) to work on /home/ubuntu/.local/lib/python3.6/site-packages/airflow/example_dags/example_branch_operator.py
[2021-05-26 05:47:54,564] {scheduler_job.py:633} INFO - Processing file /home/ubuntu/.local/lib/python3.6/site-packages/airflow/example_dags/example_branch_operator.py for tasks to queue
[2021-05-26 05:47:54,565] {logging_mixin.py:104} INFO - [2021-05-26 05:47:54,564] {dagbag.py:487} INFO - Filling up the DagBag from /home/ubuntu/.local/lib/python3.6/site-packages/airflow/example_dags/example_branch_operator.py
[2021-05-26 05:47:54,582] {scheduler_job.py:643} INFO - DAG(s) dict_keys(['example_branch_operator']) retrieved from /home/ubuntu/.local/lib/python3.6/site-packages/airflow/example_dags/example_branch_operator.py
[2021-05-26 05:47:54,599] {logging_mixin.py:104} INFO - [2021-05-26 05:47:54,599] {dag.py:1832} INFO - Sync 1 DAGs
[2021-05-26 05:47:54,617] {logging_mixin.py:104} INFO - [2021-05-26 05:47:54,617] {dag.py:2305} INFO - Setting next_dagrun for example_branch_operator to 2021-05-24 00:00:00+00:00
[2021-05-26 05:47:54,636] {scheduler_job.py:190} INFO - Processing /home/ubuntu/.local/lib/python3.6/site-packages/airflow/example_dags/example_branch_operator.py took 0.078 seconds
[2021-05-26 05:48:27,791] {scheduler_job.py:182} INFO - Started process (PID=10812) to work on /home/ubuntu/.local/lib/python3.6/site-packages/airflow/example_dags/example_branch_operator.py
[2021-05-26 05:48:27,793] {scheduler_job.py:633} INFO - Processing file /home/ubuntu/.local/lib/python3.6/site-packages/airflow/example_dags/example_branch_operator.py for tasks to queue
[2021-05-26 05:48:27,794] {logging_mixin.py:104} INFO - [2021-05-26 05:48:27,794] {dagbag.py:487} INFO - Filling up the DagBag from /home/ubuntu/.local/lib/python3.6/site-packages/airflow/example_dags/example_branch_operator.py
[2021-05-26 05:48:27,812] {scheduler_job.py:643} INFO - DAG(s) dict_keys(['example_branch_operator']) retrieved from /home/ubuntu/.local/lib/python3.6/site-packages/airflow/example_dags/example_branch_operator.py
[2021-05-26 05:48:27,826] {logging_mixin.py:104} INFO - [2021-05-26 05:48:27,826] {dag.py:1832} INFO - Sync 1 DAGs
[2021-05-26 05:48:27,843] {logging_mixin.py:104} INFO - [2021-05-26 05:48:27,843] {dag.py:2305} INFO - Setting next_dagrun for example_branch_operator to 2021-05-24 00:00:00+00:00
[2021-05-26 05:48:27,861] {scheduler_job.py:190} INFO - Processing /home/ubuntu/.local/lib/python3.6/site-packages/airflow/example_dags/example_branch_operator.py took 0.073 seconds
[2021-05-26 05:48:59,321] {scheduler_job.py:182} INFO - Started process (PID=10945) to work on /home/ubuntu/.local/lib/python3.6/site-packages/airflow/example_dags/example_branch_operator.py
[2021-05-26 05:48:59,325] {scheduler_job.py:633} INFO - Processing file /home/ubuntu/.local/lib/python3.6/site-packages/airflow/example_dags/example_branch_operator.py for tasks to queue
[2021-05-26 05:48:59,329] {logging_mixin.py:104} INFO - [2021-05-26 05:48:59,328] {dagbag.py:487} INFO - Filling up the DagBag from /home/ubuntu/.local/lib/python3.6/site-packages/airflow/example_dags/example_branch_operator.py
[2021-05-26 05:48:59,343] {scheduler_job.py:643} INFO - DAG(s) dict_keys(['example_branch_operator']) retrieved from /home/ubuntu/.local/lib/python3.6/site-packages/airflow/example_dags/example_branch_operator.py
[2021-05-26 05:48:59,358] {logging_mixin.py:104} INFO - [2021-05-26 05:48:59,358] {dag.py:1832} INFO - Sync 1 DAGs
[2021-05-26 05:48:59,377] {logging_mixin.py:104} INFO - [2021-05-26 05:48:59,377] {dag.py:2305} INFO - Setting next_dagrun for example_branch_operator to 2021-05-24 00:00:00+00:00
[2021-05-26 05:48:59,397] {scheduler_job.py:190} INFO - Processing /home/ubuntu/.local/lib/python3.6/site-packages/airflow/example_dags/example_branch_operator.py took 0.077 seconds
[2021-05-26 05:49:31,886] {scheduler_job.py:182} INFO - Started process (PID=11086) to work on /home/ubuntu/.local/lib/python3.6/site-packages/airflow/example_dags/example_branch_operator.py
[2021-05-26 05:49:31,887] {scheduler_job.py:633} INFO - Processing file /home/ubuntu/.local/lib/python3.6/site-packages/airflow/example_dags/example_branch_operator.py for tasks to queue
[2021-05-26 05:49:31,888] {logging_mixin.py:104} INFO - [2021-05-26 05:49:31,888] {dagbag.py:487} INFO - Filling up the DagBag from /home/ubuntu/.local/lib/python3.6/site-packages/airflow/example_dags/example_branch_operator.py
[2021-05-26 05:49:31,902] {scheduler_job.py:643} INFO - DAG(s) dict_keys(['example_branch_operator']) retrieved from /home/ubuntu/.local/lib/python3.6/site-packages/airflow/example_dags/example_branch_operator.py
[2021-05-26 05:49:31,915] {logging_mixin.py:104} INFO - [2021-05-26 05:49:31,915] {dag.py:1832} INFO - Sync 1 DAGs
[2021-05-26 05:49:31,930] {logging_mixin.py:104} INFO - [2021-05-26 05:49:31,930] {dag.py:2305} INFO - Setting next_dagrun for example_branch_operator to 2021-05-24 00:00:00+00:00
[2021-05-26 05:49:31,946] {scheduler_job.py:190} INFO - Processing /home/ubuntu/.local/lib/python3.6/site-packages/airflow/example_dags/example_branch_operator.py took 0.063 seconds
[2021-05-26 05:50:04,719] {scheduler_job.py:182} INFO - Started process (PID=11220) to work on /home/ubuntu/.local/lib/python3.6/site-packages/airflow/example_dags/example_branch_operator.py
[2021-05-26 05:50:04,723] {scheduler_job.py:633} INFO - Processing file /home/ubuntu/.local/lib/python3.6/site-packages/airflow/example_dags/example_branch_operator.py for tasks to queue
[2021-05-26 05:50:04,726] {logging_mixin.py:104} INFO - [2021-05-26 05:50:04,726] {dagbag.py:487} INFO - Filling up the DagBag from /home/ubuntu/.local/lib/python3.6/site-packages/airflow/example_dags/example_branch_operator.py
[2021-05-26 05:50:04,740] {scheduler_job.py:643} INFO - DAG(s) dict_keys(['example_branch_operator']) retrieved from /home/ubuntu/.local/lib/python3.6/site-packages/airflow/example_dags/example_branch_operator.py
[2021-05-26 05:50:04,754] {logging_mixin.py:104} INFO - [2021-05-26 05:50:04,754] {dag.py:1832} INFO - Sync 1 DAGs
[2021-05-26 05:50:04,771] {logging_mixin.py:104} INFO - [2021-05-26 05:50:04,771] {dag.py:2305} INFO - Setting next_dagrun for example_branch_operator to 2021-05-24 00:00:00+00:00
[2021-05-26 05:50:04,790] {scheduler_job.py:190} INFO - Processing /home/ubuntu/.local/lib/python3.6/site-packages/airflow/example_dags/example_branch_operator.py took 0.073 seconds
[2021-05-26 05:50:37,195] {scheduler_job.py:182} INFO - Started process (PID=11348) to work on /home/ubuntu/.local/lib/python3.6/site-packages/airflow/example_dags/example_branch_operator.py
[2021-05-26 05:50:37,197] {scheduler_job.py:633} INFO - Processing file /home/ubuntu/.local/lib/python3.6/site-packages/airflow/example_dags/example_branch_operator.py for tasks to queue
[2021-05-26 05:50:37,198] {logging_mixin.py:104} INFO - [2021-05-26 05:50:37,198] {dagbag.py:487} INFO - Filling up the DagBag from /home/ubuntu/.local/lib/python3.6/site-packages/airflow/example_dags/example_branch_operator.py
[2021-05-26 05:50:37,214] {scheduler_job.py:643} INFO - DAG(s) dict_keys(['example_branch_operator']) retrieved from /home/ubuntu/.local/lib/python3.6/site-packages/airflow/example_dags/example_branch_operator.py
[2021-05-26 05:50:37,231] {logging_mixin.py:104} INFO - [2021-05-26 05:50:37,231] {dag.py:1832} INFO - Sync 1 DAGs
[2021-05-26 05:50:37,247] {logging_mixin.py:104} INFO - [2021-05-26 05:50:37,247] {dag.py:2305} INFO - Setting next_dagrun for example_branch_operator to 2021-05-24 00:00:00+00:00
[2021-05-26 05:50:37,266] {scheduler_job.py:190} INFO - Processing /home/ubuntu/.local/lib/python3.6/site-packages/airflow/example_dags/example_branch_operator.py took 0.073 seconds
[2021-05-26 05:51:10,806] {scheduler_job.py:182} INFO - Started process (PID=11476) to work on /home/ubuntu/.local/lib/python3.6/site-packages/airflow/example_dags/example_branch_operator.py
[2021-05-26 05:51:10,809] {scheduler_job.py:633} INFO - Processing file /home/ubuntu/.local/lib/python3.6/site-packages/airflow/example_dags/example_branch_operator.py for tasks to queue
[2021-05-26 05:51:10,810] {logging_mixin.py:104} INFO - [2021-05-26 05:51:10,810] {dagbag.py:487} INFO - Filling up the DagBag from /home/ubuntu/.local/lib/python3.6/site-packages/airflow/example_dags/example_branch_operator.py
[2021-05-26 05:51:10,827] {scheduler_job.py:643} INFO - DAG(s) dict_keys(['example_branch_operator']) retrieved from /home/ubuntu/.local/lib/python3.6/site-packages/airflow/example_dags/example_branch_operator.py
[2021-05-26 05:51:10,842] {logging_mixin.py:104} INFO - [2021-05-26 05:51:10,842] {dag.py:1832} INFO - Sync 1 DAGs
[2021-05-26 05:51:10,857] {logging_mixin.py:104} INFO - [2021-05-26 05:51:10,857] {dag.py:2305} INFO - Setting next_dagrun for example_branch_operator to 2021-05-24 00:00:00+00:00
[2021-05-26 05:51:10,879] {scheduler_job.py:190} INFO - Processing /home/ubuntu/.local/lib/python3.6/site-packages/airflow/example_dags/example_branch_operator.py took 0.076 seconds
[2021-05-26 05:51:42,502] {scheduler_job.py:182} INFO - Started process (PID=11604) to work on /home/ubuntu/.local/lib/python3.6/site-packages/airflow/example_dags/example_branch_operator.py
[2021-05-26 05:51:42,503] {scheduler_job.py:633} INFO - Processing file /home/ubuntu/.local/lib/python3.6/site-packages/airflow/example_dags/example_branch_operator.py for tasks to queue
[2021-05-26 05:51:42,504] {logging_mixin.py:104} INFO - [2021-05-26 05:51:42,504] {dagbag.py:487} INFO - Filling up the DagBag from /home/ubuntu/.local/lib/python3.6/site-packages/airflow/example_dags/example_branch_operator.py
[2021-05-26 05:51:42,521] {scheduler_job.py:643} INFO - DAG(s) dict_keys(['example_branch_operator']) retrieved from /home/ubuntu/.local/lib/python3.6/site-packages/airflow/example_dags/example_branch_operator.py
[2021-05-26 05:51:42,537] {logging_mixin.py:104} INFO - [2021-05-26 05:51:42,537] {dag.py:1832} INFO - Sync 1 DAGs
[2021-05-26 05:51:42,551] {logging_mixin.py:104} INFO - [2021-05-26 05:51:42,551] {dag.py:2305} INFO - Setting next_dagrun for example_branch_operator to 2021-05-24 00:00:00+00:00
[2021-05-26 05:51:42,569] {scheduler_job.py:190} INFO - Processing /home/ubuntu/.local/lib/python3.6/site-packages/airflow/example_dags/example_branch_operator.py took 0.070 seconds
[2021-05-26 05:52:13,917] {scheduler_job.py:182} INFO - Started process (PID=11725) to work on /home/ubuntu/.local/lib/python3.6/site-packages/airflow/example_dags/example_branch_operator.py
[2021-05-26 05:52:13,921] {scheduler_job.py:633} INFO - Processing file /home/ubuntu/.local/lib/python3.6/site-packages/airflow/example_dags/example_branch_operator.py for tasks to queue
[2021-05-26 05:52:13,923] {logging_mixin.py:104} INFO - [2021-05-26 05:52:13,922] {dagbag.py:487} INFO - Filling up the DagBag from /home/ubuntu/.local/lib/python3.6/site-packages/airflow/example_dags/example_branch_operator.py
[2021-05-26 05:52:13,937] {scheduler_job.py:643} INFO - DAG(s) dict_keys(['example_branch_operator']) retrieved from /home/ubuntu/.local/lib/python3.6/site-packages/airflow/example_dags/example_branch_operator.py
[2021-05-26 05:52:13,955] {logging_mixin.py:104} INFO - [2021-05-26 05:52:13,955] {dag.py:1832} INFO - Sync 1 DAGs
[2021-05-26 05:52:13,973] {logging_mixin.py:104} INFO - [2021-05-26 05:52:13,972] {dag.py:2305} INFO - Setting next_dagrun for example_branch_operator to 2021-05-24 00:00:00+00:00
[2021-05-26 05:52:13,990] {scheduler_job.py:190} INFO - Processing /home/ubuntu/.local/lib/python3.6/site-packages/airflow/example_dags/example_branch_operator.py took 0.075 seconds
[2021-05-26 05:52:44,844] {scheduler_job.py:182} INFO - Started process (PID=11846) to work on /home/ubuntu/.local/lib/python3.6/site-packages/airflow/example_dags/example_branch_operator.py
[2021-05-26 05:52:44,845] {scheduler_job.py:633} INFO - Processing file /home/ubuntu/.local/lib/python3.6/site-packages/airflow/example_dags/example_branch_operator.py for tasks to queue
[2021-05-26 05:52:44,845] {logging_mixin.py:104} INFO - [2021-05-26 05:52:44,845] {dagbag.py:487} INFO - Filling up the DagBag from /home/ubuntu/.local/lib/python3.6/site-packages/airflow/example_dags/example_branch_operator.py
[2021-05-26 05:52:44,863] {scheduler_job.py:643} INFO - DAG(s) dict_keys(['example_branch_operator']) retrieved from /home/ubuntu/.local/lib/python3.6/site-packages/airflow/example_dags/example_branch_operator.py
[2021-05-26 05:52:44,885] {logging_mixin.py:104} INFO - [2021-05-26 05:52:44,885] {dag.py:1832} INFO - Sync 1 DAGs
[2021-05-26 05:52:44,909] {logging_mixin.py:104} INFO - [2021-05-26 05:52:44,909] {dag.py:2305} INFO - Setting next_dagrun for example_branch_operator to 2021-05-24 00:00:00+00:00
[2021-05-26 05:52:44,933] {scheduler_job.py:190} INFO - Processing /home/ubuntu/.local/lib/python3.6/site-packages/airflow/example_dags/example_branch_operator.py took 0.091 seconds
[2021-05-26 05:53:18,769] {scheduler_job.py:182} INFO - Started process (PID=11978) to work on /home/ubuntu/.local/lib/python3.6/site-packages/airflow/example_dags/example_branch_operator.py
[2021-05-26 05:53:18,774] {scheduler_job.py:633} INFO - Processing file /home/ubuntu/.local/lib/python3.6/site-packages/airflow/example_dags/example_branch_operator.py for tasks to queue
[2021-05-26 05:53:18,779] {logging_mixin.py:104} INFO - [2021-05-26 05:53:18,779] {dagbag.py:487} INFO - Filling up the DagBag from /home/ubuntu/.local/lib/python3.6/site-packages/airflow/example_dags/example_branch_operator.py
[2021-05-26 05:53:18,807] {scheduler_job.py:643} INFO - DAG(s) dict_keys(['example_branch_operator']) retrieved from /home/ubuntu/.local/lib/python3.6/site-packages/airflow/example_dags/example_branch_operator.py
[2021-05-26 05:53:18,825] {logging_mixin.py:104} INFO - [2021-05-26 05:53:18,825] {dag.py:1832} INFO - Sync 1 DAGs
[2021-05-26 05:53:18,844] {logging_mixin.py:104} INFO - [2021-05-26 05:53:18,843] {dag.py:2305} INFO - Setting next_dagrun for example_branch_operator to 2021-05-24 00:00:00+00:00
[2021-05-26 05:53:18,863] {scheduler_job.py:190} INFO - Processing /home/ubuntu/.local/lib/python3.6/site-packages/airflow/example_dags/example_branch_operator.py took 0.097 seconds
[2021-05-26 05:53:50,211] {scheduler_job.py:182} INFO - Started process (PID=12104) to work on /home/ubuntu/.local/lib/python3.6/site-packages/airflow/example_dags/example_branch_operator.py
[2021-05-26 05:53:50,215] {scheduler_job.py:633} INFO - Processing file /home/ubuntu/.local/lib/python3.6/site-packages/airflow/example_dags/example_branch_operator.py for tasks to queue
[2021-05-26 05:53:50,218] {logging_mixin.py:104} INFO - [2021-05-26 05:53:50,218] {dagbag.py:487} INFO - Filling up the DagBag from /home/ubuntu/.local/lib/python3.6/site-packages/airflow/example_dags/example_branch_operator.py
[2021-05-26 05:53:50,237] {scheduler_job.py:643} INFO - DAG(s) dict_keys(['example_branch_operator']) retrieved from /home/ubuntu/.local/lib/python3.6/site-packages/airflow/example_dags/example_branch_operator.py
[2021-05-26 05:53:50,254] {logging_mixin.py:104} INFO - [2021-05-26 05:53:50,254] {dag.py:1832} INFO - Sync 1 DAGs
[2021-05-26 05:53:50,270] {logging_mixin.py:104} INFO - [2021-05-26 05:53:50,270] {dag.py:2305} INFO - Setting next_dagrun for example_branch_operator to 2021-05-24 00:00:00+00:00
[2021-05-26 05:53:50,290] {scheduler_job.py:190} INFO - Processing /home/ubuntu/.local/lib/python3.6/site-packages/airflow/example_dags/example_branch_operator.py took 0.081 seconds
[2021-05-26 05:54:23,093] {scheduler_job.py:182} INFO - Started process (PID=12231) to work on /home/ubuntu/.local/lib/python3.6/site-packages/airflow/example_dags/example_branch_operator.py
[2021-05-26 05:54:23,094] {scheduler_job.py:633} INFO - Processing file /home/ubuntu/.local/lib/python3.6/site-packages/airflow/example_dags/example_branch_operator.py for tasks to queue
[2021-05-26 05:54:23,095] {logging_mixin.py:104} INFO - [2021-05-26 05:54:23,095] {dagbag.py:487} INFO - Filling up the DagBag from /home/ubuntu/.local/lib/python3.6/site-packages/airflow/example_dags/example_branch_operator.py
[2021-05-26 05:54:23,110] {scheduler_job.py:643} INFO - DAG(s) dict_keys(['example_branch_operator']) retrieved from /home/ubuntu/.local/lib/python3.6/site-packages/airflow/example_dags/example_branch_operator.py
[2021-05-26 05:54:23,125] {logging_mixin.py:104} INFO - [2021-05-26 05:54:23,125] {dag.py:1832} INFO - Sync 1 DAGs
[2021-05-26 05:54:23,140] {logging_mixin.py:104} INFO - [2021-05-26 05:54:23,140] {dag.py:2305} INFO - Setting next_dagrun for example_branch_operator to 2021-05-24 00:00:00+00:00
[2021-05-26 05:54:23,162] {scheduler_job.py:190} INFO - Processing /home/ubuntu/.local/lib/python3.6/site-packages/airflow/example_dags/example_branch_operator.py took 0.071 seconds
[2021-05-26 05:54:58,594] {scheduler_job.py:182} INFO - Started process (PID=12379) to work on /home/ubuntu/.local/lib/python3.6/site-packages/airflow/example_dags/example_branch_operator.py
[2021-05-26 05:54:58,598] {scheduler_job.py:633} INFO - Processing file /home/ubuntu/.local/lib/python3.6/site-packages/airflow/example_dags/example_branch_operator.py for tasks to queue
[2021-05-26 05:54:58,603] {logging_mixin.py:104} INFO - [2021-05-26 05:54:58,603] {dagbag.py:487} INFO - Filling up the DagBag from /home/ubuntu/.local/lib/python3.6/site-packages/airflow/example_dags/example_branch_operator.py
[2021-05-26 05:54:58,623] {scheduler_job.py:643} INFO - DAG(s) dict_keys(['example_branch_operator']) retrieved from /home/ubuntu/.local/lib/python3.6/site-packages/airflow/example_dags/example_branch_operator.py
[2021-05-26 05:54:58,638] {logging_mixin.py:104} INFO - [2021-05-26 05:54:58,637] {dag.py:1832} INFO - Sync 1 DAGs
[2021-05-26 05:54:58,655] {logging_mixin.py:104} INFO - [2021-05-26 05:54:58,655] {dag.py:2305} INFO - Setting next_dagrun for example_branch_operator to 2021-05-24 00:00:00+00:00
[2021-05-26 05:54:58,673] {scheduler_job.py:190} INFO - Processing /home/ubuntu/.local/lib/python3.6/site-packages/airflow/example_dags/example_branch_operator.py took 0.081 seconds
[2021-05-26 05:56:12,460] {scheduler_job.py:182} INFO - Started process (PID=12696) to work on /home/ubuntu/.local/lib/python3.6/site-packages/airflow/example_dags/example_branch_operator.py
[2021-05-26 05:56:12,465] {scheduler_job.py:633} INFO - Processing file /home/ubuntu/.local/lib/python3.6/site-packages/airflow/example_dags/example_branch_operator.py for tasks to queue
[2021-05-26 05:56:12,472] {logging_mixin.py:104} INFO - [2021-05-26 05:56:12,471] {dagbag.py:487} INFO - Filling up the DagBag from /home/ubuntu/.local/lib/python3.6/site-packages/airflow/example_dags/example_branch_operator.py
[2021-05-26 05:56:12,491] {scheduler_job.py:643} INFO - DAG(s) dict_keys(['example_branch_operator']) retrieved from /home/ubuntu/.local/lib/python3.6/site-packages/airflow/example_dags/example_branch_operator.py
[2021-05-26 05:56:12,513] {logging_mixin.py:104} INFO - [2021-05-26 05:56:12,513] {dag.py:1832} INFO - Sync 1 DAGs
[2021-05-26 05:56:12,542] {logging_mixin.py:104} INFO - [2021-05-26 05:56:12,542] {dag.py:2305} INFO - Setting next_dagrun for example_branch_operator to 2021-05-24 00:00:00+00:00
[2021-05-26 05:56:12,584] {scheduler_job.py:190} INFO - Processing /home/ubuntu/.local/lib/python3.6/site-packages/airflow/example_dags/example_branch_operator.py took 0.126 seconds
[2021-05-26 05:56:46,864] {scheduler_job.py:182} INFO - Started process (PID=12858) to work on /home/ubuntu/.local/lib/python3.6/site-packages/airflow/example_dags/example_branch_operator.py
[2021-05-26 05:56:46,868] {scheduler_job.py:633} INFO - Processing file /home/ubuntu/.local/lib/python3.6/site-packages/airflow/example_dags/example_branch_operator.py for tasks to queue
[2021-05-26 05:56:46,873] {logging_mixin.py:104} INFO - [2021-05-26 05:56:46,873] {dagbag.py:487} INFO - Filling up the DagBag from /home/ubuntu/.local/lib/python3.6/site-packages/airflow/example_dags/example_branch_operator.py
[2021-05-26 05:56:46,892] {scheduler_job.py:643} INFO - DAG(s) dict_keys(['example_branch_operator']) retrieved from /home/ubuntu/.local/lib/python3.6/site-packages/airflow/example_dags/example_branch_operator.py
[2021-05-26 05:56:46,910] {logging_mixin.py:104} INFO - [2021-05-26 05:56:46,910] {dag.py:1832} INFO - Sync 1 DAGs
[2021-05-26 05:56:46,933] {logging_mixin.py:104} INFO - [2021-05-26 05:56:46,933] {dag.py:2305} INFO - Setting next_dagrun for example_branch_operator to 2021-05-24 00:00:00+00:00
[2021-05-26 05:56:46,960] {scheduler_job.py:190} INFO - Processing /home/ubuntu/.local/lib/python3.6/site-packages/airflow/example_dags/example_branch_operator.py took 0.099 seconds
[2021-05-26 05:57:22,550] {scheduler_job.py:182} INFO - Started process (PID=13033) to work on /home/ubuntu/.local/lib/python3.6/site-packages/airflow/example_dags/example_branch_operator.py
[2021-05-26 05:57:22,555] {scheduler_job.py:633} INFO - Processing file /home/ubuntu/.local/lib/python3.6/site-packages/airflow/example_dags/example_branch_operator.py for tasks to queue
[2021-05-26 05:57:22,558] {logging_mixin.py:104} INFO - [2021-05-26 05:57:22,558] {dagbag.py:487} INFO - Filling up the DagBag from /home/ubuntu/.local/lib/python3.6/site-packages/airflow/example_dags/example_branch_operator.py
[2021-05-26 05:57:22,576] {scheduler_job.py:643} INFO - DAG(s) dict_keys(['example_branch_operator']) retrieved from /home/ubuntu/.local/lib/python3.6/site-packages/airflow/example_dags/example_branch_operator.py
[2021-05-26 05:57:22,595] {logging_mixin.py:104} INFO - [2021-05-26 05:57:22,595] {dag.py:1832} INFO - Sync 1 DAGs
[2021-05-26 05:57:22,616] {logging_mixin.py:104} INFO - [2021-05-26 05:57:22,616] {dag.py:2305} INFO - Setting next_dagrun for example_branch_operator to 2021-05-24 00:00:00+00:00
[2021-05-26 05:57:22,644] {scheduler_job.py:190} INFO - Processing /home/ubuntu/.local/lib/python3.6/site-packages/airflow/example_dags/example_branch_operator.py took 0.096 seconds
[2021-05-26 05:57:55,446] {scheduler_job.py:182} INFO - Started process (PID=13161) to work on /home/ubuntu/.local/lib/python3.6/site-packages/airflow/example_dags/example_branch_operator.py
[2021-05-26 05:57:55,451] {scheduler_job.py:633} INFO - Processing file /home/ubuntu/.local/lib/python3.6/site-packages/airflow/example_dags/example_branch_operator.py for tasks to queue
[2021-05-26 05:57:55,454] {logging_mixin.py:104} INFO - [2021-05-26 05:57:55,454] {dagbag.py:487} INFO - Filling up the DagBag from /home/ubuntu/.local/lib/python3.6/site-packages/airflow/example_dags/example_branch_operator.py
[2021-05-26 05:57:55,472] {scheduler_job.py:643} INFO - DAG(s) dict_keys(['example_branch_operator']) retrieved from /home/ubuntu/.local/lib/python3.6/site-packages/airflow/example_dags/example_branch_operator.py
[2021-05-26 05:57:55,495] {logging_mixin.py:104} INFO - [2021-05-26 05:57:55,495] {dag.py:1832} INFO - Sync 1 DAGs
[2021-05-26 05:57:55,516] {logging_mixin.py:104} INFO - [2021-05-26 05:57:55,516] {dag.py:2305} INFO - Setting next_dagrun for example_branch_operator to 2021-05-24 00:00:00+00:00
[2021-05-26 05:57:55,535] {scheduler_job.py:190} INFO - Processing /home/ubuntu/.local/lib/python3.6/site-packages/airflow/example_dags/example_branch_operator.py took 0.091 seconds
[2021-05-26 05:58:27,668] {scheduler_job.py:182} INFO - Started process (PID=13312) to work on /home/ubuntu/.local/lib/python3.6/site-packages/airflow/example_dags/example_branch_operator.py
[2021-05-26 05:58:27,671] {scheduler_job.py:633} INFO - Processing file /home/ubuntu/.local/lib/python3.6/site-packages/airflow/example_dags/example_branch_operator.py for tasks to queue
[2021-05-26 05:58:27,671] {logging_mixin.py:104} INFO - [2021-05-26 05:58:27,671] {dagbag.py:487} INFO - Filling up the DagBag from /home/ubuntu/.local/lib/python3.6/site-packages/airflow/example_dags/example_branch_operator.py
[2021-05-26 05:58:27,690] {scheduler_job.py:643} INFO - DAG(s) dict_keys(['example_branch_operator']) retrieved from /home/ubuntu/.local/lib/python3.6/site-packages/airflow/example_dags/example_branch_operator.py
[2021-05-26 05:58:27,710] {logging_mixin.py:104} INFO - [2021-05-26 05:58:27,710] {dag.py:1832} INFO - Sync 1 DAGs
[2021-05-26 05:58:27,729] {logging_mixin.py:104} INFO - [2021-05-26 05:58:27,728] {dag.py:2305} INFO - Setting next_dagrun for example_branch_operator to 2021-05-24 00:00:00+00:00
[2021-05-26 05:58:27,746] {scheduler_job.py:190} INFO - Processing /home/ubuntu/.local/lib/python3.6/site-packages/airflow/example_dags/example_branch_operator.py took 0.080 seconds
[2021-05-26 05:59:02,937] {scheduler_job.py:182} INFO - Started process (PID=13480) to work on /home/ubuntu/.local/lib/python3.6/site-packages/airflow/example_dags/example_branch_operator.py
[2021-05-26 05:59:02,941] {scheduler_job.py:633} INFO - Processing file /home/ubuntu/.local/lib/python3.6/site-packages/airflow/example_dags/example_branch_operator.py for tasks to queue
[2021-05-26 05:59:02,946] {logging_mixin.py:104} INFO - [2021-05-26 05:59:02,946] {dagbag.py:487} INFO - Filling up the DagBag from /home/ubuntu/.local/lib/python3.6/site-packages/airflow/example_dags/example_branch_operator.py
[2021-05-26 05:59:02,964] {scheduler_job.py:643} INFO - DAG(s) dict_keys(['example_branch_operator']) retrieved from /home/ubuntu/.local/lib/python3.6/site-packages/airflow/example_dags/example_branch_operator.py
[2021-05-26 05:59:02,985] {logging_mixin.py:104} INFO - [2021-05-26 05:59:02,985] {dag.py:1832} INFO - Sync 1 DAGs
[2021-05-26 05:59:03,006] {logging_mixin.py:104} INFO - [2021-05-26 05:59:03,006] {dag.py:2305} INFO - Setting next_dagrun for example_branch_operator to 2021-05-24 00:00:00+00:00
[2021-05-26 05:59:03,032] {scheduler_job.py:190} INFO - Processing /home/ubuntu/.local/lib/python3.6/site-packages/airflow/example_dags/example_branch_operator.py took 0.097 seconds
[2021-05-26 05:59:35,915] {scheduler_job.py:182} INFO - Started process (PID=13652) to work on /home/ubuntu/.local/lib/python3.6/site-packages/airflow/example_dags/example_branch_operator.py
[2021-05-26 05:59:35,916] {scheduler_job.py:633} INFO - Processing file /home/ubuntu/.local/lib/python3.6/site-packages/airflow/example_dags/example_branch_operator.py for tasks to queue
[2021-05-26 05:59:35,917] {logging_mixin.py:104} INFO - [2021-05-26 05:59:35,917] {dagbag.py:487} INFO - Filling up the DagBag from /home/ubuntu/.local/lib/python3.6/site-packages/airflow/example_dags/example_branch_operator.py
[2021-05-26 05:59:35,940] {scheduler_job.py:643} INFO - DAG(s) dict_keys(['example_branch_operator']) retrieved from /home/ubuntu/.local/lib/python3.6/site-packages/airflow/example_dags/example_branch_operator.py
[2021-05-26 05:59:35,957] {logging_mixin.py:104} INFO - [2021-05-26 05:59:35,956] {dag.py:1832} INFO - Sync 1 DAGs
[2021-05-26 05:59:35,974] {logging_mixin.py:104} INFO - [2021-05-26 05:59:35,974] {dag.py:2305} INFO - Setting next_dagrun for example_branch_operator to 2021-05-24 00:00:00+00:00
[2021-05-26 05:59:35,989] {scheduler_job.py:190} INFO - Processing /home/ubuntu/.local/lib/python3.6/site-packages/airflow/example_dags/example_branch_operator.py took 0.076 seconds
[2021-05-26 06:00:11,831] {scheduler_job.py:182} INFO - Started process (PID=13846) to work on /home/ubuntu/.local/lib/python3.6/site-packages/airflow/example_dags/example_branch_operator.py
[2021-05-26 06:00:11,832] {scheduler_job.py:633} INFO - Processing file /home/ubuntu/.local/lib/python3.6/site-packages/airflow/example_dags/example_branch_operator.py for tasks to queue
[2021-05-26 06:00:11,833] {logging_mixin.py:104} INFO - [2021-05-26 06:00:11,833] {dagbag.py:487} INFO - Filling up the DagBag from /home/ubuntu/.local/lib/python3.6/site-packages/airflow/example_dags/example_branch_operator.py
[2021-05-26 06:00:11,896] {scheduler_job.py:643} INFO - DAG(s) dict_keys(['example_branch_operator']) retrieved from /home/ubuntu/.local/lib/python3.6/site-packages/airflow/example_dags/example_branch_operator.py
[2021-05-26 06:00:11,938] {logging_mixin.py:104} INFO - [2021-05-26 06:00:11,938] {dag.py:1832} INFO - Sync 1 DAGs
[2021-05-26 06:00:12,015] {logging_mixin.py:104} INFO - [2021-05-26 06:00:12,014] {dag.py:2305} INFO - Setting next_dagrun for example_branch_operator to 2021-05-24 00:00:00+00:00
[2021-05-26 06:00:12,077] {scheduler_job.py:190} INFO - Processing /home/ubuntu/.local/lib/python3.6/site-packages/airflow/example_dags/example_branch_operator.py took 0.248 seconds
[2021-05-26 06:00:50,872] {scheduler_job.py:182} INFO - Started process (PID=13998) to work on /home/ubuntu/.local/lib/python3.6/site-packages/airflow/example_dags/example_branch_operator.py
[2021-05-26 06:00:50,876] {scheduler_job.py:633} INFO - Processing file /home/ubuntu/.local/lib/python3.6/site-packages/airflow/example_dags/example_branch_operator.py for tasks to queue
[2021-05-26 06:00:50,880] {logging_mixin.py:104} INFO - [2021-05-26 06:00:50,880] {dagbag.py:487} INFO - Filling up the DagBag from /home/ubuntu/.local/lib/python3.6/site-packages/airflow/example_dags/example_branch_operator.py
[2021-05-26 06:00:50,898] {scheduler_job.py:643} INFO - DAG(s) dict_keys(['example_branch_operator']) retrieved from /home/ubuntu/.local/lib/python3.6/site-packages/airflow/example_dags/example_branch_operator.py
[2021-05-26 06:00:50,916] {logging_mixin.py:104} INFO - [2021-05-26 06:00:50,916] {dag.py:1832} INFO - Sync 1 DAGs
[2021-05-26 06:00:50,936] {logging_mixin.py:104} INFO - [2021-05-26 06:00:50,936] {dag.py:2305} INFO - Setting next_dagrun for example_branch_operator to 2021-05-24 00:00:00+00:00
[2021-05-26 06:00:50,963] {scheduler_job.py:190} INFO - Processing /home/ubuntu/.local/lib/python3.6/site-packages/airflow/example_dags/example_branch_operator.py took 0.093 seconds
[2021-05-26 06:01:25,154] {scheduler_job.py:182} INFO - Started process (PID=14162) to work on /home/ubuntu/.local/lib/python3.6/site-packages/airflow/example_dags/example_branch_operator.py
[2021-05-26 06:01:25,166] {scheduler_job.py:633} INFO - Processing file /home/ubuntu/.local/lib/python3.6/site-packages/airflow/example_dags/example_branch_operator.py for tasks to queue
[2021-05-26 06:01:25,171] {logging_mixin.py:104} INFO - [2021-05-26 06:01:25,171] {dagbag.py:487} INFO - Filling up the DagBag from /home/ubuntu/.local/lib/python3.6/site-packages/airflow/example_dags/example_branch_operator.py
[2021-05-26 06:01:25,219] {scheduler_job.py:643} INFO - DAG(s) dict_keys(['example_branch_operator']) retrieved from /home/ubuntu/.local/lib/python3.6/site-packages/airflow/example_dags/example_branch_operator.py
[2021-05-26 06:01:25,244] {logging_mixin.py:104} INFO - [2021-05-26 06:01:25,244] {dag.py:1832} INFO - Sync 1 DAGs
[2021-05-26 06:01:25,276] {logging_mixin.py:104} INFO - [2021-05-26 06:01:25,276] {dag.py:2305} INFO - Setting next_dagrun for example_branch_operator to 2021-05-24 00:00:00+00:00
[2021-05-26 06:01:25,303] {scheduler_job.py:190} INFO - Processing /home/ubuntu/.local/lib/python3.6/site-packages/airflow/example_dags/example_branch_operator.py took 0.151 seconds
[2021-05-26 06:02:12,270] {scheduler_job.py:182} INFO - Started process (PID=14393) to work on /home/ubuntu/.local/lib/python3.6/site-packages/airflow/example_dags/example_branch_operator.py
[2021-05-26 06:02:12,275] {scheduler_job.py:633} INFO - Processing file /home/ubuntu/.local/lib/python3.6/site-packages/airflow/example_dags/example_branch_operator.py for tasks to queue
[2021-05-26 06:02:12,279] {logging_mixin.py:104} INFO - [2021-05-26 06:02:12,279] {dagbag.py:487} INFO - Filling up the DagBag from /home/ubuntu/.local/lib/python3.6/site-packages/airflow/example_dags/example_branch_operator.py
[2021-05-26 06:02:12,299] {scheduler_job.py:643} INFO - DAG(s) dict_keys(['example_branch_operator']) retrieved from /home/ubuntu/.local/lib/python3.6/site-packages/airflow/example_dags/example_branch_operator.py
[2021-05-26 06:02:12,595] {logging_mixin.py:104} INFO - [2021-05-26 06:02:12,595] {dag.py:1832} INFO - Sync 1 DAGs
[2021-05-26 06:02:12,617] {logging_mixin.py:104} INFO - [2021-05-26 06:02:12,617] {dag.py:2305} INFO - Setting next_dagrun for example_branch_operator to 2021-05-24 00:00:00+00:00
[2021-05-26 06:02:12,650] {scheduler_job.py:190} INFO - Processing /home/ubuntu/.local/lib/python3.6/site-packages/airflow/example_dags/example_branch_operator.py took 0.382 seconds
[2021-05-26 06:02:51,497] {scheduler_job.py:182} INFO - Started process (PID=14578) to work on /home/ubuntu/.local/lib/python3.6/site-packages/airflow/example_dags/example_branch_operator.py
[2021-05-26 06:02:51,502] {scheduler_job.py:633} INFO - Processing file /home/ubuntu/.local/lib/python3.6/site-packages/airflow/example_dags/example_branch_operator.py for tasks to queue
[2021-05-26 06:02:51,506] {logging_mixin.py:104} INFO - [2021-05-26 06:02:51,506] {dagbag.py:487} INFO - Filling up the DagBag from /home/ubuntu/.local/lib/python3.6/site-packages/airflow/example_dags/example_branch_operator.py
[2021-05-26 06:02:51,526] {scheduler_job.py:643} INFO - DAG(s) dict_keys(['example_branch_operator']) retrieved from /home/ubuntu/.local/lib/python3.6/site-packages/airflow/example_dags/example_branch_operator.py
[2021-05-26 06:02:51,543] {logging_mixin.py:104} INFO - [2021-05-26 06:02:51,543] {dag.py:1832} INFO - Sync 1 DAGs
[2021-05-26 06:02:51,567] {logging_mixin.py:104} INFO - [2021-05-26 06:02:51,567] {dag.py:2305} INFO - Setting next_dagrun for example_branch_operator to 2021-05-24 00:00:00+00:00
[2021-05-26 06:02:51,597] {scheduler_job.py:190} INFO - Processing /home/ubuntu/.local/lib/python3.6/site-packages/airflow/example_dags/example_branch_operator.py took 0.102 seconds
[2021-05-26 06:03:31,797] {scheduler_job.py:182} INFO - Started process (PID=14792) to work on /home/ubuntu/.local/lib/python3.6/site-packages/airflow/example_dags/example_branch_operator.py
[2021-05-26 06:03:31,799] {scheduler_job.py:633} INFO - Processing file /home/ubuntu/.local/lib/python3.6/site-packages/airflow/example_dags/example_branch_operator.py for tasks to queue
[2021-05-26 06:03:31,800] {logging_mixin.py:104} INFO - [2021-05-26 06:03:31,799] {dagbag.py:487} INFO - Filling up the DagBag from /home/ubuntu/.local/lib/python3.6/site-packages/airflow/example_dags/example_branch_operator.py
[2021-05-26 06:03:31,818] {scheduler_job.py:643} INFO - DAG(s) dict_keys(['example_branch_operator']) retrieved from /home/ubuntu/.local/lib/python3.6/site-packages/airflow/example_dags/example_branch_operator.py
[2021-05-26 06:03:31,839] {logging_mixin.py:104} INFO - [2021-05-26 06:03:31,839] {dag.py:1832} INFO - Sync 1 DAGs
[2021-05-26 06:03:31,859] {logging_mixin.py:104} INFO - [2021-05-26 06:03:31,858] {dag.py:2305} INFO - Setting next_dagrun for example_branch_operator to 2021-05-24 00:00:00+00:00
[2021-05-26 06:03:31,879] {scheduler_job.py:190} INFO - Processing /home/ubuntu/.local/lib/python3.6/site-packages/airflow/example_dags/example_branch_operator.py took 0.084 seconds
[2021-05-26 06:04:10,336] {scheduler_job.py:182} INFO - Started process (PID=14980) to work on /home/ubuntu/.local/lib/python3.6/site-packages/airflow/example_dags/example_branch_operator.py
[2021-05-26 06:04:10,337] {scheduler_job.py:633} INFO - Processing file /home/ubuntu/.local/lib/python3.6/site-packages/airflow/example_dags/example_branch_operator.py for tasks to queue
[2021-05-26 06:04:10,337] {logging_mixin.py:104} INFO - [2021-05-26 06:04:10,337] {dagbag.py:487} INFO - Filling up the DagBag from /home/ubuntu/.local/lib/python3.6/site-packages/airflow/example_dags/example_branch_operator.py
[2021-05-26 06:04:10,357] {scheduler_job.py:643} INFO - DAG(s) dict_keys(['example_branch_operator']) retrieved from /home/ubuntu/.local/lib/python3.6/site-packages/airflow/example_dags/example_branch_operator.py
[2021-05-26 06:04:10,381] {logging_mixin.py:104} INFO - [2021-05-26 06:04:10,381] {dag.py:1832} INFO - Sync 1 DAGs
[2021-05-26 06:04:10,402] {logging_mixin.py:104} INFO - [2021-05-26 06:04:10,402] {dag.py:2305} INFO - Setting next_dagrun for example_branch_operator to 2021-05-24 00:00:00+00:00
[2021-05-26 06:04:10,424] {scheduler_job.py:190} INFO - Processing /home/ubuntu/.local/lib/python3.6/site-packages/airflow/example_dags/example_branch_operator.py took 0.090 seconds
[2021-05-26 06:04:46,791] {scheduler_job.py:182} INFO - Started process (PID=15122) to work on /home/ubuntu/.local/lib/python3.6/site-packages/airflow/example_dags/example_branch_operator.py
[2021-05-26 06:04:46,796] {scheduler_job.py:633} INFO - Processing file /home/ubuntu/.local/lib/python3.6/site-packages/airflow/example_dags/example_branch_operator.py for tasks to queue
[2021-05-26 06:04:46,800] {logging_mixin.py:104} INFO - [2021-05-26 06:04:46,800] {dagbag.py:487} INFO - Filling up the DagBag from /home/ubuntu/.local/lib/python3.6/site-packages/airflow/example_dags/example_branch_operator.py
[2021-05-26 06:04:46,820] {scheduler_job.py:643} INFO - DAG(s) dict_keys(['example_branch_operator']) retrieved from /home/ubuntu/.local/lib/python3.6/site-packages/airflow/example_dags/example_branch_operator.py
[2021-05-26 06:04:46,841] {logging_mixin.py:104} INFO - [2021-05-26 06:04:46,841] {dag.py:1832} INFO - Sync 1 DAGs
[2021-05-26 06:04:46,863] {logging_mixin.py:104} INFO - [2021-05-26 06:04:46,862] {dag.py:2305} INFO - Setting next_dagrun for example_branch_operator to 2021-05-24 00:00:00+00:00
[2021-05-26 06:04:46,893] {scheduler_job.py:190} INFO - Processing /home/ubuntu/.local/lib/python3.6/site-packages/airflow/example_dags/example_branch_operator.py took 0.104 seconds
[2021-05-26 06:05:21,092] {scheduler_job.py:182} INFO - Started process (PID=15283) to work on /home/ubuntu/.local/lib/python3.6/site-packages/airflow/example_dags/example_branch_operator.py
[2021-05-26 06:05:21,097] {scheduler_job.py:633} INFO - Processing file /home/ubuntu/.local/lib/python3.6/site-packages/airflow/example_dags/example_branch_operator.py for tasks to queue
[2021-05-26 06:05:21,101] {logging_mixin.py:104} INFO - [2021-05-26 06:05:21,101] {dagbag.py:487} INFO - Filling up the DagBag from /home/ubuntu/.local/lib/python3.6/site-packages/airflow/example_dags/example_branch_operator.py
[2021-05-26 06:05:21,121] {scheduler_job.py:643} INFO - DAG(s) dict_keys(['example_branch_operator']) retrieved from /home/ubuntu/.local/lib/python3.6/site-packages/airflow/example_dags/example_branch_operator.py
[2021-05-26 06:05:21,142] {logging_mixin.py:104} INFO - [2021-05-26 06:05:21,141] {dag.py:1832} INFO - Sync 1 DAGs
[2021-05-26 06:05:21,168] {logging_mixin.py:104} INFO - [2021-05-26 06:05:21,168] {dag.py:2305} INFO - Setting next_dagrun for example_branch_operator to 2021-05-24 00:00:00+00:00
[2021-05-26 06:05:21,197] {scheduler_job.py:190} INFO - Processing /home/ubuntu/.local/lib/python3.6/site-packages/airflow/example_dags/example_branch_operator.py took 0.107 seconds
[2021-05-26 06:06:02,203] {scheduler_job.py:182} INFO - Started process (PID=15431) to work on /home/ubuntu/.local/lib/python3.6/site-packages/airflow/example_dags/example_branch_operator.py
[2021-05-26 06:06:02,208] {scheduler_job.py:633} INFO - Processing file /home/ubuntu/.local/lib/python3.6/site-packages/airflow/example_dags/example_branch_operator.py for tasks to queue
[2021-05-26 06:06:02,212] {logging_mixin.py:104} INFO - [2021-05-26 06:06:02,211] {dagbag.py:487} INFO - Filling up the DagBag from /home/ubuntu/.local/lib/python3.6/site-packages/airflow/example_dags/example_branch_operator.py
[2021-05-26 06:06:02,232] {scheduler_job.py:643} INFO - DAG(s) dict_keys(['example_branch_operator']) retrieved from /home/ubuntu/.local/lib/python3.6/site-packages/airflow/example_dags/example_branch_operator.py
[2021-05-26 06:06:02,745] {logging_mixin.py:104} INFO - [2021-05-26 06:06:02,744] {dag.py:1832} INFO - Sync 1 DAGs
[2021-05-26 06:06:02,761] {logging_mixin.py:104} INFO - [2021-05-26 06:06:02,761] {dag.py:1851} INFO - Creating ORM DAG for example_branch_operator
[2021-05-26 06:06:02,773] {logging_mixin.py:104} INFO - [2021-05-26 06:06:02,773] {dag.py:2305} INFO - Setting next_dagrun for example_branch_operator to 2021-05-24 00:00:00+00:00
[2021-05-26 06:06:02,805] {scheduler_job.py:190} INFO - Processing /home/ubuntu/.local/lib/python3.6/site-packages/airflow/example_dags/example_branch_operator.py took 0.605 seconds
[2021-05-26 06:06:45,346] {scheduler_job.py:182} INFO - Started process (PID=15591) to work on /home/ubuntu/.local/lib/python3.6/site-packages/airflow/example_dags/example_branch_operator.py
[2021-05-26 06:06:45,351] {scheduler_job.py:633} INFO - Processing file /home/ubuntu/.local/lib/python3.6/site-packages/airflow/example_dags/example_branch_operator.py for tasks to queue
[2021-05-26 06:06:45,355] {logging_mixin.py:104} INFO - [2021-05-26 06:06:45,355] {dagbag.py:487} INFO - Filling up the DagBag from /home/ubuntu/.local/lib/python3.6/site-packages/airflow/example_dags/example_branch_operator.py
[2021-05-26 06:06:45,375] {scheduler_job.py:643} INFO - DAG(s) dict_keys(['example_branch_operator']) retrieved from /home/ubuntu/.local/lib/python3.6/site-packages/airflow/example_dags/example_branch_operator.py
[2021-05-26 06:06:45,714] {logging_mixin.py:104} INFO - [2021-05-26 06:06:45,713] {dag.py:1832} INFO - Sync 1 DAGs
[2021-05-26 06:06:45,726] {logging_mixin.py:104} INFO - [2021-05-26 06:06:45,726] {dag.py:1851} INFO - Creating ORM DAG for example_branch_operator
[2021-05-26 06:06:45,739] {logging_mixin.py:104} INFO - [2021-05-26 06:06:45,739] {dag.py:2305} INFO - Setting next_dagrun for example_branch_operator to 2021-05-24 00:00:00+00:00
[2021-05-26 06:06:45,773] {scheduler_job.py:190} INFO - Processing /home/ubuntu/.local/lib/python3.6/site-packages/airflow/example_dags/example_branch_operator.py took 0.428 seconds
[2021-05-26 06:07:32,341] {scheduler_job.py:182} INFO - Started process (PID=15820) to work on /home/ubuntu/.local/lib/python3.6/site-packages/airflow/example_dags/example_branch_operator.py
[2021-05-26 06:07:32,346] {scheduler_job.py:633} INFO - Processing file /home/ubuntu/.local/lib/python3.6/site-packages/airflow/example_dags/example_branch_operator.py for tasks to queue
[2021-05-26 06:07:32,350] {logging_mixin.py:104} INFO - [2021-05-26 06:07:32,350] {dagbag.py:487} INFO - Filling up the DagBag from /home/ubuntu/.local/lib/python3.6/site-packages/airflow/example_dags/example_branch_operator.py
[2021-05-26 06:07:32,377] {scheduler_job.py:643} INFO - DAG(s) dict_keys(['example_branch_operator']) retrieved from /home/ubuntu/.local/lib/python3.6/site-packages/airflow/example_dags/example_branch_operator.py
[2021-05-26 06:07:32,400] {logging_mixin.py:104} INFO - [2021-05-26 06:07:32,400] {dag.py:1832} INFO - Sync 1 DAGs
[2021-05-26 06:07:32,425] {logging_mixin.py:104} INFO - [2021-05-26 06:07:32,425] {dag.py:2305} INFO - Setting next_dagrun for example_branch_operator to 2021-05-24 00:00:00+00:00
[2021-05-26 06:07:32,480] {scheduler_job.py:190} INFO - Processing /home/ubuntu/.local/lib/python3.6/site-packages/airflow/example_dags/example_branch_operator.py took 0.141 seconds
[2021-05-26 06:08:08,510] {scheduler_job.py:182} INFO - Started process (PID=15985) to work on /home/ubuntu/.local/lib/python3.6/site-packages/airflow/example_dags/example_branch_operator.py
[2021-05-26 06:08:08,514] {scheduler_job.py:633} INFO - Processing file /home/ubuntu/.local/lib/python3.6/site-packages/airflow/example_dags/example_branch_operator.py for tasks to queue
[2021-05-26 06:08:08,518] {logging_mixin.py:104} INFO - [2021-05-26 06:08:08,518] {dagbag.py:487} INFO - Filling up the DagBag from /home/ubuntu/.local/lib/python3.6/site-packages/airflow/example_dags/example_branch_operator.py
[2021-05-26 06:08:08,545] {scheduler_job.py:643} INFO - DAG(s) dict_keys(['example_branch_operator']) retrieved from /home/ubuntu/.local/lib/python3.6/site-packages/airflow/example_dags/example_branch_operator.py
[2021-05-26 06:08:08,582] {logging_mixin.py:104} INFO - [2021-05-26 06:08:08,582] {dag.py:1832} INFO - Sync 1 DAGs
[2021-05-26 06:08:08,613] {logging_mixin.py:104} INFO - [2021-05-26 06:08:08,613] {dag.py:2305} INFO - Setting next_dagrun for example_branch_operator to 2021-05-24 00:00:00+00:00
[2021-05-26 06:08:08,658] {scheduler_job.py:190} INFO - Processing /home/ubuntu/.local/lib/python3.6/site-packages/airflow/example_dags/example_branch_operator.py took 0.151 seconds
