[2021-05-26 05:47:55,731] {scheduler_job.py:182} INFO - Started process (PID=10674) to work on /home/ubuntu/.local/lib/python3.6/site-packages/airflow/example_dags/example_branch_labels.py
[2021-05-26 05:47:55,732] {scheduler_job.py:633} INFO - Processing file /home/ubuntu/.local/lib/python3.6/site-packages/airflow/example_dags/example_branch_labels.py for tasks to queue
[2021-05-26 05:47:55,733] {logging_mixin.py:104} INFO - [2021-05-26 05:47:55,733] {dagbag.py:487} INFO - Filling up the DagBag from /home/ubuntu/.local/lib/python3.6/site-packages/airflow/example_dags/example_branch_labels.py
[2021-05-26 05:47:55,744] {scheduler_job.py:643} INFO - DAG(s) dict_keys(['example_branch_labels']) retrieved from /home/ubuntu/.local/lib/python3.6/site-packages/airflow/example_dags/example_branch_labels.py
[2021-05-26 05:47:55,757] {logging_mixin.py:104} INFO - [2021-05-26 05:47:55,757] {dag.py:1832} INFO - Sync 1 DAGs
[2021-05-26 05:47:55,773] {logging_mixin.py:104} INFO - [2021-05-26 05:47:55,773] {dag.py:2305} INFO - Setting next_dagrun for example_branch_labels to 2021-05-24 00:00:00+00:00
[2021-05-26 05:47:55,792] {scheduler_job.py:190} INFO - Processing /home/ubuntu/.local/lib/python3.6/site-packages/airflow/example_dags/example_branch_labels.py took 0.063 seconds
[2021-05-26 05:48:30,352] {scheduler_job.py:182} INFO - Started process (PID=10832) to work on /home/ubuntu/.local/lib/python3.6/site-packages/airflow/example_dags/example_branch_labels.py
[2021-05-26 05:48:30,356] {scheduler_job.py:633} INFO - Processing file /home/ubuntu/.local/lib/python3.6/site-packages/airflow/example_dags/example_branch_labels.py for tasks to queue
[2021-05-26 05:48:30,357] {logging_mixin.py:104} INFO - [2021-05-26 05:48:30,357] {dagbag.py:487} INFO - Filling up the DagBag from /home/ubuntu/.local/lib/python3.6/site-packages/airflow/example_dags/example_branch_labels.py
[2021-05-26 05:48:30,370] {scheduler_job.py:643} INFO - DAG(s) dict_keys(['example_branch_labels']) retrieved from /home/ubuntu/.local/lib/python3.6/site-packages/airflow/example_dags/example_branch_labels.py
[2021-05-26 05:48:30,383] {logging_mixin.py:104} INFO - [2021-05-26 05:48:30,383] {dag.py:1832} INFO - Sync 1 DAGs
[2021-05-26 05:48:30,398] {logging_mixin.py:104} INFO - [2021-05-26 05:48:30,398] {dag.py:2305} INFO - Setting next_dagrun for example_branch_labels to 2021-05-24 00:00:00+00:00
[2021-05-26 05:48:30,415] {scheduler_job.py:190} INFO - Processing /home/ubuntu/.local/lib/python3.6/site-packages/airflow/example_dags/example_branch_labels.py took 0.065 seconds
[2021-05-26 05:49:01,892] {scheduler_job.py:182} INFO - Started process (PID=10953) to work on /home/ubuntu/.local/lib/python3.6/site-packages/airflow/example_dags/example_branch_labels.py
[2021-05-26 05:49:01,895] {scheduler_job.py:633} INFO - Processing file /home/ubuntu/.local/lib/python3.6/site-packages/airflow/example_dags/example_branch_labels.py for tasks to queue
[2021-05-26 05:49:01,895] {logging_mixin.py:104} INFO - [2021-05-26 05:49:01,895] {dagbag.py:487} INFO - Filling up the DagBag from /home/ubuntu/.local/lib/python3.6/site-packages/airflow/example_dags/example_branch_labels.py
[2021-05-26 05:49:01,909] {scheduler_job.py:643} INFO - DAG(s) dict_keys(['example_branch_labels']) retrieved from /home/ubuntu/.local/lib/python3.6/site-packages/airflow/example_dags/example_branch_labels.py
[2021-05-26 05:49:01,923] {logging_mixin.py:104} INFO - [2021-05-26 05:49:01,923] {dag.py:1832} INFO - Sync 1 DAGs
[2021-05-26 05:49:01,938] {logging_mixin.py:104} INFO - [2021-05-26 05:49:01,938] {dag.py:2305} INFO - Setting next_dagrun for example_branch_labels to 2021-05-24 00:00:00+00:00
[2021-05-26 05:49:01,960] {scheduler_job.py:190} INFO - Processing /home/ubuntu/.local/lib/python3.6/site-packages/airflow/example_dags/example_branch_labels.py took 0.070 seconds
[2021-05-26 05:49:33,611] {scheduler_job.py:182} INFO - Started process (PID=11100) to work on /home/ubuntu/.local/lib/python3.6/site-packages/airflow/example_dags/example_branch_labels.py
[2021-05-26 05:49:33,614] {scheduler_job.py:633} INFO - Processing file /home/ubuntu/.local/lib/python3.6/site-packages/airflow/example_dags/example_branch_labels.py for tasks to queue
[2021-05-26 05:49:33,617] {logging_mixin.py:104} INFO - [2021-05-26 05:49:33,617] {dagbag.py:487} INFO - Filling up the DagBag from /home/ubuntu/.local/lib/python3.6/site-packages/airflow/example_dags/example_branch_labels.py
[2021-05-26 05:49:33,628] {scheduler_job.py:643} INFO - DAG(s) dict_keys(['example_branch_labels']) retrieved from /home/ubuntu/.local/lib/python3.6/site-packages/airflow/example_dags/example_branch_labels.py
[2021-05-26 05:49:33,641] {logging_mixin.py:104} INFO - [2021-05-26 05:49:33,641] {dag.py:1832} INFO - Sync 1 DAGs
[2021-05-26 05:49:33,657] {logging_mixin.py:104} INFO - [2021-05-26 05:49:33,657] {dag.py:2305} INFO - Setting next_dagrun for example_branch_labels to 2021-05-24 00:00:00+00:00
[2021-05-26 05:49:33,671] {scheduler_job.py:190} INFO - Processing /home/ubuntu/.local/lib/python3.6/site-packages/airflow/example_dags/example_branch_labels.py took 0.062 seconds
[2021-05-26 05:50:05,874] {scheduler_job.py:182} INFO - Started process (PID=11227) to work on /home/ubuntu/.local/lib/python3.6/site-packages/airflow/example_dags/example_branch_labels.py
[2021-05-26 05:50:05,879] {scheduler_job.py:633} INFO - Processing file /home/ubuntu/.local/lib/python3.6/site-packages/airflow/example_dags/example_branch_labels.py for tasks to queue
[2021-05-26 05:50:05,880] {logging_mixin.py:104} INFO - [2021-05-26 05:50:05,880] {dagbag.py:487} INFO - Filling up the DagBag from /home/ubuntu/.local/lib/python3.6/site-packages/airflow/example_dags/example_branch_labels.py
[2021-05-26 05:50:05,892] {scheduler_job.py:643} INFO - DAG(s) dict_keys(['example_branch_labels']) retrieved from /home/ubuntu/.local/lib/python3.6/site-packages/airflow/example_dags/example_branch_labels.py
[2021-05-26 05:50:05,905] {logging_mixin.py:104} INFO - [2021-05-26 05:50:05,905] {dag.py:1832} INFO - Sync 1 DAGs
[2021-05-26 05:50:05,922] {logging_mixin.py:104} INFO - [2021-05-26 05:50:05,922] {dag.py:2305} INFO - Setting next_dagrun for example_branch_labels to 2021-05-24 00:00:00+00:00
[2021-05-26 05:50:05,937] {scheduler_job.py:190} INFO - Processing /home/ubuntu/.local/lib/python3.6/site-packages/airflow/example_dags/example_branch_labels.py took 0.064 seconds
[2021-05-26 05:50:39,759] {scheduler_job.py:182} INFO - Started process (PID=11356) to work on /home/ubuntu/.local/lib/python3.6/site-packages/airflow/example_dags/example_branch_labels.py
[2021-05-26 05:50:39,762] {scheduler_job.py:633} INFO - Processing file /home/ubuntu/.local/lib/python3.6/site-packages/airflow/example_dags/example_branch_labels.py for tasks to queue
[2021-05-26 05:50:39,764] {logging_mixin.py:104} INFO - [2021-05-26 05:50:39,763] {dagbag.py:487} INFO - Filling up the DagBag from /home/ubuntu/.local/lib/python3.6/site-packages/airflow/example_dags/example_branch_labels.py
[2021-05-26 05:50:39,775] {scheduler_job.py:643} INFO - DAG(s) dict_keys(['example_branch_labels']) retrieved from /home/ubuntu/.local/lib/python3.6/site-packages/airflow/example_dags/example_branch_labels.py
[2021-05-26 05:50:39,789] {logging_mixin.py:104} INFO - [2021-05-26 05:50:39,789] {dag.py:1832} INFO - Sync 1 DAGs
[2021-05-26 05:50:39,808] {logging_mixin.py:104} INFO - [2021-05-26 05:50:39,807] {dag.py:2305} INFO - Setting next_dagrun for example_branch_labels to 2021-05-24 00:00:00+00:00
[2021-05-26 05:50:39,824] {scheduler_job.py:190} INFO - Processing /home/ubuntu/.local/lib/python3.6/site-packages/airflow/example_dags/example_branch_labels.py took 0.067 seconds
[2021-05-26 05:51:12,217] {scheduler_job.py:182} INFO - Started process (PID=11484) to work on /home/ubuntu/.local/lib/python3.6/site-packages/airflow/example_dags/example_branch_labels.py
[2021-05-26 05:51:12,219] {scheduler_job.py:633} INFO - Processing file /home/ubuntu/.local/lib/python3.6/site-packages/airflow/example_dags/example_branch_labels.py for tasks to queue
[2021-05-26 05:51:12,220] {logging_mixin.py:104} INFO - [2021-05-26 05:51:12,220] {dagbag.py:487} INFO - Filling up the DagBag from /home/ubuntu/.local/lib/python3.6/site-packages/airflow/example_dags/example_branch_labels.py
[2021-05-26 05:51:12,234] {scheduler_job.py:643} INFO - DAG(s) dict_keys(['example_branch_labels']) retrieved from /home/ubuntu/.local/lib/python3.6/site-packages/airflow/example_dags/example_branch_labels.py
[2021-05-26 05:51:12,251] {logging_mixin.py:104} INFO - [2021-05-26 05:51:12,251] {dag.py:1832} INFO - Sync 1 DAGs
[2021-05-26 05:51:12,280] {logging_mixin.py:104} INFO - [2021-05-26 05:51:12,279] {dag.py:2305} INFO - Setting next_dagrun for example_branch_labels to 2021-05-24 00:00:00+00:00
[2021-05-26 05:51:12,298] {scheduler_job.py:190} INFO - Processing /home/ubuntu/.local/lib/python3.6/site-packages/airflow/example_dags/example_branch_labels.py took 0.083 seconds
[2021-05-26 05:51:43,144] {scheduler_job.py:182} INFO - Started process (PID=11605) to work on /home/ubuntu/.local/lib/python3.6/site-packages/airflow/example_dags/example_branch_labels.py
[2021-05-26 05:51:43,146] {scheduler_job.py:633} INFO - Processing file /home/ubuntu/.local/lib/python3.6/site-packages/airflow/example_dags/example_branch_labels.py for tasks to queue
[2021-05-26 05:51:43,147] {logging_mixin.py:104} INFO - [2021-05-26 05:51:43,147] {dagbag.py:487} INFO - Filling up the DagBag from /home/ubuntu/.local/lib/python3.6/site-packages/airflow/example_dags/example_branch_labels.py
[2021-05-26 05:51:43,162] {scheduler_job.py:643} INFO - DAG(s) dict_keys(['example_branch_labels']) retrieved from /home/ubuntu/.local/lib/python3.6/site-packages/airflow/example_dags/example_branch_labels.py
[2021-05-26 05:51:43,179] {logging_mixin.py:104} INFO - [2021-05-26 05:51:43,179] {dag.py:1832} INFO - Sync 1 DAGs
[2021-05-26 05:51:43,199] {logging_mixin.py:104} INFO - [2021-05-26 05:51:43,198] {dag.py:2305} INFO - Setting next_dagrun for example_branch_labels to 2021-05-24 00:00:00+00:00
[2021-05-26 05:51:43,217] {scheduler_job.py:190} INFO - Processing /home/ubuntu/.local/lib/python3.6/site-packages/airflow/example_dags/example_branch_labels.py took 0.076 seconds
[2021-05-26 05:52:16,201] {scheduler_job.py:182} INFO - Started process (PID=11733) to work on /home/ubuntu/.local/lib/python3.6/site-packages/airflow/example_dags/example_branch_labels.py
[2021-05-26 05:52:16,204] {scheduler_job.py:633} INFO - Processing file /home/ubuntu/.local/lib/python3.6/site-packages/airflow/example_dags/example_branch_labels.py for tasks to queue
[2021-05-26 05:52:16,204] {logging_mixin.py:104} INFO - [2021-05-26 05:52:16,204] {dagbag.py:487} INFO - Filling up the DagBag from /home/ubuntu/.local/lib/python3.6/site-packages/airflow/example_dags/example_branch_labels.py
[2021-05-26 05:52:16,215] {scheduler_job.py:643} INFO - DAG(s) dict_keys(['example_branch_labels']) retrieved from /home/ubuntu/.local/lib/python3.6/site-packages/airflow/example_dags/example_branch_labels.py
[2021-05-26 05:52:16,228] {logging_mixin.py:104} INFO - [2021-05-26 05:52:16,227] {dag.py:1832} INFO - Sync 1 DAGs
[2021-05-26 05:52:16,245] {logging_mixin.py:104} INFO - [2021-05-26 05:52:16,244] {dag.py:2305} INFO - Setting next_dagrun for example_branch_labels to 2021-05-24 00:00:00+00:00
[2021-05-26 05:52:16,262] {scheduler_job.py:190} INFO - Processing /home/ubuntu/.local/lib/python3.6/site-packages/airflow/example_dags/example_branch_labels.py took 0.063 seconds
[2021-05-26 05:52:47,155] {scheduler_job.py:182} INFO - Started process (PID=11854) to work on /home/ubuntu/.local/lib/python3.6/site-packages/airflow/example_dags/example_branch_labels.py
[2021-05-26 05:52:47,156] {scheduler_job.py:633} INFO - Processing file /home/ubuntu/.local/lib/python3.6/site-packages/airflow/example_dags/example_branch_labels.py for tasks to queue
[2021-05-26 05:52:47,157] {logging_mixin.py:104} INFO - [2021-05-26 05:52:47,156] {dagbag.py:487} INFO - Filling up the DagBag from /home/ubuntu/.local/lib/python3.6/site-packages/airflow/example_dags/example_branch_labels.py
[2021-05-26 05:52:47,168] {scheduler_job.py:643} INFO - DAG(s) dict_keys(['example_branch_labels']) retrieved from /home/ubuntu/.local/lib/python3.6/site-packages/airflow/example_dags/example_branch_labels.py
[2021-05-26 05:52:47,184] {logging_mixin.py:104} INFO - [2021-05-26 05:52:47,184] {dag.py:1832} INFO - Sync 1 DAGs
[2021-05-26 05:52:47,201] {logging_mixin.py:104} INFO - [2021-05-26 05:52:47,201] {dag.py:2305} INFO - Setting next_dagrun for example_branch_labels to 2021-05-24 00:00:00+00:00
[2021-05-26 05:52:47,217] {scheduler_job.py:190} INFO - Processing /home/ubuntu/.local/lib/python3.6/site-packages/airflow/example_dags/example_branch_labels.py took 0.064 seconds
[2021-05-26 05:53:19,903] {scheduler_job.py:182} INFO - Started process (PID=11982) to work on /home/ubuntu/.local/lib/python3.6/site-packages/airflow/example_dags/example_branch_labels.py
[2021-05-26 05:53:19,905] {scheduler_job.py:633} INFO - Processing file /home/ubuntu/.local/lib/python3.6/site-packages/airflow/example_dags/example_branch_labels.py for tasks to queue
[2021-05-26 05:53:19,906] {logging_mixin.py:104} INFO - [2021-05-26 05:53:19,906] {dagbag.py:487} INFO - Filling up the DagBag from /home/ubuntu/.local/lib/python3.6/site-packages/airflow/example_dags/example_branch_labels.py
[2021-05-26 05:53:19,918] {scheduler_job.py:643} INFO - DAG(s) dict_keys(['example_branch_labels']) retrieved from /home/ubuntu/.local/lib/python3.6/site-packages/airflow/example_dags/example_branch_labels.py
[2021-05-26 05:53:19,934] {logging_mixin.py:104} INFO - [2021-05-26 05:53:19,934] {dag.py:1832} INFO - Sync 1 DAGs
[2021-05-26 05:53:19,950] {logging_mixin.py:104} INFO - [2021-05-26 05:53:19,950] {dag.py:2305} INFO - Setting next_dagrun for example_branch_labels to 2021-05-24 00:00:00+00:00
[2021-05-26 05:53:19,967] {scheduler_job.py:190} INFO - Processing /home/ubuntu/.local/lib/python3.6/site-packages/airflow/example_dags/example_branch_labels.py took 0.066 seconds
[2021-05-26 05:53:52,483] {scheduler_job.py:182} INFO - Started process (PID=12112) to work on /home/ubuntu/.local/lib/python3.6/site-packages/airflow/example_dags/example_branch_labels.py
[2021-05-26 05:53:52,484] {scheduler_job.py:633} INFO - Processing file /home/ubuntu/.local/lib/python3.6/site-packages/airflow/example_dags/example_branch_labels.py for tasks to queue
[2021-05-26 05:53:52,485] {logging_mixin.py:104} INFO - [2021-05-26 05:53:52,485] {dagbag.py:487} INFO - Filling up the DagBag from /home/ubuntu/.local/lib/python3.6/site-packages/airflow/example_dags/example_branch_labels.py
[2021-05-26 05:53:52,496] {scheduler_job.py:643} INFO - DAG(s) dict_keys(['example_branch_labels']) retrieved from /home/ubuntu/.local/lib/python3.6/site-packages/airflow/example_dags/example_branch_labels.py
[2021-05-26 05:53:52,509] {logging_mixin.py:104} INFO - [2021-05-26 05:53:52,509] {dag.py:1832} INFO - Sync 1 DAGs
[2021-05-26 05:53:52,523] {logging_mixin.py:104} INFO - [2021-05-26 05:53:52,523] {dag.py:2305} INFO - Setting next_dagrun for example_branch_labels to 2021-05-24 00:00:00+00:00
[2021-05-26 05:53:52,537] {scheduler_job.py:190} INFO - Processing /home/ubuntu/.local/lib/python3.6/site-packages/airflow/example_dags/example_branch_labels.py took 0.055 seconds
[2021-05-26 05:54:26,286] {scheduler_job.py:182} INFO - Started process (PID=12240) to work on /home/ubuntu/.local/lib/python3.6/site-packages/airflow/example_dags/example_branch_labels.py
[2021-05-26 05:54:26,289] {scheduler_job.py:633} INFO - Processing file /home/ubuntu/.local/lib/python3.6/site-packages/airflow/example_dags/example_branch_labels.py for tasks to queue
[2021-05-26 05:54:26,289] {logging_mixin.py:104} INFO - [2021-05-26 05:54:26,289] {dagbag.py:487} INFO - Filling up the DagBag from /home/ubuntu/.local/lib/python3.6/site-packages/airflow/example_dags/example_branch_labels.py
[2021-05-26 05:54:26,306] {scheduler_job.py:643} INFO - DAG(s) dict_keys(['example_branch_labels']) retrieved from /home/ubuntu/.local/lib/python3.6/site-packages/airflow/example_dags/example_branch_labels.py
[2021-05-26 05:54:26,320] {logging_mixin.py:104} INFO - [2021-05-26 05:54:26,320] {dag.py:1832} INFO - Sync 1 DAGs
[2021-05-26 05:54:26,336] {logging_mixin.py:104} INFO - [2021-05-26 05:54:26,336] {dag.py:2305} INFO - Setting next_dagrun for example_branch_labels to 2021-05-24 00:00:00+00:00
[2021-05-26 05:54:26,351] {scheduler_job.py:190} INFO - Processing /home/ubuntu/.local/lib/python3.6/site-packages/airflow/example_dags/example_branch_labels.py took 0.067 seconds
[2021-05-26 05:55:03,152] {scheduler_job.py:182} INFO - Started process (PID=12397) to work on /home/ubuntu/.local/lib/python3.6/site-packages/airflow/example_dags/example_branch_labels.py
[2021-05-26 05:55:03,154] {scheduler_job.py:633} INFO - Processing file /home/ubuntu/.local/lib/python3.6/site-packages/airflow/example_dags/example_branch_labels.py for tasks to queue
[2021-05-26 05:55:03,155] {logging_mixin.py:104} INFO - [2021-05-26 05:55:03,155] {dagbag.py:487} INFO - Filling up the DagBag from /home/ubuntu/.local/lib/python3.6/site-packages/airflow/example_dags/example_branch_labels.py
[2021-05-26 05:55:03,166] {scheduler_job.py:643} INFO - DAG(s) dict_keys(['example_branch_labels']) retrieved from /home/ubuntu/.local/lib/python3.6/site-packages/airflow/example_dags/example_branch_labels.py
[2021-05-26 05:55:03,178] {logging_mixin.py:104} INFO - [2021-05-26 05:55:03,178] {dag.py:1832} INFO - Sync 1 DAGs
[2021-05-26 05:55:03,191] {logging_mixin.py:104} INFO - [2021-05-26 05:55:03,191] {dag.py:2305} INFO - Setting next_dagrun for example_branch_labels to 2021-05-24 00:00:00+00:00
[2021-05-26 05:55:03,207] {scheduler_job.py:190} INFO - Processing /home/ubuntu/.local/lib/python3.6/site-packages/airflow/example_dags/example_branch_labels.py took 0.057 seconds
[2021-05-26 05:56:13,707] {scheduler_job.py:182} INFO - Started process (PID=12703) to work on /home/ubuntu/.local/lib/python3.6/site-packages/airflow/example_dags/example_branch_labels.py
[2021-05-26 05:56:13,712] {scheduler_job.py:633} INFO - Processing file /home/ubuntu/.local/lib/python3.6/site-packages/airflow/example_dags/example_branch_labels.py for tasks to queue
[2021-05-26 05:56:13,716] {logging_mixin.py:104} INFO - [2021-05-26 05:56:13,716] {dagbag.py:487} INFO - Filling up the DagBag from /home/ubuntu/.local/lib/python3.6/site-packages/airflow/example_dags/example_branch_labels.py
[2021-05-26 05:56:13,731] {scheduler_job.py:643} INFO - DAG(s) dict_keys(['example_branch_labels']) retrieved from /home/ubuntu/.local/lib/python3.6/site-packages/airflow/example_dags/example_branch_labels.py
[2021-05-26 05:56:13,750] {logging_mixin.py:104} INFO - [2021-05-26 05:56:13,750] {dag.py:1832} INFO - Sync 1 DAGs
[2021-05-26 05:56:13,785] {logging_mixin.py:104} INFO - [2021-05-26 05:56:13,785] {dag.py:2305} INFO - Setting next_dagrun for example_branch_labels to 2021-05-24 00:00:00+00:00
[2021-05-26 05:56:13,812] {scheduler_job.py:190} INFO - Processing /home/ubuntu/.local/lib/python3.6/site-packages/airflow/example_dags/example_branch_labels.py took 0.107 seconds
[2021-05-26 05:56:47,122] {scheduler_job.py:182} INFO - Started process (PID=12859) to work on /home/ubuntu/.local/lib/python3.6/site-packages/airflow/example_dags/example_branch_labels.py
[2021-05-26 05:56:47,126] {scheduler_job.py:633} INFO - Processing file /home/ubuntu/.local/lib/python3.6/site-packages/airflow/example_dags/example_branch_labels.py for tasks to queue
[2021-05-26 05:56:47,127] {logging_mixin.py:104} INFO - [2021-05-26 05:56:47,127] {dagbag.py:487} INFO - Filling up the DagBag from /home/ubuntu/.local/lib/python3.6/site-packages/airflow/example_dags/example_branch_labels.py
[2021-05-26 05:56:47,141] {scheduler_job.py:643} INFO - DAG(s) dict_keys(['example_branch_labels']) retrieved from /home/ubuntu/.local/lib/python3.6/site-packages/airflow/example_dags/example_branch_labels.py
[2021-05-26 05:56:47,157] {logging_mixin.py:104} INFO - [2021-05-26 05:56:47,157] {dag.py:1832} INFO - Sync 1 DAGs
[2021-05-26 05:56:47,181] {logging_mixin.py:104} INFO - [2021-05-26 05:56:47,181] {dag.py:2305} INFO - Setting next_dagrun for example_branch_labels to 2021-05-24 00:00:00+00:00
[2021-05-26 05:56:47,197] {scheduler_job.py:190} INFO - Processing /home/ubuntu/.local/lib/python3.6/site-packages/airflow/example_dags/example_branch_labels.py took 0.077 seconds
[2021-05-26 05:57:23,688] {scheduler_job.py:182} INFO - Started process (PID=13040) to work on /home/ubuntu/.local/lib/python3.6/site-packages/airflow/example_dags/example_branch_labels.py
[2021-05-26 05:57:23,692] {scheduler_job.py:633} INFO - Processing file /home/ubuntu/.local/lib/python3.6/site-packages/airflow/example_dags/example_branch_labels.py for tasks to queue
[2021-05-26 05:57:23,696] {logging_mixin.py:104} INFO - [2021-05-26 05:57:23,696] {dagbag.py:487} INFO - Filling up the DagBag from /home/ubuntu/.local/lib/python3.6/site-packages/airflow/example_dags/example_branch_labels.py
[2021-05-26 05:57:23,710] {scheduler_job.py:643} INFO - DAG(s) dict_keys(['example_branch_labels']) retrieved from /home/ubuntu/.local/lib/python3.6/site-packages/airflow/example_dags/example_branch_labels.py
[2021-05-26 05:57:23,726] {logging_mixin.py:104} INFO - [2021-05-26 05:57:23,726] {dag.py:1832} INFO - Sync 1 DAGs
[2021-05-26 05:57:23,748] {logging_mixin.py:104} INFO - [2021-05-26 05:57:23,748] {dag.py:2305} INFO - Setting next_dagrun for example_branch_labels to 2021-05-24 00:00:00+00:00
[2021-05-26 05:57:23,771] {scheduler_job.py:190} INFO - Processing /home/ubuntu/.local/lib/python3.6/site-packages/airflow/example_dags/example_branch_labels.py took 0.085 seconds
[2021-05-26 05:57:56,222] {scheduler_job.py:182} INFO - Started process (PID=13162) to work on /home/ubuntu/.local/lib/python3.6/site-packages/airflow/example_dags/example_branch_labels.py
[2021-05-26 05:57:56,223] {scheduler_job.py:633} INFO - Processing file /home/ubuntu/.local/lib/python3.6/site-packages/airflow/example_dags/example_branch_labels.py for tasks to queue
[2021-05-26 05:57:56,223] {logging_mixin.py:104} INFO - [2021-05-26 05:57:56,223] {dagbag.py:487} INFO - Filling up the DagBag from /home/ubuntu/.local/lib/python3.6/site-packages/airflow/example_dags/example_branch_labels.py
[2021-05-26 05:57:56,234] {scheduler_job.py:643} INFO - DAG(s) dict_keys(['example_branch_labels']) retrieved from /home/ubuntu/.local/lib/python3.6/site-packages/airflow/example_dags/example_branch_labels.py
[2021-05-26 05:57:56,248] {logging_mixin.py:104} INFO - [2021-05-26 05:57:56,248] {dag.py:1832} INFO - Sync 1 DAGs
[2021-05-26 05:57:56,267] {logging_mixin.py:104} INFO - [2021-05-26 05:57:56,266] {dag.py:2305} INFO - Setting next_dagrun for example_branch_labels to 2021-05-24 00:00:00+00:00
[2021-05-26 05:57:56,281] {scheduler_job.py:190} INFO - Processing /home/ubuntu/.local/lib/python3.6/site-packages/airflow/example_dags/example_branch_labels.py took 0.062 seconds
[2021-05-26 05:58:30,271] {scheduler_job.py:182} INFO - Started process (PID=13326) to work on /home/ubuntu/.local/lib/python3.6/site-packages/airflow/example_dags/example_branch_labels.py
[2021-05-26 05:58:30,275] {scheduler_job.py:633} INFO - Processing file /home/ubuntu/.local/lib/python3.6/site-packages/airflow/example_dags/example_branch_labels.py for tasks to queue
[2021-05-26 05:58:30,280] {logging_mixin.py:104} INFO - [2021-05-26 05:58:30,279] {dagbag.py:487} INFO - Filling up the DagBag from /home/ubuntu/.local/lib/python3.6/site-packages/airflow/example_dags/example_branch_labels.py
[2021-05-26 05:58:30,295] {scheduler_job.py:643} INFO - DAG(s) dict_keys(['example_branch_labels']) retrieved from /home/ubuntu/.local/lib/python3.6/site-packages/airflow/example_dags/example_branch_labels.py
[2021-05-26 05:58:30,312] {logging_mixin.py:104} INFO - [2021-05-26 05:58:30,312] {dag.py:1832} INFO - Sync 1 DAGs
[2021-05-26 05:58:30,335] {logging_mixin.py:104} INFO - [2021-05-26 05:58:30,335] {dag.py:2305} INFO - Setting next_dagrun for example_branch_labels to 2021-05-24 00:00:00+00:00
[2021-05-26 05:58:30,361] {scheduler_job.py:190} INFO - Processing /home/ubuntu/.local/lib/python3.6/site-packages/airflow/example_dags/example_branch_labels.py took 0.093 seconds
[2021-05-26 05:59:04,100] {scheduler_job.py:182} INFO - Started process (PID=13487) to work on /home/ubuntu/.local/lib/python3.6/site-packages/airflow/example_dags/example_branch_labels.py
[2021-05-26 05:59:04,104] {scheduler_job.py:633} INFO - Processing file /home/ubuntu/.local/lib/python3.6/site-packages/airflow/example_dags/example_branch_labels.py for tasks to queue
[2021-05-26 05:59:04,108] {logging_mixin.py:104} INFO - [2021-05-26 05:59:04,108] {dagbag.py:487} INFO - Filling up the DagBag from /home/ubuntu/.local/lib/python3.6/site-packages/airflow/example_dags/example_branch_labels.py
[2021-05-26 05:59:04,123] {scheduler_job.py:643} INFO - DAG(s) dict_keys(['example_branch_labels']) retrieved from /home/ubuntu/.local/lib/python3.6/site-packages/airflow/example_dags/example_branch_labels.py
[2021-05-26 05:59:04,141] {logging_mixin.py:104} INFO - [2021-05-26 05:59:04,141] {dag.py:1832} INFO - Sync 1 DAGs
[2021-05-26 05:59:04,162] {logging_mixin.py:104} INFO - [2021-05-26 05:59:04,162] {dag.py:2305} INFO - Setting next_dagrun for example_branch_labels to 2021-05-24 00:00:00+00:00
[2021-05-26 05:59:04,187] {scheduler_job.py:190} INFO - Processing /home/ubuntu/.local/lib/python3.6/site-packages/airflow/example_dags/example_branch_labels.py took 0.089 seconds
[2021-05-26 05:59:37,048] {scheduler_job.py:182} INFO - Started process (PID=13655) to work on /home/ubuntu/.local/lib/python3.6/site-packages/airflow/example_dags/example_branch_labels.py
[2021-05-26 05:59:37,053] {scheduler_job.py:633} INFO - Processing file /home/ubuntu/.local/lib/python3.6/site-packages/airflow/example_dags/example_branch_labels.py for tasks to queue
[2021-05-26 05:59:37,057] {logging_mixin.py:104} INFO - [2021-05-26 05:59:37,057] {dagbag.py:487} INFO - Filling up the DagBag from /home/ubuntu/.local/lib/python3.6/site-packages/airflow/example_dags/example_branch_labels.py
[2021-05-26 05:59:37,072] {scheduler_job.py:643} INFO - DAG(s) dict_keys(['example_branch_labels']) retrieved from /home/ubuntu/.local/lib/python3.6/site-packages/airflow/example_dags/example_branch_labels.py
[2021-05-26 05:59:37,091] {logging_mixin.py:104} INFO - [2021-05-26 05:59:37,091] {dag.py:1832} INFO - Sync 1 DAGs
[2021-05-26 05:59:37,112] {logging_mixin.py:104} INFO - [2021-05-26 05:59:37,112] {dag.py:2305} INFO - Setting next_dagrun for example_branch_labels to 2021-05-24 00:00:00+00:00
[2021-05-26 05:59:37,135] {scheduler_job.py:190} INFO - Processing /home/ubuntu/.local/lib/python3.6/site-packages/airflow/example_dags/example_branch_labels.py took 0.090 seconds
[2021-05-26 06:00:22,324] {scheduler_job.py:182} INFO - Started process (PID=13886) to work on /home/ubuntu/.local/lib/python3.6/site-packages/airflow/example_dags/example_branch_labels.py
[2021-05-26 06:00:22,325] {scheduler_job.py:633} INFO - Processing file /home/ubuntu/.local/lib/python3.6/site-packages/airflow/example_dags/example_branch_labels.py for tasks to queue
[2021-05-26 06:00:22,326] {logging_mixin.py:104} INFO - [2021-05-26 06:00:22,326] {dagbag.py:487} INFO - Filling up the DagBag from /home/ubuntu/.local/lib/python3.6/site-packages/airflow/example_dags/example_branch_labels.py
[2021-05-26 06:00:22,358] {scheduler_job.py:643} INFO - DAG(s) dict_keys(['example_branch_labels']) retrieved from /home/ubuntu/.local/lib/python3.6/site-packages/airflow/example_dags/example_branch_labels.py
[2021-05-26 06:00:22,406] {logging_mixin.py:104} INFO - [2021-05-26 06:00:22,406] {dag.py:1832} INFO - Sync 1 DAGs
[2021-05-26 06:00:22,470] {logging_mixin.py:104} INFO - [2021-05-26 06:00:22,470] {dag.py:2305} INFO - Setting next_dagrun for example_branch_labels to 2021-05-24 00:00:00+00:00
[2021-05-26 06:00:22,506] {scheduler_job.py:190} INFO - Processing /home/ubuntu/.local/lib/python3.6/site-packages/airflow/example_dags/example_branch_labels.py took 0.196 seconds
[2021-05-26 06:00:56,048] {scheduler_job.py:182} INFO - Started process (PID=14019) to work on /home/ubuntu/.local/lib/python3.6/site-packages/airflow/example_dags/example_branch_labels.py
[2021-05-26 06:00:56,067] {scheduler_job.py:633} INFO - Processing file /home/ubuntu/.local/lib/python3.6/site-packages/airflow/example_dags/example_branch_labels.py for tasks to queue
[2021-05-26 06:00:56,069] {logging_mixin.py:104} INFO - [2021-05-26 06:00:56,069] {dagbag.py:487} INFO - Filling up the DagBag from /home/ubuntu/.local/lib/python3.6/site-packages/airflow/example_dags/example_branch_labels.py
[2021-05-26 06:00:56,090] {scheduler_job.py:643} INFO - DAG(s) dict_keys(['example_branch_labels']) retrieved from /home/ubuntu/.local/lib/python3.6/site-packages/airflow/example_dags/example_branch_labels.py
[2021-05-26 06:00:56,125] {logging_mixin.py:104} INFO - [2021-05-26 06:00:56,125] {dag.py:1832} INFO - Sync 1 DAGs
[2021-05-26 06:00:56,151] {logging_mixin.py:104} INFO - [2021-05-26 06:00:56,150] {dag.py:2305} INFO - Setting next_dagrun for example_branch_labels to 2021-05-24 00:00:00+00:00
[2021-05-26 06:00:56,169] {scheduler_job.py:190} INFO - Processing /home/ubuntu/.local/lib/python3.6/site-packages/airflow/example_dags/example_branch_labels.py took 0.122 seconds
[2021-05-26 06:01:30,433] {scheduler_job.py:182} INFO - Started process (PID=14191) to work on /home/ubuntu/.local/lib/python3.6/site-packages/airflow/example_dags/example_branch_labels.py
[2021-05-26 06:01:30,439] {scheduler_job.py:633} INFO - Processing file /home/ubuntu/.local/lib/python3.6/site-packages/airflow/example_dags/example_branch_labels.py for tasks to queue
[2021-05-26 06:01:30,444] {logging_mixin.py:104} INFO - [2021-05-26 06:01:30,443] {dagbag.py:487} INFO - Filling up the DagBag from /home/ubuntu/.local/lib/python3.6/site-packages/airflow/example_dags/example_branch_labels.py
[2021-05-26 06:01:30,460] {scheduler_job.py:643} INFO - DAG(s) dict_keys(['example_branch_labels']) retrieved from /home/ubuntu/.local/lib/python3.6/site-packages/airflow/example_dags/example_branch_labels.py
[2021-05-26 06:01:30,477] {logging_mixin.py:104} INFO - [2021-05-26 06:01:30,477] {dag.py:1832} INFO - Sync 1 DAGs
[2021-05-26 06:01:30,498] {logging_mixin.py:104} INFO - [2021-05-26 06:01:30,498] {dag.py:2305} INFO - Setting next_dagrun for example_branch_labels to 2021-05-24 00:00:00+00:00
[2021-05-26 06:01:30,521] {scheduler_job.py:190} INFO - Processing /home/ubuntu/.local/lib/python3.6/site-packages/airflow/example_dags/example_branch_labels.py took 0.091 seconds
[2021-05-26 06:02:13,706] {scheduler_job.py:182} INFO - Started process (PID=14400) to work on /home/ubuntu/.local/lib/python3.6/site-packages/airflow/example_dags/example_branch_labels.py
[2021-05-26 06:02:13,711] {scheduler_job.py:633} INFO - Processing file /home/ubuntu/.local/lib/python3.6/site-packages/airflow/example_dags/example_branch_labels.py for tasks to queue
[2021-05-26 06:02:13,714] {logging_mixin.py:104} INFO - [2021-05-26 06:02:13,714] {dagbag.py:487} INFO - Filling up the DagBag from /home/ubuntu/.local/lib/python3.6/site-packages/airflow/example_dags/example_branch_labels.py
[2021-05-26 06:02:13,730] {scheduler_job.py:643} INFO - DAG(s) dict_keys(['example_branch_labels']) retrieved from /home/ubuntu/.local/lib/python3.6/site-packages/airflow/example_dags/example_branch_labels.py
[2021-05-26 06:02:14,022] {logging_mixin.py:104} INFO - [2021-05-26 06:02:14,022] {dag.py:1832} INFO - Sync 1 DAGs
[2021-05-26 06:02:14,040] {logging_mixin.py:104} INFO - [2021-05-26 06:02:14,040] {dag.py:2305} INFO - Setting next_dagrun for example_branch_labels to 2021-05-24 00:00:00+00:00
[2021-05-26 06:02:14,072] {scheduler_job.py:190} INFO - Processing /home/ubuntu/.local/lib/python3.6/site-packages/airflow/example_dags/example_branch_labels.py took 0.368 seconds
[2021-05-26 06:02:52,760] {scheduler_job.py:182} INFO - Started process (PID=14585) to work on /home/ubuntu/.local/lib/python3.6/site-packages/airflow/example_dags/example_branch_labels.py
[2021-05-26 06:02:52,763] {scheduler_job.py:633} INFO - Processing file /home/ubuntu/.local/lib/python3.6/site-packages/airflow/example_dags/example_branch_labels.py for tasks to queue
[2021-05-26 06:02:52,764] {logging_mixin.py:104} INFO - [2021-05-26 06:02:52,764] {dagbag.py:487} INFO - Filling up the DagBag from /home/ubuntu/.local/lib/python3.6/site-packages/airflow/example_dags/example_branch_labels.py
[2021-05-26 06:02:52,779] {scheduler_job.py:643} INFO - DAG(s) dict_keys(['example_branch_labels']) retrieved from /home/ubuntu/.local/lib/python3.6/site-packages/airflow/example_dags/example_branch_labels.py
[2021-05-26 06:02:52,793] {logging_mixin.py:104} INFO - [2021-05-26 06:02:52,793] {dag.py:1832} INFO - Sync 1 DAGs
[2021-05-26 06:02:52,809] {logging_mixin.py:104} INFO - [2021-05-26 06:02:52,809] {dag.py:2305} INFO - Setting next_dagrun for example_branch_labels to 2021-05-24 00:00:00+00:00
[2021-05-26 06:02:52,826] {scheduler_job.py:190} INFO - Processing /home/ubuntu/.local/lib/python3.6/site-packages/airflow/example_dags/example_branch_labels.py took 0.068 seconds
[2021-05-26 06:03:41,276] {scheduler_job.py:182} INFO - Started process (PID=14831) to work on /home/ubuntu/.local/lib/python3.6/site-packages/airflow/example_dags/example_branch_labels.py
[2021-05-26 06:03:41,280] {scheduler_job.py:633} INFO - Processing file /home/ubuntu/.local/lib/python3.6/site-packages/airflow/example_dags/example_branch_labels.py for tasks to queue
[2021-05-26 06:03:41,285] {logging_mixin.py:104} INFO - [2021-05-26 06:03:41,284] {dagbag.py:487} INFO - Filling up the DagBag from /home/ubuntu/.local/lib/python3.6/site-packages/airflow/example_dags/example_branch_labels.py
[2021-05-26 06:03:41,306] {scheduler_job.py:643} INFO - DAG(s) dict_keys(['example_branch_labels']) retrieved from /home/ubuntu/.local/lib/python3.6/site-packages/airflow/example_dags/example_branch_labels.py
[2021-05-26 06:03:41,330] {logging_mixin.py:104} INFO - [2021-05-26 06:03:41,330] {dag.py:1832} INFO - Sync 1 DAGs
[2021-05-26 06:03:41,353] {logging_mixin.py:104} INFO - [2021-05-26 06:03:41,353] {dag.py:2305} INFO - Setting next_dagrun for example_branch_labels to 2021-05-24 00:00:00+00:00
[2021-05-26 06:03:41,379] {scheduler_job.py:190} INFO - Processing /home/ubuntu/.local/lib/python3.6/site-packages/airflow/example_dags/example_branch_labels.py took 0.107 seconds
[2021-05-26 06:04:21,137] {scheduler_job.py:182} INFO - Started process (PID=15028) to work on /home/ubuntu/.local/lib/python3.6/site-packages/airflow/example_dags/example_branch_labels.py
[2021-05-26 06:04:21,142] {scheduler_job.py:633} INFO - Processing file /home/ubuntu/.local/lib/python3.6/site-packages/airflow/example_dags/example_branch_labels.py for tasks to queue
[2021-05-26 06:04:21,143] {logging_mixin.py:104} INFO - [2021-05-26 06:04:21,143] {dagbag.py:487} INFO - Filling up the DagBag from /home/ubuntu/.local/lib/python3.6/site-packages/airflow/example_dags/example_branch_labels.py
[2021-05-26 06:04:21,154] {scheduler_job.py:643} INFO - DAG(s) dict_keys(['example_branch_labels']) retrieved from /home/ubuntu/.local/lib/python3.6/site-packages/airflow/example_dags/example_branch_labels.py
[2021-05-26 06:04:21,168] {logging_mixin.py:104} INFO - [2021-05-26 06:04:21,168] {dag.py:1832} INFO - Sync 1 DAGs
[2021-05-26 06:04:21,184] {logging_mixin.py:104} INFO - [2021-05-26 06:04:21,184] {dag.py:2305} INFO - Setting next_dagrun for example_branch_labels to 2021-05-24 00:00:00+00:00
[2021-05-26 06:04:21,201] {scheduler_job.py:190} INFO - Processing /home/ubuntu/.local/lib/python3.6/site-packages/airflow/example_dags/example_branch_labels.py took 0.065 seconds
[2021-05-26 06:04:57,311] {scheduler_job.py:182} INFO - Started process (PID=15175) to work on /home/ubuntu/.local/lib/python3.6/site-packages/airflow/example_dags/example_branch_labels.py
[2021-05-26 06:04:57,314] {scheduler_job.py:633} INFO - Processing file /home/ubuntu/.local/lib/python3.6/site-packages/airflow/example_dags/example_branch_labels.py for tasks to queue
[2021-05-26 06:04:57,314] {logging_mixin.py:104} INFO - [2021-05-26 06:04:57,314] {dagbag.py:487} INFO - Filling up the DagBag from /home/ubuntu/.local/lib/python3.6/site-packages/airflow/example_dags/example_branch_labels.py
[2021-05-26 06:04:57,326] {scheduler_job.py:643} INFO - DAG(s) dict_keys(['example_branch_labels']) retrieved from /home/ubuntu/.local/lib/python3.6/site-packages/airflow/example_dags/example_branch_labels.py
[2021-05-26 06:04:57,341] {logging_mixin.py:104} INFO - [2021-05-26 06:04:57,341] {dag.py:1832} INFO - Sync 1 DAGs
[2021-05-26 06:04:57,360] {logging_mixin.py:104} INFO - [2021-05-26 06:04:57,360] {dag.py:2305} INFO - Setting next_dagrun for example_branch_labels to 2021-05-24 00:00:00+00:00
[2021-05-26 06:04:57,382] {scheduler_job.py:190} INFO - Processing /home/ubuntu/.local/lib/python3.6/site-packages/airflow/example_dags/example_branch_labels.py took 0.074 seconds
[2021-05-26 06:05:32,953] {scheduler_job.py:182} INFO - Started process (PID=15323) to work on /home/ubuntu/.local/lib/python3.6/site-packages/airflow/example_dags/example_branch_labels.py
[2021-05-26 06:05:32,958] {scheduler_job.py:633} INFO - Processing file /home/ubuntu/.local/lib/python3.6/site-packages/airflow/example_dags/example_branch_labels.py for tasks to queue
[2021-05-26 06:05:32,962] {logging_mixin.py:104} INFO - [2021-05-26 06:05:32,962] {dagbag.py:487} INFO - Filling up the DagBag from /home/ubuntu/.local/lib/python3.6/site-packages/airflow/example_dags/example_branch_labels.py
[2021-05-26 06:05:32,979] {scheduler_job.py:643} INFO - DAG(s) dict_keys(['example_branch_labels']) retrieved from /home/ubuntu/.local/lib/python3.6/site-packages/airflow/example_dags/example_branch_labels.py
[2021-05-26 06:05:32,997] {logging_mixin.py:104} INFO - [2021-05-26 06:05:32,997] {dag.py:1832} INFO - Sync 1 DAGs
[2021-05-26 06:05:33,027] {logging_mixin.py:104} INFO - [2021-05-26 06:05:33,026] {dag.py:2305} INFO - Setting next_dagrun for example_branch_labels to 2021-05-24 00:00:00+00:00
[2021-05-26 06:05:33,053] {scheduler_job.py:190} INFO - Processing /home/ubuntu/.local/lib/python3.6/site-packages/airflow/example_dags/example_branch_labels.py took 0.102 seconds
[2021-05-26 06:06:14,271] {scheduler_job.py:182} INFO - Started process (PID=15477) to work on /home/ubuntu/.local/lib/python3.6/site-packages/airflow/example_dags/example_branch_labels.py
[2021-05-26 06:06:14,275] {scheduler_job.py:633} INFO - Processing file /home/ubuntu/.local/lib/python3.6/site-packages/airflow/example_dags/example_branch_labels.py for tasks to queue
[2021-05-26 06:06:14,280] {logging_mixin.py:104} INFO - [2021-05-26 06:06:14,279] {dagbag.py:487} INFO - Filling up the DagBag from /home/ubuntu/.local/lib/python3.6/site-packages/airflow/example_dags/example_branch_labels.py
[2021-05-26 06:06:14,295] {scheduler_job.py:643} INFO - DAG(s) dict_keys(['example_branch_labels']) retrieved from /home/ubuntu/.local/lib/python3.6/site-packages/airflow/example_dags/example_branch_labels.py
[2021-05-26 06:06:14,725] {logging_mixin.py:104} INFO - [2021-05-26 06:06:14,725] {dag.py:1832} INFO - Sync 1 DAGs
[2021-05-26 06:06:14,738] {logging_mixin.py:104} INFO - [2021-05-26 06:06:14,738] {dag.py:1851} INFO - Creating ORM DAG for example_branch_labels
[2021-05-26 06:06:14,751] {logging_mixin.py:104} INFO - [2021-05-26 06:06:14,751] {dag.py:2305} INFO - Setting next_dagrun for example_branch_labels to 2021-05-24 00:00:00+00:00
[2021-05-26 06:06:14,798] {scheduler_job.py:190} INFO - Processing /home/ubuntu/.local/lib/python3.6/site-packages/airflow/example_dags/example_branch_labels.py took 0.529 seconds
[2021-05-26 06:06:58,158] {scheduler_job.py:182} INFO - Started process (PID=15636) to work on /home/ubuntu/.local/lib/python3.6/site-packages/airflow/example_dags/example_branch_labels.py
[2021-05-26 06:06:58,163] {scheduler_job.py:633} INFO - Processing file /home/ubuntu/.local/lib/python3.6/site-packages/airflow/example_dags/example_branch_labels.py for tasks to queue
[2021-05-26 06:06:58,167] {logging_mixin.py:104} INFO - [2021-05-26 06:06:58,167] {dagbag.py:487} INFO - Filling up the DagBag from /home/ubuntu/.local/lib/python3.6/site-packages/airflow/example_dags/example_branch_labels.py
[2021-05-26 06:06:58,206] {scheduler_job.py:643} INFO - DAG(s) dict_keys(['example_branch_labels']) retrieved from /home/ubuntu/.local/lib/python3.6/site-packages/airflow/example_dags/example_branch_labels.py
[2021-05-26 06:06:58,662] {logging_mixin.py:104} INFO - [2021-05-26 06:06:58,662] {dag.py:1832} INFO - Sync 1 DAGs
[2021-05-26 06:06:58,674] {logging_mixin.py:104} INFO - [2021-05-26 06:06:58,674] {dag.py:1851} INFO - Creating ORM DAG for example_branch_labels
[2021-05-26 06:06:58,683] {logging_mixin.py:104} INFO - [2021-05-26 06:06:58,683] {dag.py:2305} INFO - Setting next_dagrun for example_branch_labels to 2021-05-24 00:00:00+00:00
[2021-05-26 06:06:58,706] {scheduler_job.py:190} INFO - Processing /home/ubuntu/.local/lib/python3.6/site-packages/airflow/example_dags/example_branch_labels.py took 0.552 seconds
[2021-05-26 06:07:38,370] {scheduler_job.py:182} INFO - Started process (PID=15856) to work on /home/ubuntu/.local/lib/python3.6/site-packages/airflow/example_dags/example_branch_labels.py
[2021-05-26 06:07:38,372] {scheduler_job.py:633} INFO - Processing file /home/ubuntu/.local/lib/python3.6/site-packages/airflow/example_dags/example_branch_labels.py for tasks to queue
[2021-05-26 06:07:38,373] {logging_mixin.py:104} INFO - [2021-05-26 06:07:38,373] {dagbag.py:487} INFO - Filling up the DagBag from /home/ubuntu/.local/lib/python3.6/site-packages/airflow/example_dags/example_branch_labels.py
[2021-05-26 06:07:38,386] {scheduler_job.py:643} INFO - DAG(s) dict_keys(['example_branch_labels']) retrieved from /home/ubuntu/.local/lib/python3.6/site-packages/airflow/example_dags/example_branch_labels.py
[2021-05-26 06:07:38,404] {logging_mixin.py:104} INFO - [2021-05-26 06:07:38,404] {dag.py:1832} INFO - Sync 1 DAGs
[2021-05-26 06:07:38,424] {logging_mixin.py:104} INFO - [2021-05-26 06:07:38,423] {dag.py:2305} INFO - Setting next_dagrun for example_branch_labels to 2021-05-24 00:00:00+00:00
[2021-05-26 06:07:38,441] {scheduler_job.py:190} INFO - Processing /home/ubuntu/.local/lib/python3.6/site-packages/airflow/example_dags/example_branch_labels.py took 0.073 seconds
[2021-05-26 06:08:14,540] {scheduler_job.py:182} INFO - Started process (PID=16015) to work on /home/ubuntu/.local/lib/python3.6/site-packages/airflow/example_dags/example_branch_labels.py
[2021-05-26 06:08:14,543] {scheduler_job.py:633} INFO - Processing file /home/ubuntu/.local/lib/python3.6/site-packages/airflow/example_dags/example_branch_labels.py for tasks to queue
[2021-05-26 06:08:14,544] {logging_mixin.py:104} INFO - [2021-05-26 06:08:14,544] {dagbag.py:487} INFO - Filling up the DagBag from /home/ubuntu/.local/lib/python3.6/site-packages/airflow/example_dags/example_branch_labels.py
[2021-05-26 06:08:14,621] {scheduler_job.py:643} INFO - DAG(s) dict_keys(['example_branch_labels']) retrieved from /home/ubuntu/.local/lib/python3.6/site-packages/airflow/example_dags/example_branch_labels.py
[2021-05-26 06:08:14,718] {logging_mixin.py:104} INFO - [2021-05-26 06:08:14,718] {dag.py:1832} INFO - Sync 1 DAGs
[2021-05-26 06:08:14,787] {logging_mixin.py:104} INFO - [2021-05-26 06:08:14,786] {dag.py:2305} INFO - Setting next_dagrun for example_branch_labels to 2021-05-24 00:00:00+00:00
[2021-05-26 06:08:14,816] {scheduler_job.py:190} INFO - Processing /home/ubuntu/.local/lib/python3.6/site-packages/airflow/example_dags/example_branch_labels.py took 0.288 seconds
