[2021-05-26 05:47:41,084] {scheduler_job.py:182} INFO - Started process (PID=10604) to work on /home/ubuntu/.local/lib/python3.6/site-packages/airflow/example_dags/example_kubernetes_executor.py
[2021-05-26 05:47:41,086] {scheduler_job.py:633} INFO - Processing file /home/ubuntu/.local/lib/python3.6/site-packages/airflow/example_dags/example_kubernetes_executor.py for tasks to queue
[2021-05-26 05:47:41,087] {logging_mixin.py:104} INFO - [2021-05-26 05:47:41,086] {dagbag.py:487} INFO - Filling up the DagBag from /home/ubuntu/.local/lib/python3.6/site-packages/airflow/example_dags/example_kubernetes_executor.py
[2021-05-26 05:47:41,098] {scheduler_job.py:643} INFO - DAG(s) dict_keys(['example_kubernetes_executor']) retrieved from /home/ubuntu/.local/lib/python3.6/site-packages/airflow/example_dags/example_kubernetes_executor.py
[2021-05-26 05:47:41,111] {logging_mixin.py:104} INFO - [2021-05-26 05:47:41,111] {dag.py:1832} INFO - Sync 1 DAGs
[2021-05-26 05:47:41,125] {logging_mixin.py:104} INFO - [2021-05-26 05:47:41,125] {dag.py:2305} INFO - Setting next_dagrun for example_kubernetes_executor to None
[2021-05-26 05:47:41,143] {scheduler_job.py:190} INFO - Processing /home/ubuntu/.local/lib/python3.6/site-packages/airflow/example_dags/example_kubernetes_executor.py took 0.061 seconds
[2021-05-26 05:48:14,690] {scheduler_job.py:182} INFO - Started process (PID=10757) to work on /home/ubuntu/.local/lib/python3.6/site-packages/airflow/example_dags/example_kubernetes_executor.py
[2021-05-26 05:48:14,692] {scheduler_job.py:633} INFO - Processing file /home/ubuntu/.local/lib/python3.6/site-packages/airflow/example_dags/example_kubernetes_executor.py for tasks to queue
[2021-05-26 05:48:14,693] {logging_mixin.py:104} INFO - [2021-05-26 05:48:14,693] {dagbag.py:487} INFO - Filling up the DagBag from /home/ubuntu/.local/lib/python3.6/site-packages/airflow/example_dags/example_kubernetes_executor.py
[2021-05-26 05:48:14,705] {scheduler_job.py:643} INFO - DAG(s) dict_keys(['example_kubernetes_executor']) retrieved from /home/ubuntu/.local/lib/python3.6/site-packages/airflow/example_dags/example_kubernetes_executor.py
[2021-05-26 05:48:14,717] {logging_mixin.py:104} INFO - [2021-05-26 05:48:14,717] {dag.py:1832} INFO - Sync 1 DAGs
[2021-05-26 05:48:14,730] {logging_mixin.py:104} INFO - [2021-05-26 05:48:14,730] {dag.py:2305} INFO - Setting next_dagrun for example_kubernetes_executor to None
[2021-05-26 05:48:14,746] {scheduler_job.py:190} INFO - Processing /home/ubuntu/.local/lib/python3.6/site-packages/airflow/example_dags/example_kubernetes_executor.py took 0.058 seconds
[2021-05-26 05:48:46,409] {scheduler_job.py:182} INFO - Started process (PID=10890) to work on /home/ubuntu/.local/lib/python3.6/site-packages/airflow/example_dags/example_kubernetes_executor.py
[2021-05-26 05:48:46,410] {scheduler_job.py:633} INFO - Processing file /home/ubuntu/.local/lib/python3.6/site-packages/airflow/example_dags/example_kubernetes_executor.py for tasks to queue
[2021-05-26 05:48:46,411] {logging_mixin.py:104} INFO - [2021-05-26 05:48:46,411] {dagbag.py:487} INFO - Filling up the DagBag from /home/ubuntu/.local/lib/python3.6/site-packages/airflow/example_dags/example_kubernetes_executor.py
[2021-05-26 05:48:46,423] {scheduler_job.py:643} INFO - DAG(s) dict_keys(['example_kubernetes_executor']) retrieved from /home/ubuntu/.local/lib/python3.6/site-packages/airflow/example_dags/example_kubernetes_executor.py
[2021-05-26 05:48:46,435] {logging_mixin.py:104} INFO - [2021-05-26 05:48:46,435] {dag.py:1832} INFO - Sync 1 DAGs
[2021-05-26 05:48:46,449] {logging_mixin.py:104} INFO - [2021-05-26 05:48:46,449] {dag.py:2305} INFO - Setting next_dagrun for example_kubernetes_executor to None
[2021-05-26 05:48:46,472] {scheduler_job.py:190} INFO - Processing /home/ubuntu/.local/lib/python3.6/site-packages/airflow/example_dags/example_kubernetes_executor.py took 0.064 seconds
[2021-05-26 05:49:17,951] {scheduler_job.py:182} INFO - Started process (PID=11030) to work on /home/ubuntu/.local/lib/python3.6/site-packages/airflow/example_dags/example_kubernetes_executor.py
[2021-05-26 05:49:17,954] {scheduler_job.py:633} INFO - Processing file /home/ubuntu/.local/lib/python3.6/site-packages/airflow/example_dags/example_kubernetes_executor.py for tasks to queue
[2021-05-26 05:49:17,956] {logging_mixin.py:104} INFO - [2021-05-26 05:49:17,955] {dagbag.py:487} INFO - Filling up the DagBag from /home/ubuntu/.local/lib/python3.6/site-packages/airflow/example_dags/example_kubernetes_executor.py
[2021-05-26 05:49:17,970] {scheduler_job.py:643} INFO - DAG(s) dict_keys(['example_kubernetes_executor']) retrieved from /home/ubuntu/.local/lib/python3.6/site-packages/airflow/example_dags/example_kubernetes_executor.py
[2021-05-26 05:49:17,984] {logging_mixin.py:104} INFO - [2021-05-26 05:49:17,984] {dag.py:1832} INFO - Sync 1 DAGs
[2021-05-26 05:49:18,000] {logging_mixin.py:104} INFO - [2021-05-26 05:49:18,000] {dag.py:2305} INFO - Setting next_dagrun for example_kubernetes_executor to None
[2021-05-26 05:49:18,020] {scheduler_job.py:190} INFO - Processing /home/ubuntu/.local/lib/python3.6/site-packages/airflow/example_dags/example_kubernetes_executor.py took 0.071 seconds
[2021-05-26 05:49:50,417] {scheduler_job.py:182} INFO - Started process (PID=11164) to work on /home/ubuntu/.local/lib/python3.6/site-packages/airflow/example_dags/example_kubernetes_executor.py
[2021-05-26 05:49:50,420] {scheduler_job.py:633} INFO - Processing file /home/ubuntu/.local/lib/python3.6/site-packages/airflow/example_dags/example_kubernetes_executor.py for tasks to queue
[2021-05-26 05:49:50,422] {logging_mixin.py:104} INFO - [2021-05-26 05:49:50,421] {dagbag.py:487} INFO - Filling up the DagBag from /home/ubuntu/.local/lib/python3.6/site-packages/airflow/example_dags/example_kubernetes_executor.py
[2021-05-26 05:49:50,434] {scheduler_job.py:643} INFO - DAG(s) dict_keys(['example_kubernetes_executor']) retrieved from /home/ubuntu/.local/lib/python3.6/site-packages/airflow/example_dags/example_kubernetes_executor.py
[2021-05-26 05:49:50,447] {logging_mixin.py:104} INFO - [2021-05-26 05:49:50,447] {dag.py:1832} INFO - Sync 1 DAGs
[2021-05-26 05:49:50,465] {logging_mixin.py:104} INFO - [2021-05-26 05:49:50,465] {dag.py:2305} INFO - Setting next_dagrun for example_kubernetes_executor to None
[2021-05-26 05:49:50,483] {scheduler_job.py:190} INFO - Processing /home/ubuntu/.local/lib/python3.6/site-packages/airflow/example_dags/example_kubernetes_executor.py took 0.068 seconds
[2021-05-26 05:50:22,466] {scheduler_job.py:182} INFO - Started process (PID=11292) to work on /home/ubuntu/.local/lib/python3.6/site-packages/airflow/example_dags/example_kubernetes_executor.py
[2021-05-26 05:50:22,469] {scheduler_job.py:633} INFO - Processing file /home/ubuntu/.local/lib/python3.6/site-packages/airflow/example_dags/example_kubernetes_executor.py for tasks to queue
[2021-05-26 05:50:22,471] {logging_mixin.py:104} INFO - [2021-05-26 05:50:22,470] {dagbag.py:487} INFO - Filling up the DagBag from /home/ubuntu/.local/lib/python3.6/site-packages/airflow/example_dags/example_kubernetes_executor.py
[2021-05-26 05:50:22,484] {scheduler_job.py:643} INFO - DAG(s) dict_keys(['example_kubernetes_executor']) retrieved from /home/ubuntu/.local/lib/python3.6/site-packages/airflow/example_dags/example_kubernetes_executor.py
[2021-05-26 05:50:22,499] {logging_mixin.py:104} INFO - [2021-05-26 05:50:22,499] {dag.py:1832} INFO - Sync 1 DAGs
[2021-05-26 05:50:22,514] {logging_mixin.py:104} INFO - [2021-05-26 05:50:22,514] {dag.py:2305} INFO - Setting next_dagrun for example_kubernetes_executor to None
[2021-05-26 05:50:22,531] {scheduler_job.py:190} INFO - Processing /home/ubuntu/.local/lib/python3.6/site-packages/airflow/example_dags/example_kubernetes_executor.py took 0.067 seconds
[2021-05-26 05:50:55,036] {scheduler_job.py:182} INFO - Started process (PID=11419) to work on /home/ubuntu/.local/lib/python3.6/site-packages/airflow/example_dags/example_kubernetes_executor.py
[2021-05-26 05:50:55,038] {scheduler_job.py:633} INFO - Processing file /home/ubuntu/.local/lib/python3.6/site-packages/airflow/example_dags/example_kubernetes_executor.py for tasks to queue
[2021-05-26 05:50:55,039] {logging_mixin.py:104} INFO - [2021-05-26 05:50:55,039] {dagbag.py:487} INFO - Filling up the DagBag from /home/ubuntu/.local/lib/python3.6/site-packages/airflow/example_dags/example_kubernetes_executor.py
[2021-05-26 05:50:55,054] {scheduler_job.py:643} INFO - DAG(s) dict_keys(['example_kubernetes_executor']) retrieved from /home/ubuntu/.local/lib/python3.6/site-packages/airflow/example_dags/example_kubernetes_executor.py
[2021-05-26 05:50:55,074] {logging_mixin.py:104} INFO - [2021-05-26 05:50:55,074] {dag.py:1832} INFO - Sync 1 DAGs
[2021-05-26 05:50:55,106] {logging_mixin.py:104} INFO - [2021-05-26 05:50:55,106] {dag.py:2305} INFO - Setting next_dagrun for example_kubernetes_executor to None
[2021-05-26 05:50:55,130] {scheduler_job.py:190} INFO - Processing /home/ubuntu/.local/lib/python3.6/site-packages/airflow/example_dags/example_kubernetes_executor.py took 0.095 seconds
[2021-05-26 05:51:26,215] {scheduler_job.py:182} INFO - Started process (PID=11540) to work on /home/ubuntu/.local/lib/python3.6/site-packages/airflow/example_dags/example_kubernetes_executor.py
[2021-05-26 05:51:26,216] {scheduler_job.py:633} INFO - Processing file /home/ubuntu/.local/lib/python3.6/site-packages/airflow/example_dags/example_kubernetes_executor.py for tasks to queue
[2021-05-26 05:51:26,217] {logging_mixin.py:104} INFO - [2021-05-26 05:51:26,217] {dagbag.py:487} INFO - Filling up the DagBag from /home/ubuntu/.local/lib/python3.6/site-packages/airflow/example_dags/example_kubernetes_executor.py
[2021-05-26 05:51:26,229] {scheduler_job.py:643} INFO - DAG(s) dict_keys(['example_kubernetes_executor']) retrieved from /home/ubuntu/.local/lib/python3.6/site-packages/airflow/example_dags/example_kubernetes_executor.py
[2021-05-26 05:51:26,245] {logging_mixin.py:104} INFO - [2021-05-26 05:51:26,245] {dag.py:1832} INFO - Sync 1 DAGs
[2021-05-26 05:51:26,258] {logging_mixin.py:104} INFO - [2021-05-26 05:51:26,258] {dag.py:2305} INFO - Setting next_dagrun for example_kubernetes_executor to None
[2021-05-26 05:51:26,278] {scheduler_job.py:190} INFO - Processing /home/ubuntu/.local/lib/python3.6/site-packages/airflow/example_dags/example_kubernetes_executor.py took 0.064 seconds
[2021-05-26 05:51:57,648] {scheduler_job.py:182} INFO - Started process (PID=11661) to work on /home/ubuntu/.local/lib/python3.6/site-packages/airflow/example_dags/example_kubernetes_executor.py
[2021-05-26 05:51:57,650] {scheduler_job.py:633} INFO - Processing file /home/ubuntu/.local/lib/python3.6/site-packages/airflow/example_dags/example_kubernetes_executor.py for tasks to queue
[2021-05-26 05:51:57,651] {logging_mixin.py:104} INFO - [2021-05-26 05:51:57,650] {dagbag.py:487} INFO - Filling up the DagBag from /home/ubuntu/.local/lib/python3.6/site-packages/airflow/example_dags/example_kubernetes_executor.py
[2021-05-26 05:51:57,665] {scheduler_job.py:643} INFO - DAG(s) dict_keys(['example_kubernetes_executor']) retrieved from /home/ubuntu/.local/lib/python3.6/site-packages/airflow/example_dags/example_kubernetes_executor.py
[2021-05-26 05:51:57,682] {logging_mixin.py:104} INFO - [2021-05-26 05:51:57,682] {dag.py:1832} INFO - Sync 1 DAGs
[2021-05-26 05:51:57,695] {logging_mixin.py:104} INFO - [2021-05-26 05:51:57,695] {dag.py:2305} INFO - Setting next_dagrun for example_kubernetes_executor to None
[2021-05-26 05:51:57,715] {scheduler_job.py:190} INFO - Processing /home/ubuntu/.local/lib/python3.6/site-packages/airflow/example_dags/example_kubernetes_executor.py took 0.069 seconds
[2021-05-26 05:52:29,061] {scheduler_job.py:182} INFO - Started process (PID=11782) to work on /home/ubuntu/.local/lib/python3.6/site-packages/airflow/example_dags/example_kubernetes_executor.py
[2021-05-26 05:52:29,064] {scheduler_job.py:633} INFO - Processing file /home/ubuntu/.local/lib/python3.6/site-packages/airflow/example_dags/example_kubernetes_executor.py for tasks to queue
[2021-05-26 05:52:29,068] {logging_mixin.py:104} INFO - [2021-05-26 05:52:29,068] {dagbag.py:487} INFO - Filling up the DagBag from /home/ubuntu/.local/lib/python3.6/site-packages/airflow/example_dags/example_kubernetes_executor.py
[2021-05-26 05:52:29,083] {scheduler_job.py:643} INFO - DAG(s) dict_keys(['example_kubernetes_executor']) retrieved from /home/ubuntu/.local/lib/python3.6/site-packages/airflow/example_dags/example_kubernetes_executor.py
[2021-05-26 05:52:29,097] {logging_mixin.py:104} INFO - [2021-05-26 05:52:29,097] {dag.py:1832} INFO - Sync 1 DAGs
[2021-05-26 05:52:29,110] {logging_mixin.py:104} INFO - [2021-05-26 05:52:29,110] {dag.py:2305} INFO - Setting next_dagrun for example_kubernetes_executor to None
[2021-05-26 05:52:29,127] {scheduler_job.py:190} INFO - Processing /home/ubuntu/.local/lib/python3.6/site-packages/airflow/example_dags/example_kubernetes_executor.py took 0.068 seconds
[2021-05-26 05:53:00,418] {scheduler_job.py:182} INFO - Started process (PID=11909) to work on /home/ubuntu/.local/lib/python3.6/site-packages/airflow/example_dags/example_kubernetes_executor.py
[2021-05-26 05:53:00,420] {scheduler_job.py:633} INFO - Processing file /home/ubuntu/.local/lib/python3.6/site-packages/airflow/example_dags/example_kubernetes_executor.py for tasks to queue
[2021-05-26 05:53:00,420] {logging_mixin.py:104} INFO - [2021-05-26 05:53:00,420] {dagbag.py:487} INFO - Filling up the DagBag from /home/ubuntu/.local/lib/python3.6/site-packages/airflow/example_dags/example_kubernetes_executor.py
[2021-05-26 05:53:00,435] {scheduler_job.py:643} INFO - DAG(s) dict_keys(['example_kubernetes_executor']) retrieved from /home/ubuntu/.local/lib/python3.6/site-packages/airflow/example_dags/example_kubernetes_executor.py
[2021-05-26 05:53:00,448] {logging_mixin.py:104} INFO - [2021-05-26 05:53:00,448] {dag.py:1832} INFO - Sync 1 DAGs
[2021-05-26 05:53:00,462] {logging_mixin.py:104} INFO - [2021-05-26 05:53:00,462] {dag.py:2305} INFO - Setting next_dagrun for example_kubernetes_executor to None
[2021-05-26 05:53:00,483] {scheduler_job.py:190} INFO - Processing /home/ubuntu/.local/lib/python3.6/site-packages/airflow/example_dags/example_kubernetes_executor.py took 0.067 seconds
[2021-05-26 05:53:32,541] {scheduler_job.py:182} INFO - Started process (PID=12033) to work on /home/ubuntu/.local/lib/python3.6/site-packages/airflow/example_dags/example_kubernetes_executor.py
[2021-05-26 05:53:32,544] {scheduler_job.py:633} INFO - Processing file /home/ubuntu/.local/lib/python3.6/site-packages/airflow/example_dags/example_kubernetes_executor.py for tasks to queue
[2021-05-26 05:53:32,544] {logging_mixin.py:104} INFO - [2021-05-26 05:53:32,544] {dagbag.py:487} INFO - Filling up the DagBag from /home/ubuntu/.local/lib/python3.6/site-packages/airflow/example_dags/example_kubernetes_executor.py
[2021-05-26 05:53:32,558] {scheduler_job.py:643} INFO - DAG(s) dict_keys(['example_kubernetes_executor']) retrieved from /home/ubuntu/.local/lib/python3.6/site-packages/airflow/example_dags/example_kubernetes_executor.py
[2021-05-26 05:53:32,572] {logging_mixin.py:104} INFO - [2021-05-26 05:53:32,572] {dag.py:1832} INFO - Sync 1 DAGs
[2021-05-26 05:53:32,586] {logging_mixin.py:104} INFO - [2021-05-26 05:53:32,586] {dag.py:2305} INFO - Setting next_dagrun for example_kubernetes_executor to None
[2021-05-26 05:53:32,605] {scheduler_job.py:190} INFO - Processing /home/ubuntu/.local/lib/python3.6/site-packages/airflow/example_dags/example_kubernetes_executor.py took 0.066 seconds
[2021-05-26 05:54:05,161] {scheduler_job.py:182} INFO - Started process (PID=12160) to work on /home/ubuntu/.local/lib/python3.6/site-packages/airflow/example_dags/example_kubernetes_executor.py
[2021-05-26 05:54:05,165] {scheduler_job.py:633} INFO - Processing file /home/ubuntu/.local/lib/python3.6/site-packages/airflow/example_dags/example_kubernetes_executor.py for tasks to queue
[2021-05-26 05:54:05,167] {logging_mixin.py:104} INFO - [2021-05-26 05:54:05,167] {dagbag.py:487} INFO - Filling up the DagBag from /home/ubuntu/.local/lib/python3.6/site-packages/airflow/example_dags/example_kubernetes_executor.py
[2021-05-26 05:54:05,181] {scheduler_job.py:643} INFO - DAG(s) dict_keys(['example_kubernetes_executor']) retrieved from /home/ubuntu/.local/lib/python3.6/site-packages/airflow/example_dags/example_kubernetes_executor.py
[2021-05-26 05:54:05,196] {logging_mixin.py:104} INFO - [2021-05-26 05:54:05,195] {dag.py:1832} INFO - Sync 1 DAGs
[2021-05-26 05:54:05,208] {logging_mixin.py:104} INFO - [2021-05-26 05:54:05,208] {dag.py:2305} INFO - Setting next_dagrun for example_kubernetes_executor to None
[2021-05-26 05:54:05,226] {scheduler_job.py:190} INFO - Processing /home/ubuntu/.local/lib/python3.6/site-packages/airflow/example_dags/example_kubernetes_executor.py took 0.067 seconds
[2021-05-26 05:54:38,027] {scheduler_job.py:182} INFO - Started process (PID=12287) to work on /home/ubuntu/.local/lib/python3.6/site-packages/airflow/example_dags/example_kubernetes_executor.py
[2021-05-26 05:54:38,032] {scheduler_job.py:633} INFO - Processing file /home/ubuntu/.local/lib/python3.6/site-packages/airflow/example_dags/example_kubernetes_executor.py for tasks to queue
[2021-05-26 05:54:38,036] {logging_mixin.py:104} INFO - [2021-05-26 05:54:38,035] {dagbag.py:487} INFO - Filling up the DagBag from /home/ubuntu/.local/lib/python3.6/site-packages/airflow/example_dags/example_kubernetes_executor.py
[2021-05-26 05:54:38,048] {scheduler_job.py:643} INFO - DAG(s) dict_keys(['example_kubernetes_executor']) retrieved from /home/ubuntu/.local/lib/python3.6/site-packages/airflow/example_dags/example_kubernetes_executor.py
[2021-05-26 05:54:38,064] {logging_mixin.py:104} INFO - [2021-05-26 05:54:38,064] {dag.py:1832} INFO - Sync 1 DAGs
[2021-05-26 05:54:38,082] {logging_mixin.py:104} INFO - [2021-05-26 05:54:38,082] {dag.py:2305} INFO - Setting next_dagrun for example_kubernetes_executor to None
[2021-05-26 05:54:38,103] {scheduler_job.py:190} INFO - Processing /home/ubuntu/.local/lib/python3.6/site-packages/airflow/example_dags/example_kubernetes_executor.py took 0.079 seconds
[2021-05-26 05:55:11,703] {scheduler_job.py:182} INFO - Started process (PID=12447) to work on /home/ubuntu/.local/lib/python3.6/site-packages/airflow/example_dags/example_kubernetes_executor.py
[2021-05-26 05:55:11,708] {scheduler_job.py:633} INFO - Processing file /home/ubuntu/.local/lib/python3.6/site-packages/airflow/example_dags/example_kubernetes_executor.py for tasks to queue
[2021-05-26 05:55:11,712] {logging_mixin.py:104} INFO - [2021-05-26 05:55:11,712] {dagbag.py:487} INFO - Filling up the DagBag from /home/ubuntu/.local/lib/python3.6/site-packages/airflow/example_dags/example_kubernetes_executor.py
[2021-05-26 05:55:11,729] {scheduler_job.py:643} INFO - DAG(s) dict_keys(['example_kubernetes_executor']) retrieved from /home/ubuntu/.local/lib/python3.6/site-packages/airflow/example_dags/example_kubernetes_executor.py
[2021-05-26 05:55:11,751] {logging_mixin.py:104} INFO - [2021-05-26 05:55:11,750] {dag.py:1832} INFO - Sync 1 DAGs
[2021-05-26 05:55:11,771] {logging_mixin.py:104} INFO - [2021-05-26 05:55:11,770] {dag.py:2305} INFO - Setting next_dagrun for example_kubernetes_executor to None
[2021-05-26 05:55:11,799] {scheduler_job.py:190} INFO - Processing /home/ubuntu/.local/lib/python3.6/site-packages/airflow/example_dags/example_kubernetes_executor.py took 0.098 seconds
[2021-05-26 05:55:57,906] {scheduler_job.py:182} INFO - Started process (PID=12630) to work on /home/ubuntu/.local/lib/python3.6/site-packages/airflow/example_dags/example_kubernetes_executor.py
[2021-05-26 05:55:57,910] {scheduler_job.py:633} INFO - Processing file /home/ubuntu/.local/lib/python3.6/site-packages/airflow/example_dags/example_kubernetes_executor.py for tasks to queue
[2021-05-26 05:55:57,914] {logging_mixin.py:104} INFO - [2021-05-26 05:55:57,914] {dagbag.py:487} INFO - Filling up the DagBag from /home/ubuntu/.local/lib/python3.6/site-packages/airflow/example_dags/example_kubernetes_executor.py
[2021-05-26 05:55:57,925] {scheduler_job.py:643} INFO - DAG(s) dict_keys(['example_kubernetes_executor']) retrieved from /home/ubuntu/.local/lib/python3.6/site-packages/airflow/example_dags/example_kubernetes_executor.py
[2021-05-26 05:55:57,939] {logging_mixin.py:104} INFO - [2021-05-26 05:55:57,939] {dag.py:1832} INFO - Sync 1 DAGs
[2021-05-26 05:55:57,954] {logging_mixin.py:104} INFO - [2021-05-26 05:55:57,954] {dag.py:2305} INFO - Setting next_dagrun for example_kubernetes_executor to None
[2021-05-26 05:55:57,982] {scheduler_job.py:190} INFO - Processing /home/ubuntu/.local/lib/python3.6/site-packages/airflow/example_dags/example_kubernetes_executor.py took 0.078 seconds
[2021-05-26 05:56:32,611] {scheduler_job.py:182} INFO - Started process (PID=12780) to work on /home/ubuntu/.local/lib/python3.6/site-packages/airflow/example_dags/example_kubernetes_executor.py
[2021-05-26 05:56:32,612] {scheduler_job.py:633} INFO - Processing file /home/ubuntu/.local/lib/python3.6/site-packages/airflow/example_dags/example_kubernetes_executor.py for tasks to queue
[2021-05-26 05:56:32,613] {logging_mixin.py:104} INFO - [2021-05-26 05:56:32,613] {dagbag.py:487} INFO - Filling up the DagBag from /home/ubuntu/.local/lib/python3.6/site-packages/airflow/example_dags/example_kubernetes_executor.py
[2021-05-26 05:56:32,624] {scheduler_job.py:643} INFO - DAG(s) dict_keys(['example_kubernetes_executor']) retrieved from /home/ubuntu/.local/lib/python3.6/site-packages/airflow/example_dags/example_kubernetes_executor.py
[2021-05-26 05:56:32,636] {logging_mixin.py:104} INFO - [2021-05-26 05:56:32,636] {dag.py:1832} INFO - Sync 1 DAGs
[2021-05-26 05:56:32,650] {logging_mixin.py:104} INFO - [2021-05-26 05:56:32,650] {dag.py:2305} INFO - Setting next_dagrun for example_kubernetes_executor to None
[2021-05-26 05:56:32,672] {scheduler_job.py:190} INFO - Processing /home/ubuntu/.local/lib/python3.6/site-packages/airflow/example_dags/example_kubernetes_executor.py took 0.063 seconds
[2021-05-26 05:57:07,606] {scheduler_job.py:182} INFO - Started process (PID=12955) to work on /home/ubuntu/.local/lib/python3.6/site-packages/airflow/example_dags/example_kubernetes_executor.py
[2021-05-26 05:57:07,611] {scheduler_job.py:633} INFO - Processing file /home/ubuntu/.local/lib/python3.6/site-packages/airflow/example_dags/example_kubernetes_executor.py for tasks to queue
[2021-05-26 05:57:07,615] {logging_mixin.py:104} INFO - [2021-05-26 05:57:07,615] {dagbag.py:487} INFO - Filling up the DagBag from /home/ubuntu/.local/lib/python3.6/site-packages/airflow/example_dags/example_kubernetes_executor.py
[2021-05-26 05:57:07,631] {scheduler_job.py:643} INFO - DAG(s) dict_keys(['example_kubernetes_executor']) retrieved from /home/ubuntu/.local/lib/python3.6/site-packages/airflow/example_dags/example_kubernetes_executor.py
[2021-05-26 05:57:07,647] {logging_mixin.py:104} INFO - [2021-05-26 05:57:07,647] {dag.py:1832} INFO - Sync 1 DAGs
[2021-05-26 05:57:07,665] {logging_mixin.py:104} INFO - [2021-05-26 05:57:07,665] {dag.py:2305} INFO - Setting next_dagrun for example_kubernetes_executor to None
[2021-05-26 05:57:07,683] {scheduler_job.py:190} INFO - Processing /home/ubuntu/.local/lib/python3.6/site-packages/airflow/example_dags/example_kubernetes_executor.py took 0.079 seconds
[2021-05-26 05:57:41,078] {scheduler_job.py:182} INFO - Started process (PID=13105) to work on /home/ubuntu/.local/lib/python3.6/site-packages/airflow/example_dags/example_kubernetes_executor.py
[2021-05-26 05:57:41,079] {scheduler_job.py:633} INFO - Processing file /home/ubuntu/.local/lib/python3.6/site-packages/airflow/example_dags/example_kubernetes_executor.py for tasks to queue
[2021-05-26 05:57:41,080] {logging_mixin.py:104} INFO - [2021-05-26 05:57:41,080] {dagbag.py:487} INFO - Filling up the DagBag from /home/ubuntu/.local/lib/python3.6/site-packages/airflow/example_dags/example_kubernetes_executor.py
[2021-05-26 05:57:41,091] {scheduler_job.py:643} INFO - DAG(s) dict_keys(['example_kubernetes_executor']) retrieved from /home/ubuntu/.local/lib/python3.6/site-packages/airflow/example_dags/example_kubernetes_executor.py
[2021-05-26 05:57:41,104] {logging_mixin.py:104} INFO - [2021-05-26 05:57:41,104] {dag.py:1832} INFO - Sync 1 DAGs
[2021-05-26 05:57:41,118] {logging_mixin.py:104} INFO - [2021-05-26 05:57:41,118] {dag.py:2305} INFO - Setting next_dagrun for example_kubernetes_executor to None
[2021-05-26 05:57:41,136] {scheduler_job.py:190} INFO - Processing /home/ubuntu/.local/lib/python3.6/site-packages/airflow/example_dags/example_kubernetes_executor.py took 0.060 seconds
[2021-05-26 05:58:12,506] {scheduler_job.py:182} INFO - Started process (PID=13233) to work on /home/ubuntu/.local/lib/python3.6/site-packages/airflow/example_dags/example_kubernetes_executor.py
[2021-05-26 05:58:12,510] {scheduler_job.py:633} INFO - Processing file /home/ubuntu/.local/lib/python3.6/site-packages/airflow/example_dags/example_kubernetes_executor.py for tasks to queue
[2021-05-26 05:58:12,514] {logging_mixin.py:104} INFO - [2021-05-26 05:58:12,514] {dagbag.py:487} INFO - Filling up the DagBag from /home/ubuntu/.local/lib/python3.6/site-packages/airflow/example_dags/example_kubernetes_executor.py
[2021-05-26 05:58:12,530] {scheduler_job.py:643} INFO - DAG(s) dict_keys(['example_kubernetes_executor']) retrieved from /home/ubuntu/.local/lib/python3.6/site-packages/airflow/example_dags/example_kubernetes_executor.py
[2021-05-26 05:58:12,547] {logging_mixin.py:104} INFO - [2021-05-26 05:58:12,547] {dag.py:1832} INFO - Sync 1 DAGs
[2021-05-26 05:58:12,569] {logging_mixin.py:104} INFO - [2021-05-26 05:58:12,569] {dag.py:2305} INFO - Setting next_dagrun for example_kubernetes_executor to None
[2021-05-26 05:58:12,597] {scheduler_job.py:190} INFO - Processing /home/ubuntu/.local/lib/python3.6/site-packages/airflow/example_dags/example_kubernetes_executor.py took 0.093 seconds
[2021-05-26 05:58:45,747] {scheduler_job.py:182} INFO - Started process (PID=13397) to work on /home/ubuntu/.local/lib/python3.6/site-packages/airflow/example_dags/example_kubernetes_executor.py
[2021-05-26 05:58:45,751] {scheduler_job.py:633} INFO - Processing file /home/ubuntu/.local/lib/python3.6/site-packages/airflow/example_dags/example_kubernetes_executor.py for tasks to queue
[2021-05-26 05:58:45,755] {logging_mixin.py:104} INFO - [2021-05-26 05:58:45,755] {dagbag.py:487} INFO - Filling up the DagBag from /home/ubuntu/.local/lib/python3.6/site-packages/airflow/example_dags/example_kubernetes_executor.py
[2021-05-26 05:58:45,773] {scheduler_job.py:643} INFO - DAG(s) dict_keys(['example_kubernetes_executor']) retrieved from /home/ubuntu/.local/lib/python3.6/site-packages/airflow/example_dags/example_kubernetes_executor.py
[2021-05-26 05:58:45,792] {logging_mixin.py:104} INFO - [2021-05-26 05:58:45,792] {dag.py:1832} INFO - Sync 1 DAGs
[2021-05-26 05:58:45,808] {logging_mixin.py:104} INFO - [2021-05-26 05:58:45,808] {dag.py:2305} INFO - Setting next_dagrun for example_kubernetes_executor to None
[2021-05-26 05:58:45,836] {scheduler_job.py:190} INFO - Processing /home/ubuntu/.local/lib/python3.6/site-packages/airflow/example_dags/example_kubernetes_executor.py took 0.091 seconds
[2021-05-26 05:59:20,019] {scheduler_job.py:182} INFO - Started process (PID=13573) to work on /home/ubuntu/.local/lib/python3.6/site-packages/airflow/example_dags/example_kubernetes_executor.py
[2021-05-26 05:59:20,023] {scheduler_job.py:633} INFO - Processing file /home/ubuntu/.local/lib/python3.6/site-packages/airflow/example_dags/example_kubernetes_executor.py for tasks to queue
[2021-05-26 05:59:20,027] {logging_mixin.py:104} INFO - [2021-05-26 05:59:20,027] {dagbag.py:487} INFO - Filling up the DagBag from /home/ubuntu/.local/lib/python3.6/site-packages/airflow/example_dags/example_kubernetes_executor.py
[2021-05-26 05:59:20,042] {scheduler_job.py:643} INFO - DAG(s) dict_keys(['example_kubernetes_executor']) retrieved from /home/ubuntu/.local/lib/python3.6/site-packages/airflow/example_dags/example_kubernetes_executor.py
[2021-05-26 05:59:20,061] {logging_mixin.py:104} INFO - [2021-05-26 05:59:20,061] {dag.py:1832} INFO - Sync 1 DAGs
[2021-05-26 05:59:20,081] {logging_mixin.py:104} INFO - [2021-05-26 05:59:20,080] {dag.py:2305} INFO - Setting next_dagrun for example_kubernetes_executor to None
[2021-05-26 05:59:20,107] {scheduler_job.py:190} INFO - Processing /home/ubuntu/.local/lib/python3.6/site-packages/airflow/example_dags/example_kubernetes_executor.py took 0.090 seconds
[2021-05-26 05:59:52,960] {scheduler_job.py:182} INFO - Started process (PID=13738) to work on /home/ubuntu/.local/lib/python3.6/site-packages/airflow/example_dags/example_kubernetes_executor.py
[2021-05-26 05:59:52,961] {scheduler_job.py:633} INFO - Processing file /home/ubuntu/.local/lib/python3.6/site-packages/airflow/example_dags/example_kubernetes_executor.py for tasks to queue
[2021-05-26 05:59:52,961] {logging_mixin.py:104} INFO - [2021-05-26 05:59:52,961] {dagbag.py:487} INFO - Filling up the DagBag from /home/ubuntu/.local/lib/python3.6/site-packages/airflow/example_dags/example_kubernetes_executor.py
[2021-05-26 05:59:52,973] {scheduler_job.py:643} INFO - DAG(s) dict_keys(['example_kubernetes_executor']) retrieved from /home/ubuntu/.local/lib/python3.6/site-packages/airflow/example_dags/example_kubernetes_executor.py
[2021-05-26 05:59:52,988] {logging_mixin.py:104} INFO - [2021-05-26 05:59:52,988] {dag.py:1832} INFO - Sync 1 DAGs
[2021-05-26 05:59:53,000] {logging_mixin.py:104} INFO - [2021-05-26 05:59:53,000] {dag.py:2305} INFO - Setting next_dagrun for example_kubernetes_executor to None
[2021-05-26 05:59:53,017] {scheduler_job.py:190} INFO - Processing /home/ubuntu/.local/lib/python3.6/site-packages/airflow/example_dags/example_kubernetes_executor.py took 0.059 seconds
[2021-05-26 06:00:31,389] {scheduler_job.py:182} INFO - Started process (PID=13925) to work on /home/ubuntu/.local/lib/python3.6/site-packages/airflow/example_dags/example_kubernetes_executor.py
[2021-05-26 06:00:31,393] {scheduler_job.py:633} INFO - Processing file /home/ubuntu/.local/lib/python3.6/site-packages/airflow/example_dags/example_kubernetes_executor.py for tasks to queue
[2021-05-26 06:00:31,398] {logging_mixin.py:104} INFO - [2021-05-26 06:00:31,398] {dagbag.py:487} INFO - Filling up the DagBag from /home/ubuntu/.local/lib/python3.6/site-packages/airflow/example_dags/example_kubernetes_executor.py
[2021-05-26 06:00:31,412] {scheduler_job.py:643} INFO - DAG(s) dict_keys(['example_kubernetes_executor']) retrieved from /home/ubuntu/.local/lib/python3.6/site-packages/airflow/example_dags/example_kubernetes_executor.py
[2021-05-26 06:00:31,430] {logging_mixin.py:104} INFO - [2021-05-26 06:00:31,430] {dag.py:1832} INFO - Sync 1 DAGs
[2021-05-26 06:00:31,445] {logging_mixin.py:104} INFO - [2021-05-26 06:00:31,445] {dag.py:2305} INFO - Setting next_dagrun for example_kubernetes_executor to None
[2021-05-26 06:00:31,463] {scheduler_job.py:190} INFO - Processing /home/ubuntu/.local/lib/python3.6/site-packages/airflow/example_dags/example_kubernetes_executor.py took 0.076 seconds
[2021-05-26 06:01:03,661] {scheduler_job.py:182} INFO - Started process (PID=14062) to work on /home/ubuntu/.local/lib/python3.6/site-packages/airflow/example_dags/example_kubernetes_executor.py
[2021-05-26 06:01:03,662] {scheduler_job.py:633} INFO - Processing file /home/ubuntu/.local/lib/python3.6/site-packages/airflow/example_dags/example_kubernetes_executor.py for tasks to queue
[2021-05-26 06:01:03,663] {logging_mixin.py:104} INFO - [2021-05-26 06:01:03,663] {dagbag.py:487} INFO - Filling up the DagBag from /home/ubuntu/.local/lib/python3.6/site-packages/airflow/example_dags/example_kubernetes_executor.py
[2021-05-26 06:01:03,678] {scheduler_job.py:643} INFO - DAG(s) dict_keys(['example_kubernetes_executor']) retrieved from /home/ubuntu/.local/lib/python3.6/site-packages/airflow/example_dags/example_kubernetes_executor.py
[2021-05-26 06:01:03,693] {logging_mixin.py:104} INFO - [2021-05-26 06:01:03,693] {dag.py:1832} INFO - Sync 1 DAGs
[2021-05-26 06:01:03,707] {logging_mixin.py:104} INFO - [2021-05-26 06:01:03,706] {dag.py:2305} INFO - Setting next_dagrun for example_kubernetes_executor to None
[2021-05-26 06:01:03,724] {scheduler_job.py:190} INFO - Processing /home/ubuntu/.local/lib/python3.6/site-packages/airflow/example_dags/example_kubernetes_executor.py took 0.066 seconds
[2021-05-26 06:01:39,751] {scheduler_job.py:182} INFO - Started process (PID=14238) to work on /home/ubuntu/.local/lib/python3.6/site-packages/airflow/example_dags/example_kubernetes_executor.py
[2021-05-26 06:01:39,758] {scheduler_job.py:633} INFO - Processing file /home/ubuntu/.local/lib/python3.6/site-packages/airflow/example_dags/example_kubernetes_executor.py for tasks to queue
[2021-05-26 06:01:39,762] {logging_mixin.py:104} INFO - [2021-05-26 06:01:39,762] {dagbag.py:487} INFO - Filling up the DagBag from /home/ubuntu/.local/lib/python3.6/site-packages/airflow/example_dags/example_kubernetes_executor.py
[2021-05-26 06:01:39,782] {scheduler_job.py:643} INFO - DAG(s) dict_keys(['example_kubernetes_executor']) retrieved from /home/ubuntu/.local/lib/python3.6/site-packages/airflow/example_dags/example_kubernetes_executor.py
[2021-05-26 06:01:39,816] {logging_mixin.py:104} INFO - [2021-05-26 06:01:39,816] {dag.py:1832} INFO - Sync 1 DAGs
[2021-05-26 06:01:39,832] {logging_mixin.py:104} INFO - [2021-05-26 06:01:39,832] {dag.py:2305} INFO - Setting next_dagrun for example_kubernetes_executor to None
[2021-05-26 06:01:39,860] {scheduler_job.py:190} INFO - Processing /home/ubuntu/.local/lib/python3.6/site-packages/airflow/example_dags/example_kubernetes_executor.py took 0.112 seconds
[2021-05-26 06:02:21,355] {scheduler_job.py:182} INFO - Started process (PID=14436) to work on /home/ubuntu/.local/lib/python3.6/site-packages/airflow/example_dags/example_kubernetes_executor.py
[2021-05-26 06:02:21,360] {scheduler_job.py:633} INFO - Processing file /home/ubuntu/.local/lib/python3.6/site-packages/airflow/example_dags/example_kubernetes_executor.py for tasks to queue
[2021-05-26 06:02:21,364] {logging_mixin.py:104} INFO - [2021-05-26 06:02:21,364] {dagbag.py:487} INFO - Filling up the DagBag from /home/ubuntu/.local/lib/python3.6/site-packages/airflow/example_dags/example_kubernetes_executor.py
[2021-05-26 06:02:21,380] {scheduler_job.py:643} INFO - DAG(s) dict_keys(['example_kubernetes_executor']) retrieved from /home/ubuntu/.local/lib/python3.6/site-packages/airflow/example_dags/example_kubernetes_executor.py
[2021-05-26 06:02:21,677] {logging_mixin.py:104} INFO - [2021-05-26 06:02:21,677] {dag.py:1832} INFO - Sync 1 DAGs
[2021-05-26 06:02:21,693] {logging_mixin.py:104} INFO - [2021-05-26 06:02:21,693] {dag.py:2305} INFO - Setting next_dagrun for example_kubernetes_executor to None
[2021-05-26 06:02:21,726] {scheduler_job.py:190} INFO - Processing /home/ubuntu/.local/lib/python3.6/site-packages/airflow/example_dags/example_kubernetes_executor.py took 0.373 seconds
[2021-05-26 06:02:56,751] {scheduler_job.py:182} INFO - Started process (PID=14608) to work on /home/ubuntu/.local/lib/python3.6/site-packages/airflow/example_dags/example_kubernetes_executor.py
[2021-05-26 06:02:56,756] {scheduler_job.py:633} INFO - Processing file /home/ubuntu/.local/lib/python3.6/site-packages/airflow/example_dags/example_kubernetes_executor.py for tasks to queue
[2021-05-26 06:02:56,760] {logging_mixin.py:104} INFO - [2021-05-26 06:02:56,760] {dagbag.py:487} INFO - Filling up the DagBag from /home/ubuntu/.local/lib/python3.6/site-packages/airflow/example_dags/example_kubernetes_executor.py
[2021-05-26 06:02:56,777] {scheduler_job.py:643} INFO - DAG(s) dict_keys(['example_kubernetes_executor']) retrieved from /home/ubuntu/.local/lib/python3.6/site-packages/airflow/example_dags/example_kubernetes_executor.py
[2021-05-26 06:02:56,797] {logging_mixin.py:104} INFO - [2021-05-26 06:02:56,796] {dag.py:1832} INFO - Sync 1 DAGs
[2021-05-26 06:02:56,813] {logging_mixin.py:104} INFO - [2021-05-26 06:02:56,813] {dag.py:2305} INFO - Setting next_dagrun for example_kubernetes_executor to None
[2021-05-26 06:02:56,841] {scheduler_job.py:190} INFO - Processing /home/ubuntu/.local/lib/python3.6/site-packages/airflow/example_dags/example_kubernetes_executor.py took 0.093 seconds
[2021-05-26 06:03:38,516] {scheduler_job.py:182} INFO - Started process (PID=14816) to work on /home/ubuntu/.local/lib/python3.6/site-packages/airflow/example_dags/example_kubernetes_executor.py
[2021-05-26 06:03:38,520] {scheduler_job.py:633} INFO - Processing file /home/ubuntu/.local/lib/python3.6/site-packages/airflow/example_dags/example_kubernetes_executor.py for tasks to queue
[2021-05-26 06:03:38,526] {logging_mixin.py:104} INFO - [2021-05-26 06:03:38,526] {dagbag.py:487} INFO - Filling up the DagBag from /home/ubuntu/.local/lib/python3.6/site-packages/airflow/example_dags/example_kubernetes_executor.py
[2021-05-26 06:03:38,547] {scheduler_job.py:643} INFO - DAG(s) dict_keys(['example_kubernetes_executor']) retrieved from /home/ubuntu/.local/lib/python3.6/site-packages/airflow/example_dags/example_kubernetes_executor.py
[2021-05-26 06:03:38,575] {logging_mixin.py:104} INFO - [2021-05-26 06:03:38,575] {dag.py:1832} INFO - Sync 1 DAGs
[2021-05-26 06:03:38,596] {logging_mixin.py:104} INFO - [2021-05-26 06:03:38,596] {dag.py:2305} INFO - Setting next_dagrun for example_kubernetes_executor to None
[2021-05-26 06:03:38,625] {scheduler_job.py:190} INFO - Processing /home/ubuntu/.local/lib/python3.6/site-packages/airflow/example_dags/example_kubernetes_executor.py took 0.111 seconds
[2021-05-26 06:04:15,578] {scheduler_job.py:182} INFO - Started process (PID=15004) to work on /home/ubuntu/.local/lib/python3.6/site-packages/airflow/example_dags/example_kubernetes_executor.py
[2021-05-26 06:04:15,585] {scheduler_job.py:633} INFO - Processing file /home/ubuntu/.local/lib/python3.6/site-packages/airflow/example_dags/example_kubernetes_executor.py for tasks to queue
[2021-05-26 06:04:15,586] {logging_mixin.py:104} INFO - [2021-05-26 06:04:15,585] {dagbag.py:487} INFO - Filling up the DagBag from /home/ubuntu/.local/lib/python3.6/site-packages/airflow/example_dags/example_kubernetes_executor.py
[2021-05-26 06:04:15,610] {scheduler_job.py:643} INFO - DAG(s) dict_keys(['example_kubernetes_executor']) retrieved from /home/ubuntu/.local/lib/python3.6/site-packages/airflow/example_dags/example_kubernetes_executor.py
[2021-05-26 06:04:15,633] {logging_mixin.py:104} INFO - [2021-05-26 06:04:15,633] {dag.py:1832} INFO - Sync 1 DAGs
[2021-05-26 06:04:15,652] {logging_mixin.py:104} INFO - [2021-05-26 06:04:15,652] {dag.py:2305} INFO - Setting next_dagrun for example_kubernetes_executor to None
[2021-05-26 06:04:15,678] {scheduler_job.py:190} INFO - Processing /home/ubuntu/.local/lib/python3.6/site-packages/airflow/example_dags/example_kubernetes_executor.py took 0.102 seconds
[2021-05-26 06:04:51,627] {scheduler_job.py:182} INFO - Started process (PID=15139) to work on /home/ubuntu/.local/lib/python3.6/site-packages/airflow/example_dags/example_kubernetes_executor.py
[2021-05-26 06:04:51,632] {scheduler_job.py:633} INFO - Processing file /home/ubuntu/.local/lib/python3.6/site-packages/airflow/example_dags/example_kubernetes_executor.py for tasks to queue
[2021-05-26 06:04:51,636] {logging_mixin.py:104} INFO - [2021-05-26 06:04:51,636] {dagbag.py:487} INFO - Filling up the DagBag from /home/ubuntu/.local/lib/python3.6/site-packages/airflow/example_dags/example_kubernetes_executor.py
[2021-05-26 06:04:51,655] {scheduler_job.py:643} INFO - DAG(s) dict_keys(['example_kubernetes_executor']) retrieved from /home/ubuntu/.local/lib/python3.6/site-packages/airflow/example_dags/example_kubernetes_executor.py
[2021-05-26 06:04:51,673] {logging_mixin.py:104} INFO - [2021-05-26 06:04:51,673] {dag.py:1832} INFO - Sync 1 DAGs
[2021-05-26 06:04:51,692] {logging_mixin.py:104} INFO - [2021-05-26 06:04:51,692] {dag.py:2305} INFO - Setting next_dagrun for example_kubernetes_executor to None
[2021-05-26 06:04:51,728] {scheduler_job.py:190} INFO - Processing /home/ubuntu/.local/lib/python3.6/site-packages/airflow/example_dags/example_kubernetes_executor.py took 0.104 seconds
[2021-05-26 06:05:24,710] {scheduler_job.py:182} INFO - Started process (PID=15292) to work on /home/ubuntu/.local/lib/python3.6/site-packages/airflow/example_dags/example_kubernetes_executor.py
[2021-05-26 06:05:24,713] {scheduler_job.py:633} INFO - Processing file /home/ubuntu/.local/lib/python3.6/site-packages/airflow/example_dags/example_kubernetes_executor.py for tasks to queue
[2021-05-26 06:05:24,714] {logging_mixin.py:104} INFO - [2021-05-26 06:05:24,714] {dagbag.py:487} INFO - Filling up the DagBag from /home/ubuntu/.local/lib/python3.6/site-packages/airflow/example_dags/example_kubernetes_executor.py
[2021-05-26 06:05:24,729] {scheduler_job.py:643} INFO - DAG(s) dict_keys(['example_kubernetes_executor']) retrieved from /home/ubuntu/.local/lib/python3.6/site-packages/airflow/example_dags/example_kubernetes_executor.py
[2021-05-26 06:05:24,744] {logging_mixin.py:104} INFO - [2021-05-26 06:05:24,744] {dag.py:1832} INFO - Sync 1 DAGs
[2021-05-26 06:05:24,761] {logging_mixin.py:104} INFO - [2021-05-26 06:05:24,761] {dag.py:2305} INFO - Setting next_dagrun for example_kubernetes_executor to None
[2021-05-26 06:05:24,792] {scheduler_job.py:190} INFO - Processing /home/ubuntu/.local/lib/python3.6/site-packages/airflow/example_dags/example_kubernetes_executor.py took 0.086 seconds
[2021-05-26 06:06:08,692] {scheduler_job.py:182} INFO - Started process (PID=15460) to work on /home/ubuntu/.local/lib/python3.6/site-packages/airflow/example_dags/example_kubernetes_executor.py
[2021-05-26 06:06:08,697] {scheduler_job.py:633} INFO - Processing file /home/ubuntu/.local/lib/python3.6/site-packages/airflow/example_dags/example_kubernetes_executor.py for tasks to queue
[2021-05-26 06:06:08,702] {logging_mixin.py:104} INFO - [2021-05-26 06:06:08,702] {dagbag.py:487} INFO - Filling up the DagBag from /home/ubuntu/.local/lib/python3.6/site-packages/airflow/example_dags/example_kubernetes_executor.py
[2021-05-26 06:06:08,718] {scheduler_job.py:643} INFO - DAG(s) dict_keys(['example_kubernetes_executor']) retrieved from /home/ubuntu/.local/lib/python3.6/site-packages/airflow/example_dags/example_kubernetes_executor.py
[2021-05-26 06:06:08,736] {logging_mixin.py:104} INFO - [2021-05-26 06:06:08,736] {dag.py:1832} INFO - Sync 1 DAGs
[2021-05-26 06:06:08,756] {logging_mixin.py:104} INFO - [2021-05-26 06:06:08,756] {dag.py:2305} INFO - Setting next_dagrun for example_kubernetes_executor to None
[2021-05-26 06:06:08,783] {scheduler_job.py:190} INFO - Processing /home/ubuntu/.local/lib/python3.6/site-packages/airflow/example_dags/example_kubernetes_executor.py took 0.093 seconds
[2021-05-26 06:06:51,107] {scheduler_job.py:182} INFO - Started process (PID=15613) to work on /home/ubuntu/.local/lib/python3.6/site-packages/airflow/example_dags/example_kubernetes_executor.py
[2021-05-26 06:06:51,112] {scheduler_job.py:633} INFO - Processing file /home/ubuntu/.local/lib/python3.6/site-packages/airflow/example_dags/example_kubernetes_executor.py for tasks to queue
[2021-05-26 06:06:51,116] {logging_mixin.py:104} INFO - [2021-05-26 06:06:51,116] {dagbag.py:487} INFO - Filling up the DagBag from /home/ubuntu/.local/lib/python3.6/site-packages/airflow/example_dags/example_kubernetes_executor.py
[2021-05-26 06:06:51,131] {scheduler_job.py:643} INFO - DAG(s) dict_keys(['example_kubernetes_executor']) retrieved from /home/ubuntu/.local/lib/python3.6/site-packages/airflow/example_dags/example_kubernetes_executor.py
[2021-05-26 06:06:51,456] {logging_mixin.py:104} INFO - [2021-05-26 06:06:51,456] {dag.py:1832} INFO - Sync 1 DAGs
[2021-05-26 06:06:51,472] {logging_mixin.py:104} INFO - [2021-05-26 06:06:51,472] {dag.py:1851} INFO - Creating ORM DAG for example_kubernetes_executor
[2021-05-26 06:06:51,481] {logging_mixin.py:104} INFO - [2021-05-26 06:06:51,481] {dag.py:2305} INFO - Setting next_dagrun for example_kubernetes_executor to None
[2021-05-26 06:06:51,517] {scheduler_job.py:190} INFO - Processing /home/ubuntu/.local/lib/python3.6/site-packages/airflow/example_dags/example_kubernetes_executor.py took 0.412 seconds
[2021-05-26 06:07:27,546] {scheduler_job.py:182} INFO - Started process (PID=15804) to work on /home/ubuntu/.local/lib/python3.6/site-packages/airflow/example_dags/example_kubernetes_executor.py
[2021-05-26 06:07:27,550] {scheduler_job.py:633} INFO - Processing file /home/ubuntu/.local/lib/python3.6/site-packages/airflow/example_dags/example_kubernetes_executor.py for tasks to queue
[2021-05-26 06:07:27,555] {logging_mixin.py:104} INFO - [2021-05-26 06:07:27,555] {dagbag.py:487} INFO - Filling up the DagBag from /home/ubuntu/.local/lib/python3.6/site-packages/airflow/example_dags/example_kubernetes_executor.py
[2021-05-26 06:07:27,571] {scheduler_job.py:643} INFO - DAG(s) dict_keys(['example_kubernetes_executor']) retrieved from /home/ubuntu/.local/lib/python3.6/site-packages/airflow/example_dags/example_kubernetes_executor.py
[2021-05-26 06:07:27,595] {logging_mixin.py:104} INFO - [2021-05-26 06:07:27,593] {dag.py:1832} INFO - Sync 1 DAGs
[2021-05-26 06:07:27,612] {logging_mixin.py:104} INFO - [2021-05-26 06:07:27,612] {dag.py:2305} INFO - Setting next_dagrun for example_kubernetes_executor to None
[2021-05-26 06:07:27,643] {scheduler_job.py:190} INFO - Processing /home/ubuntu/.local/lib/python3.6/site-packages/airflow/example_dags/example_kubernetes_executor.py took 0.100 seconds
[2021-05-26 06:08:01,954] {scheduler_job.py:182} INFO - Started process (PID=15962) to work on /home/ubuntu/.local/lib/python3.6/site-packages/airflow/example_dags/example_kubernetes_executor.py
[2021-05-26 06:08:01,959] {scheduler_job.py:633} INFO - Processing file /home/ubuntu/.local/lib/python3.6/site-packages/airflow/example_dags/example_kubernetes_executor.py for tasks to queue
[2021-05-26 06:08:01,965] {logging_mixin.py:104} INFO - [2021-05-26 06:08:01,965] {dagbag.py:487} INFO - Filling up the DagBag from /home/ubuntu/.local/lib/python3.6/site-packages/airflow/example_dags/example_kubernetes_executor.py
[2021-05-26 06:08:01,988] {scheduler_job.py:643} INFO - DAG(s) dict_keys(['example_kubernetes_executor']) retrieved from /home/ubuntu/.local/lib/python3.6/site-packages/airflow/example_dags/example_kubernetes_executor.py
[2021-05-26 06:08:02,010] {logging_mixin.py:104} INFO - [2021-05-26 06:08:02,010] {dag.py:1832} INFO - Sync 1 DAGs
[2021-05-26 06:08:02,042] {logging_mixin.py:104} INFO - [2021-05-26 06:08:02,042] {dag.py:2305} INFO - Setting next_dagrun for example_kubernetes_executor to None
[2021-05-26 06:08:02,084] {scheduler_job.py:190} INFO - Processing /home/ubuntu/.local/lib/python3.6/site-packages/airflow/example_dags/example_kubernetes_executor.py took 0.133 seconds
