[2021-05-26 05:47:38,513] {scheduler_job.py:182} INFO - Started process (PID=10589) to work on /home/ubuntu/.local/lib/python3.6/site-packages/airflow/example_dags/example_subdag_operator.py
[2021-05-26 05:47:38,514] {scheduler_job.py:633} INFO - Processing file /home/ubuntu/.local/lib/python3.6/site-packages/airflow/example_dags/example_subdag_operator.py for tasks to queue
[2021-05-26 05:47:38,515] {logging_mixin.py:104} INFO - [2021-05-26 05:47:38,515] {dagbag.py:487} INFO - Filling up the DagBag from /home/ubuntu/.local/lib/python3.6/site-packages/airflow/example_dags/example_subdag_operator.py
[2021-05-26 05:47:38,542] {scheduler_job.py:643} INFO - DAG(s) dict_keys(['example_subdag_operator.section-1', 'example_subdag_operator.section-2', 'example_subdag_operator']) retrieved from /home/ubuntu/.local/lib/python3.6/site-packages/airflow/example_dags/example_subdag_operator.py
[2021-05-26 05:47:38,558] {logging_mixin.py:104} INFO - [2021-05-26 05:47:38,558] {dag.py:1832} INFO - Sync 3 DAGs
[2021-05-26 05:47:38,576] {logging_mixin.py:104} INFO - [2021-05-26 05:47:38,576] {dag.py:2305} INFO - Setting next_dagrun for example_subdag_operator to 2021-05-24 00:00:00+00:00
[2021-05-26 05:47:38,578] {logging_mixin.py:104} INFO - [2021-05-26 05:47:38,577] {dag.py:2305} INFO - Setting next_dagrun for example_subdag_operator.section-1 to None
[2021-05-26 05:47:38,578] {logging_mixin.py:104} INFO - [2021-05-26 05:47:38,578] {dag.py:2305} INFO - Setting next_dagrun for example_subdag_operator.section-2 to None
[2021-05-26 05:47:38,593] {logging_mixin.py:104} INFO - [2021-05-26 05:47:38,593] {dag.py:1832} INFO - Sync 2 DAGs
[2021-05-26 05:47:38,601] {logging_mixin.py:104} INFO - [2021-05-26 05:47:38,601] {dag.py:2305} INFO - Setting next_dagrun for example_subdag_operator.section-1 to None
[2021-05-26 05:47:38,601] {logging_mixin.py:104} INFO - [2021-05-26 05:47:38,601] {dag.py:2305} INFO - Setting next_dagrun for example_subdag_operator.section-2 to None
[2021-05-26 05:47:38,615] {scheduler_job.py:190} INFO - Processing /home/ubuntu/.local/lib/python3.6/site-packages/airflow/example_dags/example_subdag_operator.py took 0.105 seconds
[2021-05-26 05:48:11,190] {scheduler_job.py:182} INFO - Started process (PID=10742) to work on /home/ubuntu/.local/lib/python3.6/site-packages/airflow/example_dags/example_subdag_operator.py
[2021-05-26 05:48:11,192] {scheduler_job.py:633} INFO - Processing file /home/ubuntu/.local/lib/python3.6/site-packages/airflow/example_dags/example_subdag_operator.py for tasks to queue
[2021-05-26 05:48:11,193] {logging_mixin.py:104} INFO - [2021-05-26 05:48:11,193] {dagbag.py:487} INFO - Filling up the DagBag from /home/ubuntu/.local/lib/python3.6/site-packages/airflow/example_dags/example_subdag_operator.py
[2021-05-26 05:48:11,217] {scheduler_job.py:643} INFO - DAG(s) dict_keys(['example_subdag_operator.section-1', 'example_subdag_operator.section-2', 'example_subdag_operator']) retrieved from /home/ubuntu/.local/lib/python3.6/site-packages/airflow/example_dags/example_subdag_operator.py
[2021-05-26 05:48:11,231] {logging_mixin.py:104} INFO - [2021-05-26 05:48:11,230] {dag.py:1832} INFO - Sync 3 DAGs
[2021-05-26 05:48:11,247] {logging_mixin.py:104} INFO - [2021-05-26 05:48:11,247] {dag.py:2305} INFO - Setting next_dagrun for example_subdag_operator to 2021-05-24 00:00:00+00:00
[2021-05-26 05:48:11,250] {logging_mixin.py:104} INFO - [2021-05-26 05:48:11,250] {dag.py:2305} INFO - Setting next_dagrun for example_subdag_operator.section-1 to None
[2021-05-26 05:48:11,250] {logging_mixin.py:104} INFO - [2021-05-26 05:48:11,250] {dag.py:2305} INFO - Setting next_dagrun for example_subdag_operator.section-2 to None
[2021-05-26 05:48:11,268] {logging_mixin.py:104} INFO - [2021-05-26 05:48:11,268] {dag.py:1832} INFO - Sync 2 DAGs
[2021-05-26 05:48:11,278] {logging_mixin.py:104} INFO - [2021-05-26 05:48:11,277] {dag.py:2305} INFO - Setting next_dagrun for example_subdag_operator.section-1 to None
[2021-05-26 05:48:11,278] {logging_mixin.py:104} INFO - [2021-05-26 05:48:11,278] {dag.py:2305} INFO - Setting next_dagrun for example_subdag_operator.section-2 to None
[2021-05-26 05:48:11,292] {scheduler_job.py:190} INFO - Processing /home/ubuntu/.local/lib/python3.6/site-packages/airflow/example_dags/example_subdag_operator.py took 0.105 seconds
[2021-05-26 05:48:43,549] {scheduler_job.py:182} INFO - Started process (PID=10881) to work on /home/ubuntu/.local/lib/python3.6/site-packages/airflow/example_dags/example_subdag_operator.py
[2021-05-26 05:48:43,550] {scheduler_job.py:633} INFO - Processing file /home/ubuntu/.local/lib/python3.6/site-packages/airflow/example_dags/example_subdag_operator.py for tasks to queue
[2021-05-26 05:48:43,551] {logging_mixin.py:104} INFO - [2021-05-26 05:48:43,550] {dagbag.py:487} INFO - Filling up the DagBag from /home/ubuntu/.local/lib/python3.6/site-packages/airflow/example_dags/example_subdag_operator.py
[2021-05-26 05:48:43,587] {scheduler_job.py:643} INFO - DAG(s) dict_keys(['example_subdag_operator.section-1', 'example_subdag_operator.section-2', 'example_subdag_operator']) retrieved from /home/ubuntu/.local/lib/python3.6/site-packages/airflow/example_dags/example_subdag_operator.py
[2021-05-26 05:48:43,600] {logging_mixin.py:104} INFO - [2021-05-26 05:48:43,600] {dag.py:1832} INFO - Sync 3 DAGs
[2021-05-26 05:48:43,621] {logging_mixin.py:104} INFO - [2021-05-26 05:48:43,621] {dag.py:2305} INFO - Setting next_dagrun for example_subdag_operator to 2021-05-24 00:00:00+00:00
[2021-05-26 05:48:43,622] {logging_mixin.py:104} INFO - [2021-05-26 05:48:43,622] {dag.py:2305} INFO - Setting next_dagrun for example_subdag_operator.section-1 to None
[2021-05-26 05:48:43,622] {logging_mixin.py:104} INFO - [2021-05-26 05:48:43,622] {dag.py:2305} INFO - Setting next_dagrun for example_subdag_operator.section-2 to None
[2021-05-26 05:48:43,636] {logging_mixin.py:104} INFO - [2021-05-26 05:48:43,635] {dag.py:1832} INFO - Sync 2 DAGs
[2021-05-26 05:48:43,644] {logging_mixin.py:104} INFO - [2021-05-26 05:48:43,644] {dag.py:2305} INFO - Setting next_dagrun for example_subdag_operator.section-1 to None
[2021-05-26 05:48:43,644] {logging_mixin.py:104} INFO - [2021-05-26 05:48:43,644] {dag.py:2305} INFO - Setting next_dagrun for example_subdag_operator.section-2 to None
[2021-05-26 05:48:43,663] {scheduler_job.py:190} INFO - Processing /home/ubuntu/.local/lib/python3.6/site-packages/airflow/example_dags/example_subdag_operator.py took 0.116 seconds
[2021-05-26 05:49:15,083] {scheduler_job.py:182} INFO - Started process (PID=11015) to work on /home/ubuntu/.local/lib/python3.6/site-packages/airflow/example_dags/example_subdag_operator.py
[2021-05-26 05:49:15,085] {scheduler_job.py:633} INFO - Processing file /home/ubuntu/.local/lib/python3.6/site-packages/airflow/example_dags/example_subdag_operator.py for tasks to queue
[2021-05-26 05:49:15,085] {logging_mixin.py:104} INFO - [2021-05-26 05:49:15,085] {dagbag.py:487} INFO - Filling up the DagBag from /home/ubuntu/.local/lib/python3.6/site-packages/airflow/example_dags/example_subdag_operator.py
[2021-05-26 05:49:15,108] {scheduler_job.py:643} INFO - DAG(s) dict_keys(['example_subdag_operator.section-1', 'example_subdag_operator.section-2', 'example_subdag_operator']) retrieved from /home/ubuntu/.local/lib/python3.6/site-packages/airflow/example_dags/example_subdag_operator.py
[2021-05-26 05:49:15,120] {logging_mixin.py:104} INFO - [2021-05-26 05:49:15,119] {dag.py:1832} INFO - Sync 3 DAGs
[2021-05-26 05:49:15,134] {logging_mixin.py:104} INFO - [2021-05-26 05:49:15,134] {dag.py:2305} INFO - Setting next_dagrun for example_subdag_operator to 2021-05-24 00:00:00+00:00
[2021-05-26 05:49:15,135] {logging_mixin.py:104} INFO - [2021-05-26 05:49:15,135] {dag.py:2305} INFO - Setting next_dagrun for example_subdag_operator.section-1 to None
[2021-05-26 05:49:15,136] {logging_mixin.py:104} INFO - [2021-05-26 05:49:15,136] {dag.py:2305} INFO - Setting next_dagrun for example_subdag_operator.section-2 to None
[2021-05-26 05:49:15,151] {logging_mixin.py:104} INFO - [2021-05-26 05:49:15,151] {dag.py:1832} INFO - Sync 2 DAGs
[2021-05-26 05:49:15,160] {logging_mixin.py:104} INFO - [2021-05-26 05:49:15,160] {dag.py:2305} INFO - Setting next_dagrun for example_subdag_operator.section-1 to None
[2021-05-26 05:49:15,161] {logging_mixin.py:104} INFO - [2021-05-26 05:49:15,161] {dag.py:2305} INFO - Setting next_dagrun for example_subdag_operator.section-2 to None
[2021-05-26 05:49:15,181] {scheduler_job.py:190} INFO - Processing /home/ubuntu/.local/lib/python3.6/site-packages/airflow/example_dags/example_subdag_operator.py took 0.100 seconds
[2021-05-26 05:49:47,525] {scheduler_job.py:182} INFO - Started process (PID=11155) to work on /home/ubuntu/.local/lib/python3.6/site-packages/airflow/example_dags/example_subdag_operator.py
[2021-05-26 05:49:47,527] {scheduler_job.py:633} INFO - Processing file /home/ubuntu/.local/lib/python3.6/site-packages/airflow/example_dags/example_subdag_operator.py for tasks to queue
[2021-05-26 05:49:47,528] {logging_mixin.py:104} INFO - [2021-05-26 05:49:47,528] {dagbag.py:487} INFO - Filling up the DagBag from /home/ubuntu/.local/lib/python3.6/site-packages/airflow/example_dags/example_subdag_operator.py
[2021-05-26 05:49:47,551] {scheduler_job.py:643} INFO - DAG(s) dict_keys(['example_subdag_operator.section-1', 'example_subdag_operator.section-2', 'example_subdag_operator']) retrieved from /home/ubuntu/.local/lib/python3.6/site-packages/airflow/example_dags/example_subdag_operator.py
[2021-05-26 05:49:47,563] {logging_mixin.py:104} INFO - [2021-05-26 05:49:47,563] {dag.py:1832} INFO - Sync 3 DAGs
[2021-05-26 05:49:47,580] {logging_mixin.py:104} INFO - [2021-05-26 05:49:47,579] {dag.py:2305} INFO - Setting next_dagrun for example_subdag_operator to 2021-05-24 00:00:00+00:00
[2021-05-26 05:49:47,582] {logging_mixin.py:104} INFO - [2021-05-26 05:49:47,582] {dag.py:2305} INFO - Setting next_dagrun for example_subdag_operator.section-1 to None
[2021-05-26 05:49:47,582] {logging_mixin.py:104} INFO - [2021-05-26 05:49:47,582] {dag.py:2305} INFO - Setting next_dagrun for example_subdag_operator.section-2 to None
[2021-05-26 05:49:47,601] {logging_mixin.py:104} INFO - [2021-05-26 05:49:47,600] {dag.py:1832} INFO - Sync 2 DAGs
[2021-05-26 05:49:47,609] {logging_mixin.py:104} INFO - [2021-05-26 05:49:47,609] {dag.py:2305} INFO - Setting next_dagrun for example_subdag_operator.section-1 to None
[2021-05-26 05:49:47,609] {logging_mixin.py:104} INFO - [2021-05-26 05:49:47,609] {dag.py:2305} INFO - Setting next_dagrun for example_subdag_operator.section-2 to None
[2021-05-26 05:49:47,625] {scheduler_job.py:190} INFO - Processing /home/ubuntu/.local/lib/python3.6/site-packages/airflow/example_dags/example_subdag_operator.py took 0.102 seconds
[2021-05-26 05:50:19,885] {scheduler_job.py:182} INFO - Started process (PID=11283) to work on /home/ubuntu/.local/lib/python3.6/site-packages/airflow/example_dags/example_subdag_operator.py
[2021-05-26 05:50:19,888] {scheduler_job.py:633} INFO - Processing file /home/ubuntu/.local/lib/python3.6/site-packages/airflow/example_dags/example_subdag_operator.py for tasks to queue
[2021-05-26 05:50:19,890] {logging_mixin.py:104} INFO - [2021-05-26 05:50:19,889] {dagbag.py:487} INFO - Filling up the DagBag from /home/ubuntu/.local/lib/python3.6/site-packages/airflow/example_dags/example_subdag_operator.py
[2021-05-26 05:50:19,913] {scheduler_job.py:643} INFO - DAG(s) dict_keys(['example_subdag_operator.section-1', 'example_subdag_operator.section-2', 'example_subdag_operator']) retrieved from /home/ubuntu/.local/lib/python3.6/site-packages/airflow/example_dags/example_subdag_operator.py
[2021-05-26 05:50:19,926] {logging_mixin.py:104} INFO - [2021-05-26 05:50:19,926] {dag.py:1832} INFO - Sync 3 DAGs
[2021-05-26 05:50:19,941] {logging_mixin.py:104} INFO - [2021-05-26 05:50:19,941] {dag.py:2305} INFO - Setting next_dagrun for example_subdag_operator to 2021-05-24 00:00:00+00:00
[2021-05-26 05:50:19,942] {logging_mixin.py:104} INFO - [2021-05-26 05:50:19,942] {dag.py:2305} INFO - Setting next_dagrun for example_subdag_operator.section-1 to None
[2021-05-26 05:50:19,942] {logging_mixin.py:104} INFO - [2021-05-26 05:50:19,942] {dag.py:2305} INFO - Setting next_dagrun for example_subdag_operator.section-2 to None
[2021-05-26 05:50:19,957] {logging_mixin.py:104} INFO - [2021-05-26 05:50:19,957] {dag.py:1832} INFO - Sync 2 DAGs
[2021-05-26 05:50:19,966] {logging_mixin.py:104} INFO - [2021-05-26 05:50:19,966] {dag.py:2305} INFO - Setting next_dagrun for example_subdag_operator.section-1 to None
[2021-05-26 05:50:19,966] {logging_mixin.py:104} INFO - [2021-05-26 05:50:19,966] {dag.py:2305} INFO - Setting next_dagrun for example_subdag_operator.section-2 to None
[2021-05-26 05:50:19,981] {scheduler_job.py:190} INFO - Processing /home/ubuntu/.local/lib/python3.6/site-packages/airflow/example_dags/example_subdag_operator.py took 0.097 seconds
[2021-05-26 05:50:51,509] {scheduler_job.py:182} INFO - Started process (PID=11404) to work on /home/ubuntu/.local/lib/python3.6/site-packages/airflow/example_dags/example_subdag_operator.py
[2021-05-26 05:50:51,513] {scheduler_job.py:633} INFO - Processing file /home/ubuntu/.local/lib/python3.6/site-packages/airflow/example_dags/example_subdag_operator.py for tasks to queue
[2021-05-26 05:50:51,517] {logging_mixin.py:104} INFO - [2021-05-26 05:50:51,517] {dagbag.py:487} INFO - Filling up the DagBag from /home/ubuntu/.local/lib/python3.6/site-packages/airflow/example_dags/example_subdag_operator.py
[2021-05-26 05:50:51,540] {scheduler_job.py:643} INFO - DAG(s) dict_keys(['example_subdag_operator.section-1', 'example_subdag_operator.section-2', 'example_subdag_operator']) retrieved from /home/ubuntu/.local/lib/python3.6/site-packages/airflow/example_dags/example_subdag_operator.py
[2021-05-26 05:50:51,553] {logging_mixin.py:104} INFO - [2021-05-26 05:50:51,553] {dag.py:1832} INFO - Sync 3 DAGs
[2021-05-26 05:50:51,571] {logging_mixin.py:104} INFO - [2021-05-26 05:50:51,571] {dag.py:2305} INFO - Setting next_dagrun for example_subdag_operator to 2021-05-24 00:00:00+00:00
[2021-05-26 05:50:51,573] {logging_mixin.py:104} INFO - [2021-05-26 05:50:51,573] {dag.py:2305} INFO - Setting next_dagrun for example_subdag_operator.section-1 to None
[2021-05-26 05:50:51,573] {logging_mixin.py:104} INFO - [2021-05-26 05:50:51,573] {dag.py:2305} INFO - Setting next_dagrun for example_subdag_operator.section-2 to None
[2021-05-26 05:50:51,594] {logging_mixin.py:104} INFO - [2021-05-26 05:50:51,594] {dag.py:1832} INFO - Sync 2 DAGs
[2021-05-26 05:50:51,602] {logging_mixin.py:104} INFO - [2021-05-26 05:50:51,602] {dag.py:2305} INFO - Setting next_dagrun for example_subdag_operator.section-1 to None
[2021-05-26 05:50:51,603] {logging_mixin.py:104} INFO - [2021-05-26 05:50:51,602] {dag.py:2305} INFO - Setting next_dagrun for example_subdag_operator.section-2 to None
[2021-05-26 05:50:51,621] {scheduler_job.py:190} INFO - Processing /home/ubuntu/.local/lib/python3.6/site-packages/airflow/example_dags/example_subdag_operator.py took 0.114 seconds
[2021-05-26 05:51:23,698] {scheduler_job.py:182} INFO - Started process (PID=11531) to work on /home/ubuntu/.local/lib/python3.6/site-packages/airflow/example_dags/example_subdag_operator.py
[2021-05-26 05:51:23,702] {scheduler_job.py:633} INFO - Processing file /home/ubuntu/.local/lib/python3.6/site-packages/airflow/example_dags/example_subdag_operator.py for tasks to queue
[2021-05-26 05:51:23,703] {logging_mixin.py:104} INFO - [2021-05-26 05:51:23,703] {dagbag.py:487} INFO - Filling up the DagBag from /home/ubuntu/.local/lib/python3.6/site-packages/airflow/example_dags/example_subdag_operator.py
[2021-05-26 05:51:23,724] {scheduler_job.py:643} INFO - DAG(s) dict_keys(['example_subdag_operator.section-1', 'example_subdag_operator.section-2', 'example_subdag_operator']) retrieved from /home/ubuntu/.local/lib/python3.6/site-packages/airflow/example_dags/example_subdag_operator.py
[2021-05-26 05:51:23,739] {logging_mixin.py:104} INFO - [2021-05-26 05:51:23,739] {dag.py:1832} INFO - Sync 3 DAGs
[2021-05-26 05:51:23,754] {logging_mixin.py:104} INFO - [2021-05-26 05:51:23,754] {dag.py:2305} INFO - Setting next_dagrun for example_subdag_operator to 2021-05-24 00:00:00+00:00
[2021-05-26 05:51:23,755] {logging_mixin.py:104} INFO - [2021-05-26 05:51:23,755] {dag.py:2305} INFO - Setting next_dagrun for example_subdag_operator.section-1 to None
[2021-05-26 05:51:23,755] {logging_mixin.py:104} INFO - [2021-05-26 05:51:23,755] {dag.py:2305} INFO - Setting next_dagrun for example_subdag_operator.section-2 to None
[2021-05-26 05:51:23,769] {logging_mixin.py:104} INFO - [2021-05-26 05:51:23,769] {dag.py:1832} INFO - Sync 2 DAGs
[2021-05-26 05:51:23,779] {logging_mixin.py:104} INFO - [2021-05-26 05:51:23,778] {dag.py:2305} INFO - Setting next_dagrun for example_subdag_operator.section-1 to None
[2021-05-26 05:51:23,779] {logging_mixin.py:104} INFO - [2021-05-26 05:51:23,779] {dag.py:2305} INFO - Setting next_dagrun for example_subdag_operator.section-2 to None
[2021-05-26 05:51:23,793] {scheduler_job.py:190} INFO - Processing /home/ubuntu/.local/lib/python3.6/site-packages/airflow/example_dags/example_subdag_operator.py took 0.097 seconds
[2021-05-26 05:51:54,604] {scheduler_job.py:182} INFO - Started process (PID=11652) to work on /home/ubuntu/.local/lib/python3.6/site-packages/airflow/example_dags/example_subdag_operator.py
[2021-05-26 05:51:54,605] {scheduler_job.py:633} INFO - Processing file /home/ubuntu/.local/lib/python3.6/site-packages/airflow/example_dags/example_subdag_operator.py for tasks to queue
[2021-05-26 05:51:54,605] {logging_mixin.py:104} INFO - [2021-05-26 05:51:54,605] {dagbag.py:487} INFO - Filling up the DagBag from /home/ubuntu/.local/lib/python3.6/site-packages/airflow/example_dags/example_subdag_operator.py
[2021-05-26 05:51:54,627] {scheduler_job.py:643} INFO - DAG(s) dict_keys(['example_subdag_operator.section-1', 'example_subdag_operator.section-2', 'example_subdag_operator']) retrieved from /home/ubuntu/.local/lib/python3.6/site-packages/airflow/example_dags/example_subdag_operator.py
[2021-05-26 05:51:54,641] {logging_mixin.py:104} INFO - [2021-05-26 05:51:54,641] {dag.py:1832} INFO - Sync 3 DAGs
[2021-05-26 05:51:54,655] {logging_mixin.py:104} INFO - [2021-05-26 05:51:54,655] {dag.py:2305} INFO - Setting next_dagrun for example_subdag_operator to 2021-05-24 00:00:00+00:00
[2021-05-26 05:51:54,657] {logging_mixin.py:104} INFO - [2021-05-26 05:51:54,657] {dag.py:2305} INFO - Setting next_dagrun for example_subdag_operator.section-1 to None
[2021-05-26 05:51:54,658] {logging_mixin.py:104} INFO - [2021-05-26 05:51:54,658] {dag.py:2305} INFO - Setting next_dagrun for example_subdag_operator.section-2 to None
[2021-05-26 05:51:54,681] {logging_mixin.py:104} INFO - [2021-05-26 05:51:54,681] {dag.py:1832} INFO - Sync 2 DAGs
[2021-05-26 05:51:54,693] {logging_mixin.py:104} INFO - [2021-05-26 05:51:54,693] {dag.py:2305} INFO - Setting next_dagrun for example_subdag_operator.section-1 to None
[2021-05-26 05:51:54,693] {logging_mixin.py:104} INFO - [2021-05-26 05:51:54,693] {dag.py:2305} INFO - Setting next_dagrun for example_subdag_operator.section-2 to None
[2021-05-26 05:51:54,710] {scheduler_job.py:190} INFO - Processing /home/ubuntu/.local/lib/python3.6/site-packages/airflow/example_dags/example_subdag_operator.py took 0.108 seconds
[2021-05-26 05:52:26,512] {scheduler_job.py:182} INFO - Started process (PID=11773) to work on /home/ubuntu/.local/lib/python3.6/site-packages/airflow/example_dags/example_subdag_operator.py
[2021-05-26 05:52:26,514] {scheduler_job.py:633} INFO - Processing file /home/ubuntu/.local/lib/python3.6/site-packages/airflow/example_dags/example_subdag_operator.py for tasks to queue
[2021-05-26 05:52:26,515] {logging_mixin.py:104} INFO - [2021-05-26 05:52:26,515] {dagbag.py:487} INFO - Filling up the DagBag from /home/ubuntu/.local/lib/python3.6/site-packages/airflow/example_dags/example_subdag_operator.py
[2021-05-26 05:52:26,538] {scheduler_job.py:643} INFO - DAG(s) dict_keys(['example_subdag_operator.section-1', 'example_subdag_operator.section-2', 'example_subdag_operator']) retrieved from /home/ubuntu/.local/lib/python3.6/site-packages/airflow/example_dags/example_subdag_operator.py
[2021-05-26 05:52:26,549] {logging_mixin.py:104} INFO - [2021-05-26 05:52:26,549] {dag.py:1832} INFO - Sync 3 DAGs
[2021-05-26 05:52:26,565] {logging_mixin.py:104} INFO - [2021-05-26 05:52:26,565] {dag.py:2305} INFO - Setting next_dagrun for example_subdag_operator to 2021-05-24 00:00:00+00:00
[2021-05-26 05:52:26,568] {logging_mixin.py:104} INFO - [2021-05-26 05:52:26,568] {dag.py:2305} INFO - Setting next_dagrun for example_subdag_operator.section-1 to None
[2021-05-26 05:52:26,568] {logging_mixin.py:104} INFO - [2021-05-26 05:52:26,568] {dag.py:2305} INFO - Setting next_dagrun for example_subdag_operator.section-2 to None
[2021-05-26 05:52:26,587] {logging_mixin.py:104} INFO - [2021-05-26 05:52:26,587] {dag.py:1832} INFO - Sync 2 DAGs
[2021-05-26 05:52:26,596] {logging_mixin.py:104} INFO - [2021-05-26 05:52:26,595] {dag.py:2305} INFO - Setting next_dagrun for example_subdag_operator.section-1 to None
[2021-05-26 05:52:26,596] {logging_mixin.py:104} INFO - [2021-05-26 05:52:26,596] {dag.py:2305} INFO - Setting next_dagrun for example_subdag_operator.section-2 to None
[2021-05-26 05:52:26,612] {scheduler_job.py:190} INFO - Processing /home/ubuntu/.local/lib/python3.6/site-packages/airflow/example_dags/example_subdag_operator.py took 0.102 seconds
[2021-05-26 05:52:57,360] {scheduler_job.py:182} INFO - Started process (PID=11894) to work on /home/ubuntu/.local/lib/python3.6/site-packages/airflow/example_dags/example_subdag_operator.py
[2021-05-26 05:52:57,361] {scheduler_job.py:633} INFO - Processing file /home/ubuntu/.local/lib/python3.6/site-packages/airflow/example_dags/example_subdag_operator.py for tasks to queue
[2021-05-26 05:52:57,361] {logging_mixin.py:104} INFO - [2021-05-26 05:52:57,361] {dagbag.py:487} INFO - Filling up the DagBag from /home/ubuntu/.local/lib/python3.6/site-packages/airflow/example_dags/example_subdag_operator.py
[2021-05-26 05:52:57,385] {scheduler_job.py:643} INFO - DAG(s) dict_keys(['example_subdag_operator.section-1', 'example_subdag_operator.section-2', 'example_subdag_operator']) retrieved from /home/ubuntu/.local/lib/python3.6/site-packages/airflow/example_dags/example_subdag_operator.py
[2021-05-26 05:52:57,397] {logging_mixin.py:104} INFO - [2021-05-26 05:52:57,397] {dag.py:1832} INFO - Sync 3 DAGs
[2021-05-26 05:52:57,409] {logging_mixin.py:104} INFO - [2021-05-26 05:52:57,409] {dag.py:2305} INFO - Setting next_dagrun for example_subdag_operator to 2021-05-24 00:00:00+00:00
[2021-05-26 05:52:57,410] {logging_mixin.py:104} INFO - [2021-05-26 05:52:57,410] {dag.py:2305} INFO - Setting next_dagrun for example_subdag_operator.section-1 to None
[2021-05-26 05:52:57,410] {logging_mixin.py:104} INFO - [2021-05-26 05:52:57,410] {dag.py:2305} INFO - Setting next_dagrun for example_subdag_operator.section-2 to None
[2021-05-26 05:52:57,423] {logging_mixin.py:104} INFO - [2021-05-26 05:52:57,422] {dag.py:1832} INFO - Sync 2 DAGs
[2021-05-26 05:52:57,434] {logging_mixin.py:104} INFO - [2021-05-26 05:52:57,433] {dag.py:2305} INFO - Setting next_dagrun for example_subdag_operator.section-1 to None
[2021-05-26 05:52:57,434] {logging_mixin.py:104} INFO - [2021-05-26 05:52:57,434] {dag.py:2305} INFO - Setting next_dagrun for example_subdag_operator.section-2 to None
[2021-05-26 05:52:57,449] {scheduler_job.py:190} INFO - Processing /home/ubuntu/.local/lib/python3.6/site-packages/airflow/example_dags/example_subdag_operator.py took 0.091 seconds
[2021-05-26 05:53:29,903] {scheduler_job.py:182} INFO - Started process (PID=12024) to work on /home/ubuntu/.local/lib/python3.6/site-packages/airflow/example_dags/example_subdag_operator.py
[2021-05-26 05:53:29,904] {scheduler_job.py:633} INFO - Processing file /home/ubuntu/.local/lib/python3.6/site-packages/airflow/example_dags/example_subdag_operator.py for tasks to queue
[2021-05-26 05:53:29,905] {logging_mixin.py:104} INFO - [2021-05-26 05:53:29,905] {dagbag.py:487} INFO - Filling up the DagBag from /home/ubuntu/.local/lib/python3.6/site-packages/airflow/example_dags/example_subdag_operator.py
[2021-05-26 05:53:29,928] {scheduler_job.py:643} INFO - DAG(s) dict_keys(['example_subdag_operator.section-1', 'example_subdag_operator.section-2', 'example_subdag_operator']) retrieved from /home/ubuntu/.local/lib/python3.6/site-packages/airflow/example_dags/example_subdag_operator.py
[2021-05-26 05:53:29,940] {logging_mixin.py:104} INFO - [2021-05-26 05:53:29,940] {dag.py:1832} INFO - Sync 3 DAGs
[2021-05-26 05:53:29,953] {logging_mixin.py:104} INFO - [2021-05-26 05:53:29,953] {dag.py:2305} INFO - Setting next_dagrun for example_subdag_operator to 2021-05-24 00:00:00+00:00
[2021-05-26 05:53:29,954] {logging_mixin.py:104} INFO - [2021-05-26 05:53:29,954] {dag.py:2305} INFO - Setting next_dagrun for example_subdag_operator.section-1 to None
[2021-05-26 05:53:29,954] {logging_mixin.py:104} INFO - [2021-05-26 05:53:29,954] {dag.py:2305} INFO - Setting next_dagrun for example_subdag_operator.section-2 to None
[2021-05-26 05:53:29,972] {logging_mixin.py:104} INFO - [2021-05-26 05:53:29,972] {dag.py:1832} INFO - Sync 2 DAGs
[2021-05-26 05:53:29,981] {logging_mixin.py:104} INFO - [2021-05-26 05:53:29,981] {dag.py:2305} INFO - Setting next_dagrun for example_subdag_operator.section-1 to None
[2021-05-26 05:53:29,981] {logging_mixin.py:104} INFO - [2021-05-26 05:53:29,981] {dag.py:2305} INFO - Setting next_dagrun for example_subdag_operator.section-2 to None
[2021-05-26 05:53:29,997] {scheduler_job.py:190} INFO - Processing /home/ubuntu/.local/lib/python3.6/site-packages/airflow/example_dags/example_subdag_operator.py took 0.095 seconds
[2021-05-26 05:54:02,260] {scheduler_job.py:182} INFO - Started process (PID=12151) to work on /home/ubuntu/.local/lib/python3.6/site-packages/airflow/example_dags/example_subdag_operator.py
[2021-05-26 05:54:02,262] {scheduler_job.py:633} INFO - Processing file /home/ubuntu/.local/lib/python3.6/site-packages/airflow/example_dags/example_subdag_operator.py for tasks to queue
[2021-05-26 05:54:02,264] {logging_mixin.py:104} INFO - [2021-05-26 05:54:02,264] {dagbag.py:487} INFO - Filling up the DagBag from /home/ubuntu/.local/lib/python3.6/site-packages/airflow/example_dags/example_subdag_operator.py
[2021-05-26 05:54:02,286] {scheduler_job.py:643} INFO - DAG(s) dict_keys(['example_subdag_operator.section-1', 'example_subdag_operator.section-2', 'example_subdag_operator']) retrieved from /home/ubuntu/.local/lib/python3.6/site-packages/airflow/example_dags/example_subdag_operator.py
[2021-05-26 05:54:02,298] {logging_mixin.py:104} INFO - [2021-05-26 05:54:02,298] {dag.py:1832} INFO - Sync 3 DAGs
[2021-05-26 05:54:02,313] {logging_mixin.py:104} INFO - [2021-05-26 05:54:02,313] {dag.py:2305} INFO - Setting next_dagrun for example_subdag_operator to 2021-05-24 00:00:00+00:00
[2021-05-26 05:54:02,314] {logging_mixin.py:104} INFO - [2021-05-26 05:54:02,314] {dag.py:2305} INFO - Setting next_dagrun for example_subdag_operator.section-1 to None
[2021-05-26 05:54:02,315] {logging_mixin.py:104} INFO - [2021-05-26 05:54:02,315] {dag.py:2305} INFO - Setting next_dagrun for example_subdag_operator.section-2 to None
[2021-05-26 05:54:02,331] {logging_mixin.py:104} INFO - [2021-05-26 05:54:02,330] {dag.py:1832} INFO - Sync 2 DAGs
[2021-05-26 05:54:02,340] {logging_mixin.py:104} INFO - [2021-05-26 05:54:02,339] {dag.py:2305} INFO - Setting next_dagrun for example_subdag_operator.section-1 to None
[2021-05-26 05:54:02,340] {logging_mixin.py:104} INFO - [2021-05-26 05:54:02,340] {dag.py:2305} INFO - Setting next_dagrun for example_subdag_operator.section-2 to None
[2021-05-26 05:54:02,356] {scheduler_job.py:190} INFO - Processing /home/ubuntu/.local/lib/python3.6/site-packages/airflow/example_dags/example_subdag_operator.py took 0.098 seconds
[2021-05-26 05:54:35,159] {scheduler_job.py:182} INFO - Started process (PID=12275) to work on /home/ubuntu/.local/lib/python3.6/site-packages/airflow/example_dags/example_subdag_operator.py
[2021-05-26 05:54:35,161] {scheduler_job.py:633} INFO - Processing file /home/ubuntu/.local/lib/python3.6/site-packages/airflow/example_dags/example_subdag_operator.py for tasks to queue
[2021-05-26 05:54:35,162] {logging_mixin.py:104} INFO - [2021-05-26 05:54:35,162] {dagbag.py:487} INFO - Filling up the DagBag from /home/ubuntu/.local/lib/python3.6/site-packages/airflow/example_dags/example_subdag_operator.py
[2021-05-26 05:54:35,192] {scheduler_job.py:643} INFO - DAG(s) dict_keys(['example_subdag_operator.section-1', 'example_subdag_operator.section-2', 'example_subdag_operator']) retrieved from /home/ubuntu/.local/lib/python3.6/site-packages/airflow/example_dags/example_subdag_operator.py
[2021-05-26 05:54:35,209] {logging_mixin.py:104} INFO - [2021-05-26 05:54:35,208] {dag.py:1832} INFO - Sync 3 DAGs
[2021-05-26 05:54:35,224] {logging_mixin.py:104} INFO - [2021-05-26 05:54:35,223] {dag.py:2305} INFO - Setting next_dagrun for example_subdag_operator to 2021-05-24 00:00:00+00:00
[2021-05-26 05:54:35,225] {logging_mixin.py:104} INFO - [2021-05-26 05:54:35,225] {dag.py:2305} INFO - Setting next_dagrun for example_subdag_operator.section-1 to None
[2021-05-26 05:54:35,225] {logging_mixin.py:104} INFO - [2021-05-26 05:54:35,225] {dag.py:2305} INFO - Setting next_dagrun for example_subdag_operator.section-2 to None
[2021-05-26 05:54:35,245] {logging_mixin.py:104} INFO - [2021-05-26 05:54:35,245] {dag.py:1832} INFO - Sync 2 DAGs
[2021-05-26 05:54:35,255] {logging_mixin.py:104} INFO - [2021-05-26 05:54:35,255] {dag.py:2305} INFO - Setting next_dagrun for example_subdag_operator.section-1 to None
[2021-05-26 05:54:35,256] {logging_mixin.py:104} INFO - [2021-05-26 05:54:35,256] {dag.py:2305} INFO - Setting next_dagrun for example_subdag_operator.section-2 to None
[2021-05-26 05:54:35,276] {scheduler_job.py:190} INFO - Processing /home/ubuntu/.local/lib/python3.6/site-packages/airflow/example_dags/example_subdag_operator.py took 0.119 seconds
[2021-05-26 05:55:08,302] {scheduler_job.py:182} INFO - Started process (PID=12429) to work on /home/ubuntu/.local/lib/python3.6/site-packages/airflow/example_dags/example_subdag_operator.py
[2021-05-26 05:55:08,307] {scheduler_job.py:633} INFO - Processing file /home/ubuntu/.local/lib/python3.6/site-packages/airflow/example_dags/example_subdag_operator.py for tasks to queue
[2021-05-26 05:55:08,310] {logging_mixin.py:104} INFO - [2021-05-26 05:55:08,310] {dagbag.py:487} INFO - Filling up the DagBag from /home/ubuntu/.local/lib/python3.6/site-packages/airflow/example_dags/example_subdag_operator.py
[2021-05-26 05:55:08,333] {scheduler_job.py:643} INFO - DAG(s) dict_keys(['example_subdag_operator.section-1', 'example_subdag_operator.section-2', 'example_subdag_operator']) retrieved from /home/ubuntu/.local/lib/python3.6/site-packages/airflow/example_dags/example_subdag_operator.py
[2021-05-26 05:55:08,344] {logging_mixin.py:104} INFO - [2021-05-26 05:55:08,344] {dag.py:1832} INFO - Sync 3 DAGs
[2021-05-26 05:55:08,358] {logging_mixin.py:104} INFO - [2021-05-26 05:55:08,357] {dag.py:2305} INFO - Setting next_dagrun for example_subdag_operator to 2021-05-24 00:00:00+00:00
[2021-05-26 05:55:08,359] {logging_mixin.py:104} INFO - [2021-05-26 05:55:08,358] {dag.py:2305} INFO - Setting next_dagrun for example_subdag_operator.section-1 to None
[2021-05-26 05:55:08,359] {logging_mixin.py:104} INFO - [2021-05-26 05:55:08,359] {dag.py:2305} INFO - Setting next_dagrun for example_subdag_operator.section-2 to None
[2021-05-26 05:55:08,378] {logging_mixin.py:104} INFO - [2021-05-26 05:55:08,378] {dag.py:1832} INFO - Sync 2 DAGs
[2021-05-26 05:55:08,386] {logging_mixin.py:104} INFO - [2021-05-26 05:55:08,386] {dag.py:2305} INFO - Setting next_dagrun for example_subdag_operator.section-1 to None
[2021-05-26 05:55:08,386] {logging_mixin.py:104} INFO - [2021-05-26 05:55:08,386] {dag.py:2305} INFO - Setting next_dagrun for example_subdag_operator.section-2 to None
[2021-05-26 05:55:08,399] {scheduler_job.py:190} INFO - Processing /home/ubuntu/.local/lib/python3.6/site-packages/airflow/example_dags/example_subdag_operator.py took 0.098 seconds
[2021-05-26 05:55:54,353] {scheduler_job.py:182} INFO - Started process (PID=12621) to work on /home/ubuntu/.local/lib/python3.6/site-packages/airflow/example_dags/example_subdag_operator.py
[2021-05-26 05:55:54,358] {scheduler_job.py:633} INFO - Processing file /home/ubuntu/.local/lib/python3.6/site-packages/airflow/example_dags/example_subdag_operator.py for tasks to queue
[2021-05-26 05:55:54,362] {logging_mixin.py:104} INFO - [2021-05-26 05:55:54,362] {dagbag.py:487} INFO - Filling up the DagBag from /home/ubuntu/.local/lib/python3.6/site-packages/airflow/example_dags/example_subdag_operator.py
[2021-05-26 05:55:54,388] {scheduler_job.py:643} INFO - DAG(s) dict_keys(['example_subdag_operator.section-1', 'example_subdag_operator.section-2', 'example_subdag_operator']) retrieved from /home/ubuntu/.local/lib/python3.6/site-packages/airflow/example_dags/example_subdag_operator.py
[2021-05-26 05:55:54,405] {logging_mixin.py:104} INFO - [2021-05-26 05:55:54,405] {dag.py:1832} INFO - Sync 3 DAGs
[2021-05-26 05:55:54,427] {logging_mixin.py:104} INFO - [2021-05-26 05:55:54,426] {dag.py:2305} INFO - Setting next_dagrun for example_subdag_operator to 2021-05-24 00:00:00+00:00
[2021-05-26 05:55:54,431] {logging_mixin.py:104} INFO - [2021-05-26 05:55:54,431] {dag.py:2305} INFO - Setting next_dagrun for example_subdag_operator.section-1 to None
[2021-05-26 05:55:54,435] {logging_mixin.py:104} INFO - [2021-05-26 05:55:54,435] {dag.py:2305} INFO - Setting next_dagrun for example_subdag_operator.section-2 to None
[2021-05-26 05:55:54,453] {logging_mixin.py:104} INFO - [2021-05-26 05:55:54,453] {dag.py:1832} INFO - Sync 2 DAGs
[2021-05-26 05:55:54,466] {logging_mixin.py:104} INFO - [2021-05-26 05:55:54,466] {dag.py:2305} INFO - Setting next_dagrun for example_subdag_operator.section-1 to None
[2021-05-26 05:55:54,470] {logging_mixin.py:104} INFO - [2021-05-26 05:55:54,470] {dag.py:2305} INFO - Setting next_dagrun for example_subdag_operator.section-2 to None
[2021-05-26 05:55:54,487] {scheduler_job.py:190} INFO - Processing /home/ubuntu/.local/lib/python3.6/site-packages/airflow/example_dags/example_subdag_operator.py took 0.136 seconds
[2021-05-26 05:56:29,833] {scheduler_job.py:182} INFO - Started process (PID=12771) to work on /home/ubuntu/.local/lib/python3.6/site-packages/airflow/example_dags/example_subdag_operator.py
[2021-05-26 05:56:29,837] {scheduler_job.py:633} INFO - Processing file /home/ubuntu/.local/lib/python3.6/site-packages/airflow/example_dags/example_subdag_operator.py for tasks to queue
[2021-05-26 05:56:29,841] {logging_mixin.py:104} INFO - [2021-05-26 05:56:29,841] {dagbag.py:487} INFO - Filling up the DagBag from /home/ubuntu/.local/lib/python3.6/site-packages/airflow/example_dags/example_subdag_operator.py
[2021-05-26 05:56:29,875] {scheduler_job.py:643} INFO - DAG(s) dict_keys(['example_subdag_operator.section-1', 'example_subdag_operator.section-2', 'example_subdag_operator']) retrieved from /home/ubuntu/.local/lib/python3.6/site-packages/airflow/example_dags/example_subdag_operator.py
[2021-05-26 05:56:29,908] {logging_mixin.py:104} INFO - [2021-05-26 05:56:29,908] {dag.py:1832} INFO - Sync 3 DAGs
[2021-05-26 05:56:29,931] {logging_mixin.py:104} INFO - [2021-05-26 05:56:29,931] {dag.py:2305} INFO - Setting next_dagrun for example_subdag_operator to 2021-05-24 00:00:00+00:00
[2021-05-26 05:56:29,936] {logging_mixin.py:104} INFO - [2021-05-26 05:56:29,936] {dag.py:2305} INFO - Setting next_dagrun for example_subdag_operator.section-1 to None
[2021-05-26 05:56:29,940] {logging_mixin.py:104} INFO - [2021-05-26 05:56:29,939] {dag.py:2305} INFO - Setting next_dagrun for example_subdag_operator.section-2 to None
[2021-05-26 05:56:29,958] {logging_mixin.py:104} INFO - [2021-05-26 05:56:29,958] {dag.py:1832} INFO - Sync 2 DAGs
[2021-05-26 05:56:29,977] {logging_mixin.py:104} INFO - [2021-05-26 05:56:29,977] {dag.py:2305} INFO - Setting next_dagrun for example_subdag_operator.section-1 to None
[2021-05-26 05:56:29,978] {logging_mixin.py:104} INFO - [2021-05-26 05:56:29,977] {dag.py:2305} INFO - Setting next_dagrun for example_subdag_operator.section-2 to None
[2021-05-26 05:56:30,004] {scheduler_job.py:190} INFO - Processing /home/ubuntu/.local/lib/python3.6/site-packages/airflow/example_dags/example_subdag_operator.py took 0.174 seconds
[2021-05-26 05:57:03,883] {scheduler_job.py:182} INFO - Started process (PID=12934) to work on /home/ubuntu/.local/lib/python3.6/site-packages/airflow/example_dags/example_subdag_operator.py
[2021-05-26 05:57:03,887] {scheduler_job.py:633} INFO - Processing file /home/ubuntu/.local/lib/python3.6/site-packages/airflow/example_dags/example_subdag_operator.py for tasks to queue
[2021-05-26 05:57:03,891] {logging_mixin.py:104} INFO - [2021-05-26 05:57:03,891] {dagbag.py:487} INFO - Filling up the DagBag from /home/ubuntu/.local/lib/python3.6/site-packages/airflow/example_dags/example_subdag_operator.py
[2021-05-26 05:57:03,916] {scheduler_job.py:643} INFO - DAG(s) dict_keys(['example_subdag_operator.section-1', 'example_subdag_operator.section-2', 'example_subdag_operator']) retrieved from /home/ubuntu/.local/lib/python3.6/site-packages/airflow/example_dags/example_subdag_operator.py
[2021-05-26 05:57:03,934] {logging_mixin.py:104} INFO - [2021-05-26 05:57:03,934] {dag.py:1832} INFO - Sync 3 DAGs
[2021-05-26 05:57:03,955] {logging_mixin.py:104} INFO - [2021-05-26 05:57:03,955] {dag.py:2305} INFO - Setting next_dagrun for example_subdag_operator to 2021-05-24 00:00:00+00:00
[2021-05-26 05:57:03,959] {logging_mixin.py:104} INFO - [2021-05-26 05:57:03,959] {dag.py:2305} INFO - Setting next_dagrun for example_subdag_operator.section-1 to None
[2021-05-26 05:57:03,960] {logging_mixin.py:104} INFO - [2021-05-26 05:57:03,960] {dag.py:2305} INFO - Setting next_dagrun for example_subdag_operator.section-2 to None
[2021-05-26 05:57:03,994] {logging_mixin.py:104} INFO - [2021-05-26 05:57:03,994] {dag.py:1832} INFO - Sync 2 DAGs
[2021-05-26 05:57:04,022] {logging_mixin.py:104} INFO - [2021-05-26 05:57:04,022] {dag.py:2305} INFO - Setting next_dagrun for example_subdag_operator.section-1 to None
[2021-05-26 05:57:04,022] {logging_mixin.py:104} INFO - [2021-05-26 05:57:04,022] {dag.py:2305} INFO - Setting next_dagrun for example_subdag_operator.section-2 to None
[2021-05-26 05:57:04,085] {scheduler_job.py:190} INFO - Processing /home/ubuntu/.local/lib/python3.6/site-packages/airflow/example_dags/example_subdag_operator.py took 0.204 seconds
[2021-05-26 05:57:38,331] {scheduler_job.py:182} INFO - Started process (PID=13096) to work on /home/ubuntu/.local/lib/python3.6/site-packages/airflow/example_dags/example_subdag_operator.py
[2021-05-26 05:57:38,335] {scheduler_job.py:633} INFO - Processing file /home/ubuntu/.local/lib/python3.6/site-packages/airflow/example_dags/example_subdag_operator.py for tasks to queue
[2021-05-26 05:57:38,339] {logging_mixin.py:104} INFO - [2021-05-26 05:57:38,339] {dagbag.py:487} INFO - Filling up the DagBag from /home/ubuntu/.local/lib/python3.6/site-packages/airflow/example_dags/example_subdag_operator.py
[2021-05-26 05:57:38,364] {scheduler_job.py:643} INFO - DAG(s) dict_keys(['example_subdag_operator.section-1', 'example_subdag_operator.section-2', 'example_subdag_operator']) retrieved from /home/ubuntu/.local/lib/python3.6/site-packages/airflow/example_dags/example_subdag_operator.py
[2021-05-26 05:57:38,380] {logging_mixin.py:104} INFO - [2021-05-26 05:57:38,380] {dag.py:1832} INFO - Sync 3 DAGs
[2021-05-26 05:57:38,399] {logging_mixin.py:104} INFO - [2021-05-26 05:57:38,399] {dag.py:2305} INFO - Setting next_dagrun for example_subdag_operator to 2021-05-24 00:00:00+00:00
[2021-05-26 05:57:38,414] {logging_mixin.py:104} INFO - [2021-05-26 05:57:38,414] {dag.py:2305} INFO - Setting next_dagrun for example_subdag_operator.section-1 to None
[2021-05-26 05:57:38,417] {logging_mixin.py:104} INFO - [2021-05-26 05:57:38,417] {dag.py:2305} INFO - Setting next_dagrun for example_subdag_operator.section-2 to None
[2021-05-26 05:57:38,434] {logging_mixin.py:104} INFO - [2021-05-26 05:57:38,434] {dag.py:1832} INFO - Sync 2 DAGs
[2021-05-26 05:57:38,445] {logging_mixin.py:104} INFO - [2021-05-26 05:57:38,445] {dag.py:2305} INFO - Setting next_dagrun for example_subdag_operator.section-1 to None
[2021-05-26 05:57:38,449] {logging_mixin.py:104} INFO - [2021-05-26 05:57:38,449] {dag.py:2305} INFO - Setting next_dagrun for example_subdag_operator.section-2 to None
[2021-05-26 05:57:38,464] {scheduler_job.py:190} INFO - Processing /home/ubuntu/.local/lib/python3.6/site-packages/airflow/example_dags/example_subdag_operator.py took 0.135 seconds
[2021-05-26 05:58:10,574] {scheduler_job.py:182} INFO - Started process (PID=13224) to work on /home/ubuntu/.local/lib/python3.6/site-packages/airflow/example_dags/example_subdag_operator.py
[2021-05-26 05:58:10,575] {scheduler_job.py:633} INFO - Processing file /home/ubuntu/.local/lib/python3.6/site-packages/airflow/example_dags/example_subdag_operator.py for tasks to queue
[2021-05-26 05:58:10,576] {logging_mixin.py:104} INFO - [2021-05-26 05:58:10,576] {dagbag.py:487} INFO - Filling up the DagBag from /home/ubuntu/.local/lib/python3.6/site-packages/airflow/example_dags/example_subdag_operator.py
[2021-05-26 05:58:10,598] {scheduler_job.py:643} INFO - DAG(s) dict_keys(['example_subdag_operator.section-1', 'example_subdag_operator.section-2', 'example_subdag_operator']) retrieved from /home/ubuntu/.local/lib/python3.6/site-packages/airflow/example_dags/example_subdag_operator.py
[2021-05-26 05:58:10,613] {logging_mixin.py:104} INFO - [2021-05-26 05:58:10,613] {dag.py:1832} INFO - Sync 3 DAGs
[2021-05-26 05:58:10,628] {logging_mixin.py:104} INFO - [2021-05-26 05:58:10,628] {dag.py:2305} INFO - Setting next_dagrun for example_subdag_operator to 2021-05-24 00:00:00+00:00
[2021-05-26 05:58:10,629] {logging_mixin.py:104} INFO - [2021-05-26 05:58:10,629] {dag.py:2305} INFO - Setting next_dagrun for example_subdag_operator.section-1 to None
[2021-05-26 05:58:10,629] {logging_mixin.py:104} INFO - [2021-05-26 05:58:10,629] {dag.py:2305} INFO - Setting next_dagrun for example_subdag_operator.section-2 to None
[2021-05-26 05:58:10,642] {logging_mixin.py:104} INFO - [2021-05-26 05:58:10,641] {dag.py:1832} INFO - Sync 2 DAGs
[2021-05-26 05:58:10,655] {logging_mixin.py:104} INFO - [2021-05-26 05:58:10,655] {dag.py:2305} INFO - Setting next_dagrun for example_subdag_operator.section-1 to None
[2021-05-26 05:58:10,655] {logging_mixin.py:104} INFO - [2021-05-26 05:58:10,655] {dag.py:2305} INFO - Setting next_dagrun for example_subdag_operator.section-2 to None
[2021-05-26 05:58:10,672] {scheduler_job.py:190} INFO - Processing /home/ubuntu/.local/lib/python3.6/site-packages/airflow/example_dags/example_subdag_operator.py took 0.100 seconds
[2021-05-26 05:58:42,096] {scheduler_job.py:182} INFO - Started process (PID=13381) to work on /home/ubuntu/.local/lib/python3.6/site-packages/airflow/example_dags/example_subdag_operator.py
[2021-05-26 05:58:42,101] {scheduler_job.py:633} INFO - Processing file /home/ubuntu/.local/lib/python3.6/site-packages/airflow/example_dags/example_subdag_operator.py for tasks to queue
[2021-05-26 05:58:42,105] {logging_mixin.py:104} INFO - [2021-05-26 05:58:42,105] {dagbag.py:487} INFO - Filling up the DagBag from /home/ubuntu/.local/lib/python3.6/site-packages/airflow/example_dags/example_subdag_operator.py
[2021-05-26 05:58:42,131] {scheduler_job.py:643} INFO - DAG(s) dict_keys(['example_subdag_operator.section-1', 'example_subdag_operator.section-2', 'example_subdag_operator']) retrieved from /home/ubuntu/.local/lib/python3.6/site-packages/airflow/example_dags/example_subdag_operator.py
[2021-05-26 05:58:42,149] {logging_mixin.py:104} INFO - [2021-05-26 05:58:42,149] {dag.py:1832} INFO - Sync 3 DAGs
[2021-05-26 05:58:42,168] {logging_mixin.py:104} INFO - [2021-05-26 05:58:42,168] {dag.py:2305} INFO - Setting next_dagrun for example_subdag_operator to 2021-05-24 00:00:00+00:00
[2021-05-26 05:58:42,174] {logging_mixin.py:104} INFO - [2021-05-26 05:58:42,174] {dag.py:2305} INFO - Setting next_dagrun for example_subdag_operator.section-1 to None
[2021-05-26 05:58:42,178] {logging_mixin.py:104} INFO - [2021-05-26 05:58:42,178] {dag.py:2305} INFO - Setting next_dagrun for example_subdag_operator.section-2 to None
[2021-05-26 05:58:42,196] {logging_mixin.py:104} INFO - [2021-05-26 05:58:42,196] {dag.py:1832} INFO - Sync 2 DAGs
[2021-05-26 05:58:42,209] {logging_mixin.py:104} INFO - [2021-05-26 05:58:42,209] {dag.py:2305} INFO - Setting next_dagrun for example_subdag_operator.section-1 to None
[2021-05-26 05:58:42,212] {logging_mixin.py:104} INFO - [2021-05-26 05:58:42,212] {dag.py:2305} INFO - Setting next_dagrun for example_subdag_operator.section-2 to None
[2021-05-26 05:58:42,230] {scheduler_job.py:190} INFO - Processing /home/ubuntu/.local/lib/python3.6/site-packages/airflow/example_dags/example_subdag_operator.py took 0.136 seconds
[2021-05-26 05:59:17,118] {scheduler_job.py:182} INFO - Started process (PID=13551) to work on /home/ubuntu/.local/lib/python3.6/site-packages/airflow/example_dags/example_subdag_operator.py
[2021-05-26 05:59:17,122] {scheduler_job.py:633} INFO - Processing file /home/ubuntu/.local/lib/python3.6/site-packages/airflow/example_dags/example_subdag_operator.py for tasks to queue
[2021-05-26 05:59:17,127] {logging_mixin.py:104} INFO - [2021-05-26 05:59:17,127] {dagbag.py:487} INFO - Filling up the DagBag from /home/ubuntu/.local/lib/python3.6/site-packages/airflow/example_dags/example_subdag_operator.py
[2021-05-26 05:59:17,151] {scheduler_job.py:643} INFO - DAG(s) dict_keys(['example_subdag_operator.section-1', 'example_subdag_operator.section-2', 'example_subdag_operator']) retrieved from /home/ubuntu/.local/lib/python3.6/site-packages/airflow/example_dags/example_subdag_operator.py
[2021-05-26 05:59:17,169] {logging_mixin.py:104} INFO - [2021-05-26 05:59:17,169] {dag.py:1832} INFO - Sync 3 DAGs
[2021-05-26 05:59:17,186] {logging_mixin.py:104} INFO - [2021-05-26 05:59:17,186] {dag.py:2305} INFO - Setting next_dagrun for example_subdag_operator to 2021-05-24 00:00:00+00:00
[2021-05-26 05:59:17,188] {logging_mixin.py:104} INFO - [2021-05-26 05:59:17,188] {dag.py:2305} INFO - Setting next_dagrun for example_subdag_operator.section-1 to None
[2021-05-26 05:59:17,188] {logging_mixin.py:104} INFO - [2021-05-26 05:59:17,188] {dag.py:2305} INFO - Setting next_dagrun for example_subdag_operator.section-2 to None
[2021-05-26 05:59:17,203] {logging_mixin.py:104} INFO - [2021-05-26 05:59:17,203] {dag.py:1832} INFO - Sync 2 DAGs
[2021-05-26 05:59:17,215] {logging_mixin.py:104} INFO - [2021-05-26 05:59:17,211] {dag.py:2305} INFO - Setting next_dagrun for example_subdag_operator.section-1 to None
[2021-05-26 05:59:17,218] {logging_mixin.py:104} INFO - [2021-05-26 05:59:17,218] {dag.py:2305} INFO - Setting next_dagrun for example_subdag_operator.section-2 to None
[2021-05-26 05:59:17,232] {scheduler_job.py:190} INFO - Processing /home/ubuntu/.local/lib/python3.6/site-packages/airflow/example_dags/example_subdag_operator.py took 0.116 seconds
[2021-05-26 05:59:50,073] {scheduler_job.py:182} INFO - Started process (PID=13722) to work on /home/ubuntu/.local/lib/python3.6/site-packages/airflow/example_dags/example_subdag_operator.py
[2021-05-26 05:59:50,078] {scheduler_job.py:633} INFO - Processing file /home/ubuntu/.local/lib/python3.6/site-packages/airflow/example_dags/example_subdag_operator.py for tasks to queue
[2021-05-26 05:59:50,082] {logging_mixin.py:104} INFO - [2021-05-26 05:59:50,082] {dagbag.py:487} INFO - Filling up the DagBag from /home/ubuntu/.local/lib/python3.6/site-packages/airflow/example_dags/example_subdag_operator.py
[2021-05-26 05:59:50,107] {scheduler_job.py:643} INFO - DAG(s) dict_keys(['example_subdag_operator.section-1', 'example_subdag_operator.section-2', 'example_subdag_operator']) retrieved from /home/ubuntu/.local/lib/python3.6/site-packages/airflow/example_dags/example_subdag_operator.py
[2021-05-26 05:59:50,127] {logging_mixin.py:104} INFO - [2021-05-26 05:59:50,127] {dag.py:1832} INFO - Sync 3 DAGs
[2021-05-26 05:59:50,144] {logging_mixin.py:104} INFO - [2021-05-26 05:59:50,144] {dag.py:2305} INFO - Setting next_dagrun for example_subdag_operator to 2021-05-24 00:00:00+00:00
[2021-05-26 05:59:50,150] {logging_mixin.py:104} INFO - [2021-05-26 05:59:50,149] {dag.py:2305} INFO - Setting next_dagrun for example_subdag_operator.section-1 to None
[2021-05-26 05:59:50,153] {logging_mixin.py:104} INFO - [2021-05-26 05:59:50,153] {dag.py:2305} INFO - Setting next_dagrun for example_subdag_operator.section-2 to None
[2021-05-26 05:59:50,186] {logging_mixin.py:104} INFO - [2021-05-26 05:59:50,185] {dag.py:1832} INFO - Sync 2 DAGs
[2021-05-26 05:59:50,198] {logging_mixin.py:104} INFO - [2021-05-26 05:59:50,198] {dag.py:2305} INFO - Setting next_dagrun for example_subdag_operator.section-1 to None
[2021-05-26 05:59:50,198] {logging_mixin.py:104} INFO - [2021-05-26 05:59:50,198] {dag.py:2305} INFO - Setting next_dagrun for example_subdag_operator.section-2 to None
[2021-05-26 05:59:50,217] {scheduler_job.py:190} INFO - Processing /home/ubuntu/.local/lib/python3.6/site-packages/airflow/example_dags/example_subdag_operator.py took 0.147 seconds
[2021-05-26 06:00:28,596] {scheduler_job.py:182} INFO - Started process (PID=13910) to work on /home/ubuntu/.local/lib/python3.6/site-packages/airflow/example_dags/example_subdag_operator.py
[2021-05-26 06:00:28,600] {scheduler_job.py:633} INFO - Processing file /home/ubuntu/.local/lib/python3.6/site-packages/airflow/example_dags/example_subdag_operator.py for tasks to queue
[2021-05-26 06:00:28,603] {logging_mixin.py:104} INFO - [2021-05-26 06:00:28,603] {dagbag.py:487} INFO - Filling up the DagBag from /home/ubuntu/.local/lib/python3.6/site-packages/airflow/example_dags/example_subdag_operator.py
[2021-05-26 06:00:28,631] {scheduler_job.py:643} INFO - DAG(s) dict_keys(['example_subdag_operator.section-1', 'example_subdag_operator.section-2', 'example_subdag_operator']) retrieved from /home/ubuntu/.local/lib/python3.6/site-packages/airflow/example_dags/example_subdag_operator.py
[2021-05-26 06:00:28,648] {logging_mixin.py:104} INFO - [2021-05-26 06:00:28,647] {dag.py:1832} INFO - Sync 3 DAGs
[2021-05-26 06:00:28,665] {logging_mixin.py:104} INFO - [2021-05-26 06:00:28,665] {dag.py:2305} INFO - Setting next_dagrun for example_subdag_operator to 2021-05-24 00:00:00+00:00
[2021-05-26 06:00:28,669] {logging_mixin.py:104} INFO - [2021-05-26 06:00:28,669] {dag.py:2305} INFO - Setting next_dagrun for example_subdag_operator.section-1 to None
[2021-05-26 06:00:28,673] {logging_mixin.py:104} INFO - [2021-05-26 06:00:28,673] {dag.py:2305} INFO - Setting next_dagrun for example_subdag_operator.section-2 to None
[2021-05-26 06:00:28,689] {logging_mixin.py:104} INFO - [2021-05-26 06:00:28,689] {dag.py:1832} INFO - Sync 2 DAGs
[2021-05-26 06:00:28,702] {logging_mixin.py:104} INFO - [2021-05-26 06:00:28,701] {dag.py:2305} INFO - Setting next_dagrun for example_subdag_operator.section-1 to None
[2021-05-26 06:00:28,702] {logging_mixin.py:104} INFO - [2021-05-26 06:00:28,702] {dag.py:2305} INFO - Setting next_dagrun for example_subdag_operator.section-2 to None
[2021-05-26 06:00:28,720] {scheduler_job.py:190} INFO - Processing /home/ubuntu/.local/lib/python3.6/site-packages/airflow/example_dags/example_subdag_operator.py took 0.127 seconds
[2021-05-26 06:01:00,026] {scheduler_job.py:182} INFO - Started process (PID=14038) to work on /home/ubuntu/.local/lib/python3.6/site-packages/airflow/example_dags/example_subdag_operator.py
[2021-05-26 06:01:00,028] {scheduler_job.py:633} INFO - Processing file /home/ubuntu/.local/lib/python3.6/site-packages/airflow/example_dags/example_subdag_operator.py for tasks to queue
[2021-05-26 06:01:00,029] {logging_mixin.py:104} INFO - [2021-05-26 06:01:00,029] {dagbag.py:487} INFO - Filling up the DagBag from /home/ubuntu/.local/lib/python3.6/site-packages/airflow/example_dags/example_subdag_operator.py
[2021-05-26 06:01:00,062] {scheduler_job.py:643} INFO - DAG(s) dict_keys(['example_subdag_operator.section-1', 'example_subdag_operator.section-2', 'example_subdag_operator']) retrieved from /home/ubuntu/.local/lib/python3.6/site-packages/airflow/example_dags/example_subdag_operator.py
[2021-05-26 06:01:00,076] {logging_mixin.py:104} INFO - [2021-05-26 06:01:00,076] {dag.py:1832} INFO - Sync 3 DAGs
[2021-05-26 06:01:00,090] {logging_mixin.py:104} INFO - [2021-05-26 06:01:00,090] {dag.py:2305} INFO - Setting next_dagrun for example_subdag_operator to 2021-05-24 00:00:00+00:00
[2021-05-26 06:01:00,093] {logging_mixin.py:104} INFO - [2021-05-26 06:01:00,092] {dag.py:2305} INFO - Setting next_dagrun for example_subdag_operator.section-1 to None
[2021-05-26 06:01:00,093] {logging_mixin.py:104} INFO - [2021-05-26 06:01:00,093] {dag.py:2305} INFO - Setting next_dagrun for example_subdag_operator.section-2 to None
[2021-05-26 06:01:00,109] {logging_mixin.py:104} INFO - [2021-05-26 06:01:00,109] {dag.py:1832} INFO - Sync 2 DAGs
[2021-05-26 06:01:00,119] {logging_mixin.py:104} INFO - [2021-05-26 06:01:00,119] {dag.py:2305} INFO - Setting next_dagrun for example_subdag_operator.section-1 to None
[2021-05-26 06:01:00,119] {logging_mixin.py:104} INFO - [2021-05-26 06:01:00,119] {dag.py:2305} INFO - Setting next_dagrun for example_subdag_operator.section-2 to None
[2021-05-26 06:01:00,136] {scheduler_job.py:190} INFO - Processing /home/ubuntu/.local/lib/python3.6/site-packages/airflow/example_dags/example_subdag_operator.py took 0.112 seconds
[2021-05-26 06:01:35,502] {scheduler_job.py:182} INFO - Started process (PID=14213) to work on /home/ubuntu/.local/lib/python3.6/site-packages/airflow/example_dags/example_subdag_operator.py
[2021-05-26 06:01:35,506] {scheduler_job.py:633} INFO - Processing file /home/ubuntu/.local/lib/python3.6/site-packages/airflow/example_dags/example_subdag_operator.py for tasks to queue
[2021-05-26 06:01:35,510] {logging_mixin.py:104} INFO - [2021-05-26 06:01:35,510] {dagbag.py:487} INFO - Filling up the DagBag from /home/ubuntu/.local/lib/python3.6/site-packages/airflow/example_dags/example_subdag_operator.py
[2021-05-26 06:01:35,536] {scheduler_job.py:643} INFO - DAG(s) dict_keys(['example_subdag_operator.section-1', 'example_subdag_operator.section-2', 'example_subdag_operator']) retrieved from /home/ubuntu/.local/lib/python3.6/site-packages/airflow/example_dags/example_subdag_operator.py
[2021-05-26 06:01:35,567] {logging_mixin.py:104} INFO - [2021-05-26 06:01:35,567] {dag.py:1832} INFO - Sync 3 DAGs
[2021-05-26 06:01:35,599] {logging_mixin.py:104} INFO - [2021-05-26 06:01:35,599] {dag.py:2305} INFO - Setting next_dagrun for example_subdag_operator to 2021-05-24 00:00:00+00:00
[2021-05-26 06:01:35,606] {logging_mixin.py:104} INFO - [2021-05-26 06:01:35,604] {dag.py:2305} INFO - Setting next_dagrun for example_subdag_operator.section-1 to None
[2021-05-26 06:01:35,610] {logging_mixin.py:104} INFO - [2021-05-26 06:01:35,609] {dag.py:2305} INFO - Setting next_dagrun for example_subdag_operator.section-2 to None
[2021-05-26 06:01:35,642] {logging_mixin.py:104} INFO - [2021-05-26 06:01:35,642] {dag.py:1832} INFO - Sync 2 DAGs
[2021-05-26 06:01:35,658] {logging_mixin.py:104} INFO - [2021-05-26 06:01:35,658] {dag.py:2305} INFO - Setting next_dagrun for example_subdag_operator.section-1 to None
[2021-05-26 06:01:35,662] {logging_mixin.py:104} INFO - [2021-05-26 06:01:35,661] {dag.py:2305} INFO - Setting next_dagrun for example_subdag_operator.section-2 to None
[2021-05-26 06:01:35,678] {scheduler_job.py:190} INFO - Processing /home/ubuntu/.local/lib/python3.6/site-packages/airflow/example_dags/example_subdag_operator.py took 0.178 seconds
[2021-05-26 06:02:16,898] {scheduler_job.py:182} INFO - Started process (PID=14409) to work on /home/ubuntu/.local/lib/python3.6/site-packages/airflow/example_dags/example_subdag_operator.py
[2021-05-26 06:02:16,903] {scheduler_job.py:633} INFO - Processing file /home/ubuntu/.local/lib/python3.6/site-packages/airflow/example_dags/example_subdag_operator.py for tasks to queue
[2021-05-26 06:02:16,906] {logging_mixin.py:104} INFO - [2021-05-26 06:02:16,906] {dagbag.py:487} INFO - Filling up the DagBag from /home/ubuntu/.local/lib/python3.6/site-packages/airflow/example_dags/example_subdag_operator.py
[2021-05-26 06:02:16,933] {scheduler_job.py:643} INFO - DAG(s) dict_keys(['example_subdag_operator.section-1', 'example_subdag_operator.section-2', 'example_subdag_operator']) retrieved from /home/ubuntu/.local/lib/python3.6/site-packages/airflow/example_dags/example_subdag_operator.py
[2021-05-26 06:02:17,270] {logging_mixin.py:104} INFO - [2021-05-26 06:02:17,270] {dag.py:1832} INFO - Sync 3 DAGs
[2021-05-26 06:02:17,284] {logging_mixin.py:104} INFO - [2021-05-26 06:02:17,284] {dag.py:2305} INFO - Setting next_dagrun for example_subdag_operator to 2021-05-24 00:00:00+00:00
[2021-05-26 06:02:17,285] {logging_mixin.py:104} INFO - [2021-05-26 06:02:17,285] {dag.py:2305} INFO - Setting next_dagrun for example_subdag_operator.section-1 to None
[2021-05-26 06:02:17,285] {logging_mixin.py:104} INFO - [2021-05-26 06:02:17,285] {dag.py:2305} INFO - Setting next_dagrun for example_subdag_operator.section-2 to None
[2021-05-26 06:02:17,311] {logging_mixin.py:104} INFO - [2021-05-26 06:02:17,311] {dag.py:1832} INFO - Sync 2 DAGs
[2021-05-26 06:02:17,319] {logging_mixin.py:104} INFO - [2021-05-26 06:02:17,319] {dag.py:2305} INFO - Setting next_dagrun for example_subdag_operator.section-1 to None
[2021-05-26 06:02:17,319] {logging_mixin.py:104} INFO - [2021-05-26 06:02:17,319] {dag.py:2305} INFO - Setting next_dagrun for example_subdag_operator.section-2 to None
[2021-05-26 06:02:17,332] {scheduler_job.py:190} INFO - Processing /home/ubuntu/.local/lib/python3.6/site-packages/airflow/example_dags/example_subdag_operator.py took 0.436 seconds
[2021-05-26 06:02:53,894] {scheduler_job.py:182} INFO - Started process (PID=14592) to work on /home/ubuntu/.local/lib/python3.6/site-packages/airflow/example_dags/example_subdag_operator.py
[2021-05-26 06:02:53,898] {scheduler_job.py:633} INFO - Processing file /home/ubuntu/.local/lib/python3.6/site-packages/airflow/example_dags/example_subdag_operator.py for tasks to queue
[2021-05-26 06:02:53,902] {logging_mixin.py:104} INFO - [2021-05-26 06:02:53,902] {dagbag.py:487} INFO - Filling up the DagBag from /home/ubuntu/.local/lib/python3.6/site-packages/airflow/example_dags/example_subdag_operator.py
[2021-05-26 06:02:53,931] {scheduler_job.py:643} INFO - DAG(s) dict_keys(['example_subdag_operator.section-1', 'example_subdag_operator.section-2', 'example_subdag_operator']) retrieved from /home/ubuntu/.local/lib/python3.6/site-packages/airflow/example_dags/example_subdag_operator.py
[2021-05-26 06:02:53,949] {logging_mixin.py:104} INFO - [2021-05-26 06:02:53,949] {dag.py:1832} INFO - Sync 3 DAGs
[2021-05-26 06:02:53,969] {logging_mixin.py:104} INFO - [2021-05-26 06:02:53,968] {dag.py:2305} INFO - Setting next_dagrun for example_subdag_operator to 2021-05-24 00:00:00+00:00
[2021-05-26 06:02:53,973] {logging_mixin.py:104} INFO - [2021-05-26 06:02:53,973] {dag.py:2305} INFO - Setting next_dagrun for example_subdag_operator.section-1 to None
[2021-05-26 06:02:53,977] {logging_mixin.py:104} INFO - [2021-05-26 06:02:53,977] {dag.py:2305} INFO - Setting next_dagrun for example_subdag_operator.section-2 to None
[2021-05-26 06:02:53,997] {logging_mixin.py:104} INFO - [2021-05-26 06:02:53,997] {dag.py:1832} INFO - Sync 2 DAGs
[2021-05-26 06:02:54,010] {logging_mixin.py:104} INFO - [2021-05-26 06:02:54,010] {dag.py:2305} INFO - Setting next_dagrun for example_subdag_operator.section-1 to None
[2021-05-26 06:02:54,014] {logging_mixin.py:104} INFO - [2021-05-26 06:02:54,013] {dag.py:2305} INFO - Setting next_dagrun for example_subdag_operator.section-2 to None
[2021-05-26 06:02:54,029] {scheduler_job.py:190} INFO - Processing /home/ubuntu/.local/lib/python3.6/site-packages/airflow/example_dags/example_subdag_operator.py took 0.137 seconds
[2021-05-26 06:03:34,897] {scheduler_job.py:182} INFO - Started process (PID=14807) to work on /home/ubuntu/.local/lib/python3.6/site-packages/airflow/example_dags/example_subdag_operator.py
[2021-05-26 06:03:34,901] {scheduler_job.py:633} INFO - Processing file /home/ubuntu/.local/lib/python3.6/site-packages/airflow/example_dags/example_subdag_operator.py for tasks to queue
[2021-05-26 06:03:34,904] {logging_mixin.py:104} INFO - [2021-05-26 06:03:34,904] {dagbag.py:487} INFO - Filling up the DagBag from /home/ubuntu/.local/lib/python3.6/site-packages/airflow/example_dags/example_subdag_operator.py
[2021-05-26 06:03:34,930] {scheduler_job.py:643} INFO - DAG(s) dict_keys(['example_subdag_operator.section-1', 'example_subdag_operator.section-2', 'example_subdag_operator']) retrieved from /home/ubuntu/.local/lib/python3.6/site-packages/airflow/example_dags/example_subdag_operator.py
[2021-05-26 06:03:34,946] {logging_mixin.py:104} INFO - [2021-05-26 06:03:34,945] {dag.py:1832} INFO - Sync 3 DAGs
[2021-05-26 06:03:34,967] {logging_mixin.py:104} INFO - [2021-05-26 06:03:34,966] {dag.py:2305} INFO - Setting next_dagrun for example_subdag_operator to 2021-05-24 00:00:00+00:00
[2021-05-26 06:03:34,971] {logging_mixin.py:104} INFO - [2021-05-26 06:03:34,971] {dag.py:2305} INFO - Setting next_dagrun for example_subdag_operator.section-1 to None
[2021-05-26 06:03:34,974] {logging_mixin.py:104} INFO - [2021-05-26 06:03:34,974] {dag.py:2305} INFO - Setting next_dagrun for example_subdag_operator.section-2 to None
[2021-05-26 06:03:34,999] {logging_mixin.py:104} INFO - [2021-05-26 06:03:34,998] {dag.py:1832} INFO - Sync 2 DAGs
[2021-05-26 06:03:35,021] {logging_mixin.py:104} INFO - [2021-05-26 06:03:35,021] {dag.py:2305} INFO - Setting next_dagrun for example_subdag_operator.section-1 to None
[2021-05-26 06:03:35,025] {logging_mixin.py:104} INFO - [2021-05-26 06:03:35,025] {dag.py:2305} INFO - Setting next_dagrun for example_subdag_operator.section-2 to None
[2021-05-26 06:03:35,045] {scheduler_job.py:190} INFO - Processing /home/ubuntu/.local/lib/python3.6/site-packages/airflow/example_dags/example_subdag_operator.py took 0.150 seconds
[2021-05-26 06:04:11,975] {scheduler_job.py:182} INFO - Started process (PID=14982) to work on /home/ubuntu/.local/lib/python3.6/site-packages/airflow/example_dags/example_subdag_operator.py
[2021-05-26 06:04:11,977] {scheduler_job.py:633} INFO - Processing file /home/ubuntu/.local/lib/python3.6/site-packages/airflow/example_dags/example_subdag_operator.py for tasks to queue
[2021-05-26 06:04:11,977] {logging_mixin.py:104} INFO - [2021-05-26 06:04:11,977] {dagbag.py:487} INFO - Filling up the DagBag from /home/ubuntu/.local/lib/python3.6/site-packages/airflow/example_dags/example_subdag_operator.py
[2021-05-26 06:04:12,009] {scheduler_job.py:643} INFO - DAG(s) dict_keys(['example_subdag_operator.section-1', 'example_subdag_operator.section-2', 'example_subdag_operator']) retrieved from /home/ubuntu/.local/lib/python3.6/site-packages/airflow/example_dags/example_subdag_operator.py
[2021-05-26 06:04:12,026] {logging_mixin.py:104} INFO - [2021-05-26 06:04:12,025] {dag.py:1832} INFO - Sync 3 DAGs
[2021-05-26 06:04:12,044] {logging_mixin.py:104} INFO - [2021-05-26 06:04:12,044] {dag.py:2305} INFO - Setting next_dagrun for example_subdag_operator to 2021-05-24 00:00:00+00:00
[2021-05-26 06:04:12,046] {logging_mixin.py:104} INFO - [2021-05-26 06:04:12,046] {dag.py:2305} INFO - Setting next_dagrun for example_subdag_operator.section-1 to None
[2021-05-26 06:04:12,046] {logging_mixin.py:104} INFO - [2021-05-26 06:04:12,046] {dag.py:2305} INFO - Setting next_dagrun for example_subdag_operator.section-2 to None
[2021-05-26 06:04:12,060] {logging_mixin.py:104} INFO - [2021-05-26 06:04:12,060] {dag.py:1832} INFO - Sync 2 DAGs
[2021-05-26 06:04:12,075] {logging_mixin.py:104} INFO - [2021-05-26 06:04:12,074] {dag.py:2305} INFO - Setting next_dagrun for example_subdag_operator.section-1 to None
[2021-05-26 06:04:12,075] {logging_mixin.py:104} INFO - [2021-05-26 06:04:12,075] {dag.py:2305} INFO - Setting next_dagrun for example_subdag_operator.section-2 to None
[2021-05-26 06:04:12,099] {scheduler_job.py:190} INFO - Processing /home/ubuntu/.local/lib/python3.6/site-packages/airflow/example_dags/example_subdag_operator.py took 0.126 seconds
[2021-05-26 06:04:43,932] {scheduler_job.py:182} INFO - Started process (PID=15113) to work on /home/ubuntu/.local/lib/python3.6/site-packages/airflow/example_dags/example_subdag_operator.py
[2021-05-26 06:04:43,934] {scheduler_job.py:633} INFO - Processing file /home/ubuntu/.local/lib/python3.6/site-packages/airflow/example_dags/example_subdag_operator.py for tasks to queue
[2021-05-26 06:04:43,935] {logging_mixin.py:104} INFO - [2021-05-26 06:04:43,935] {dagbag.py:487} INFO - Filling up the DagBag from /home/ubuntu/.local/lib/python3.6/site-packages/airflow/example_dags/example_subdag_operator.py
[2021-05-26 06:04:43,966] {scheduler_job.py:643} INFO - DAG(s) dict_keys(['example_subdag_operator.section-1', 'example_subdag_operator.section-2', 'example_subdag_operator']) retrieved from /home/ubuntu/.local/lib/python3.6/site-packages/airflow/example_dags/example_subdag_operator.py
[2021-05-26 06:04:43,983] {logging_mixin.py:104} INFO - [2021-05-26 06:04:43,983] {dag.py:1832} INFO - Sync 3 DAGs
[2021-05-26 06:04:43,997] {logging_mixin.py:104} INFO - [2021-05-26 06:04:43,997] {dag.py:2305} INFO - Setting next_dagrun for example_subdag_operator to 2021-05-24 00:00:00+00:00
[2021-05-26 06:04:44,000] {logging_mixin.py:104} INFO - [2021-05-26 06:04:43,999] {dag.py:2305} INFO - Setting next_dagrun for example_subdag_operator.section-1 to None
[2021-05-26 06:04:44,000] {logging_mixin.py:104} INFO - [2021-05-26 06:04:44,000] {dag.py:2305} INFO - Setting next_dagrun for example_subdag_operator.section-2 to None
[2021-05-26 06:04:44,024] {logging_mixin.py:104} INFO - [2021-05-26 06:04:44,024] {dag.py:1832} INFO - Sync 2 DAGs
[2021-05-26 06:04:44,038] {logging_mixin.py:104} INFO - [2021-05-26 06:04:44,038] {dag.py:2305} INFO - Setting next_dagrun for example_subdag_operator.section-1 to None
[2021-05-26 06:04:44,041] {logging_mixin.py:104} INFO - [2021-05-26 06:04:44,041] {dag.py:2305} INFO - Setting next_dagrun for example_subdag_operator.section-2 to None
[2021-05-26 06:04:44,057] {scheduler_job.py:190} INFO - Processing /home/ubuntu/.local/lib/python3.6/site-packages/airflow/example_dags/example_subdag_operator.py took 0.129 seconds
[2021-05-26 06:05:17,988] {scheduler_job.py:182} INFO - Started process (PID=15266) to work on /home/ubuntu/.local/lib/python3.6/site-packages/airflow/example_dags/example_subdag_operator.py
[2021-05-26 06:05:17,993] {scheduler_job.py:633} INFO - Processing file /home/ubuntu/.local/lib/python3.6/site-packages/airflow/example_dags/example_subdag_operator.py for tasks to queue
[2021-05-26 06:05:17,997] {logging_mixin.py:104} INFO - [2021-05-26 06:05:17,997] {dagbag.py:487} INFO - Filling up the DagBag from /home/ubuntu/.local/lib/python3.6/site-packages/airflow/example_dags/example_subdag_operator.py
[2021-05-26 06:05:18,026] {scheduler_job.py:643} INFO - DAG(s) dict_keys(['example_subdag_operator.section-1', 'example_subdag_operator.section-2', 'example_subdag_operator']) retrieved from /home/ubuntu/.local/lib/python3.6/site-packages/airflow/example_dags/example_subdag_operator.py
[2021-05-26 06:05:18,047] {logging_mixin.py:104} INFO - [2021-05-26 06:05:18,047] {dag.py:1832} INFO - Sync 3 DAGs
[2021-05-26 06:05:18,066] {logging_mixin.py:104} INFO - [2021-05-26 06:05:18,066] {dag.py:2305} INFO - Setting next_dagrun for example_subdag_operator to 2021-05-24 00:00:00+00:00
[2021-05-26 06:05:18,071] {logging_mixin.py:104} INFO - [2021-05-26 06:05:18,071] {dag.py:2305} INFO - Setting next_dagrun for example_subdag_operator.section-1 to None
[2021-05-26 06:05:18,074] {logging_mixin.py:104} INFO - [2021-05-26 06:05:18,074] {dag.py:2305} INFO - Setting next_dagrun for example_subdag_operator.section-2 to None
[2021-05-26 06:05:18,092] {logging_mixin.py:104} INFO - [2021-05-26 06:05:18,092] {dag.py:1832} INFO - Sync 2 DAGs
[2021-05-26 06:05:18,104] {logging_mixin.py:104} INFO - [2021-05-26 06:05:18,104] {dag.py:2305} INFO - Setting next_dagrun for example_subdag_operator.section-1 to None
[2021-05-26 06:05:18,108] {logging_mixin.py:104} INFO - [2021-05-26 06:05:18,108] {dag.py:2305} INFO - Setting next_dagrun for example_subdag_operator.section-2 to None
[2021-05-26 06:05:18,121] {scheduler_job.py:190} INFO - Processing /home/ubuntu/.local/lib/python3.6/site-packages/airflow/example_dags/example_subdag_operator.py took 0.137 seconds
[2021-05-26 06:05:58,245] {scheduler_job.py:182} INFO - Started process (PID=15422) to work on /home/ubuntu/.local/lib/python3.6/site-packages/airflow/example_dags/example_subdag_operator.py
[2021-05-26 06:05:58,250] {scheduler_job.py:633} INFO - Processing file /home/ubuntu/.local/lib/python3.6/site-packages/airflow/example_dags/example_subdag_operator.py for tasks to queue
[2021-05-26 06:05:58,254] {logging_mixin.py:104} INFO - [2021-05-26 06:05:58,254] {dagbag.py:487} INFO - Filling up the DagBag from /home/ubuntu/.local/lib/python3.6/site-packages/airflow/example_dags/example_subdag_operator.py
[2021-05-26 06:05:58,292] {scheduler_job.py:643} INFO - DAG(s) dict_keys(['example_subdag_operator.section-1', 'example_subdag_operator.section-2', 'example_subdag_operator']) retrieved from /home/ubuntu/.local/lib/python3.6/site-packages/airflow/example_dags/example_subdag_operator.py
[2021-05-26 06:05:58,312] {logging_mixin.py:104} INFO - [2021-05-26 06:05:58,312] {dag.py:1832} INFO - Sync 3 DAGs
[2021-05-26 06:05:58,333] {logging_mixin.py:104} INFO - [2021-05-26 06:05:58,333] {dag.py:2305} INFO - Setting next_dagrun for example_subdag_operator to 2021-05-24 00:00:00+00:00
[2021-05-26 06:05:58,338] {logging_mixin.py:104} INFO - [2021-05-26 06:05:58,338] {dag.py:2305} INFO - Setting next_dagrun for example_subdag_operator.section-1 to None
[2021-05-26 06:05:58,341] {logging_mixin.py:104} INFO - [2021-05-26 06:05:58,341] {dag.py:2305} INFO - Setting next_dagrun for example_subdag_operator.section-2 to None
[2021-05-26 06:05:58,370] {logging_mixin.py:104} INFO - [2021-05-26 06:05:58,370] {dag.py:1832} INFO - Sync 2 DAGs
[2021-05-26 06:05:58,382] {logging_mixin.py:104} INFO - [2021-05-26 06:05:58,382] {dag.py:2305} INFO - Setting next_dagrun for example_subdag_operator.section-1 to None
[2021-05-26 06:05:58,387] {logging_mixin.py:104} INFO - [2021-05-26 06:05:58,386] {dag.py:2305} INFO - Setting next_dagrun for example_subdag_operator.section-2 to None
[2021-05-26 06:05:58,405] {scheduler_job.py:190} INFO - Processing /home/ubuntu/.local/lib/python3.6/site-packages/airflow/example_dags/example_subdag_operator.py took 0.164 seconds
[2021-05-26 06:06:40,966] {scheduler_job.py:182} INFO - Started process (PID=15576) to work on /home/ubuntu/.local/lib/python3.6/site-packages/airflow/example_dags/example_subdag_operator.py
[2021-05-26 06:06:40,972] {scheduler_job.py:633} INFO - Processing file /home/ubuntu/.local/lib/python3.6/site-packages/airflow/example_dags/example_subdag_operator.py for tasks to queue
[2021-05-26 06:06:40,976] {logging_mixin.py:104} INFO - [2021-05-26 06:06:40,976] {dagbag.py:487} INFO - Filling up the DagBag from /home/ubuntu/.local/lib/python3.6/site-packages/airflow/example_dags/example_subdag_operator.py
[2021-05-26 06:06:41,006] {scheduler_job.py:643} INFO - DAG(s) dict_keys(['example_subdag_operator.section-1', 'example_subdag_operator.section-2', 'example_subdag_operator']) retrieved from /home/ubuntu/.local/lib/python3.6/site-packages/airflow/example_dags/example_subdag_operator.py
[2021-05-26 06:06:41,319] {logging_mixin.py:104} INFO - [2021-05-26 06:06:41,319] {dag.py:1832} INFO - Sync 3 DAGs
[2021-05-26 06:06:41,331] {logging_mixin.py:104} INFO - [2021-05-26 06:06:41,331] {dag.py:1851} INFO - Creating ORM DAG for example_subdag_operator
[2021-05-26 06:06:41,335] {logging_mixin.py:104} INFO - [2021-05-26 06:06:41,335] {dag.py:1851} INFO - Creating ORM DAG for example_subdag_operator.section-2
[2021-05-26 06:06:41,339] {logging_mixin.py:104} INFO - [2021-05-26 06:06:41,339] {dag.py:1851} INFO - Creating ORM DAG for example_subdag_operator.section-1
[2021-05-26 06:06:41,343] {logging_mixin.py:104} INFO - [2021-05-26 06:06:41,343] {dag.py:2305} INFO - Setting next_dagrun for example_subdag_operator to 2021-05-24 00:00:00+00:00
[2021-05-26 06:06:41,344] {logging_mixin.py:104} INFO - [2021-05-26 06:06:41,344] {dag.py:2305} INFO - Setting next_dagrun for example_subdag_operator.section-1 to None
[2021-05-26 06:06:41,344] {logging_mixin.py:104} INFO - [2021-05-26 06:06:41,344] {dag.py:2305} INFO - Setting next_dagrun for example_subdag_operator.section-2 to None
[2021-05-26 06:06:41,377] {logging_mixin.py:104} INFO - [2021-05-26 06:06:41,377] {dag.py:1832} INFO - Sync 2 DAGs
[2021-05-26 06:06:41,394] {logging_mixin.py:104} INFO - [2021-05-26 06:06:41,394] {dag.py:2305} INFO - Setting next_dagrun for example_subdag_operator.section-1 to None
[2021-05-26 06:06:41,394] {logging_mixin.py:104} INFO - [2021-05-26 06:06:41,394] {dag.py:2305} INFO - Setting next_dagrun for example_subdag_operator.section-2 to None
[2021-05-26 06:06:41,408] {scheduler_job.py:190} INFO - Processing /home/ubuntu/.local/lib/python3.6/site-packages/airflow/example_dags/example_subdag_operator.py took 0.444 seconds
[2021-05-26 06:07:19,422] {scheduler_job.py:182} INFO - Started process (PID=15756) to work on /home/ubuntu/.local/lib/python3.6/site-packages/airflow/example_dags/example_subdag_operator.py
[2021-05-26 06:07:19,427] {scheduler_job.py:633} INFO - Processing file /home/ubuntu/.local/lib/python3.6/site-packages/airflow/example_dags/example_subdag_operator.py for tasks to queue
[2021-05-26 06:07:19,433] {logging_mixin.py:104} INFO - [2021-05-26 06:07:19,433] {dagbag.py:487} INFO - Filling up the DagBag from /home/ubuntu/.local/lib/python3.6/site-packages/airflow/example_dags/example_subdag_operator.py
[2021-05-26 06:07:19,462] {scheduler_job.py:643} INFO - DAG(s) dict_keys(['example_subdag_operator.section-1', 'example_subdag_operator.section-2', 'example_subdag_operator']) retrieved from /home/ubuntu/.local/lib/python3.6/site-packages/airflow/example_dags/example_subdag_operator.py
[2021-05-26 06:07:19,482] {logging_mixin.py:104} INFO - [2021-05-26 06:07:19,482] {dag.py:1832} INFO - Sync 3 DAGs
[2021-05-26 06:07:19,501] {logging_mixin.py:104} INFO - [2021-05-26 06:07:19,501] {dag.py:2305} INFO - Setting next_dagrun for example_subdag_operator to 2021-05-24 00:00:00+00:00
[2021-05-26 06:07:19,506] {logging_mixin.py:104} INFO - [2021-05-26 06:07:19,506] {dag.py:2305} INFO - Setting next_dagrun for example_subdag_operator.section-1 to None
[2021-05-26 06:07:19,510] {logging_mixin.py:104} INFO - [2021-05-26 06:07:19,510] {dag.py:2305} INFO - Setting next_dagrun for example_subdag_operator.section-2 to None
[2021-05-26 06:07:19,534] {logging_mixin.py:104} INFO - [2021-05-26 06:07:19,534] {dag.py:1832} INFO - Sync 2 DAGs
[2021-05-26 06:07:19,541] {logging_mixin.py:104} INFO - [2021-05-26 06:07:19,541] {dag.py:2305} INFO - Setting next_dagrun for example_subdag_operator.section-1 to None
[2021-05-26 06:07:19,541] {logging_mixin.py:104} INFO - [2021-05-26 06:07:19,541] {dag.py:2305} INFO - Setting next_dagrun for example_subdag_operator.section-2 to None
[2021-05-26 06:07:19,571] {scheduler_job.py:190} INFO - Processing /home/ubuntu/.local/lib/python3.6/site-packages/airflow/example_dags/example_subdag_operator.py took 0.152 seconds
[2021-05-26 06:07:53,261] {scheduler_job.py:182} INFO - Started process (PID=15928) to work on /home/ubuntu/.local/lib/python3.6/site-packages/airflow/example_dags/example_subdag_operator.py
[2021-05-26 06:07:53,262] {scheduler_job.py:633} INFO - Processing file /home/ubuntu/.local/lib/python3.6/site-packages/airflow/example_dags/example_subdag_operator.py for tasks to queue
[2021-05-26 06:07:53,270] {logging_mixin.py:104} INFO - [2021-05-26 06:07:53,269] {dagbag.py:487} INFO - Filling up the DagBag from /home/ubuntu/.local/lib/python3.6/site-packages/airflow/example_dags/example_subdag_operator.py
[2021-05-26 06:07:53,301] {scheduler_job.py:643} INFO - DAG(s) dict_keys(['example_subdag_operator.section-1', 'example_subdag_operator.section-2', 'example_subdag_operator']) retrieved from /home/ubuntu/.local/lib/python3.6/site-packages/airflow/example_dags/example_subdag_operator.py
[2021-05-26 06:07:53,320] {logging_mixin.py:104} INFO - [2021-05-26 06:07:53,320] {dag.py:1832} INFO - Sync 3 DAGs
[2021-05-26 06:07:53,341] {logging_mixin.py:104} INFO - [2021-05-26 06:07:53,341] {dag.py:2305} INFO - Setting next_dagrun for example_subdag_operator to 2021-05-24 00:00:00+00:00
[2021-05-26 06:07:53,346] {logging_mixin.py:104} INFO - [2021-05-26 06:07:53,345] {dag.py:2305} INFO - Setting next_dagrun for example_subdag_operator.section-1 to None
[2021-05-26 06:07:53,349] {logging_mixin.py:104} INFO - [2021-05-26 06:07:53,349] {dag.py:2305} INFO - Setting next_dagrun for example_subdag_operator.section-2 to None
[2021-05-26 06:07:53,373] {logging_mixin.py:104} INFO - [2021-05-26 06:07:53,373] {dag.py:1832} INFO - Sync 2 DAGs
[2021-05-26 06:07:53,389] {logging_mixin.py:104} INFO - [2021-05-26 06:07:53,389] {dag.py:2305} INFO - Setting next_dagrun for example_subdag_operator.section-1 to None
[2021-05-26 06:07:53,393] {logging_mixin.py:104} INFO - [2021-05-26 06:07:53,393] {dag.py:2305} INFO - Setting next_dagrun for example_subdag_operator.section-2 to None
[2021-05-26 06:07:53,411] {scheduler_job.py:190} INFO - Processing /home/ubuntu/.local/lib/python3.6/site-packages/airflow/example_dags/example_subdag_operator.py took 0.153 seconds
[2021-05-26 06:08:31,820] {scheduler_job.py:182} INFO - Started process (PID=16108) to work on /home/ubuntu/.local/lib/python3.6/site-packages/airflow/example_dags/example_subdag_operator.py
[2021-05-26 06:08:31,831] {scheduler_job.py:633} INFO - Processing file /home/ubuntu/.local/lib/python3.6/site-packages/airflow/example_dags/example_subdag_operator.py for tasks to queue
[2021-05-26 06:08:31,832] {logging_mixin.py:104} INFO - [2021-05-26 06:08:31,832] {dagbag.py:487} INFO - Filling up the DagBag from /home/ubuntu/.local/lib/python3.6/site-packages/airflow/example_dags/example_subdag_operator.py
[2021-05-26 06:08:31,883] {scheduler_job.py:643} INFO - DAG(s) dict_keys(['example_subdag_operator.section-1', 'example_subdag_operator.section-2', 'example_subdag_operator']) retrieved from /home/ubuntu/.local/lib/python3.6/site-packages/airflow/example_dags/example_subdag_operator.py
[2021-05-26 06:08:31,910] {logging_mixin.py:104} INFO - [2021-05-26 06:08:31,910] {dag.py:1832} INFO - Sync 3 DAGs
[2021-05-26 06:08:31,942] {logging_mixin.py:104} INFO - [2021-05-26 06:08:31,942] {dag.py:2305} INFO - Setting next_dagrun for example_subdag_operator to 2021-05-24 00:00:00+00:00
[2021-05-26 06:08:31,946] {logging_mixin.py:104} INFO - [2021-05-26 06:08:31,946] {dag.py:2305} INFO - Setting next_dagrun for example_subdag_operator.section-1 to None
[2021-05-26 06:08:31,951] {logging_mixin.py:104} INFO - [2021-05-26 06:08:31,950] {dag.py:2305} INFO - Setting next_dagrun for example_subdag_operator.section-2 to None
[2021-05-26 06:08:31,975] {logging_mixin.py:104} INFO - [2021-05-26 06:08:31,974] {dag.py:1832} INFO - Sync 2 DAGs
[2021-05-26 06:08:31,996] {logging_mixin.py:104} INFO - [2021-05-26 06:08:31,996] {dag.py:2305} INFO - Setting next_dagrun for example_subdag_operator.section-1 to None
[2021-05-26 06:08:32,000] {logging_mixin.py:104} INFO - [2021-05-26 06:08:32,000] {dag.py:2305} INFO - Setting next_dagrun for example_subdag_operator.section-2 to None
[2021-05-26 06:08:32,017] {scheduler_job.py:190} INFO - Processing /home/ubuntu/.local/lib/python3.6/site-packages/airflow/example_dags/example_subdag_operator.py took 0.200 seconds
