[2021-05-26 05:47:56,864] {scheduler_job.py:182} INFO - Started process (PID=10675) to work on /home/ubuntu/.local/lib/python3.6/site-packages/airflow/example_dags/example_branch_datetime_operator.py
[2021-05-26 05:47:56,865] {scheduler_job.py:633} INFO - Processing file /home/ubuntu/.local/lib/python3.6/site-packages/airflow/example_dags/example_branch_datetime_operator.py for tasks to queue
[2021-05-26 05:47:56,866] {logging_mixin.py:104} INFO - [2021-05-26 05:47:56,865] {dagbag.py:487} INFO - Filling up the DagBag from /home/ubuntu/.local/lib/python3.6/site-packages/airflow/example_dags/example_branch_datetime_operator.py
[2021-05-26 05:47:56,879] {scheduler_job.py:643} INFO - DAG(s) dict_keys(['example_branch_datetime_operator_2']) retrieved from /home/ubuntu/.local/lib/python3.6/site-packages/airflow/example_dags/example_branch_datetime_operator.py
[2021-05-26 05:47:56,893] {logging_mixin.py:104} INFO - [2021-05-26 05:47:56,893] {dag.py:1832} INFO - Sync 1 DAGs
[2021-05-26 05:47:56,911] {logging_mixin.py:104} INFO - [2021-05-26 05:47:56,911] {dag.py:2305} INFO - Setting next_dagrun for example_branch_datetime_operator_2 to 2021-05-24 00:00:00+00:00
[2021-05-26 05:47:56,929] {scheduler_job.py:190} INFO - Processing /home/ubuntu/.local/lib/python3.6/site-packages/airflow/example_dags/example_branch_datetime_operator.py took 0.069 seconds
[2021-05-26 05:48:30,651] {scheduler_job.py:182} INFO - Started process (PID=10833) to work on /home/ubuntu/.local/lib/python3.6/site-packages/airflow/example_dags/example_branch_datetime_operator.py
[2021-05-26 05:48:30,652] {scheduler_job.py:633} INFO - Processing file /home/ubuntu/.local/lib/python3.6/site-packages/airflow/example_dags/example_branch_datetime_operator.py for tasks to queue
[2021-05-26 05:48:30,653] {logging_mixin.py:104} INFO - [2021-05-26 05:48:30,653] {dagbag.py:487} INFO - Filling up the DagBag from /home/ubuntu/.local/lib/python3.6/site-packages/airflow/example_dags/example_branch_datetime_operator.py
[2021-05-26 05:48:30,664] {scheduler_job.py:643} INFO - DAG(s) dict_keys(['example_branch_datetime_operator_2']) retrieved from /home/ubuntu/.local/lib/python3.6/site-packages/airflow/example_dags/example_branch_datetime_operator.py
[2021-05-26 05:48:30,677] {logging_mixin.py:104} INFO - [2021-05-26 05:48:30,677] {dag.py:1832} INFO - Sync 1 DAGs
[2021-05-26 05:48:30,694] {logging_mixin.py:104} INFO - [2021-05-26 05:48:30,694] {dag.py:2305} INFO - Setting next_dagrun for example_branch_datetime_operator_2 to 2021-05-24 00:00:00+00:00
[2021-05-26 05:48:30,711] {scheduler_job.py:190} INFO - Processing /home/ubuntu/.local/lib/python3.6/site-packages/airflow/example_dags/example_branch_datetime_operator.py took 0.062 seconds
[2021-05-26 05:49:02,184] {scheduler_job.py:182} INFO - Started process (PID=10954) to work on /home/ubuntu/.local/lib/python3.6/site-packages/airflow/example_dags/example_branch_datetime_operator.py
[2021-05-26 05:49:02,185] {scheduler_job.py:633} INFO - Processing file /home/ubuntu/.local/lib/python3.6/site-packages/airflow/example_dags/example_branch_datetime_operator.py for tasks to queue
[2021-05-26 05:49:02,186] {logging_mixin.py:104} INFO - [2021-05-26 05:49:02,186] {dagbag.py:487} INFO - Filling up the DagBag from /home/ubuntu/.local/lib/python3.6/site-packages/airflow/example_dags/example_branch_datetime_operator.py
[2021-05-26 05:49:02,198] {scheduler_job.py:643} INFO - DAG(s) dict_keys(['example_branch_datetime_operator_2']) retrieved from /home/ubuntu/.local/lib/python3.6/site-packages/airflow/example_dags/example_branch_datetime_operator.py
[2021-05-26 05:49:02,212] {logging_mixin.py:104} INFO - [2021-05-26 05:49:02,212] {dag.py:1832} INFO - Sync 1 DAGs
[2021-05-26 05:49:02,230] {logging_mixin.py:104} INFO - [2021-05-26 05:49:02,230] {dag.py:2305} INFO - Setting next_dagrun for example_branch_datetime_operator_2 to 2021-05-24 00:00:00+00:00
[2021-05-26 05:49:02,246] {scheduler_job.py:190} INFO - Processing /home/ubuntu/.local/lib/python3.6/site-packages/airflow/example_dags/example_branch_datetime_operator.py took 0.065 seconds
[2021-05-26 05:49:34,760] {scheduler_job.py:182} INFO - Started process (PID=11107) to work on /home/ubuntu/.local/lib/python3.6/site-packages/airflow/example_dags/example_branch_datetime_operator.py
[2021-05-26 05:49:34,764] {scheduler_job.py:633} INFO - Processing file /home/ubuntu/.local/lib/python3.6/site-packages/airflow/example_dags/example_branch_datetime_operator.py for tasks to queue
[2021-05-26 05:49:34,765] {logging_mixin.py:104} INFO - [2021-05-26 05:49:34,765] {dagbag.py:487} INFO - Filling up the DagBag from /home/ubuntu/.local/lib/python3.6/site-packages/airflow/example_dags/example_branch_datetime_operator.py
[2021-05-26 05:49:34,776] {scheduler_job.py:643} INFO - DAG(s) dict_keys(['example_branch_datetime_operator_2']) retrieved from /home/ubuntu/.local/lib/python3.6/site-packages/airflow/example_dags/example_branch_datetime_operator.py
[2021-05-26 05:49:34,789] {logging_mixin.py:104} INFO - [2021-05-26 05:49:34,789] {dag.py:1832} INFO - Sync 1 DAGs
[2021-05-26 05:49:34,807] {logging_mixin.py:104} INFO - [2021-05-26 05:49:34,807] {dag.py:2305} INFO - Setting next_dagrun for example_branch_datetime_operator_2 to 2021-05-24 00:00:00+00:00
[2021-05-26 05:49:34,824] {scheduler_job.py:190} INFO - Processing /home/ubuntu/.local/lib/python3.6/site-packages/airflow/example_dags/example_branch_datetime_operator.py took 0.066 seconds
[2021-05-26 05:50:08,442] {scheduler_job.py:182} INFO - Started process (PID=11235) to work on /home/ubuntu/.local/lib/python3.6/site-packages/airflow/example_dags/example_branch_datetime_operator.py
[2021-05-26 05:50:08,445] {scheduler_job.py:633} INFO - Processing file /home/ubuntu/.local/lib/python3.6/site-packages/airflow/example_dags/example_branch_datetime_operator.py for tasks to queue
[2021-05-26 05:50:08,446] {logging_mixin.py:104} INFO - [2021-05-26 05:50:08,446] {dagbag.py:487} INFO - Filling up the DagBag from /home/ubuntu/.local/lib/python3.6/site-packages/airflow/example_dags/example_branch_datetime_operator.py
[2021-05-26 05:50:08,458] {scheduler_job.py:643} INFO - DAG(s) dict_keys(['example_branch_datetime_operator_2']) retrieved from /home/ubuntu/.local/lib/python3.6/site-packages/airflow/example_dags/example_branch_datetime_operator.py
[2021-05-26 05:50:08,473] {logging_mixin.py:104} INFO - [2021-05-26 05:50:08,473] {dag.py:1832} INFO - Sync 1 DAGs
[2021-05-26 05:50:08,491] {logging_mixin.py:104} INFO - [2021-05-26 05:50:08,491] {dag.py:2305} INFO - Setting next_dagrun for example_branch_datetime_operator_2 to 2021-05-24 00:00:00+00:00
[2021-05-26 05:50:08,514] {scheduler_job.py:190} INFO - Processing /home/ubuntu/.local/lib/python3.6/site-packages/airflow/example_dags/example_branch_datetime_operator.py took 0.074 seconds
[2021-05-26 05:50:43,486] {scheduler_job.py:182} INFO - Started process (PID=11372) to work on /home/ubuntu/.local/lib/python3.6/site-packages/airflow/example_dags/example_branch_datetime_operator.py
[2021-05-26 05:50:43,488] {scheduler_job.py:633} INFO - Processing file /home/ubuntu/.local/lib/python3.6/site-packages/airflow/example_dags/example_branch_datetime_operator.py for tasks to queue
[2021-05-26 05:50:43,489] {logging_mixin.py:104} INFO - [2021-05-26 05:50:43,489] {dagbag.py:487} INFO - Filling up the DagBag from /home/ubuntu/.local/lib/python3.6/site-packages/airflow/example_dags/example_branch_datetime_operator.py
[2021-05-26 05:50:43,503] {scheduler_job.py:643} INFO - DAG(s) dict_keys(['example_branch_datetime_operator_2']) retrieved from /home/ubuntu/.local/lib/python3.6/site-packages/airflow/example_dags/example_branch_datetime_operator.py
[2021-05-26 05:50:43,517] {logging_mixin.py:104} INFO - [2021-05-26 05:50:43,517] {dag.py:1832} INFO - Sync 1 DAGs
[2021-05-26 05:50:43,534] {logging_mixin.py:104} INFO - [2021-05-26 05:50:43,534] {dag.py:2305} INFO - Setting next_dagrun for example_branch_datetime_operator_2 to 2021-05-24 00:00:00+00:00
[2021-05-26 05:50:43,552] {scheduler_job.py:190} INFO - Processing /home/ubuntu/.local/lib/python3.6/site-packages/airflow/example_dags/example_branch_datetime_operator.py took 0.068 seconds
[2021-05-26 05:51:17,077] {scheduler_job.py:182} INFO - Started process (PID=11500) to work on /home/ubuntu/.local/lib/python3.6/site-packages/airflow/example_dags/example_branch_datetime_operator.py
[2021-05-26 05:51:17,079] {scheduler_job.py:633} INFO - Processing file /home/ubuntu/.local/lib/python3.6/site-packages/airflow/example_dags/example_branch_datetime_operator.py for tasks to queue
[2021-05-26 05:51:17,080] {logging_mixin.py:104} INFO - [2021-05-26 05:51:17,080] {dagbag.py:487} INFO - Filling up the DagBag from /home/ubuntu/.local/lib/python3.6/site-packages/airflow/example_dags/example_branch_datetime_operator.py
[2021-05-26 05:51:17,094] {scheduler_job.py:643} INFO - DAG(s) dict_keys(['example_branch_datetime_operator_2']) retrieved from /home/ubuntu/.local/lib/python3.6/site-packages/airflow/example_dags/example_branch_datetime_operator.py
[2021-05-26 05:51:17,108] {logging_mixin.py:104} INFO - [2021-05-26 05:51:17,107] {dag.py:1832} INFO - Sync 1 DAGs
[2021-05-26 05:51:17,125] {logging_mixin.py:104} INFO - [2021-05-26 05:51:17,124] {dag.py:2305} INFO - Setting next_dagrun for example_branch_datetime_operator_2 to 2021-05-24 00:00:00+00:00
[2021-05-26 05:51:17,143] {scheduler_job.py:190} INFO - Processing /home/ubuntu/.local/lib/python3.6/site-packages/airflow/example_dags/example_branch_datetime_operator.py took 0.068 seconds
[2021-05-26 05:51:48,298] {scheduler_job.py:182} INFO - Started process (PID=11628) to work on /home/ubuntu/.local/lib/python3.6/site-packages/airflow/example_dags/example_branch_datetime_operator.py
[2021-05-26 05:51:48,299] {scheduler_job.py:633} INFO - Processing file /home/ubuntu/.local/lib/python3.6/site-packages/airflow/example_dags/example_branch_datetime_operator.py for tasks to queue
[2021-05-26 05:51:48,300] {logging_mixin.py:104} INFO - [2021-05-26 05:51:48,300] {dagbag.py:487} INFO - Filling up the DagBag from /home/ubuntu/.local/lib/python3.6/site-packages/airflow/example_dags/example_branch_datetime_operator.py
[2021-05-26 05:51:48,311] {scheduler_job.py:643} INFO - DAG(s) dict_keys(['example_branch_datetime_operator_2']) retrieved from /home/ubuntu/.local/lib/python3.6/site-packages/airflow/example_dags/example_branch_datetime_operator.py
[2021-05-26 05:51:48,324] {logging_mixin.py:104} INFO - [2021-05-26 05:51:48,324] {dag.py:1832} INFO - Sync 1 DAGs
[2021-05-26 05:51:48,341] {logging_mixin.py:104} INFO - [2021-05-26 05:51:48,341] {dag.py:2305} INFO - Setting next_dagrun for example_branch_datetime_operator_2 to 2021-05-24 00:00:00+00:00
[2021-05-26 05:51:48,357] {scheduler_job.py:190} INFO - Processing /home/ubuntu/.local/lib/python3.6/site-packages/airflow/example_dags/example_branch_datetime_operator.py took 0.061 seconds
[2021-05-26 05:52:20,222] {scheduler_job.py:182} INFO - Started process (PID=11749) to work on /home/ubuntu/.local/lib/python3.6/site-packages/airflow/example_dags/example_branch_datetime_operator.py
[2021-05-26 05:52:20,226] {scheduler_job.py:633} INFO - Processing file /home/ubuntu/.local/lib/python3.6/site-packages/airflow/example_dags/example_branch_datetime_operator.py for tasks to queue
[2021-05-26 05:52:20,228] {logging_mixin.py:104} INFO - [2021-05-26 05:52:20,227] {dagbag.py:487} INFO - Filling up the DagBag from /home/ubuntu/.local/lib/python3.6/site-packages/airflow/example_dags/example_branch_datetime_operator.py
[2021-05-26 05:52:20,242] {scheduler_job.py:643} INFO - DAG(s) dict_keys(['example_branch_datetime_operator_2']) retrieved from /home/ubuntu/.local/lib/python3.6/site-packages/airflow/example_dags/example_branch_datetime_operator.py
[2021-05-26 05:52:20,260] {logging_mixin.py:104} INFO - [2021-05-26 05:52:20,260] {dag.py:1832} INFO - Sync 1 DAGs
[2021-05-26 05:52:20,278] {logging_mixin.py:104} INFO - [2021-05-26 05:52:20,278] {dag.py:2305} INFO - Setting next_dagrun for example_branch_datetime_operator_2 to 2021-05-24 00:00:00+00:00
[2021-05-26 05:52:20,295] {scheduler_job.py:190} INFO - Processing /home/ubuntu/.local/lib/python3.6/site-packages/airflow/example_dags/example_branch_datetime_operator.py took 0.076 seconds
[2021-05-26 05:52:51,163] {scheduler_job.py:182} INFO - Started process (PID=11870) to work on /home/ubuntu/.local/lib/python3.6/site-packages/airflow/example_dags/example_branch_datetime_operator.py
[2021-05-26 05:52:51,168] {scheduler_job.py:633} INFO - Processing file /home/ubuntu/.local/lib/python3.6/site-packages/airflow/example_dags/example_branch_datetime_operator.py for tasks to queue
[2021-05-26 05:52:51,173] {logging_mixin.py:104} INFO - [2021-05-26 05:52:51,172] {dagbag.py:487} INFO - Filling up the DagBag from /home/ubuntu/.local/lib/python3.6/site-packages/airflow/example_dags/example_branch_datetime_operator.py
[2021-05-26 05:52:51,185] {scheduler_job.py:643} INFO - DAG(s) dict_keys(['example_branch_datetime_operator_2']) retrieved from /home/ubuntu/.local/lib/python3.6/site-packages/airflow/example_dags/example_branch_datetime_operator.py
[2021-05-26 05:52:51,202] {logging_mixin.py:104} INFO - [2021-05-26 05:52:51,201] {dag.py:1832} INFO - Sync 1 DAGs
[2021-05-26 05:52:51,218] {logging_mixin.py:104} INFO - [2021-05-26 05:52:51,218] {dag.py:2305} INFO - Setting next_dagrun for example_branch_datetime_operator_2 to 2021-05-24 00:00:00+00:00
[2021-05-26 05:52:51,234] {scheduler_job.py:190} INFO - Processing /home/ubuntu/.local/lib/python3.6/site-packages/airflow/example_dags/example_branch_datetime_operator.py took 0.073 seconds
[2021-05-26 05:53:26,485] {scheduler_job.py:182} INFO - Started process (PID=12007) to work on /home/ubuntu/.local/lib/python3.6/site-packages/airflow/example_dags/example_branch_datetime_operator.py
[2021-05-26 05:53:26,488] {scheduler_job.py:633} INFO - Processing file /home/ubuntu/.local/lib/python3.6/site-packages/airflow/example_dags/example_branch_datetime_operator.py for tasks to queue
[2021-05-26 05:53:26,489] {logging_mixin.py:104} INFO - [2021-05-26 05:53:26,489] {dagbag.py:487} INFO - Filling up the DagBag from /home/ubuntu/.local/lib/python3.6/site-packages/airflow/example_dags/example_branch_datetime_operator.py
[2021-05-26 05:53:26,504] {scheduler_job.py:643} INFO - DAG(s) dict_keys(['example_branch_datetime_operator_2']) retrieved from /home/ubuntu/.local/lib/python3.6/site-packages/airflow/example_dags/example_branch_datetime_operator.py
[2021-05-26 05:53:26,516] {logging_mixin.py:104} INFO - [2021-05-26 05:53:26,516] {dag.py:1832} INFO - Sync 1 DAGs
[2021-05-26 05:53:26,532] {logging_mixin.py:104} INFO - [2021-05-26 05:53:26,532] {dag.py:2305} INFO - Setting next_dagrun for example_branch_datetime_operator_2 to 2021-05-24 00:00:00+00:00
[2021-05-26 05:53:26,550] {scheduler_job.py:190} INFO - Processing /home/ubuntu/.local/lib/python3.6/site-packages/airflow/example_dags/example_branch_datetime_operator.py took 0.066 seconds
[2021-05-26 05:53:57,931] {scheduler_job.py:182} INFO - Started process (PID=12132) to work on /home/ubuntu/.local/lib/python3.6/site-packages/airflow/example_dags/example_branch_datetime_operator.py
[2021-05-26 05:53:57,933] {scheduler_job.py:633} INFO - Processing file /home/ubuntu/.local/lib/python3.6/site-packages/airflow/example_dags/example_branch_datetime_operator.py for tasks to queue
[2021-05-26 05:53:57,935] {logging_mixin.py:104} INFO - [2021-05-26 05:53:57,935] {dagbag.py:487} INFO - Filling up the DagBag from /home/ubuntu/.local/lib/python3.6/site-packages/airflow/example_dags/example_branch_datetime_operator.py
[2021-05-26 05:53:57,954] {scheduler_job.py:643} INFO - DAG(s) dict_keys(['example_branch_datetime_operator_2']) retrieved from /home/ubuntu/.local/lib/python3.6/site-packages/airflow/example_dags/example_branch_datetime_operator.py
[2021-05-26 05:53:57,968] {logging_mixin.py:104} INFO - [2021-05-26 05:53:57,968] {dag.py:1832} INFO - Sync 1 DAGs
[2021-05-26 05:53:57,984] {logging_mixin.py:104} INFO - [2021-05-26 05:53:57,983] {dag.py:2305} INFO - Setting next_dagrun for example_branch_datetime_operator_2 to 2021-05-24 00:00:00+00:00
[2021-05-26 05:53:58,003] {scheduler_job.py:190} INFO - Processing /home/ubuntu/.local/lib/python3.6/site-packages/airflow/example_dags/example_branch_datetime_operator.py took 0.074 seconds
[2021-05-26 05:54:32,871] {scheduler_job.py:182} INFO - Started process (PID=12264) to work on /home/ubuntu/.local/lib/python3.6/site-packages/airflow/example_dags/example_branch_datetime_operator.py
[2021-05-26 05:54:32,874] {scheduler_job.py:633} INFO - Processing file /home/ubuntu/.local/lib/python3.6/site-packages/airflow/example_dags/example_branch_datetime_operator.py for tasks to queue
[2021-05-26 05:54:32,874] {logging_mixin.py:104} INFO - [2021-05-26 05:54:32,874] {dagbag.py:487} INFO - Filling up the DagBag from /home/ubuntu/.local/lib/python3.6/site-packages/airflow/example_dags/example_branch_datetime_operator.py
[2021-05-26 05:54:32,889] {scheduler_job.py:643} INFO - DAG(s) dict_keys(['example_branch_datetime_operator_2']) retrieved from /home/ubuntu/.local/lib/python3.6/site-packages/airflow/example_dags/example_branch_datetime_operator.py
[2021-05-26 05:54:32,902] {logging_mixin.py:104} INFO - [2021-05-26 05:54:32,902] {dag.py:1832} INFO - Sync 1 DAGs
[2021-05-26 05:54:32,918] {logging_mixin.py:104} INFO - [2021-05-26 05:54:32,917] {dag.py:2305} INFO - Setting next_dagrun for example_branch_datetime_operator_2 to 2021-05-24 00:00:00+00:00
[2021-05-26 05:54:32,933] {scheduler_job.py:190} INFO - Processing /home/ubuntu/.local/lib/python3.6/site-packages/airflow/example_dags/example_branch_datetime_operator.py took 0.064 seconds
[2021-05-26 05:55:07,152] {scheduler_job.py:182} INFO - Started process (PID=12422) to work on /home/ubuntu/.local/lib/python3.6/site-packages/airflow/example_dags/example_branch_datetime_operator.py
[2021-05-26 05:55:07,155] {scheduler_job.py:633} INFO - Processing file /home/ubuntu/.local/lib/python3.6/site-packages/airflow/example_dags/example_branch_datetime_operator.py for tasks to queue
[2021-05-26 05:55:07,158] {logging_mixin.py:104} INFO - [2021-05-26 05:55:07,158] {dagbag.py:487} INFO - Filling up the DagBag from /home/ubuntu/.local/lib/python3.6/site-packages/airflow/example_dags/example_branch_datetime_operator.py
[2021-05-26 05:55:07,170] {scheduler_job.py:643} INFO - DAG(s) dict_keys(['example_branch_datetime_operator_2']) retrieved from /home/ubuntu/.local/lib/python3.6/site-packages/airflow/example_dags/example_branch_datetime_operator.py
[2021-05-26 05:55:07,183] {logging_mixin.py:104} INFO - [2021-05-26 05:55:07,183] {dag.py:1832} INFO - Sync 1 DAGs
[2021-05-26 05:55:07,198] {logging_mixin.py:104} INFO - [2021-05-26 05:55:07,198] {dag.py:2305} INFO - Setting next_dagrun for example_branch_datetime_operator_2 to 2021-05-24 00:00:00+00:00
[2021-05-26 05:55:07,216] {scheduler_job.py:190} INFO - Processing /home/ubuntu/.local/lib/python3.6/site-packages/airflow/example_dags/example_branch_datetime_operator.py took 0.067 seconds
[2021-05-26 05:56:14,946] {scheduler_job.py:182} INFO - Started process (PID=12710) to work on /home/ubuntu/.local/lib/python3.6/site-packages/airflow/example_dags/example_branch_datetime_operator.py
[2021-05-26 05:56:14,951] {scheduler_job.py:633} INFO - Processing file /home/ubuntu/.local/lib/python3.6/site-packages/airflow/example_dags/example_branch_datetime_operator.py for tasks to queue
[2021-05-26 05:56:14,955] {logging_mixin.py:104} INFO - [2021-05-26 05:56:14,955] {dagbag.py:487} INFO - Filling up the DagBag from /home/ubuntu/.local/lib/python3.6/site-packages/airflow/example_dags/example_branch_datetime_operator.py
[2021-05-26 05:56:14,972] {scheduler_job.py:643} INFO - DAG(s) dict_keys(['example_branch_datetime_operator_2']) retrieved from /home/ubuntu/.local/lib/python3.6/site-packages/airflow/example_dags/example_branch_datetime_operator.py
[2021-05-26 05:56:14,989] {logging_mixin.py:104} INFO - [2021-05-26 05:56:14,989] {dag.py:1832} INFO - Sync 1 DAGs
[2021-05-26 05:56:15,015] {logging_mixin.py:104} INFO - [2021-05-26 05:56:15,015] {dag.py:2305} INFO - Setting next_dagrun for example_branch_datetime_operator_2 to 2021-05-24 00:00:00+00:00
[2021-05-26 05:56:15,044] {scheduler_job.py:190} INFO - Processing /home/ubuntu/.local/lib/python3.6/site-packages/airflow/example_dags/example_branch_datetime_operator.py took 0.100 seconds
[2021-05-26 05:56:48,279] {scheduler_job.py:182} INFO - Started process (PID=12866) to work on /home/ubuntu/.local/lib/python3.6/site-packages/airflow/example_dags/example_branch_datetime_operator.py
[2021-05-26 05:56:48,280] {scheduler_job.py:633} INFO - Processing file /home/ubuntu/.local/lib/python3.6/site-packages/airflow/example_dags/example_branch_datetime_operator.py for tasks to queue
[2021-05-26 05:56:48,280] {logging_mixin.py:104} INFO - [2021-05-26 05:56:48,280] {dagbag.py:487} INFO - Filling up the DagBag from /home/ubuntu/.local/lib/python3.6/site-packages/airflow/example_dags/example_branch_datetime_operator.py
[2021-05-26 05:56:48,293] {scheduler_job.py:643} INFO - DAG(s) dict_keys(['example_branch_datetime_operator_2']) retrieved from /home/ubuntu/.local/lib/python3.6/site-packages/airflow/example_dags/example_branch_datetime_operator.py
[2021-05-26 05:56:48,306] {logging_mixin.py:104} INFO - [2021-05-26 05:56:48,306] {dag.py:1832} INFO - Sync 1 DAGs
[2021-05-26 05:56:48,323] {logging_mixin.py:104} INFO - [2021-05-26 05:56:48,323] {dag.py:2305} INFO - Setting next_dagrun for example_branch_datetime_operator_2 to 2021-05-24 00:00:00+00:00
[2021-05-26 05:56:48,339] {scheduler_job.py:190} INFO - Processing /home/ubuntu/.local/lib/python3.6/site-packages/airflow/example_dags/example_branch_datetime_operator.py took 0.062 seconds
[2021-05-26 05:57:28,212] {scheduler_job.py:182} INFO - Started process (PID=13057) to work on /home/ubuntu/.local/lib/python3.6/site-packages/airflow/example_dags/example_branch_datetime_operator.py
[2021-05-26 05:57:28,212] {scheduler_job.py:633} INFO - Processing file /home/ubuntu/.local/lib/python3.6/site-packages/airflow/example_dags/example_branch_datetime_operator.py for tasks to queue
[2021-05-26 05:57:28,213] {logging_mixin.py:104} INFO - [2021-05-26 05:57:28,213] {dagbag.py:487} INFO - Filling up the DagBag from /home/ubuntu/.local/lib/python3.6/site-packages/airflow/example_dags/example_branch_datetime_operator.py
[2021-05-26 05:57:28,225] {scheduler_job.py:643} INFO - DAG(s) dict_keys(['example_branch_datetime_operator_2']) retrieved from /home/ubuntu/.local/lib/python3.6/site-packages/airflow/example_dags/example_branch_datetime_operator.py
[2021-05-26 05:57:28,239] {logging_mixin.py:104} INFO - [2021-05-26 05:57:28,238] {dag.py:1832} INFO - Sync 1 DAGs
[2021-05-26 05:57:28,257] {logging_mixin.py:104} INFO - [2021-05-26 05:57:28,257] {dag.py:2305} INFO - Setting next_dagrun for example_branch_datetime_operator_2 to 2021-05-24 00:00:00+00:00
[2021-05-26 05:57:28,277] {scheduler_job.py:190} INFO - Processing /home/ubuntu/.local/lib/python3.6/site-packages/airflow/example_dags/example_branch_datetime_operator.py took 0.068 seconds
[2021-05-26 05:58:01,792] {scheduler_job.py:182} INFO - Started process (PID=13185) to work on /home/ubuntu/.local/lib/python3.6/site-packages/airflow/example_dags/example_branch_datetime_operator.py
[2021-05-26 05:58:01,793] {scheduler_job.py:633} INFO - Processing file /home/ubuntu/.local/lib/python3.6/site-packages/airflow/example_dags/example_branch_datetime_operator.py for tasks to queue
[2021-05-26 05:58:01,793] {logging_mixin.py:104} INFO - [2021-05-26 05:58:01,793] {dagbag.py:487} INFO - Filling up the DagBag from /home/ubuntu/.local/lib/python3.6/site-packages/airflow/example_dags/example_branch_datetime_operator.py
[2021-05-26 05:58:01,805] {scheduler_job.py:643} INFO - DAG(s) dict_keys(['example_branch_datetime_operator_2']) retrieved from /home/ubuntu/.local/lib/python3.6/site-packages/airflow/example_dags/example_branch_datetime_operator.py
[2021-05-26 05:58:01,821] {logging_mixin.py:104} INFO - [2021-05-26 05:58:01,821] {dag.py:1832} INFO - Sync 1 DAGs
[2021-05-26 05:58:01,842] {logging_mixin.py:104} INFO - [2021-05-26 05:58:01,842] {dag.py:2305} INFO - Setting next_dagrun for example_branch_datetime_operator_2 to 2021-05-24 00:00:00+00:00
[2021-05-26 05:58:01,866] {scheduler_job.py:190} INFO - Processing /home/ubuntu/.local/lib/python3.6/site-packages/airflow/example_dags/example_branch_datetime_operator.py took 0.076 seconds
[2021-05-26 05:58:35,510] {scheduler_job.py:182} INFO - Started process (PID=13343) to work on /home/ubuntu/.local/lib/python3.6/site-packages/airflow/example_dags/example_branch_datetime_operator.py
[2021-05-26 05:58:35,514] {scheduler_job.py:633} INFO - Processing file /home/ubuntu/.local/lib/python3.6/site-packages/airflow/example_dags/example_branch_datetime_operator.py for tasks to queue
[2021-05-26 05:58:35,518] {logging_mixin.py:104} INFO - [2021-05-26 05:58:35,518] {dagbag.py:487} INFO - Filling up the DagBag from /home/ubuntu/.local/lib/python3.6/site-packages/airflow/example_dags/example_branch_datetime_operator.py
[2021-05-26 05:58:35,533] {scheduler_job.py:643} INFO - DAG(s) dict_keys(['example_branch_datetime_operator_2']) retrieved from /home/ubuntu/.local/lib/python3.6/site-packages/airflow/example_dags/example_branch_datetime_operator.py
[2021-05-26 05:58:35,550] {logging_mixin.py:104} INFO - [2021-05-26 05:58:35,549] {dag.py:1832} INFO - Sync 1 DAGs
[2021-05-26 05:58:35,571] {logging_mixin.py:104} INFO - [2021-05-26 05:58:35,571] {dag.py:2305} INFO - Setting next_dagrun for example_branch_datetime_operator_2 to 2021-05-24 00:00:00+00:00
[2021-05-26 05:58:35,598] {scheduler_job.py:190} INFO - Processing /home/ubuntu/.local/lib/python3.6/site-packages/airflow/example_dags/example_branch_datetime_operator.py took 0.090 seconds
[2021-05-26 05:59:12,248] {scheduler_job.py:182} INFO - Started process (PID=13528) to work on /home/ubuntu/.local/lib/python3.6/site-packages/airflow/example_dags/example_branch_datetime_operator.py
[2021-05-26 05:59:12,252] {scheduler_job.py:633} INFO - Processing file /home/ubuntu/.local/lib/python3.6/site-packages/airflow/example_dags/example_branch_datetime_operator.py for tasks to queue
[2021-05-26 05:59:12,258] {logging_mixin.py:104} INFO - [2021-05-26 05:59:12,258] {dagbag.py:487} INFO - Filling up the DagBag from /home/ubuntu/.local/lib/python3.6/site-packages/airflow/example_dags/example_branch_datetime_operator.py
[2021-05-26 05:59:12,273] {scheduler_job.py:643} INFO - DAG(s) dict_keys(['example_branch_datetime_operator_2']) retrieved from /home/ubuntu/.local/lib/python3.6/site-packages/airflow/example_dags/example_branch_datetime_operator.py
[2021-05-26 05:59:12,292] {logging_mixin.py:104} INFO - [2021-05-26 05:59:12,292] {dag.py:1832} INFO - Sync 1 DAGs
[2021-05-26 05:59:12,312] {logging_mixin.py:104} INFO - [2021-05-26 05:59:12,311] {dag.py:2305} INFO - Setting next_dagrun for example_branch_datetime_operator_2 to 2021-05-24 00:00:00+00:00
[2021-05-26 05:59:12,338] {scheduler_job.py:190} INFO - Processing /home/ubuntu/.local/lib/python3.6/site-packages/airflow/example_dags/example_branch_datetime_operator.py took 0.092 seconds
[2021-05-26 05:59:46,561] {scheduler_job.py:182} INFO - Started process (PID=13707) to work on /home/ubuntu/.local/lib/python3.6/site-packages/airflow/example_dags/example_branch_datetime_operator.py
[2021-05-26 05:59:46,565] {scheduler_job.py:633} INFO - Processing file /home/ubuntu/.local/lib/python3.6/site-packages/airflow/example_dags/example_branch_datetime_operator.py for tasks to queue
[2021-05-26 05:59:46,569] {logging_mixin.py:104} INFO - [2021-05-26 05:59:46,569] {dagbag.py:487} INFO - Filling up the DagBag from /home/ubuntu/.local/lib/python3.6/site-packages/airflow/example_dags/example_branch_datetime_operator.py
[2021-05-26 05:59:46,586] {scheduler_job.py:643} INFO - DAG(s) dict_keys(['example_branch_datetime_operator_2']) retrieved from /home/ubuntu/.local/lib/python3.6/site-packages/airflow/example_dags/example_branch_datetime_operator.py
[2021-05-26 05:59:46,604] {logging_mixin.py:104} INFO - [2021-05-26 05:59:46,604] {dag.py:1832} INFO - Sync 1 DAGs
[2021-05-26 05:59:46,625] {logging_mixin.py:104} INFO - [2021-05-26 05:59:46,625] {dag.py:2305} INFO - Setting next_dagrun for example_branch_datetime_operator_2 to 2021-05-24 00:00:00+00:00
[2021-05-26 05:59:46,653] {scheduler_job.py:190} INFO - Processing /home/ubuntu/.local/lib/python3.6/site-packages/airflow/example_dags/example_branch_datetime_operator.py took 0.094 seconds
[2021-05-26 06:00:32,521] {scheduler_job.py:182} INFO - Started process (PID=13926) to work on /home/ubuntu/.local/lib/python3.6/site-packages/airflow/example_dags/example_branch_datetime_operator.py
[2021-05-26 06:00:32,524] {scheduler_job.py:633} INFO - Processing file /home/ubuntu/.local/lib/python3.6/site-packages/airflow/example_dags/example_branch_datetime_operator.py for tasks to queue
[2021-05-26 06:00:32,524] {logging_mixin.py:104} INFO - [2021-05-26 06:00:32,524] {dagbag.py:487} INFO - Filling up the DagBag from /home/ubuntu/.local/lib/python3.6/site-packages/airflow/example_dags/example_branch_datetime_operator.py
[2021-05-26 06:00:32,537] {scheduler_job.py:643} INFO - DAG(s) dict_keys(['example_branch_datetime_operator_2']) retrieved from /home/ubuntu/.local/lib/python3.6/site-packages/airflow/example_dags/example_branch_datetime_operator.py
[2021-05-26 06:00:32,553] {logging_mixin.py:104} INFO - [2021-05-26 06:00:32,553] {dag.py:1832} INFO - Sync 1 DAGs
[2021-05-26 06:00:32,573] {logging_mixin.py:104} INFO - [2021-05-26 06:00:32,573] {dag.py:2305} INFO - Setting next_dagrun for example_branch_datetime_operator_2 to 2021-05-24 00:00:00+00:00
[2021-05-26 06:00:32,591] {scheduler_job.py:190} INFO - Processing /home/ubuntu/.local/lib/python3.6/site-packages/airflow/example_dags/example_branch_datetime_operator.py took 0.071 seconds
[2021-05-26 06:01:04,816] {scheduler_job.py:182} INFO - Started process (PID=14071) to work on /home/ubuntu/.local/lib/python3.6/site-packages/airflow/example_dags/example_branch_datetime_operator.py
[2021-05-26 06:01:04,821] {scheduler_job.py:633} INFO - Processing file /home/ubuntu/.local/lib/python3.6/site-packages/airflow/example_dags/example_branch_datetime_operator.py for tasks to queue
[2021-05-26 06:01:04,826] {logging_mixin.py:104} INFO - [2021-05-26 06:01:04,826] {dagbag.py:487} INFO - Filling up the DagBag from /home/ubuntu/.local/lib/python3.6/site-packages/airflow/example_dags/example_branch_datetime_operator.py
[2021-05-26 06:01:04,870] {scheduler_job.py:643} INFO - DAG(s) dict_keys(['example_branch_datetime_operator_2']) retrieved from /home/ubuntu/.local/lib/python3.6/site-packages/airflow/example_dags/example_branch_datetime_operator.py
[2021-05-26 06:01:04,913] {logging_mixin.py:104} INFO - [2021-05-26 06:01:04,912] {dag.py:1832} INFO - Sync 1 DAGs
[2021-05-26 06:01:04,957] {logging_mixin.py:104} INFO - [2021-05-26 06:01:04,957] {dag.py:2305} INFO - Setting next_dagrun for example_branch_datetime_operator_2 to 2021-05-24 00:00:00+00:00
[2021-05-26 06:01:04,974] {scheduler_job.py:190} INFO - Processing /home/ubuntu/.local/lib/python3.6/site-packages/airflow/example_dags/example_branch_datetime_operator.py took 0.170 seconds
[2021-05-26 06:01:40,980] {scheduler_job.py:182} INFO - Started process (PID=14246) to work on /home/ubuntu/.local/lib/python3.6/site-packages/airflow/example_dags/example_branch_datetime_operator.py
[2021-05-26 06:01:40,991] {scheduler_job.py:633} INFO - Processing file /home/ubuntu/.local/lib/python3.6/site-packages/airflow/example_dags/example_branch_datetime_operator.py for tasks to queue
[2021-05-26 06:01:40,993] {logging_mixin.py:104} INFO - [2021-05-26 06:01:40,993] {dagbag.py:487} INFO - Filling up the DagBag from /home/ubuntu/.local/lib/python3.6/site-packages/airflow/example_dags/example_branch_datetime_operator.py
[2021-05-26 06:01:41,017] {scheduler_job.py:643} INFO - DAG(s) dict_keys(['example_branch_datetime_operator_2']) retrieved from /home/ubuntu/.local/lib/python3.6/site-packages/airflow/example_dags/example_branch_datetime_operator.py
[2021-05-26 06:01:41,060] {logging_mixin.py:104} INFO - [2021-05-26 06:01:41,059] {dag.py:1832} INFO - Sync 1 DAGs
[2021-05-26 06:01:41,098] {logging_mixin.py:104} INFO - [2021-05-26 06:01:41,098] {dag.py:2305} INFO - Setting next_dagrun for example_branch_datetime_operator_2 to 2021-05-24 00:00:00+00:00
[2021-05-26 06:01:41,134] {scheduler_job.py:190} INFO - Processing /home/ubuntu/.local/lib/python3.6/site-packages/airflow/example_dags/example_branch_datetime_operator.py took 0.156 seconds
[2021-05-26 06:02:25,072] {scheduler_job.py:182} INFO - Started process (PID=14452) to work on /home/ubuntu/.local/lib/python3.6/site-packages/airflow/example_dags/example_branch_datetime_operator.py
[2021-05-26 06:02:25,077] {scheduler_job.py:633} INFO - Processing file /home/ubuntu/.local/lib/python3.6/site-packages/airflow/example_dags/example_branch_datetime_operator.py for tasks to queue
[2021-05-26 06:02:25,082] {logging_mixin.py:104} INFO - [2021-05-26 06:02:25,082] {dagbag.py:487} INFO - Filling up the DagBag from /home/ubuntu/.local/lib/python3.6/site-packages/airflow/example_dags/example_branch_datetime_operator.py
[2021-05-26 06:02:25,098] {scheduler_job.py:643} INFO - DAG(s) dict_keys(['example_branch_datetime_operator_2']) retrieved from /home/ubuntu/.local/lib/python3.6/site-packages/airflow/example_dags/example_branch_datetime_operator.py
[2021-05-26 06:02:25,418] {logging_mixin.py:104} INFO - [2021-05-26 06:02:25,418] {dag.py:1832} INFO - Sync 1 DAGs
[2021-05-26 06:02:25,450] {logging_mixin.py:104} INFO - [2021-05-26 06:02:25,450] {dag.py:2305} INFO - Setting next_dagrun for example_branch_datetime_operator_2 to 2021-05-24 00:00:00+00:00
[2021-05-26 06:02:25,500] {scheduler_job.py:190} INFO - Processing /home/ubuntu/.local/lib/python3.6/site-packages/airflow/example_dags/example_branch_datetime_operator.py took 0.430 seconds
[2021-05-26 06:03:01,920] {scheduler_job.py:182} INFO - Started process (PID=14636) to work on /home/ubuntu/.local/lib/python3.6/site-packages/airflow/example_dags/example_branch_datetime_operator.py
[2021-05-26 06:03:01,921] {scheduler_job.py:633} INFO - Processing file /home/ubuntu/.local/lib/python3.6/site-packages/airflow/example_dags/example_branch_datetime_operator.py for tasks to queue
[2021-05-26 06:03:01,922] {logging_mixin.py:104} INFO - [2021-05-26 06:03:01,922] {dagbag.py:487} INFO - Filling up the DagBag from /home/ubuntu/.local/lib/python3.6/site-packages/airflow/example_dags/example_branch_datetime_operator.py
[2021-05-26 06:03:01,954] {scheduler_job.py:643} INFO - DAG(s) dict_keys(['example_branch_datetime_operator_2']) retrieved from /home/ubuntu/.local/lib/python3.6/site-packages/airflow/example_dags/example_branch_datetime_operator.py
[2021-05-26 06:03:01,980] {logging_mixin.py:104} INFO - [2021-05-26 06:03:01,980] {dag.py:1832} INFO - Sync 1 DAGs
[2021-05-26 06:03:02,002] {logging_mixin.py:104} INFO - [2021-05-26 06:03:02,001] {dag.py:2305} INFO - Setting next_dagrun for example_branch_datetime_operator_2 to 2021-05-24 00:00:00+00:00
[2021-05-26 06:03:02,020] {scheduler_job.py:190} INFO - Processing /home/ubuntu/.local/lib/python3.6/site-packages/airflow/example_dags/example_branch_datetime_operator.py took 0.102 seconds
[2021-05-26 06:03:42,509] {scheduler_job.py:182} INFO - Started process (PID=14838) to work on /home/ubuntu/.local/lib/python3.6/site-packages/airflow/example_dags/example_branch_datetime_operator.py
[2021-05-26 06:03:42,511] {scheduler_job.py:633} INFO - Processing file /home/ubuntu/.local/lib/python3.6/site-packages/airflow/example_dags/example_branch_datetime_operator.py for tasks to queue
[2021-05-26 06:03:42,512] {logging_mixin.py:104} INFO - [2021-05-26 06:03:42,512] {dagbag.py:487} INFO - Filling up the DagBag from /home/ubuntu/.local/lib/python3.6/site-packages/airflow/example_dags/example_branch_datetime_operator.py
[2021-05-26 06:03:42,533] {scheduler_job.py:643} INFO - DAG(s) dict_keys(['example_branch_datetime_operator_2']) retrieved from /home/ubuntu/.local/lib/python3.6/site-packages/airflow/example_dags/example_branch_datetime_operator.py
[2021-05-26 06:03:42,555] {logging_mixin.py:104} INFO - [2021-05-26 06:03:42,555] {dag.py:1832} INFO - Sync 1 DAGs
[2021-05-26 06:03:42,596] {logging_mixin.py:104} INFO - [2021-05-26 06:03:42,596] {dag.py:2305} INFO - Setting next_dagrun for example_branch_datetime_operator_2 to 2021-05-24 00:00:00+00:00
[2021-05-26 06:03:42,657] {scheduler_job.py:190} INFO - Processing /home/ubuntu/.local/lib/python3.6/site-packages/airflow/example_dags/example_branch_datetime_operator.py took 0.151 seconds
[2021-05-26 06:04:22,295] {scheduler_job.py:182} INFO - Started process (PID=15029) to work on /home/ubuntu/.local/lib/python3.6/site-packages/airflow/example_dags/example_branch_datetime_operator.py
[2021-05-26 06:04:22,300] {scheduler_job.py:633} INFO - Processing file /home/ubuntu/.local/lib/python3.6/site-packages/airflow/example_dags/example_branch_datetime_operator.py for tasks to queue
[2021-05-26 06:04:22,302] {logging_mixin.py:104} INFO - [2021-05-26 06:04:22,301] {dagbag.py:487} INFO - Filling up the DagBag from /home/ubuntu/.local/lib/python3.6/site-packages/airflow/example_dags/example_branch_datetime_operator.py
[2021-05-26 06:04:22,315] {scheduler_job.py:643} INFO - DAG(s) dict_keys(['example_branch_datetime_operator_2']) retrieved from /home/ubuntu/.local/lib/python3.6/site-packages/airflow/example_dags/example_branch_datetime_operator.py
[2021-05-26 06:04:22,330] {logging_mixin.py:104} INFO - [2021-05-26 06:04:22,330] {dag.py:1832} INFO - Sync 1 DAGs
[2021-05-26 06:04:22,348] {logging_mixin.py:104} INFO - [2021-05-26 06:04:22,347] {dag.py:2305} INFO - Setting next_dagrun for example_branch_datetime_operator_2 to 2021-05-24 00:00:00+00:00
[2021-05-26 06:04:22,369] {scheduler_job.py:190} INFO - Processing /home/ubuntu/.local/lib/python3.6/site-packages/airflow/example_dags/example_branch_datetime_operator.py took 0.076 seconds
[2021-05-26 06:04:58,488] {scheduler_job.py:182} INFO - Started process (PID=15188) to work on /home/ubuntu/.local/lib/python3.6/site-packages/airflow/example_dags/example_branch_datetime_operator.py
[2021-05-26 06:04:58,490] {scheduler_job.py:633} INFO - Processing file /home/ubuntu/.local/lib/python3.6/site-packages/airflow/example_dags/example_branch_datetime_operator.py for tasks to queue
[2021-05-26 06:04:58,491] {logging_mixin.py:104} INFO - [2021-05-26 06:04:58,491] {dagbag.py:487} INFO - Filling up the DagBag from /home/ubuntu/.local/lib/python3.6/site-packages/airflow/example_dags/example_branch_datetime_operator.py
[2021-05-26 06:04:58,503] {scheduler_job.py:643} INFO - DAG(s) dict_keys(['example_branch_datetime_operator_2']) retrieved from /home/ubuntu/.local/lib/python3.6/site-packages/airflow/example_dags/example_branch_datetime_operator.py
[2021-05-26 06:04:58,516] {logging_mixin.py:104} INFO - [2021-05-26 06:04:58,516] {dag.py:1832} INFO - Sync 1 DAGs
[2021-05-26 06:04:58,532] {logging_mixin.py:104} INFO - [2021-05-26 06:04:58,532] {dag.py:2305} INFO - Setting next_dagrun for example_branch_datetime_operator_2 to 2021-05-24 00:00:00+00:00
[2021-05-26 06:04:58,548] {scheduler_job.py:190} INFO - Processing /home/ubuntu/.local/lib/python3.6/site-packages/airflow/example_dags/example_branch_datetime_operator.py took 0.063 seconds
[2021-05-26 06:05:33,843] {scheduler_job.py:182} INFO - Started process (PID=15330) to work on /home/ubuntu/.local/lib/python3.6/site-packages/airflow/example_dags/example_branch_datetime_operator.py
[2021-05-26 06:05:33,849] {scheduler_job.py:633} INFO - Processing file /home/ubuntu/.local/lib/python3.6/site-packages/airflow/example_dags/example_branch_datetime_operator.py for tasks to queue
[2021-05-26 06:05:33,853] {logging_mixin.py:104} INFO - [2021-05-26 06:05:33,853] {dagbag.py:487} INFO - Filling up the DagBag from /home/ubuntu/.local/lib/python3.6/site-packages/airflow/example_dags/example_branch_datetime_operator.py
[2021-05-26 06:05:33,873] {scheduler_job.py:643} INFO - DAG(s) dict_keys(['example_branch_datetime_operator_2']) retrieved from /home/ubuntu/.local/lib/python3.6/site-packages/airflow/example_dags/example_branch_datetime_operator.py
[2021-05-26 06:05:34,409] {logging_mixin.py:104} INFO - [2021-05-26 06:05:34,409] {dag.py:1832} INFO - Sync 1 DAGs
[2021-05-26 06:05:34,425] {logging_mixin.py:104} INFO - [2021-05-26 06:05:34,424] {dag.py:1851} INFO - Creating ORM DAG for example_branch_datetime_operator_2
[2021-05-26 06:05:34,437] {logging_mixin.py:104} INFO - [2021-05-26 06:05:34,437] {dag.py:2305} INFO - Setting next_dagrun for example_branch_datetime_operator_2 to 2021-05-24 00:00:00+00:00
[2021-05-26 06:05:34,472] {scheduler_job.py:190} INFO - Processing /home/ubuntu/.local/lib/python3.6/site-packages/airflow/example_dags/example_branch_datetime_operator.py took 0.632 seconds
[2021-05-26 06:06:23,665] {scheduler_job.py:182} INFO - Started process (PID=15515) to work on /home/ubuntu/.local/lib/python3.6/site-packages/airflow/example_dags/example_branch_datetime_operator.py
[2021-05-26 06:06:23,673] {scheduler_job.py:633} INFO - Processing file /home/ubuntu/.local/lib/python3.6/site-packages/airflow/example_dags/example_branch_datetime_operator.py for tasks to queue
[2021-05-26 06:06:23,678] {logging_mixin.py:104} INFO - [2021-05-26 06:06:23,677] {dagbag.py:487} INFO - Filling up the DagBag from /home/ubuntu/.local/lib/python3.6/site-packages/airflow/example_dags/example_branch_datetime_operator.py
[2021-05-26 06:06:23,697] {scheduler_job.py:643} INFO - DAG(s) dict_keys(['example_branch_datetime_operator_2']) retrieved from /home/ubuntu/.local/lib/python3.6/site-packages/airflow/example_dags/example_branch_datetime_operator.py
[2021-05-26 06:06:24,094] {logging_mixin.py:104} INFO - [2021-05-26 06:06:24,093] {dag.py:1832} INFO - Sync 1 DAGs
[2021-05-26 06:06:24,109] {logging_mixin.py:104} INFO - [2021-05-26 06:06:24,109] {dag.py:1851} INFO - Creating ORM DAG for example_branch_datetime_operator_2
[2021-05-26 06:06:24,121] {logging_mixin.py:104} INFO - [2021-05-26 06:06:24,121] {dag.py:2305} INFO - Setting next_dagrun for example_branch_datetime_operator_2 to 2021-05-24 00:00:00+00:00
[2021-05-26 06:06:24,154] {scheduler_job.py:190} INFO - Processing /home/ubuntu/.local/lib/python3.6/site-packages/airflow/example_dags/example_branch_datetime_operator.py took 0.492 seconds
[2021-05-26 06:07:11,347] {scheduler_job.py:182} INFO - Started process (PID=15709) to work on /home/ubuntu/.local/lib/python3.6/site-packages/airflow/example_dags/example_branch_datetime_operator.py
[2021-05-26 06:07:11,353] {scheduler_job.py:633} INFO - Processing file /home/ubuntu/.local/lib/python3.6/site-packages/airflow/example_dags/example_branch_datetime_operator.py for tasks to queue
[2021-05-26 06:07:11,358] {logging_mixin.py:104} INFO - [2021-05-26 06:07:11,358] {dagbag.py:487} INFO - Filling up the DagBag from /home/ubuntu/.local/lib/python3.6/site-packages/airflow/example_dags/example_branch_datetime_operator.py
[2021-05-26 06:07:11,376] {scheduler_job.py:643} INFO - DAG(s) dict_keys(['example_branch_datetime_operator_2']) retrieved from /home/ubuntu/.local/lib/python3.6/site-packages/airflow/example_dags/example_branch_datetime_operator.py
[2021-05-26 06:07:11,862] {logging_mixin.py:104} INFO - [2021-05-26 06:07:11,861] {dag.py:1832} INFO - Sync 1 DAGs
[2021-05-26 06:07:11,876] {logging_mixin.py:104} INFO - [2021-05-26 06:07:11,876] {dag.py:1851} INFO - Creating ORM DAG for example_branch_datetime_operator_2
[2021-05-26 06:07:11,888] {logging_mixin.py:104} INFO - [2021-05-26 06:07:11,888] {dag.py:2305} INFO - Setting next_dagrun for example_branch_datetime_operator_2 to 2021-05-24 00:00:00+00:00
[2021-05-26 06:07:11,922] {scheduler_job.py:190} INFO - Processing /home/ubuntu/.local/lib/python3.6/site-packages/airflow/example_dags/example_branch_datetime_operator.py took 0.577 seconds
[2021-05-26 06:07:49,086] {scheduler_job.py:182} INFO - Started process (PID=15914) to work on /home/ubuntu/.local/lib/python3.6/site-packages/airflow/example_dags/example_branch_datetime_operator.py
[2021-05-26 06:07:49,087] {scheduler_job.py:633} INFO - Processing file /home/ubuntu/.local/lib/python3.6/site-packages/airflow/example_dags/example_branch_datetime_operator.py for tasks to queue
[2021-05-26 06:07:49,088] {logging_mixin.py:104} INFO - [2021-05-26 06:07:49,088] {dagbag.py:487} INFO - Filling up the DagBag from /home/ubuntu/.local/lib/python3.6/site-packages/airflow/example_dags/example_branch_datetime_operator.py
[2021-05-26 06:07:49,100] {scheduler_job.py:643} INFO - DAG(s) dict_keys(['example_branch_datetime_operator_2']) retrieved from /home/ubuntu/.local/lib/python3.6/site-packages/airflow/example_dags/example_branch_datetime_operator.py
[2021-05-26 06:07:49,115] {logging_mixin.py:104} INFO - [2021-05-26 06:07:49,114] {dag.py:1832} INFO - Sync 1 DAGs
[2021-05-26 06:07:49,135] {logging_mixin.py:104} INFO - [2021-05-26 06:07:49,135] {dag.py:2305} INFO - Setting next_dagrun for example_branch_datetime_operator_2 to 2021-05-24 00:00:00+00:00
[2021-05-26 06:07:49,158] {scheduler_job.py:190} INFO - Processing /home/ubuntu/.local/lib/python3.6/site-packages/airflow/example_dags/example_branch_datetime_operator.py took 0.074 seconds
[2021-05-26 06:08:30,225] {scheduler_job.py:182} INFO - Started process (PID=16097) to work on /home/ubuntu/.local/lib/python3.6/site-packages/airflow/example_dags/example_branch_datetime_operator.py
[2021-05-26 06:08:30,230] {scheduler_job.py:633} INFO - Processing file /home/ubuntu/.local/lib/python3.6/site-packages/airflow/example_dags/example_branch_datetime_operator.py for tasks to queue
[2021-05-26 06:08:30,234] {logging_mixin.py:104} INFO - [2021-05-26 06:08:30,234] {dagbag.py:487} INFO - Filling up the DagBag from /home/ubuntu/.local/lib/python3.6/site-packages/airflow/example_dags/example_branch_datetime_operator.py
[2021-05-26 06:08:30,250] {scheduler_job.py:643} INFO - DAG(s) dict_keys(['example_branch_datetime_operator_2']) retrieved from /home/ubuntu/.local/lib/python3.6/site-packages/airflow/example_dags/example_branch_datetime_operator.py
[2021-05-26 06:08:30,271] {logging_mixin.py:104} INFO - [2021-05-26 06:08:30,271] {dag.py:1832} INFO - Sync 1 DAGs
[2021-05-26 06:08:30,293] {logging_mixin.py:104} INFO - [2021-05-26 06:08:30,293] {dag.py:2305} INFO - Setting next_dagrun for example_branch_datetime_operator_2 to 2021-05-24 00:00:00+00:00
[2021-05-26 06:08:30,322] {scheduler_job.py:190} INFO - Processing /home/ubuntu/.local/lib/python3.6/site-packages/airflow/example_dags/example_branch_datetime_operator.py took 0.099 seconds
