[2021-05-26 05:47:46,548] {scheduler_job.py:182} INFO - Started process (PID=10629) to work on /home/ubuntu/.local/lib/python3.6/site-packages/airflow/example_dags/example_external_task_marker_dag.py
[2021-05-26 05:47:46,552] {scheduler_job.py:633} INFO - Processing file /home/ubuntu/.local/lib/python3.6/site-packages/airflow/example_dags/example_external_task_marker_dag.py for tasks to queue
[2021-05-26 05:47:46,556] {logging_mixin.py:104} INFO - [2021-05-26 05:47:46,556] {dagbag.py:487} INFO - Filling up the DagBag from /home/ubuntu/.local/lib/python3.6/site-packages/airflow/example_dags/example_external_task_marker_dag.py
[2021-05-26 05:47:46,570] {scheduler_job.py:643} INFO - DAG(s) dict_keys(['example_external_task_marker_parent', 'example_external_task_marker_child']) retrieved from /home/ubuntu/.local/lib/python3.6/site-packages/airflow/example_dags/example_external_task_marker_dag.py
[2021-05-26 05:47:46,844] {logging_mixin.py:104} INFO - [2021-05-26 05:47:46,843] {dag.py:1832} INFO - Sync 2 DAGs
[2021-05-26 05:47:46,857] {logging_mixin.py:104} INFO - [2021-05-26 05:47:46,857] {dag.py:2305} INFO - Setting next_dagrun for example_external_task_marker_child to None
[2021-05-26 05:47:46,858] {logging_mixin.py:104} INFO - [2021-05-26 05:47:46,858] {dag.py:2305} INFO - Setting next_dagrun for example_external_task_marker_parent to None
[2021-05-26 05:47:46,874] {scheduler_job.py:190} INFO - Processing /home/ubuntu/.local/lib/python3.6/site-packages/airflow/example_dags/example_external_task_marker_dag.py took 0.328 seconds
[2021-05-26 05:48:20,052] {scheduler_job.py:182} INFO - Started process (PID=10780) to work on /home/ubuntu/.local/lib/python3.6/site-packages/airflow/example_dags/example_external_task_marker_dag.py
[2021-05-26 05:48:20,055] {scheduler_job.py:633} INFO - Processing file /home/ubuntu/.local/lib/python3.6/site-packages/airflow/example_dags/example_external_task_marker_dag.py for tasks to queue
[2021-05-26 05:48:20,058] {logging_mixin.py:104} INFO - [2021-05-26 05:48:20,058] {dagbag.py:487} INFO - Filling up the DagBag from /home/ubuntu/.local/lib/python3.6/site-packages/airflow/example_dags/example_external_task_marker_dag.py
[2021-05-26 05:48:20,071] {scheduler_job.py:643} INFO - DAG(s) dict_keys(['example_external_task_marker_parent', 'example_external_task_marker_child']) retrieved from /home/ubuntu/.local/lib/python3.6/site-packages/airflow/example_dags/example_external_task_marker_dag.py
[2021-05-26 05:48:20,356] {logging_mixin.py:104} INFO - [2021-05-26 05:48:20,356] {dag.py:1832} INFO - Sync 2 DAGs
[2021-05-26 05:48:20,371] {logging_mixin.py:104} INFO - [2021-05-26 05:48:20,371] {dag.py:2305} INFO - Setting next_dagrun for example_external_task_marker_child to None
[2021-05-26 05:48:20,372] {logging_mixin.py:104} INFO - [2021-05-26 05:48:20,372] {dag.py:2305} INFO - Setting next_dagrun for example_external_task_marker_parent to None
[2021-05-26 05:48:20,395] {scheduler_job.py:190} INFO - Processing /home/ubuntu/.local/lib/python3.6/site-packages/airflow/example_dags/example_external_task_marker_dag.py took 0.345 seconds
[2021-05-26 05:48:51,577] {scheduler_job.py:182} INFO - Started process (PID=10913) to work on /home/ubuntu/.local/lib/python3.6/site-packages/airflow/example_dags/example_external_task_marker_dag.py
[2021-05-26 05:48:51,581] {scheduler_job.py:633} INFO - Processing file /home/ubuntu/.local/lib/python3.6/site-packages/airflow/example_dags/example_external_task_marker_dag.py for tasks to queue
[2021-05-26 05:48:51,585] {logging_mixin.py:104} INFO - [2021-05-26 05:48:51,585] {dagbag.py:487} INFO - Filling up the DagBag from /home/ubuntu/.local/lib/python3.6/site-packages/airflow/example_dags/example_external_task_marker_dag.py
[2021-05-26 05:48:51,598] {scheduler_job.py:643} INFO - DAG(s) dict_keys(['example_external_task_marker_parent', 'example_external_task_marker_child']) retrieved from /home/ubuntu/.local/lib/python3.6/site-packages/airflow/example_dags/example_external_task_marker_dag.py
[2021-05-26 05:48:51,865] {logging_mixin.py:104} INFO - [2021-05-26 05:48:51,865] {dag.py:1832} INFO - Sync 2 DAGs
[2021-05-26 05:48:51,881] {logging_mixin.py:104} INFO - [2021-05-26 05:48:51,880] {dag.py:2305} INFO - Setting next_dagrun for example_external_task_marker_child to None
[2021-05-26 05:48:51,882] {logging_mixin.py:104} INFO - [2021-05-26 05:48:51,882] {dag.py:2305} INFO - Setting next_dagrun for example_external_task_marker_parent to None
[2021-05-26 05:48:51,906] {scheduler_job.py:190} INFO - Processing /home/ubuntu/.local/lib/python3.6/site-packages/airflow/example_dags/example_external_task_marker_dag.py took 0.330 seconds
[2021-05-26 05:49:23,112] {scheduler_job.py:182} INFO - Started process (PID=11054) to work on /home/ubuntu/.local/lib/python3.6/site-packages/airflow/example_dags/example_external_task_marker_dag.py
[2021-05-26 05:49:23,115] {scheduler_job.py:633} INFO - Processing file /home/ubuntu/.local/lib/python3.6/site-packages/airflow/example_dags/example_external_task_marker_dag.py for tasks to queue
[2021-05-26 05:49:23,116] {logging_mixin.py:104} INFO - [2021-05-26 05:49:23,115] {dagbag.py:487} INFO - Filling up the DagBag from /home/ubuntu/.local/lib/python3.6/site-packages/airflow/example_dags/example_external_task_marker_dag.py
[2021-05-26 05:49:23,128] {scheduler_job.py:643} INFO - DAG(s) dict_keys(['example_external_task_marker_parent', 'example_external_task_marker_child']) retrieved from /home/ubuntu/.local/lib/python3.6/site-packages/airflow/example_dags/example_external_task_marker_dag.py
[2021-05-26 05:49:23,370] {logging_mixin.py:104} INFO - [2021-05-26 05:49:23,370] {dag.py:1832} INFO - Sync 2 DAGs
[2021-05-26 05:49:23,382] {logging_mixin.py:104} INFO - [2021-05-26 05:49:23,381] {dag.py:2305} INFO - Setting next_dagrun for example_external_task_marker_child to None
[2021-05-26 05:49:23,384] {logging_mixin.py:104} INFO - [2021-05-26 05:49:23,383] {dag.py:2305} INFO - Setting next_dagrun for example_external_task_marker_parent to None
[2021-05-26 05:49:23,403] {scheduler_job.py:190} INFO - Processing /home/ubuntu/.local/lib/python3.6/site-packages/airflow/example_dags/example_external_task_marker_dag.py took 0.292 seconds
[2021-05-26 05:49:54,942] {scheduler_job.py:182} INFO - Started process (PID=11187) to work on /home/ubuntu/.local/lib/python3.6/site-packages/airflow/example_dags/example_external_task_marker_dag.py
[2021-05-26 05:49:54,945] {scheduler_job.py:633} INFO - Processing file /home/ubuntu/.local/lib/python3.6/site-packages/airflow/example_dags/example_external_task_marker_dag.py for tasks to queue
[2021-05-26 05:49:54,945] {logging_mixin.py:104} INFO - [2021-05-26 05:49:54,945] {dagbag.py:487} INFO - Filling up the DagBag from /home/ubuntu/.local/lib/python3.6/site-packages/airflow/example_dags/example_external_task_marker_dag.py
[2021-05-26 05:49:54,956] {scheduler_job.py:643} INFO - DAG(s) dict_keys(['example_external_task_marker_parent', 'example_external_task_marker_child']) retrieved from /home/ubuntu/.local/lib/python3.6/site-packages/airflow/example_dags/example_external_task_marker_dag.py
[2021-05-26 05:49:55,218] {logging_mixin.py:104} INFO - [2021-05-26 05:49:55,217] {dag.py:1832} INFO - Sync 2 DAGs
[2021-05-26 05:49:55,230] {logging_mixin.py:104} INFO - [2021-05-26 05:49:55,230] {dag.py:2305} INFO - Setting next_dagrun for example_external_task_marker_child to None
[2021-05-26 05:49:55,231] {logging_mixin.py:104} INFO - [2021-05-26 05:49:55,231] {dag.py:2305} INFO - Setting next_dagrun for example_external_task_marker_parent to None
[2021-05-26 05:49:55,250] {scheduler_job.py:190} INFO - Processing /home/ubuntu/.local/lib/python3.6/site-packages/airflow/example_dags/example_external_task_marker_dag.py took 0.310 seconds
[2021-05-26 05:50:27,938] {scheduler_job.py:182} INFO - Started process (PID=11315) to work on /home/ubuntu/.local/lib/python3.6/site-packages/airflow/example_dags/example_external_task_marker_dag.py
[2021-05-26 05:50:27,939] {scheduler_job.py:633} INFO - Processing file /home/ubuntu/.local/lib/python3.6/site-packages/airflow/example_dags/example_external_task_marker_dag.py for tasks to queue
[2021-05-26 05:50:27,940] {logging_mixin.py:104} INFO - [2021-05-26 05:50:27,940] {dagbag.py:487} INFO - Filling up the DagBag from /home/ubuntu/.local/lib/python3.6/site-packages/airflow/example_dags/example_external_task_marker_dag.py
[2021-05-26 05:50:27,953] {scheduler_job.py:643} INFO - DAG(s) dict_keys(['example_external_task_marker_parent', 'example_external_task_marker_child']) retrieved from /home/ubuntu/.local/lib/python3.6/site-packages/airflow/example_dags/example_external_task_marker_dag.py
[2021-05-26 05:50:27,982] {logging_mixin.py:104} INFO - [2021-05-26 05:50:27,982] {dag.py:1832} INFO - Sync 2 DAGs
[2021-05-26 05:50:28,001] {logging_mixin.py:104} INFO - [2021-05-26 05:50:28,000] {dag.py:2305} INFO - Setting next_dagrun for example_external_task_marker_child to None
[2021-05-26 05:50:28,002] {logging_mixin.py:104} INFO - [2021-05-26 05:50:28,002] {dag.py:2305} INFO - Setting next_dagrun for example_external_task_marker_parent to None
[2021-05-26 05:50:28,023] {scheduler_job.py:190} INFO - Processing /home/ubuntu/.local/lib/python3.6/site-packages/airflow/example_dags/example_external_task_marker_dag.py took 0.087 seconds
[2021-05-26 05:51:00,494] {scheduler_job.py:182} INFO - Started process (PID=11436) to work on /home/ubuntu/.local/lib/python3.6/site-packages/airflow/example_dags/example_external_task_marker_dag.py
[2021-05-26 05:51:00,498] {scheduler_job.py:633} INFO - Processing file /home/ubuntu/.local/lib/python3.6/site-packages/airflow/example_dags/example_external_task_marker_dag.py for tasks to queue
[2021-05-26 05:51:00,502] {logging_mixin.py:104} INFO - [2021-05-26 05:51:00,502] {dagbag.py:487} INFO - Filling up the DagBag from /home/ubuntu/.local/lib/python3.6/site-packages/airflow/example_dags/example_external_task_marker_dag.py
[2021-05-26 05:51:00,514] {scheduler_job.py:643} INFO - DAG(s) dict_keys(['example_external_task_marker_parent', 'example_external_task_marker_child']) retrieved from /home/ubuntu/.local/lib/python3.6/site-packages/airflow/example_dags/example_external_task_marker_dag.py
[2021-05-26 05:51:00,529] {logging_mixin.py:104} INFO - [2021-05-26 05:51:00,528] {dag.py:1832} INFO - Sync 2 DAGs
[2021-05-26 05:51:00,543] {logging_mixin.py:104} INFO - [2021-05-26 05:51:00,543] {dag.py:2305} INFO - Setting next_dagrun for example_external_task_marker_child to None
[2021-05-26 05:51:00,544] {logging_mixin.py:104} INFO - [2021-05-26 05:51:00,544] {dag.py:2305} INFO - Setting next_dagrun for example_external_task_marker_parent to None
[2021-05-26 05:51:00,563] {scheduler_job.py:190} INFO - Processing /home/ubuntu/.local/lib/python3.6/site-packages/airflow/example_dags/example_external_task_marker_dag.py took 0.070 seconds
[2021-05-26 05:51:31,430] {scheduler_job.py:182} INFO - Started process (PID=11557) to work on /home/ubuntu/.local/lib/python3.6/site-packages/airflow/example_dags/example_external_task_marker_dag.py
[2021-05-26 05:51:31,431] {scheduler_job.py:633} INFO - Processing file /home/ubuntu/.local/lib/python3.6/site-packages/airflow/example_dags/example_external_task_marker_dag.py for tasks to queue
[2021-05-26 05:51:31,432] {logging_mixin.py:104} INFO - [2021-05-26 05:51:31,432] {dagbag.py:487} INFO - Filling up the DagBag from /home/ubuntu/.local/lib/python3.6/site-packages/airflow/example_dags/example_external_task_marker_dag.py
[2021-05-26 05:51:31,442] {scheduler_job.py:643} INFO - DAG(s) dict_keys(['example_external_task_marker_parent', 'example_external_task_marker_child']) retrieved from /home/ubuntu/.local/lib/python3.6/site-packages/airflow/example_dags/example_external_task_marker_dag.py
[2021-05-26 05:51:31,459] {logging_mixin.py:104} INFO - [2021-05-26 05:51:31,459] {dag.py:1832} INFO - Sync 2 DAGs
[2021-05-26 05:51:31,472] {logging_mixin.py:104} INFO - [2021-05-26 05:51:31,472] {dag.py:2305} INFO - Setting next_dagrun for example_external_task_marker_child to None
[2021-05-26 05:51:31,473] {logging_mixin.py:104} INFO - [2021-05-26 05:51:31,473] {dag.py:2305} INFO - Setting next_dagrun for example_external_task_marker_parent to None
[2021-05-26 05:51:31,487] {scheduler_job.py:190} INFO - Processing /home/ubuntu/.local/lib/python3.6/site-packages/airflow/example_dags/example_external_task_marker_dag.py took 0.060 seconds
[2021-05-26 05:52:03,458] {scheduler_job.py:182} INFO - Started process (PID=11684) to work on /home/ubuntu/.local/lib/python3.6/site-packages/airflow/example_dags/example_external_task_marker_dag.py
[2021-05-26 05:52:03,461] {scheduler_job.py:633} INFO - Processing file /home/ubuntu/.local/lib/python3.6/site-packages/airflow/example_dags/example_external_task_marker_dag.py for tasks to queue
[2021-05-26 05:52:03,462] {logging_mixin.py:104} INFO - [2021-05-26 05:52:03,462] {dagbag.py:487} INFO - Filling up the DagBag from /home/ubuntu/.local/lib/python3.6/site-packages/airflow/example_dags/example_external_task_marker_dag.py
[2021-05-26 05:52:03,474] {scheduler_job.py:643} INFO - DAG(s) dict_keys(['example_external_task_marker_parent', 'example_external_task_marker_child']) retrieved from /home/ubuntu/.local/lib/python3.6/site-packages/airflow/example_dags/example_external_task_marker_dag.py
[2021-05-26 05:52:03,492] {logging_mixin.py:104} INFO - [2021-05-26 05:52:03,492] {dag.py:1832} INFO - Sync 2 DAGs
[2021-05-26 05:52:03,506] {logging_mixin.py:104} INFO - [2021-05-26 05:52:03,506] {dag.py:2305} INFO - Setting next_dagrun for example_external_task_marker_child to None
[2021-05-26 05:52:03,508] {logging_mixin.py:104} INFO - [2021-05-26 05:52:03,508] {dag.py:2305} INFO - Setting next_dagrun for example_external_task_marker_parent to None
[2021-05-26 05:52:03,528] {scheduler_job.py:190} INFO - Processing /home/ubuntu/.local/lib/python3.6/site-packages/airflow/example_dags/example_external_task_marker_dag.py took 0.072 seconds
[2021-05-26 05:52:34,240] {scheduler_job.py:182} INFO - Started process (PID=11805) to work on /home/ubuntu/.local/lib/python3.6/site-packages/airflow/example_dags/example_external_task_marker_dag.py
[2021-05-26 05:52:34,242] {scheduler_job.py:633} INFO - Processing file /home/ubuntu/.local/lib/python3.6/site-packages/airflow/example_dags/example_external_task_marker_dag.py for tasks to queue
[2021-05-26 05:52:34,242] {logging_mixin.py:104} INFO - [2021-05-26 05:52:34,242] {dagbag.py:487} INFO - Filling up the DagBag from /home/ubuntu/.local/lib/python3.6/site-packages/airflow/example_dags/example_external_task_marker_dag.py
[2021-05-26 05:52:34,257] {scheduler_job.py:643} INFO - DAG(s) dict_keys(['example_external_task_marker_parent', 'example_external_task_marker_child']) retrieved from /home/ubuntu/.local/lib/python3.6/site-packages/airflow/example_dags/example_external_task_marker_dag.py
[2021-05-26 05:52:34,280] {logging_mixin.py:104} INFO - [2021-05-26 05:52:34,280] {dag.py:1832} INFO - Sync 2 DAGs
[2021-05-26 05:52:34,294] {logging_mixin.py:104} INFO - [2021-05-26 05:52:34,294] {dag.py:2305} INFO - Setting next_dagrun for example_external_task_marker_child to None
[2021-05-26 05:52:34,296] {logging_mixin.py:104} INFO - [2021-05-26 05:52:34,296] {dag.py:2305} INFO - Setting next_dagrun for example_external_task_marker_parent to None
[2021-05-26 05:52:34,321] {scheduler_job.py:190} INFO - Processing /home/ubuntu/.local/lib/python3.6/site-packages/airflow/example_dags/example_external_task_marker_dag.py took 0.083 seconds
[2021-05-26 05:53:05,569] {scheduler_job.py:182} INFO - Started process (PID=11926) to work on /home/ubuntu/.local/lib/python3.6/site-packages/airflow/example_dags/example_external_task_marker_dag.py
[2021-05-26 05:53:05,572] {scheduler_job.py:633} INFO - Processing file /home/ubuntu/.local/lib/python3.6/site-packages/airflow/example_dags/example_external_task_marker_dag.py for tasks to queue
[2021-05-26 05:53:05,573] {logging_mixin.py:104} INFO - [2021-05-26 05:53:05,573] {dagbag.py:487} INFO - Filling up the DagBag from /home/ubuntu/.local/lib/python3.6/site-packages/airflow/example_dags/example_external_task_marker_dag.py
[2021-05-26 05:53:05,586] {scheduler_job.py:643} INFO - DAG(s) dict_keys(['example_external_task_marker_parent', 'example_external_task_marker_child']) retrieved from /home/ubuntu/.local/lib/python3.6/site-packages/airflow/example_dags/example_external_task_marker_dag.py
[2021-05-26 05:53:05,850] {logging_mixin.py:104} INFO - [2021-05-26 05:53:05,849] {dag.py:1832} INFO - Sync 2 DAGs
[2021-05-26 05:53:05,864] {logging_mixin.py:104} INFO - [2021-05-26 05:53:05,864] {dag.py:2305} INFO - Setting next_dagrun for example_external_task_marker_child to None
[2021-05-26 05:53:05,868] {logging_mixin.py:104} INFO - [2021-05-26 05:53:05,867] {dag.py:2305} INFO - Setting next_dagrun for example_external_task_marker_parent to None
[2021-05-26 05:53:05,888] {scheduler_job.py:190} INFO - Processing /home/ubuntu/.local/lib/python3.6/site-packages/airflow/example_dags/example_external_task_marker_dag.py took 0.321 seconds
[2021-05-26 05:53:37,696] {scheduler_job.py:182} INFO - Started process (PID=12056) to work on /home/ubuntu/.local/lib/python3.6/site-packages/airflow/example_dags/example_external_task_marker_dag.py
[2021-05-26 05:53:37,699] {scheduler_job.py:633} INFO - Processing file /home/ubuntu/.local/lib/python3.6/site-packages/airflow/example_dags/example_external_task_marker_dag.py for tasks to queue
[2021-05-26 05:53:37,702] {logging_mixin.py:104} INFO - [2021-05-26 05:53:37,702] {dagbag.py:487} INFO - Filling up the DagBag from /home/ubuntu/.local/lib/python3.6/site-packages/airflow/example_dags/example_external_task_marker_dag.py
[2021-05-26 05:53:37,714] {scheduler_job.py:643} INFO - DAG(s) dict_keys(['example_external_task_marker_parent', 'example_external_task_marker_child']) retrieved from /home/ubuntu/.local/lib/python3.6/site-packages/airflow/example_dags/example_external_task_marker_dag.py
[2021-05-26 05:53:37,730] {logging_mixin.py:104} INFO - [2021-05-26 05:53:37,729] {dag.py:1832} INFO - Sync 2 DAGs
[2021-05-26 05:53:37,743] {logging_mixin.py:104} INFO - [2021-05-26 05:53:37,742] {dag.py:2305} INFO - Setting next_dagrun for example_external_task_marker_child to None
[2021-05-26 05:53:37,744] {logging_mixin.py:104} INFO - [2021-05-26 05:53:37,744] {dag.py:2305} INFO - Setting next_dagrun for example_external_task_marker_parent to None
[2021-05-26 05:53:37,763] {scheduler_job.py:190} INFO - Processing /home/ubuntu/.local/lib/python3.6/site-packages/airflow/example_dags/example_external_task_marker_dag.py took 0.069 seconds
[2021-05-26 05:54:10,314] {scheduler_job.py:182} INFO - Started process (PID=12180) to work on /home/ubuntu/.local/lib/python3.6/site-packages/airflow/example_dags/example_external_task_marker_dag.py
[2021-05-26 05:54:10,319] {scheduler_job.py:633} INFO - Processing file /home/ubuntu/.local/lib/python3.6/site-packages/airflow/example_dags/example_external_task_marker_dag.py for tasks to queue
[2021-05-26 05:54:10,323] {logging_mixin.py:104} INFO - [2021-05-26 05:54:10,323] {dagbag.py:487} INFO - Filling up the DagBag from /home/ubuntu/.local/lib/python3.6/site-packages/airflow/example_dags/example_external_task_marker_dag.py
[2021-05-26 05:54:10,342] {scheduler_job.py:643} INFO - DAG(s) dict_keys(['example_external_task_marker_parent', 'example_external_task_marker_child']) retrieved from /home/ubuntu/.local/lib/python3.6/site-packages/airflow/example_dags/example_external_task_marker_dag.py
[2021-05-26 05:54:10,608] {logging_mixin.py:104} INFO - [2021-05-26 05:54:10,607] {dag.py:1832} INFO - Sync 2 DAGs
[2021-05-26 05:54:10,620] {logging_mixin.py:104} INFO - [2021-05-26 05:54:10,619] {dag.py:2305} INFO - Setting next_dagrun for example_external_task_marker_child to None
[2021-05-26 05:54:10,622] {logging_mixin.py:104} INFO - [2021-05-26 05:54:10,622] {dag.py:2305} INFO - Setting next_dagrun for example_external_task_marker_parent to None
[2021-05-26 05:54:10,643] {scheduler_job.py:190} INFO - Processing /home/ubuntu/.local/lib/python3.6/site-packages/airflow/example_dags/example_external_task_marker_dag.py took 0.331 seconds
[2021-05-26 05:54:43,353] {scheduler_job.py:182} INFO - Started process (PID=12304) to work on /home/ubuntu/.local/lib/python3.6/site-packages/airflow/example_dags/example_external_task_marker_dag.py
[2021-05-26 05:54:43,358] {scheduler_job.py:633} INFO - Processing file /home/ubuntu/.local/lib/python3.6/site-packages/airflow/example_dags/example_external_task_marker_dag.py for tasks to queue
[2021-05-26 05:54:43,359] {logging_mixin.py:104} INFO - [2021-05-26 05:54:43,359] {dagbag.py:487} INFO - Filling up the DagBag from /home/ubuntu/.local/lib/python3.6/site-packages/airflow/example_dags/example_external_task_marker_dag.py
[2021-05-26 05:54:43,380] {scheduler_job.py:643} INFO - DAG(s) dict_keys(['example_external_task_marker_parent', 'example_external_task_marker_child']) retrieved from /home/ubuntu/.local/lib/python3.6/site-packages/airflow/example_dags/example_external_task_marker_dag.py
[2021-05-26 05:54:43,405] {logging_mixin.py:104} INFO - [2021-05-26 05:54:43,404] {dag.py:1832} INFO - Sync 2 DAGs
[2021-05-26 05:54:43,424] {logging_mixin.py:104} INFO - [2021-05-26 05:54:43,424] {dag.py:2305} INFO - Setting next_dagrun for example_external_task_marker_child to None
[2021-05-26 05:54:43,429] {logging_mixin.py:104} INFO - [2021-05-26 05:54:43,428] {dag.py:2305} INFO - Setting next_dagrun for example_external_task_marker_parent to None
[2021-05-26 05:54:43,452] {scheduler_job.py:190} INFO - Processing /home/ubuntu/.local/lib/python3.6/site-packages/airflow/example_dags/example_external_task_marker_dag.py took 0.101 seconds
[2021-05-26 05:56:03,492] {scheduler_job.py:182} INFO - Started process (PID=12653) to work on /home/ubuntu/.local/lib/python3.6/site-packages/airflow/example_dags/example_external_task_marker_dag.py
[2021-05-26 05:56:03,497] {scheduler_job.py:633} INFO - Processing file /home/ubuntu/.local/lib/python3.6/site-packages/airflow/example_dags/example_external_task_marker_dag.py for tasks to queue
[2021-05-26 05:56:03,502] {logging_mixin.py:104} INFO - [2021-05-26 05:56:03,502] {dagbag.py:487} INFO - Filling up the DagBag from /home/ubuntu/.local/lib/python3.6/site-packages/airflow/example_dags/example_external_task_marker_dag.py
[2021-05-26 05:56:03,517] {scheduler_job.py:643} INFO - DAG(s) dict_keys(['example_external_task_marker_parent', 'example_external_task_marker_child']) retrieved from /home/ubuntu/.local/lib/python3.6/site-packages/airflow/example_dags/example_external_task_marker_dag.py
[2021-05-26 05:56:03,843] {logging_mixin.py:104} INFO - [2021-05-26 05:56:03,843] {dag.py:1832} INFO - Sync 2 DAGs
[2021-05-26 05:56:03,864] {logging_mixin.py:104} INFO - [2021-05-26 05:56:03,863] {dag.py:2305} INFO - Setting next_dagrun for example_external_task_marker_child to None
[2021-05-26 05:56:03,868] {logging_mixin.py:104} INFO - [2021-05-26 05:56:03,868] {dag.py:2305} INFO - Setting next_dagrun for example_external_task_marker_parent to None
[2021-05-26 05:56:03,896] {scheduler_job.py:190} INFO - Processing /home/ubuntu/.local/lib/python3.6/site-packages/airflow/example_dags/example_external_task_marker_dag.py took 0.406 seconds
[2021-05-26 05:56:37,866] {scheduler_job.py:182} INFO - Started process (PID=12814) to work on /home/ubuntu/.local/lib/python3.6/site-packages/airflow/example_dags/example_external_task_marker_dag.py
[2021-05-26 05:56:37,871] {scheduler_job.py:633} INFO - Processing file /home/ubuntu/.local/lib/python3.6/site-packages/airflow/example_dags/example_external_task_marker_dag.py for tasks to queue
[2021-05-26 05:56:37,875] {logging_mixin.py:104} INFO - [2021-05-26 05:56:37,875] {dagbag.py:487} INFO - Filling up the DagBag from /home/ubuntu/.local/lib/python3.6/site-packages/airflow/example_dags/example_external_task_marker_dag.py
[2021-05-26 05:56:37,891] {scheduler_job.py:643} INFO - DAG(s) dict_keys(['example_external_task_marker_parent', 'example_external_task_marker_child']) retrieved from /home/ubuntu/.local/lib/python3.6/site-packages/airflow/example_dags/example_external_task_marker_dag.py
[2021-05-26 05:56:38,282] {logging_mixin.py:104} INFO - [2021-05-26 05:56:38,282] {dag.py:1832} INFO - Sync 2 DAGs
[2021-05-26 05:56:38,301] {logging_mixin.py:104} INFO - [2021-05-26 05:56:38,301] {dag.py:2305} INFO - Setting next_dagrun for example_external_task_marker_child to None
[2021-05-26 05:56:38,306] {logging_mixin.py:104} INFO - [2021-05-26 05:56:38,305] {dag.py:2305} INFO - Setting next_dagrun for example_external_task_marker_parent to None
[2021-05-26 05:56:38,330] {scheduler_job.py:190} INFO - Processing /home/ubuntu/.local/lib/python3.6/site-packages/airflow/example_dags/example_external_task_marker_dag.py took 0.468 seconds
[2021-05-26 05:57:13,035] {scheduler_job.py:182} INFO - Started process (PID=12989) to work on /home/ubuntu/.local/lib/python3.6/site-packages/airflow/example_dags/example_external_task_marker_dag.py
[2021-05-26 05:57:13,036] {scheduler_job.py:633} INFO - Processing file /home/ubuntu/.local/lib/python3.6/site-packages/airflow/example_dags/example_external_task_marker_dag.py for tasks to queue
[2021-05-26 05:57:13,036] {logging_mixin.py:104} INFO - [2021-05-26 05:57:13,036] {dagbag.py:487} INFO - Filling up the DagBag from /home/ubuntu/.local/lib/python3.6/site-packages/airflow/example_dags/example_external_task_marker_dag.py
[2021-05-26 05:57:13,066] {scheduler_job.py:643} INFO - DAG(s) dict_keys(['example_external_task_marker_parent', 'example_external_task_marker_child']) retrieved from /home/ubuntu/.local/lib/python3.6/site-packages/airflow/example_dags/example_external_task_marker_dag.py
[2021-05-26 05:57:13,592] {logging_mixin.py:104} INFO - [2021-05-26 05:57:13,592] {dag.py:1832} INFO - Sync 2 DAGs
[2021-05-26 05:57:13,613] {logging_mixin.py:104} INFO - [2021-05-26 05:57:13,613] {dag.py:2305} INFO - Setting next_dagrun for example_external_task_marker_child to None
[2021-05-26 05:57:13,617] {logging_mixin.py:104} INFO - [2021-05-26 05:57:13,617] {dag.py:2305} INFO - Setting next_dagrun for example_external_task_marker_parent to None
[2021-05-26 05:57:13,647] {scheduler_job.py:190} INFO - Processing /home/ubuntu/.local/lib/python3.6/site-packages/airflow/example_dags/example_external_task_marker_dag.py took 0.614 seconds
[2021-05-26 05:57:46,285] {scheduler_job.py:182} INFO - Started process (PID=13123) to work on /home/ubuntu/.local/lib/python3.6/site-packages/airflow/example_dags/example_external_task_marker_dag.py
[2021-05-26 05:57:46,286] {scheduler_job.py:633} INFO - Processing file /home/ubuntu/.local/lib/python3.6/site-packages/airflow/example_dags/example_external_task_marker_dag.py for tasks to queue
[2021-05-26 05:57:46,286] {logging_mixin.py:104} INFO - [2021-05-26 05:57:46,286] {dagbag.py:487} INFO - Filling up the DagBag from /home/ubuntu/.local/lib/python3.6/site-packages/airflow/example_dags/example_external_task_marker_dag.py
[2021-05-26 05:57:46,319] {scheduler_job.py:643} INFO - DAG(s) dict_keys(['example_external_task_marker_parent', 'example_external_task_marker_child']) retrieved from /home/ubuntu/.local/lib/python3.6/site-packages/airflow/example_dags/example_external_task_marker_dag.py
[2021-05-26 05:57:46,341] {logging_mixin.py:104} INFO - [2021-05-26 05:57:46,341] {dag.py:1832} INFO - Sync 2 DAGs
[2021-05-26 05:57:46,370] {logging_mixin.py:104} INFO - [2021-05-26 05:57:46,370] {dag.py:2305} INFO - Setting next_dagrun for example_external_task_marker_child to None
[2021-05-26 05:57:46,374] {logging_mixin.py:104} INFO - [2021-05-26 05:57:46,374] {dag.py:2305} INFO - Setting next_dagrun for example_external_task_marker_parent to None
[2021-05-26 05:57:46,401] {scheduler_job.py:190} INFO - Processing /home/ubuntu/.local/lib/python3.6/site-packages/airflow/example_dags/example_external_task_marker_dag.py took 0.118 seconds
[2021-05-26 05:58:18,525] {scheduler_job.py:182} INFO - Started process (PID=13273) to work on /home/ubuntu/.local/lib/python3.6/site-packages/airflow/example_dags/example_external_task_marker_dag.py
[2021-05-26 05:58:18,530] {scheduler_job.py:633} INFO - Processing file /home/ubuntu/.local/lib/python3.6/site-packages/airflow/example_dags/example_external_task_marker_dag.py for tasks to queue
[2021-05-26 05:58:18,533] {logging_mixin.py:104} INFO - [2021-05-26 05:58:18,533] {dagbag.py:487} INFO - Filling up the DagBag from /home/ubuntu/.local/lib/python3.6/site-packages/airflow/example_dags/example_external_task_marker_dag.py
[2021-05-26 05:58:18,548] {scheduler_job.py:643} INFO - DAG(s) dict_keys(['example_external_task_marker_parent', 'example_external_task_marker_child']) retrieved from /home/ubuntu/.local/lib/python3.6/site-packages/airflow/example_dags/example_external_task_marker_dag.py
[2021-05-26 05:58:18,858] {logging_mixin.py:104} INFO - [2021-05-26 05:58:18,858] {dag.py:1832} INFO - Sync 2 DAGs
[2021-05-26 05:58:18,876] {logging_mixin.py:104} INFO - [2021-05-26 05:58:18,876] {dag.py:2305} INFO - Setting next_dagrun for example_external_task_marker_child to None
[2021-05-26 05:58:18,881] {logging_mixin.py:104} INFO - [2021-05-26 05:58:18,881] {dag.py:2305} INFO - Setting next_dagrun for example_external_task_marker_parent to None
[2021-05-26 05:58:18,902] {scheduler_job.py:190} INFO - Processing /home/ubuntu/.local/lib/python3.6/site-packages/airflow/example_dags/example_external_task_marker_dag.py took 0.380 seconds
[2021-05-26 05:58:51,091] {scheduler_job.py:182} INFO - Started process (PID=13420) to work on /home/ubuntu/.local/lib/python3.6/site-packages/airflow/example_dags/example_external_task_marker_dag.py
[2021-05-26 05:58:51,094] {scheduler_job.py:633} INFO - Processing file /home/ubuntu/.local/lib/python3.6/site-packages/airflow/example_dags/example_external_task_marker_dag.py for tasks to queue
[2021-05-26 05:58:51,095] {logging_mixin.py:104} INFO - [2021-05-26 05:58:51,095] {dagbag.py:487} INFO - Filling up the DagBag from /home/ubuntu/.local/lib/python3.6/site-packages/airflow/example_dags/example_external_task_marker_dag.py
[2021-05-26 05:58:51,108] {scheduler_job.py:643} INFO - DAG(s) dict_keys(['example_external_task_marker_parent', 'example_external_task_marker_child']) retrieved from /home/ubuntu/.local/lib/python3.6/site-packages/airflow/example_dags/example_external_task_marker_dag.py
[2021-05-26 05:58:51,410] {logging_mixin.py:104} INFO - [2021-05-26 05:58:51,410] {dag.py:1832} INFO - Sync 2 DAGs
[2021-05-26 05:58:51,423] {logging_mixin.py:104} INFO - [2021-05-26 05:58:51,423] {dag.py:2305} INFO - Setting next_dagrun for example_external_task_marker_child to None
[2021-05-26 05:58:51,425] {logging_mixin.py:104} INFO - [2021-05-26 05:58:51,425] {dag.py:2305} INFO - Setting next_dagrun for example_external_task_marker_parent to None
[2021-05-26 05:58:51,441] {scheduler_job.py:190} INFO - Processing /home/ubuntu/.local/lib/python3.6/site-packages/airflow/example_dags/example_external_task_marker_dag.py took 0.352 seconds
[2021-05-26 05:59:25,176] {scheduler_job.py:182} INFO - Started process (PID=13596) to work on /home/ubuntu/.local/lib/python3.6/site-packages/airflow/example_dags/example_external_task_marker_dag.py
[2021-05-26 05:59:25,182] {scheduler_job.py:633} INFO - Processing file /home/ubuntu/.local/lib/python3.6/site-packages/airflow/example_dags/example_external_task_marker_dag.py for tasks to queue
[2021-05-26 05:59:25,187] {logging_mixin.py:104} INFO - [2021-05-26 05:59:25,186] {dagbag.py:487} INFO - Filling up the DagBag from /home/ubuntu/.local/lib/python3.6/site-packages/airflow/example_dags/example_external_task_marker_dag.py
[2021-05-26 05:59:25,201] {scheduler_job.py:643} INFO - DAG(s) dict_keys(['example_external_task_marker_parent', 'example_external_task_marker_child']) retrieved from /home/ubuntu/.local/lib/python3.6/site-packages/airflow/example_dags/example_external_task_marker_dag.py
[2021-05-26 05:59:25,224] {logging_mixin.py:104} INFO - [2021-05-26 05:59:25,224] {dag.py:1832} INFO - Sync 2 DAGs
[2021-05-26 05:59:25,242] {logging_mixin.py:104} INFO - [2021-05-26 05:59:25,242] {dag.py:2305} INFO - Setting next_dagrun for example_external_task_marker_child to None
[2021-05-26 05:59:25,246] {logging_mixin.py:104} INFO - [2021-05-26 05:59:25,246] {dag.py:2305} INFO - Setting next_dagrun for example_external_task_marker_parent to None
[2021-05-26 05:59:25,264] {scheduler_job.py:190} INFO - Processing /home/ubuntu/.local/lib/python3.6/site-packages/airflow/example_dags/example_external_task_marker_dag.py took 0.090 seconds
[2021-05-26 05:59:58,080] {scheduler_job.py:182} INFO - Started process (PID=13762) to work on /home/ubuntu/.local/lib/python3.6/site-packages/airflow/example_dags/example_external_task_marker_dag.py
[2021-05-26 05:59:58,096] {scheduler_job.py:633} INFO - Processing file /home/ubuntu/.local/lib/python3.6/site-packages/airflow/example_dags/example_external_task_marker_dag.py for tasks to queue
[2021-05-26 05:59:58,100] {logging_mixin.py:104} INFO - [2021-05-26 05:59:58,100] {dagbag.py:487} INFO - Filling up the DagBag from /home/ubuntu/.local/lib/python3.6/site-packages/airflow/example_dags/example_external_task_marker_dag.py
[2021-05-26 05:59:58,123] {scheduler_job.py:643} INFO - DAG(s) dict_keys(['example_external_task_marker_parent', 'example_external_task_marker_child']) retrieved from /home/ubuntu/.local/lib/python3.6/site-packages/airflow/example_dags/example_external_task_marker_dag.py
[2021-05-26 05:59:58,167] {logging_mixin.py:104} INFO - [2021-05-26 05:59:58,167] {dag.py:1832} INFO - Sync 2 DAGs
[2021-05-26 05:59:58,199] {logging_mixin.py:104} INFO - [2021-05-26 05:59:58,199] {dag.py:2305} INFO - Setting next_dagrun for example_external_task_marker_child to None
[2021-05-26 05:59:58,200] {logging_mixin.py:104} INFO - [2021-05-26 05:59:58,200] {dag.py:2305} INFO - Setting next_dagrun for example_external_task_marker_parent to None
[2021-05-26 05:59:58,227] {scheduler_job.py:190} INFO - Processing /home/ubuntu/.local/lib/python3.6/site-packages/airflow/example_dags/example_external_task_marker_dag.py took 0.150 seconds
[2021-05-26 06:00:39,109] {scheduler_job.py:182} INFO - Started process (PID=13950) to work on /home/ubuntu/.local/lib/python3.6/site-packages/airflow/example_dags/example_external_task_marker_dag.py
[2021-05-26 06:00:39,114] {scheduler_job.py:633} INFO - Processing file /home/ubuntu/.local/lib/python3.6/site-packages/airflow/example_dags/example_external_task_marker_dag.py for tasks to queue
[2021-05-26 06:00:39,117] {logging_mixin.py:104} INFO - [2021-05-26 06:00:39,117] {dagbag.py:487} INFO - Filling up the DagBag from /home/ubuntu/.local/lib/python3.6/site-packages/airflow/example_dags/example_external_task_marker_dag.py
[2021-05-26 06:00:39,132] {scheduler_job.py:643} INFO - DAG(s) dict_keys(['example_external_task_marker_parent', 'example_external_task_marker_child']) retrieved from /home/ubuntu/.local/lib/python3.6/site-packages/airflow/example_dags/example_external_task_marker_dag.py
[2021-05-26 06:00:39,153] {logging_mixin.py:104} INFO - [2021-05-26 06:00:39,153] {dag.py:1832} INFO - Sync 2 DAGs
[2021-05-26 06:00:39,170] {logging_mixin.py:104} INFO - [2021-05-26 06:00:39,170] {dag.py:2305} INFO - Setting next_dagrun for example_external_task_marker_child to None
[2021-05-26 06:00:39,175] {logging_mixin.py:104} INFO - [2021-05-26 06:00:39,175] {dag.py:2305} INFO - Setting next_dagrun for example_external_task_marker_parent to None
[2021-05-26 06:00:39,203] {scheduler_job.py:190} INFO - Processing /home/ubuntu/.local/lib/python3.6/site-packages/airflow/example_dags/example_external_task_marker_dag.py took 0.096 seconds
[2021-05-26 06:01:13,764] {scheduler_job.py:182} INFO - Started process (PID=14114) to work on /home/ubuntu/.local/lib/python3.6/site-packages/airflow/example_dags/example_external_task_marker_dag.py
[2021-05-26 06:01:13,766] {scheduler_job.py:633} INFO - Processing file /home/ubuntu/.local/lib/python3.6/site-packages/airflow/example_dags/example_external_task_marker_dag.py for tasks to queue
[2021-05-26 06:01:13,768] {logging_mixin.py:104} INFO - [2021-05-26 06:01:13,767] {dagbag.py:487} INFO - Filling up the DagBag from /home/ubuntu/.local/lib/python3.6/site-packages/airflow/example_dags/example_external_task_marker_dag.py
[2021-05-26 06:01:13,782] {scheduler_job.py:643} INFO - DAG(s) dict_keys(['example_external_task_marker_parent', 'example_external_task_marker_child']) retrieved from /home/ubuntu/.local/lib/python3.6/site-packages/airflow/example_dags/example_external_task_marker_dag.py
[2021-05-26 06:01:13,799] {logging_mixin.py:104} INFO - [2021-05-26 06:01:13,799] {dag.py:1832} INFO - Sync 2 DAGs
[2021-05-26 06:01:13,812] {logging_mixin.py:104} INFO - [2021-05-26 06:01:13,812] {dag.py:2305} INFO - Setting next_dagrun for example_external_task_marker_child to None
[2021-05-26 06:01:13,814] {logging_mixin.py:104} INFO - [2021-05-26 06:01:13,814] {dag.py:2305} INFO - Setting next_dagrun for example_external_task_marker_parent to None
[2021-05-26 06:01:13,829] {scheduler_job.py:190} INFO - Processing /home/ubuntu/.local/lib/python3.6/site-packages/airflow/example_dags/example_external_task_marker_dag.py took 0.067 seconds
[2021-05-26 06:01:48,794] {scheduler_job.py:182} INFO - Started process (PID=14290) to work on /home/ubuntu/.local/lib/python3.6/site-packages/airflow/example_dags/example_external_task_marker_dag.py
[2021-05-26 06:01:48,799] {scheduler_job.py:633} INFO - Processing file /home/ubuntu/.local/lib/python3.6/site-packages/airflow/example_dags/example_external_task_marker_dag.py for tasks to queue
[2021-05-26 06:01:48,803] {logging_mixin.py:104} INFO - [2021-05-26 06:01:48,803] {dagbag.py:487} INFO - Filling up the DagBag from /home/ubuntu/.local/lib/python3.6/site-packages/airflow/example_dags/example_external_task_marker_dag.py
[2021-05-26 06:01:48,818] {scheduler_job.py:643} INFO - DAG(s) dict_keys(['example_external_task_marker_parent', 'example_external_task_marker_child']) retrieved from /home/ubuntu/.local/lib/python3.6/site-packages/airflow/example_dags/example_external_task_marker_dag.py
[2021-05-26 06:01:49,110] {logging_mixin.py:104} INFO - [2021-05-26 06:01:49,110] {dag.py:1832} INFO - Sync 2 DAGs
[2021-05-26 06:01:49,132] {logging_mixin.py:104} INFO - [2021-05-26 06:01:49,131] {dag.py:2305} INFO - Setting next_dagrun for example_external_task_marker_child to None
[2021-05-26 06:01:49,137] {logging_mixin.py:104} INFO - [2021-05-26 06:01:49,137] {dag.py:2305} INFO - Setting next_dagrun for example_external_task_marker_parent to None
[2021-05-26 06:01:49,168] {scheduler_job.py:190} INFO - Processing /home/ubuntu/.local/lib/python3.6/site-packages/airflow/example_dags/example_external_task_marker_dag.py took 0.376 seconds
[2021-05-26 06:02:33,148] {scheduler_job.py:182} INFO - Started process (PID=14488) to work on /home/ubuntu/.local/lib/python3.6/site-packages/airflow/example_dags/example_external_task_marker_dag.py
[2021-05-26 06:02:33,153] {scheduler_job.py:633} INFO - Processing file /home/ubuntu/.local/lib/python3.6/site-packages/airflow/example_dags/example_external_task_marker_dag.py for tasks to queue
[2021-05-26 06:02:33,158] {logging_mixin.py:104} INFO - [2021-05-26 06:02:33,158] {dagbag.py:487} INFO - Filling up the DagBag from /home/ubuntu/.local/lib/python3.6/site-packages/airflow/example_dags/example_external_task_marker_dag.py
[2021-05-26 06:02:33,179] {scheduler_job.py:643} INFO - DAG(s) dict_keys(['example_external_task_marker_parent', 'example_external_task_marker_child']) retrieved from /home/ubuntu/.local/lib/python3.6/site-packages/airflow/example_dags/example_external_task_marker_dag.py
[2021-05-26 06:02:33,208] {logging_mixin.py:104} INFO - [2021-05-26 06:02:33,208] {dag.py:1832} INFO - Sync 2 DAGs
[2021-05-26 06:02:33,229] {logging_mixin.py:104} INFO - [2021-05-26 06:02:33,228] {dag.py:2305} INFO - Setting next_dagrun for example_external_task_marker_child to None
[2021-05-26 06:02:33,233] {logging_mixin.py:104} INFO - [2021-05-26 06:02:33,233] {dag.py:2305} INFO - Setting next_dagrun for example_external_task_marker_parent to None
[2021-05-26 06:02:33,276] {scheduler_job.py:190} INFO - Processing /home/ubuntu/.local/lib/python3.6/site-packages/airflow/example_dags/example_external_task_marker_dag.py took 0.130 seconds
[2021-05-26 06:03:07,217] {scheduler_job.py:182} INFO - Started process (PID=14672) to work on /home/ubuntu/.local/lib/python3.6/site-packages/airflow/example_dags/example_external_task_marker_dag.py
[2021-05-26 06:03:07,231] {scheduler_job.py:633} INFO - Processing file /home/ubuntu/.local/lib/python3.6/site-packages/airflow/example_dags/example_external_task_marker_dag.py for tasks to queue
[2021-05-26 06:03:07,233] {logging_mixin.py:104} INFO - [2021-05-26 06:03:07,233] {dagbag.py:487} INFO - Filling up the DagBag from /home/ubuntu/.local/lib/python3.6/site-packages/airflow/example_dags/example_external_task_marker_dag.py
[2021-05-26 06:03:07,289] {scheduler_job.py:643} INFO - DAG(s) dict_keys(['example_external_task_marker_parent', 'example_external_task_marker_child']) retrieved from /home/ubuntu/.local/lib/python3.6/site-packages/airflow/example_dags/example_external_task_marker_dag.py
[2021-05-26 06:03:07,364] {logging_mixin.py:104} INFO - [2021-05-26 06:03:07,364] {dag.py:1832} INFO - Sync 2 DAGs
[2021-05-26 06:03:07,413] {logging_mixin.py:104} INFO - [2021-05-26 06:03:07,413] {dag.py:2305} INFO - Setting next_dagrun for example_external_task_marker_child to None
[2021-05-26 06:03:07,415] {logging_mixin.py:104} INFO - [2021-05-26 06:03:07,415] {dag.py:2305} INFO - Setting next_dagrun for example_external_task_marker_parent to None
[2021-05-26 06:03:07,453] {scheduler_job.py:190} INFO - Processing /home/ubuntu/.local/lib/python3.6/site-packages/airflow/example_dags/example_external_task_marker_dag.py took 0.239 seconds
[2021-05-26 06:03:49,180] {scheduler_job.py:182} INFO - Started process (PID=14867) to work on /home/ubuntu/.local/lib/python3.6/site-packages/airflow/example_dags/example_external_task_marker_dag.py
[2021-05-26 06:03:49,185] {scheduler_job.py:633} INFO - Processing file /home/ubuntu/.local/lib/python3.6/site-packages/airflow/example_dags/example_external_task_marker_dag.py for tasks to queue
[2021-05-26 06:03:49,195] {logging_mixin.py:104} INFO - [2021-05-26 06:03:49,195] {dagbag.py:487} INFO - Filling up the DagBag from /home/ubuntu/.local/lib/python3.6/site-packages/airflow/example_dags/example_external_task_marker_dag.py
[2021-05-26 06:03:49,225] {scheduler_job.py:643} INFO - DAG(s) dict_keys(['example_external_task_marker_parent', 'example_external_task_marker_child']) retrieved from /home/ubuntu/.local/lib/python3.6/site-packages/airflow/example_dags/example_external_task_marker_dag.py
[2021-05-26 06:03:49,888] {logging_mixin.py:104} INFO - [2021-05-26 06:03:49,887] {dag.py:1832} INFO - Sync 2 DAGs
[2021-05-26 06:03:49,904] {logging_mixin.py:104} INFO - [2021-05-26 06:03:49,904] {dag.py:2305} INFO - Setting next_dagrun for example_external_task_marker_child to None
[2021-05-26 06:03:49,905] {logging_mixin.py:104} INFO - [2021-05-26 06:03:49,905] {dag.py:2305} INFO - Setting next_dagrun for example_external_task_marker_parent to None
[2021-05-26 06:03:49,922] {scheduler_job.py:190} INFO - Processing /home/ubuntu/.local/lib/python3.6/site-packages/airflow/example_dags/example_external_task_marker_dag.py took 0.745 seconds
[2021-05-26 06:04:24,563] {scheduler_job.py:182} INFO - Started process (PID=15037) to work on /home/ubuntu/.local/lib/python3.6/site-packages/airflow/example_dags/example_external_task_marker_dag.py
[2021-05-26 06:04:24,570] {scheduler_job.py:633} INFO - Processing file /home/ubuntu/.local/lib/python3.6/site-packages/airflow/example_dags/example_external_task_marker_dag.py for tasks to queue
[2021-05-26 06:04:24,575] {logging_mixin.py:104} INFO - [2021-05-26 06:04:24,575] {dagbag.py:487} INFO - Filling up the DagBag from /home/ubuntu/.local/lib/python3.6/site-packages/airflow/example_dags/example_external_task_marker_dag.py
[2021-05-26 06:04:24,591] {scheduler_job.py:643} INFO - DAG(s) dict_keys(['example_external_task_marker_parent', 'example_external_task_marker_child']) retrieved from /home/ubuntu/.local/lib/python3.6/site-packages/airflow/example_dags/example_external_task_marker_dag.py
[2021-05-26 06:04:24,963] {logging_mixin.py:104} INFO - [2021-05-26 06:04:24,963] {dag.py:1832} INFO - Sync 2 DAGs
[2021-05-26 06:04:24,982] {logging_mixin.py:104} INFO - [2021-05-26 06:04:24,982] {dag.py:2305} INFO - Setting next_dagrun for example_external_task_marker_child to None
[2021-05-26 06:04:24,986] {logging_mixin.py:104} INFO - [2021-05-26 06:04:24,986] {dag.py:2305} INFO - Setting next_dagrun for example_external_task_marker_parent to None
[2021-05-26 06:04:25,018] {scheduler_job.py:190} INFO - Processing /home/ubuntu/.local/lib/python3.6/site-packages/airflow/example_dags/example_external_task_marker_dag.py took 0.458 seconds
[2021-05-26 06:05:01,076] {scheduler_job.py:182} INFO - Started process (PID=15196) to work on /home/ubuntu/.local/lib/python3.6/site-packages/airflow/example_dags/example_external_task_marker_dag.py
[2021-05-26 06:05:01,082] {scheduler_job.py:633} INFO - Processing file /home/ubuntu/.local/lib/python3.6/site-packages/airflow/example_dags/example_external_task_marker_dag.py for tasks to queue
[2021-05-26 06:05:01,087] {logging_mixin.py:104} INFO - [2021-05-26 06:05:01,087] {dagbag.py:487} INFO - Filling up the DagBag from /home/ubuntu/.local/lib/python3.6/site-packages/airflow/example_dags/example_external_task_marker_dag.py
[2021-05-26 06:05:01,106] {scheduler_job.py:643} INFO - DAG(s) dict_keys(['example_external_task_marker_parent', 'example_external_task_marker_child']) retrieved from /home/ubuntu/.local/lib/python3.6/site-packages/airflow/example_dags/example_external_task_marker_dag.py
[2021-05-26 06:05:01,131] {logging_mixin.py:104} INFO - [2021-05-26 06:05:01,130] {dag.py:1832} INFO - Sync 2 DAGs
[2021-05-26 06:05:01,150] {logging_mixin.py:104} INFO - [2021-05-26 06:05:01,149] {dag.py:2305} INFO - Setting next_dagrun for example_external_task_marker_child to None
[2021-05-26 06:05:01,155] {logging_mixin.py:104} INFO - [2021-05-26 06:05:01,155] {dag.py:2305} INFO - Setting next_dagrun for example_external_task_marker_parent to None
[2021-05-26 06:05:01,181] {scheduler_job.py:190} INFO - Processing /home/ubuntu/.local/lib/python3.6/site-packages/airflow/example_dags/example_external_task_marker_dag.py took 0.108 seconds
[2021-05-26 06:05:38,339] {scheduler_job.py:182} INFO - Started process (PID=15345) to work on /home/ubuntu/.local/lib/python3.6/site-packages/airflow/example_dags/example_external_task_marker_dag.py
[2021-05-26 06:05:38,342] {scheduler_job.py:633} INFO - Processing file /home/ubuntu/.local/lib/python3.6/site-packages/airflow/example_dags/example_external_task_marker_dag.py for tasks to queue
[2021-05-26 06:05:38,344] {logging_mixin.py:104} INFO - [2021-05-26 06:05:38,343] {dagbag.py:487} INFO - Filling up the DagBag from /home/ubuntu/.local/lib/python3.6/site-packages/airflow/example_dags/example_external_task_marker_dag.py
[2021-05-26 06:05:38,360] {scheduler_job.py:643} INFO - DAG(s) dict_keys(['example_external_task_marker_parent', 'example_external_task_marker_child']) retrieved from /home/ubuntu/.local/lib/python3.6/site-packages/airflow/example_dags/example_external_task_marker_dag.py
[2021-05-26 06:05:38,727] {logging_mixin.py:104} INFO - [2021-05-26 06:05:38,727] {dag.py:1832} INFO - Sync 2 DAGs
[2021-05-26 06:05:38,744] {logging_mixin.py:104} INFO - [2021-05-26 06:05:38,744] {dag.py:2305} INFO - Setting next_dagrun for example_external_task_marker_child to None
[2021-05-26 06:05:38,749] {logging_mixin.py:104} INFO - [2021-05-26 06:05:38,749] {dag.py:2305} INFO - Setting next_dagrun for example_external_task_marker_parent to None
[2021-05-26 06:05:38,776] {scheduler_job.py:190} INFO - Processing /home/ubuntu/.local/lib/python3.6/site-packages/airflow/example_dags/example_external_task_marker_dag.py took 0.450 seconds
[2021-05-26 06:06:20,302] {scheduler_job.py:182} INFO - Started process (PID=15500) to work on /home/ubuntu/.local/lib/python3.6/site-packages/airflow/example_dags/example_external_task_marker_dag.py
[2021-05-26 06:06:20,303] {scheduler_job.py:633} INFO - Processing file /home/ubuntu/.local/lib/python3.6/site-packages/airflow/example_dags/example_external_task_marker_dag.py for tasks to queue
[2021-05-26 06:06:20,304] {logging_mixin.py:104} INFO - [2021-05-26 06:06:20,304] {dagbag.py:487} INFO - Filling up the DagBag from /home/ubuntu/.local/lib/python3.6/site-packages/airflow/example_dags/example_external_task_marker_dag.py
[2021-05-26 06:06:20,315] {scheduler_job.py:643} INFO - DAG(s) dict_keys(['example_external_task_marker_parent', 'example_external_task_marker_child']) retrieved from /home/ubuntu/.local/lib/python3.6/site-packages/airflow/example_dags/example_external_task_marker_dag.py
[2021-05-26 06:06:20,679] {logging_mixin.py:104} INFO - [2021-05-26 06:06:20,679] {dag.py:1832} INFO - Sync 2 DAGs
[2021-05-26 06:06:20,692] {logging_mixin.py:104} INFO - [2021-05-26 06:06:20,692] {dag.py:1851} INFO - Creating ORM DAG for example_external_task_marker_child
[2021-05-26 06:06:20,693] {logging_mixin.py:104} INFO - [2021-05-26 06:06:20,693] {dag.py:1851} INFO - Creating ORM DAG for example_external_task_marker_parent
[2021-05-26 06:06:20,700] {logging_mixin.py:104} INFO - [2021-05-26 06:06:20,700] {dag.py:2305} INFO - Setting next_dagrun for example_external_task_marker_child to None
[2021-05-26 06:06:20,701] {logging_mixin.py:104} INFO - [2021-05-26 06:06:20,701] {dag.py:2305} INFO - Setting next_dagrun for example_external_task_marker_parent to None
[2021-05-26 06:06:20,727] {scheduler_job.py:190} INFO - Processing /home/ubuntu/.local/lib/python3.6/site-packages/airflow/example_dags/example_external_task_marker_dag.py took 0.427 seconds
[2021-05-26 06:07:07,903] {scheduler_job.py:182} INFO - Started process (PID=15697) to work on /home/ubuntu/.local/lib/python3.6/site-packages/airflow/example_dags/example_external_task_marker_dag.py
[2021-05-26 06:07:07,909] {scheduler_job.py:633} INFO - Processing file /home/ubuntu/.local/lib/python3.6/site-packages/airflow/example_dags/example_external_task_marker_dag.py for tasks to queue
[2021-05-26 06:07:07,909] {logging_mixin.py:104} INFO - [2021-05-26 06:07:07,909] {dagbag.py:487} INFO - Filling up the DagBag from /home/ubuntu/.local/lib/python3.6/site-packages/airflow/example_dags/example_external_task_marker_dag.py
[2021-05-26 06:07:07,927] {scheduler_job.py:643} INFO - DAG(s) dict_keys(['example_external_task_marker_parent', 'example_external_task_marker_child']) retrieved from /home/ubuntu/.local/lib/python3.6/site-packages/airflow/example_dags/example_external_task_marker_dag.py
[2021-05-26 06:07:08,291] {logging_mixin.py:104} INFO - [2021-05-26 06:07:08,290] {dag.py:1832} INFO - Sync 2 DAGs
[2021-05-26 06:07:08,303] {logging_mixin.py:104} INFO - [2021-05-26 06:07:08,303] {dag.py:1851} INFO - Creating ORM DAG for example_external_task_marker_child
[2021-05-26 06:07:08,307] {logging_mixin.py:104} INFO - [2021-05-26 06:07:08,307] {dag.py:1851} INFO - Creating ORM DAG for example_external_task_marker_parent
[2021-05-26 06:07:08,315] {logging_mixin.py:104} INFO - [2021-05-26 06:07:08,315] {dag.py:2305} INFO - Setting next_dagrun for example_external_task_marker_child to None
[2021-05-26 06:07:08,315] {logging_mixin.py:104} INFO - [2021-05-26 06:07:08,315] {dag.py:2305} INFO - Setting next_dagrun for example_external_task_marker_parent to None
[2021-05-26 06:07:08,344] {scheduler_job.py:190} INFO - Processing /home/ubuntu/.local/lib/python3.6/site-packages/airflow/example_dags/example_external_task_marker_dag.py took 0.444 seconds
[2021-05-26 06:07:43,523] {scheduler_job.py:182} INFO - Started process (PID=15885) to work on /home/ubuntu/.local/lib/python3.6/site-packages/airflow/example_dags/example_external_task_marker_dag.py
[2021-05-26 06:07:43,527] {scheduler_job.py:633} INFO - Processing file /home/ubuntu/.local/lib/python3.6/site-packages/airflow/example_dags/example_external_task_marker_dag.py for tasks to queue
[2021-05-26 06:07:43,531] {logging_mixin.py:104} INFO - [2021-05-26 06:07:43,531] {dagbag.py:487} INFO - Filling up the DagBag from /home/ubuntu/.local/lib/python3.6/site-packages/airflow/example_dags/example_external_task_marker_dag.py
[2021-05-26 06:07:43,545] {scheduler_job.py:643} INFO - DAG(s) dict_keys(['example_external_task_marker_parent', 'example_external_task_marker_child']) retrieved from /home/ubuntu/.local/lib/python3.6/site-packages/airflow/example_dags/example_external_task_marker_dag.py
[2021-05-26 06:07:43,888] {logging_mixin.py:104} INFO - [2021-05-26 06:07:43,888] {dag.py:1832} INFO - Sync 2 DAGs
[2021-05-26 06:07:43,908] {logging_mixin.py:104} INFO - [2021-05-26 06:07:43,908] {dag.py:2305} INFO - Setting next_dagrun for example_external_task_marker_child to None
[2021-05-26 06:07:43,912] {logging_mixin.py:104} INFO - [2021-05-26 06:07:43,912] {dag.py:2305} INFO - Setting next_dagrun for example_external_task_marker_parent to None
[2021-05-26 06:07:43,941] {scheduler_job.py:190} INFO - Processing /home/ubuntu/.local/lib/python3.6/site-packages/airflow/example_dags/example_external_task_marker_dag.py took 0.420 seconds
[2021-05-26 06:08:21,285] {scheduler_job.py:182} INFO - Started process (PID=16045) to work on /home/ubuntu/.local/lib/python3.6/site-packages/airflow/example_dags/example_external_task_marker_dag.py
[2021-05-26 06:08:21,290] {scheduler_job.py:633} INFO - Processing file /home/ubuntu/.local/lib/python3.6/site-packages/airflow/example_dags/example_external_task_marker_dag.py for tasks to queue
[2021-05-26 06:08:21,295] {logging_mixin.py:104} INFO - [2021-05-26 06:08:21,295] {dagbag.py:487} INFO - Filling up the DagBag from /home/ubuntu/.local/lib/python3.6/site-packages/airflow/example_dags/example_external_task_marker_dag.py
[2021-05-26 06:08:21,310] {scheduler_job.py:643} INFO - DAG(s) dict_keys(['example_external_task_marker_parent', 'example_external_task_marker_child']) retrieved from /home/ubuntu/.local/lib/python3.6/site-packages/airflow/example_dags/example_external_task_marker_dag.py
[2021-05-26 06:08:21,331] {logging_mixin.py:104} INFO - [2021-05-26 06:08:21,331] {dag.py:1832} INFO - Sync 2 DAGs
[2021-05-26 06:08:21,366] {logging_mixin.py:104} INFO - [2021-05-26 06:08:21,366] {dag.py:2305} INFO - Setting next_dagrun for example_external_task_marker_child to None
[2021-05-26 06:08:21,370] {logging_mixin.py:104} INFO - [2021-05-26 06:08:21,370] {dag.py:2305} INFO - Setting next_dagrun for example_external_task_marker_parent to None
[2021-05-26 06:08:21,402] {scheduler_job.py:190} INFO - Processing /home/ubuntu/.local/lib/python3.6/site-packages/airflow/example_dags/example_external_task_marker_dag.py took 0.120 seconds
