[2021-05-26 05:47:49,115] {scheduler_job.py:182} INFO - Started process (PID=10643) to work on /home/ubuntu/.local/lib/python3.6/site-packages/airflow/example_dags/example_short_circuit_operator.py
[2021-05-26 05:47:49,116] {scheduler_job.py:633} INFO - Processing file /home/ubuntu/.local/lib/python3.6/site-packages/airflow/example_dags/example_short_circuit_operator.py for tasks to queue
[2021-05-26 05:47:49,117] {logging_mixin.py:104} INFO - [2021-05-26 05:47:49,117] {dagbag.py:487} INFO - Filling up the DagBag from /home/ubuntu/.local/lib/python3.6/site-packages/airflow/example_dags/example_short_circuit_operator.py
[2021-05-26 05:47:49,129] {scheduler_job.py:643} INFO - DAG(s) dict_keys(['example_short_circuit_operator']) retrieved from /home/ubuntu/.local/lib/python3.6/site-packages/airflow/example_dags/example_short_circuit_operator.py
[2021-05-26 05:47:49,142] {logging_mixin.py:104} INFO - [2021-05-26 05:47:49,141] {dag.py:1832} INFO - Sync 1 DAGs
[2021-05-26 05:47:49,157] {logging_mixin.py:104} INFO - [2021-05-26 05:47:49,157] {dag.py:2305} INFO - Setting next_dagrun for example_short_circuit_operator to 2021-05-24 00:00:00+00:00
[2021-05-26 05:47:49,174] {scheduler_job.py:190} INFO - Processing /home/ubuntu/.local/lib/python3.6/site-packages/airflow/example_dags/example_short_circuit_operator.py took 0.064 seconds
[2021-05-26 05:48:22,636] {scheduler_job.py:182} INFO - Started process (PID=10788) to work on /home/ubuntu/.local/lib/python3.6/site-packages/airflow/example_dags/example_short_circuit_operator.py
[2021-05-26 05:48:22,638] {scheduler_job.py:633} INFO - Processing file /home/ubuntu/.local/lib/python3.6/site-packages/airflow/example_dags/example_short_circuit_operator.py for tasks to queue
[2021-05-26 05:48:22,639] {logging_mixin.py:104} INFO - [2021-05-26 05:48:22,639] {dagbag.py:487} INFO - Filling up the DagBag from /home/ubuntu/.local/lib/python3.6/site-packages/airflow/example_dags/example_short_circuit_operator.py
[2021-05-26 05:48:22,653] {scheduler_job.py:643} INFO - DAG(s) dict_keys(['example_short_circuit_operator']) retrieved from /home/ubuntu/.local/lib/python3.6/site-packages/airflow/example_dags/example_short_circuit_operator.py
[2021-05-26 05:48:22,667] {logging_mixin.py:104} INFO - [2021-05-26 05:48:22,667] {dag.py:1832} INFO - Sync 1 DAGs
[2021-05-26 05:48:22,683] {logging_mixin.py:104} INFO - [2021-05-26 05:48:22,683] {dag.py:2305} INFO - Setting next_dagrun for example_short_circuit_operator to 2021-05-24 00:00:00+00:00
[2021-05-26 05:48:22,703] {scheduler_job.py:190} INFO - Processing /home/ubuntu/.local/lib/python3.6/site-packages/airflow/example_dags/example_short_circuit_operator.py took 0.070 seconds
[2021-05-26 05:48:54,165] {scheduler_job.py:182} INFO - Started process (PID=10921) to work on /home/ubuntu/.local/lib/python3.6/site-packages/airflow/example_dags/example_short_circuit_operator.py
[2021-05-26 05:48:54,167] {scheduler_job.py:633} INFO - Processing file /home/ubuntu/.local/lib/python3.6/site-packages/airflow/example_dags/example_short_circuit_operator.py for tasks to queue
[2021-05-26 05:48:54,168] {logging_mixin.py:104} INFO - [2021-05-26 05:48:54,168] {dagbag.py:487} INFO - Filling up the DagBag from /home/ubuntu/.local/lib/python3.6/site-packages/airflow/example_dags/example_short_circuit_operator.py
[2021-05-26 05:48:54,183] {scheduler_job.py:643} INFO - DAG(s) dict_keys(['example_short_circuit_operator']) retrieved from /home/ubuntu/.local/lib/python3.6/site-packages/airflow/example_dags/example_short_circuit_operator.py
[2021-05-26 05:48:54,199] {logging_mixin.py:104} INFO - [2021-05-26 05:48:54,199] {dag.py:1832} INFO - Sync 1 DAGs
[2021-05-26 05:48:54,216] {logging_mixin.py:104} INFO - [2021-05-26 05:48:54,216] {dag.py:2305} INFO - Setting next_dagrun for example_short_circuit_operator to 2021-05-24 00:00:00+00:00
[2021-05-26 05:48:54,234] {scheduler_job.py:190} INFO - Processing /home/ubuntu/.local/lib/python3.6/site-packages/airflow/example_dags/example_short_circuit_operator.py took 0.071 seconds
[2021-05-26 05:49:25,605] {scheduler_job.py:182} INFO - Started process (PID=11062) to work on /home/ubuntu/.local/lib/python3.6/site-packages/airflow/example_dags/example_short_circuit_operator.py
[2021-05-26 05:49:25,608] {scheduler_job.py:633} INFO - Processing file /home/ubuntu/.local/lib/python3.6/site-packages/airflow/example_dags/example_short_circuit_operator.py for tasks to queue
[2021-05-26 05:49:25,608] {logging_mixin.py:104} INFO - [2021-05-26 05:49:25,608] {dagbag.py:487} INFO - Filling up the DagBag from /home/ubuntu/.local/lib/python3.6/site-packages/airflow/example_dags/example_short_circuit_operator.py
[2021-05-26 05:49:25,619] {scheduler_job.py:643} INFO - DAG(s) dict_keys(['example_short_circuit_operator']) retrieved from /home/ubuntu/.local/lib/python3.6/site-packages/airflow/example_dags/example_short_circuit_operator.py
[2021-05-26 05:49:25,633] {logging_mixin.py:104} INFO - [2021-05-26 05:49:25,633] {dag.py:1832} INFO - Sync 1 DAGs
[2021-05-26 05:49:25,647] {logging_mixin.py:104} INFO - [2021-05-26 05:49:25,647] {dag.py:2305} INFO - Setting next_dagrun for example_short_circuit_operator to 2021-05-24 00:00:00+00:00
[2021-05-26 05:49:25,664] {scheduler_job.py:190} INFO - Processing /home/ubuntu/.local/lib/python3.6/site-packages/airflow/example_dags/example_short_circuit_operator.py took 0.061 seconds
[2021-05-26 05:49:57,527] {scheduler_job.py:182} INFO - Started process (PID=11195) to work on /home/ubuntu/.local/lib/python3.6/site-packages/airflow/example_dags/example_short_circuit_operator.py
[2021-05-26 05:49:57,530] {scheduler_job.py:633} INFO - Processing file /home/ubuntu/.local/lib/python3.6/site-packages/airflow/example_dags/example_short_circuit_operator.py for tasks to queue
[2021-05-26 05:49:57,531] {logging_mixin.py:104} INFO - [2021-05-26 05:49:57,531] {dagbag.py:487} INFO - Filling up the DagBag from /home/ubuntu/.local/lib/python3.6/site-packages/airflow/example_dags/example_short_circuit_operator.py
[2021-05-26 05:49:57,544] {scheduler_job.py:643} INFO - DAG(s) dict_keys(['example_short_circuit_operator']) retrieved from /home/ubuntu/.local/lib/python3.6/site-packages/airflow/example_dags/example_short_circuit_operator.py
[2021-05-26 05:49:57,559] {logging_mixin.py:104} INFO - [2021-05-26 05:49:57,559] {dag.py:1832} INFO - Sync 1 DAGs
[2021-05-26 05:49:57,576] {logging_mixin.py:104} INFO - [2021-05-26 05:49:57,576] {dag.py:2305} INFO - Setting next_dagrun for example_short_circuit_operator to 2021-05-24 00:00:00+00:00
[2021-05-26 05:49:57,598] {scheduler_job.py:190} INFO - Processing /home/ubuntu/.local/lib/python3.6/site-packages/airflow/example_dags/example_short_circuit_operator.py took 0.074 seconds
[2021-05-26 05:50:30,204] {scheduler_job.py:182} INFO - Started process (PID=11323) to work on /home/ubuntu/.local/lib/python3.6/site-packages/airflow/example_dags/example_short_circuit_operator.py
[2021-05-26 05:50:30,210] {scheduler_job.py:633} INFO - Processing file /home/ubuntu/.local/lib/python3.6/site-packages/airflow/example_dags/example_short_circuit_operator.py for tasks to queue
[2021-05-26 05:50:30,214] {logging_mixin.py:104} INFO - [2021-05-26 05:50:30,213] {dagbag.py:487} INFO - Filling up the DagBag from /home/ubuntu/.local/lib/python3.6/site-packages/airflow/example_dags/example_short_circuit_operator.py
[2021-05-26 05:50:30,228] {scheduler_job.py:643} INFO - DAG(s) dict_keys(['example_short_circuit_operator']) retrieved from /home/ubuntu/.local/lib/python3.6/site-packages/airflow/example_dags/example_short_circuit_operator.py
[2021-05-26 05:50:30,243] {logging_mixin.py:104} INFO - [2021-05-26 05:50:30,243] {dag.py:1832} INFO - Sync 1 DAGs
[2021-05-26 05:50:30,264] {logging_mixin.py:104} INFO - [2021-05-26 05:50:30,263] {dag.py:2305} INFO - Setting next_dagrun for example_short_circuit_operator to 2021-05-24 00:00:00+00:00
[2021-05-26 05:50:30,284] {scheduler_job.py:190} INFO - Processing /home/ubuntu/.local/lib/python3.6/site-packages/airflow/example_dags/example_short_circuit_operator.py took 0.082 seconds
[2021-05-26 05:51:01,920] {scheduler_job.py:182} INFO - Started process (PID=11444) to work on /home/ubuntu/.local/lib/python3.6/site-packages/airflow/example_dags/example_short_circuit_operator.py
[2021-05-26 05:51:01,923] {scheduler_job.py:633} INFO - Processing file /home/ubuntu/.local/lib/python3.6/site-packages/airflow/example_dags/example_short_circuit_operator.py for tasks to queue
[2021-05-26 05:51:01,926] {logging_mixin.py:104} INFO - [2021-05-26 05:51:01,926] {dagbag.py:487} INFO - Filling up the DagBag from /home/ubuntu/.local/lib/python3.6/site-packages/airflow/example_dags/example_short_circuit_operator.py
[2021-05-26 05:51:01,942] {scheduler_job.py:643} INFO - DAG(s) dict_keys(['example_short_circuit_operator']) retrieved from /home/ubuntu/.local/lib/python3.6/site-packages/airflow/example_dags/example_short_circuit_operator.py
[2021-05-26 05:51:01,956] {logging_mixin.py:104} INFO - [2021-05-26 05:51:01,956] {dag.py:1832} INFO - Sync 1 DAGs
[2021-05-26 05:51:01,972] {logging_mixin.py:104} INFO - [2021-05-26 05:51:01,972] {dag.py:2305} INFO - Setting next_dagrun for example_short_circuit_operator to 2021-05-24 00:00:00+00:00
[2021-05-26 05:51:01,990] {scheduler_job.py:190} INFO - Processing /home/ubuntu/.local/lib/python3.6/site-packages/airflow/example_dags/example_short_circuit_operator.py took 0.072 seconds
[2021-05-26 05:51:32,843] {scheduler_job.py:182} INFO - Started process (PID=11565) to work on /home/ubuntu/.local/lib/python3.6/site-packages/airflow/example_dags/example_short_circuit_operator.py
[2021-05-26 05:51:32,846] {scheduler_job.py:633} INFO - Processing file /home/ubuntu/.local/lib/python3.6/site-packages/airflow/example_dags/example_short_circuit_operator.py for tasks to queue
[2021-05-26 05:51:32,847] {logging_mixin.py:104} INFO - [2021-05-26 05:51:32,847] {dagbag.py:487} INFO - Filling up the DagBag from /home/ubuntu/.local/lib/python3.6/site-packages/airflow/example_dags/example_short_circuit_operator.py
[2021-05-26 05:51:32,858] {scheduler_job.py:643} INFO - DAG(s) dict_keys(['example_short_circuit_operator']) retrieved from /home/ubuntu/.local/lib/python3.6/site-packages/airflow/example_dags/example_short_circuit_operator.py
[2021-05-26 05:51:32,873] {logging_mixin.py:104} INFO - [2021-05-26 05:51:32,873] {dag.py:1832} INFO - Sync 1 DAGs
[2021-05-26 05:51:32,886] {logging_mixin.py:104} INFO - [2021-05-26 05:51:32,886] {dag.py:2305} INFO - Setting next_dagrun for example_short_circuit_operator to 2021-05-24 00:00:00+00:00
[2021-05-26 05:51:32,902] {scheduler_job.py:190} INFO - Processing /home/ubuntu/.local/lib/python3.6/site-packages/airflow/example_dags/example_short_circuit_operator.py took 0.061 seconds
[2021-05-26 05:52:04,904] {scheduler_job.py:182} INFO - Started process (PID=11692) to work on /home/ubuntu/.local/lib/python3.6/site-packages/airflow/example_dags/example_short_circuit_operator.py
[2021-05-26 05:52:04,906] {scheduler_job.py:633} INFO - Processing file /home/ubuntu/.local/lib/python3.6/site-packages/airflow/example_dags/example_short_circuit_operator.py for tasks to queue
[2021-05-26 05:52:04,907] {logging_mixin.py:104} INFO - [2021-05-26 05:52:04,907] {dagbag.py:487} INFO - Filling up the DagBag from /home/ubuntu/.local/lib/python3.6/site-packages/airflow/example_dags/example_short_circuit_operator.py
[2021-05-26 05:52:04,922] {scheduler_job.py:643} INFO - DAG(s) dict_keys(['example_short_circuit_operator']) retrieved from /home/ubuntu/.local/lib/python3.6/site-packages/airflow/example_dags/example_short_circuit_operator.py
[2021-05-26 05:52:04,938] {logging_mixin.py:104} INFO - [2021-05-26 05:52:04,938] {dag.py:1832} INFO - Sync 1 DAGs
[2021-05-26 05:52:04,952] {logging_mixin.py:104} INFO - [2021-05-26 05:52:04,952] {dag.py:2305} INFO - Setting next_dagrun for example_short_circuit_operator to 2021-05-24 00:00:00+00:00
[2021-05-26 05:52:04,973] {scheduler_job.py:190} INFO - Processing /home/ubuntu/.local/lib/python3.6/site-packages/airflow/example_dags/example_short_circuit_operator.py took 0.071 seconds
[2021-05-26 05:52:35,692] {scheduler_job.py:182} INFO - Started process (PID=11813) to work on /home/ubuntu/.local/lib/python3.6/site-packages/airflow/example_dags/example_short_circuit_operator.py
[2021-05-26 05:52:35,695] {scheduler_job.py:633} INFO - Processing file /home/ubuntu/.local/lib/python3.6/site-packages/airflow/example_dags/example_short_circuit_operator.py for tasks to queue
[2021-05-26 05:52:35,696] {logging_mixin.py:104} INFO - [2021-05-26 05:52:35,696] {dagbag.py:487} INFO - Filling up the DagBag from /home/ubuntu/.local/lib/python3.6/site-packages/airflow/example_dags/example_short_circuit_operator.py
[2021-05-26 05:52:35,715] {scheduler_job.py:643} INFO - DAG(s) dict_keys(['example_short_circuit_operator']) retrieved from /home/ubuntu/.local/lib/python3.6/site-packages/airflow/example_dags/example_short_circuit_operator.py
[2021-05-26 05:52:35,729] {logging_mixin.py:104} INFO - [2021-05-26 05:52:35,729] {dag.py:1832} INFO - Sync 1 DAGs
[2021-05-26 05:52:35,743] {logging_mixin.py:104} INFO - [2021-05-26 05:52:35,743] {dag.py:2305} INFO - Setting next_dagrun for example_short_circuit_operator to 2021-05-24 00:00:00+00:00
[2021-05-26 05:52:35,771] {scheduler_job.py:190} INFO - Processing /home/ubuntu/.local/lib/python3.6/site-packages/airflow/example_dags/example_short_circuit_operator.py took 0.080 seconds
[2021-05-26 05:53:08,159] {scheduler_job.py:182} INFO - Started process (PID=11934) to work on /home/ubuntu/.local/lib/python3.6/site-packages/airflow/example_dags/example_short_circuit_operator.py
[2021-05-26 05:53:08,163] {scheduler_job.py:633} INFO - Processing file /home/ubuntu/.local/lib/python3.6/site-packages/airflow/example_dags/example_short_circuit_operator.py for tasks to queue
[2021-05-26 05:53:08,166] {logging_mixin.py:104} INFO - [2021-05-26 05:53:08,166] {dagbag.py:487} INFO - Filling up the DagBag from /home/ubuntu/.local/lib/python3.6/site-packages/airflow/example_dags/example_short_circuit_operator.py
[2021-05-26 05:53:08,187] {scheduler_job.py:643} INFO - DAG(s) dict_keys(['example_short_circuit_operator']) retrieved from /home/ubuntu/.local/lib/python3.6/site-packages/airflow/example_dags/example_short_circuit_operator.py
[2021-05-26 05:53:08,201] {logging_mixin.py:104} INFO - [2021-05-26 05:53:08,201] {dag.py:1832} INFO - Sync 1 DAGs
[2021-05-26 05:53:08,215] {logging_mixin.py:104} INFO - [2021-05-26 05:53:08,215] {dag.py:2305} INFO - Setting next_dagrun for example_short_circuit_operator to 2021-05-24 00:00:00+00:00
[2021-05-26 05:53:08,231] {scheduler_job.py:190} INFO - Processing /home/ubuntu/.local/lib/python3.6/site-packages/airflow/example_dags/example_short_circuit_operator.py took 0.075 seconds
[2021-05-26 05:53:39,975] {scheduler_job.py:182} INFO - Started process (PID=12064) to work on /home/ubuntu/.local/lib/python3.6/site-packages/airflow/example_dags/example_short_circuit_operator.py
[2021-05-26 05:53:39,977] {scheduler_job.py:633} INFO - Processing file /home/ubuntu/.local/lib/python3.6/site-packages/airflow/example_dags/example_short_circuit_operator.py for tasks to queue
[2021-05-26 05:53:39,978] {logging_mixin.py:104} INFO - [2021-05-26 05:53:39,978] {dagbag.py:487} INFO - Filling up the DagBag from /home/ubuntu/.local/lib/python3.6/site-packages/airflow/example_dags/example_short_circuit_operator.py
[2021-05-26 05:53:39,994] {scheduler_job.py:643} INFO - DAG(s) dict_keys(['example_short_circuit_operator']) retrieved from /home/ubuntu/.local/lib/python3.6/site-packages/airflow/example_dags/example_short_circuit_operator.py
[2021-05-26 05:53:40,009] {logging_mixin.py:104} INFO - [2021-05-26 05:53:40,009] {dag.py:1832} INFO - Sync 1 DAGs
[2021-05-26 05:53:40,023] {logging_mixin.py:104} INFO - [2021-05-26 05:53:40,023] {dag.py:2305} INFO - Setting next_dagrun for example_short_circuit_operator to 2021-05-24 00:00:00+00:00
[2021-05-26 05:53:40,041] {scheduler_job.py:190} INFO - Processing /home/ubuntu/.local/lib/python3.6/site-packages/airflow/example_dags/example_short_circuit_operator.py took 0.067 seconds
[2021-05-26 05:54:12,875] {scheduler_job.py:182} INFO - Started process (PID=12191) to work on /home/ubuntu/.local/lib/python3.6/site-packages/airflow/example_dags/example_short_circuit_operator.py
[2021-05-26 05:54:12,878] {scheduler_job.py:633} INFO - Processing file /home/ubuntu/.local/lib/python3.6/site-packages/airflow/example_dags/example_short_circuit_operator.py for tasks to queue
[2021-05-26 05:54:12,879] {logging_mixin.py:104} INFO - [2021-05-26 05:54:12,879] {dagbag.py:487} INFO - Filling up the DagBag from /home/ubuntu/.local/lib/python3.6/site-packages/airflow/example_dags/example_short_circuit_operator.py
[2021-05-26 05:54:12,896] {scheduler_job.py:643} INFO - DAG(s) dict_keys(['example_short_circuit_operator']) retrieved from /home/ubuntu/.local/lib/python3.6/site-packages/airflow/example_dags/example_short_circuit_operator.py
[2021-05-26 05:54:12,912] {logging_mixin.py:104} INFO - [2021-05-26 05:54:12,912] {dag.py:1832} INFO - Sync 1 DAGs
[2021-05-26 05:54:12,929] {logging_mixin.py:104} INFO - [2021-05-26 05:54:12,929] {dag.py:2305} INFO - Setting next_dagrun for example_short_circuit_operator to 2021-05-24 00:00:00+00:00
[2021-05-26 05:54:12,950] {scheduler_job.py:190} INFO - Processing /home/ubuntu/.local/lib/python3.6/site-packages/airflow/example_dags/example_short_circuit_operator.py took 0.077 seconds
[2021-05-26 05:54:45,731] {scheduler_job.py:182} INFO - Started process (PID=12318) to work on /home/ubuntu/.local/lib/python3.6/site-packages/airflow/example_dags/example_short_circuit_operator.py
[2021-05-26 05:54:45,734] {scheduler_job.py:633} INFO - Processing file /home/ubuntu/.local/lib/python3.6/site-packages/airflow/example_dags/example_short_circuit_operator.py for tasks to queue
[2021-05-26 05:54:45,737] {logging_mixin.py:104} INFO - [2021-05-26 05:54:45,737] {dagbag.py:487} INFO - Filling up the DagBag from /home/ubuntu/.local/lib/python3.6/site-packages/airflow/example_dags/example_short_circuit_operator.py
[2021-05-26 05:54:45,752] {scheduler_job.py:643} INFO - DAG(s) dict_keys(['example_short_circuit_operator']) retrieved from /home/ubuntu/.local/lib/python3.6/site-packages/airflow/example_dags/example_short_circuit_operator.py
[2021-05-26 05:54:45,765] {logging_mixin.py:104} INFO - [2021-05-26 05:54:45,765] {dag.py:1832} INFO - Sync 1 DAGs
[2021-05-26 05:54:45,777] {logging_mixin.py:104} INFO - [2021-05-26 05:54:45,777] {dag.py:2305} INFO - Setting next_dagrun for example_short_circuit_operator to 2021-05-24 00:00:00+00:00
[2021-05-26 05:54:45,793] {scheduler_job.py:190} INFO - Processing /home/ubuntu/.local/lib/python3.6/site-packages/airflow/example_dags/example_short_circuit_operator.py took 0.064 seconds
[2021-05-26 05:56:06,045] {scheduler_job.py:182} INFO - Started process (PID=12661) to work on /home/ubuntu/.local/lib/python3.6/site-packages/airflow/example_dags/example_short_circuit_operator.py
[2021-05-26 05:56:06,051] {scheduler_job.py:633} INFO - Processing file /home/ubuntu/.local/lib/python3.6/site-packages/airflow/example_dags/example_short_circuit_operator.py for tasks to queue
[2021-05-26 05:56:06,055] {logging_mixin.py:104} INFO - [2021-05-26 05:56:06,055] {dagbag.py:487} INFO - Filling up the DagBag from /home/ubuntu/.local/lib/python3.6/site-packages/airflow/example_dags/example_short_circuit_operator.py
[2021-05-26 05:56:06,074] {scheduler_job.py:643} INFO - DAG(s) dict_keys(['example_short_circuit_operator']) retrieved from /home/ubuntu/.local/lib/python3.6/site-packages/airflow/example_dags/example_short_circuit_operator.py
[2021-05-26 05:56:06,093] {logging_mixin.py:104} INFO - [2021-05-26 05:56:06,093] {dag.py:1832} INFO - Sync 1 DAGs
[2021-05-26 05:56:06,118] {logging_mixin.py:104} INFO - [2021-05-26 05:56:06,118] {dag.py:2305} INFO - Setting next_dagrun for example_short_circuit_operator to 2021-05-24 00:00:00+00:00
[2021-05-26 05:56:06,145] {scheduler_job.py:190} INFO - Processing /home/ubuntu/.local/lib/python3.6/site-packages/airflow/example_dags/example_short_circuit_operator.py took 0.101 seconds
[2021-05-26 05:56:39,882] {scheduler_job.py:182} INFO - Started process (PID=12828) to work on /home/ubuntu/.local/lib/python3.6/site-packages/airflow/example_dags/example_short_circuit_operator.py
[2021-05-26 05:56:39,887] {scheduler_job.py:633} INFO - Processing file /home/ubuntu/.local/lib/python3.6/site-packages/airflow/example_dags/example_short_circuit_operator.py for tasks to queue
[2021-05-26 05:56:39,892] {logging_mixin.py:104} INFO - [2021-05-26 05:56:39,891] {dagbag.py:487} INFO - Filling up the DagBag from /home/ubuntu/.local/lib/python3.6/site-packages/airflow/example_dags/example_short_circuit_operator.py
[2021-05-26 05:56:39,909] {scheduler_job.py:643} INFO - DAG(s) dict_keys(['example_short_circuit_operator']) retrieved from /home/ubuntu/.local/lib/python3.6/site-packages/airflow/example_dags/example_short_circuit_operator.py
[2021-05-26 05:56:39,928] {logging_mixin.py:104} INFO - [2021-05-26 05:56:39,928] {dag.py:1832} INFO - Sync 1 DAGs
[2021-05-26 05:56:39,954] {logging_mixin.py:104} INFO - [2021-05-26 05:56:39,954] {dag.py:2305} INFO - Setting next_dagrun for example_short_circuit_operator to 2021-05-24 00:00:00+00:00
[2021-05-26 05:56:39,985] {scheduler_job.py:190} INFO - Processing /home/ubuntu/.local/lib/python3.6/site-packages/airflow/example_dags/example_short_circuit_operator.py took 0.105 seconds
[2021-05-26 05:57:16,095] {scheduler_job.py:182} INFO - Started process (PID=13003) to work on /home/ubuntu/.local/lib/python3.6/site-packages/airflow/example_dags/example_short_circuit_operator.py
[2021-05-26 05:57:16,096] {scheduler_job.py:633} INFO - Processing file /home/ubuntu/.local/lib/python3.6/site-packages/airflow/example_dags/example_short_circuit_operator.py for tasks to queue
[2021-05-26 05:57:16,097] {logging_mixin.py:104} INFO - [2021-05-26 05:57:16,097] {dagbag.py:487} INFO - Filling up the DagBag from /home/ubuntu/.local/lib/python3.6/site-packages/airflow/example_dags/example_short_circuit_operator.py
[2021-05-26 05:57:16,122] {scheduler_job.py:643} INFO - DAG(s) dict_keys(['example_short_circuit_operator']) retrieved from /home/ubuntu/.local/lib/python3.6/site-packages/airflow/example_dags/example_short_circuit_operator.py
[2021-05-26 05:57:16,144] {logging_mixin.py:104} INFO - [2021-05-26 05:57:16,144] {dag.py:1832} INFO - Sync 1 DAGs
[2021-05-26 05:57:16,159] {logging_mixin.py:104} INFO - [2021-05-26 05:57:16,159] {dag.py:2305} INFO - Setting next_dagrun for example_short_circuit_operator to 2021-05-24 00:00:00+00:00
[2021-05-26 05:57:16,175] {scheduler_job.py:190} INFO - Processing /home/ubuntu/.local/lib/python3.6/site-packages/airflow/example_dags/example_short_circuit_operator.py took 0.081 seconds
[2021-05-26 05:57:48,644] {scheduler_job.py:182} INFO - Started process (PID=13136) to work on /home/ubuntu/.local/lib/python3.6/site-packages/airflow/example_dags/example_short_circuit_operator.py
[2021-05-26 05:57:48,648] {scheduler_job.py:633} INFO - Processing file /home/ubuntu/.local/lib/python3.6/site-packages/airflow/example_dags/example_short_circuit_operator.py for tasks to queue
[2021-05-26 05:57:48,653] {logging_mixin.py:104} INFO - [2021-05-26 05:57:48,652] {dagbag.py:487} INFO - Filling up the DagBag from /home/ubuntu/.local/lib/python3.6/site-packages/airflow/example_dags/example_short_circuit_operator.py
[2021-05-26 05:57:48,669] {scheduler_job.py:643} INFO - DAG(s) dict_keys(['example_short_circuit_operator']) retrieved from /home/ubuntu/.local/lib/python3.6/site-packages/airflow/example_dags/example_short_circuit_operator.py
[2021-05-26 05:57:48,686] {logging_mixin.py:104} INFO - [2021-05-26 05:57:48,686] {dag.py:1832} INFO - Sync 1 DAGs
[2021-05-26 05:57:48,705] {logging_mixin.py:104} INFO - [2021-05-26 05:57:48,705] {dag.py:2305} INFO - Setting next_dagrun for example_short_circuit_operator to 2021-05-24 00:00:00+00:00
[2021-05-26 05:57:48,733] {scheduler_job.py:190} INFO - Processing /home/ubuntu/.local/lib/python3.6/site-packages/airflow/example_dags/example_short_circuit_operator.py took 0.091 seconds
[2021-05-26 05:58:21,096] {scheduler_job.py:182} INFO - Started process (PID=13281) to work on /home/ubuntu/.local/lib/python3.6/site-packages/airflow/example_dags/example_short_circuit_operator.py
[2021-05-26 05:58:21,101] {scheduler_job.py:633} INFO - Processing file /home/ubuntu/.local/lib/python3.6/site-packages/airflow/example_dags/example_short_circuit_operator.py for tasks to queue
[2021-05-26 05:58:21,105] {logging_mixin.py:104} INFO - [2021-05-26 05:58:21,104] {dagbag.py:487} INFO - Filling up the DagBag from /home/ubuntu/.local/lib/python3.6/site-packages/airflow/example_dags/example_short_circuit_operator.py
[2021-05-26 05:58:21,120] {scheduler_job.py:643} INFO - DAG(s) dict_keys(['example_short_circuit_operator']) retrieved from /home/ubuntu/.local/lib/python3.6/site-packages/airflow/example_dags/example_short_circuit_operator.py
[2021-05-26 05:58:21,140] {logging_mixin.py:104} INFO - [2021-05-26 05:58:21,139] {dag.py:1832} INFO - Sync 1 DAGs
[2021-05-26 05:58:21,158] {logging_mixin.py:104} INFO - [2021-05-26 05:58:21,158] {dag.py:2305} INFO - Setting next_dagrun for example_short_circuit_operator to 2021-05-24 00:00:00+00:00
[2021-05-26 05:58:21,185] {scheduler_job.py:190} INFO - Processing /home/ubuntu/.local/lib/python3.6/site-packages/airflow/example_dags/example_short_circuit_operator.py took 0.091 seconds
[2021-05-26 05:58:53,682] {scheduler_job.py:182} INFO - Started process (PID=13428) to work on /home/ubuntu/.local/lib/python3.6/site-packages/airflow/example_dags/example_short_circuit_operator.py
[2021-05-26 05:58:53,686] {scheduler_job.py:633} INFO - Processing file /home/ubuntu/.local/lib/python3.6/site-packages/airflow/example_dags/example_short_circuit_operator.py for tasks to queue
[2021-05-26 05:58:53,690] {logging_mixin.py:104} INFO - [2021-05-26 05:58:53,690] {dagbag.py:487} INFO - Filling up the DagBag from /home/ubuntu/.local/lib/python3.6/site-packages/airflow/example_dags/example_short_circuit_operator.py
[2021-05-26 05:58:53,707] {scheduler_job.py:643} INFO - DAG(s) dict_keys(['example_short_circuit_operator']) retrieved from /home/ubuntu/.local/lib/python3.6/site-packages/airflow/example_dags/example_short_circuit_operator.py
[2021-05-26 05:58:53,727] {logging_mixin.py:104} INFO - [2021-05-26 05:58:53,727] {dag.py:1832} INFO - Sync 1 DAGs
[2021-05-26 05:58:53,750] {logging_mixin.py:104} INFO - [2021-05-26 05:58:53,750] {dag.py:2305} INFO - Setting next_dagrun for example_short_circuit_operator to 2021-05-24 00:00:00+00:00
[2021-05-26 05:58:53,790] {scheduler_job.py:190} INFO - Processing /home/ubuntu/.local/lib/python3.6/site-packages/airflow/example_dags/example_short_circuit_operator.py took 0.111 seconds
[2021-05-26 05:59:28,930] {scheduler_job.py:182} INFO - Started process (PID=13611) to work on /home/ubuntu/.local/lib/python3.6/site-packages/airflow/example_dags/example_short_circuit_operator.py
[2021-05-26 05:59:28,932] {scheduler_job.py:633} INFO - Processing file /home/ubuntu/.local/lib/python3.6/site-packages/airflow/example_dags/example_short_circuit_operator.py for tasks to queue
[2021-05-26 05:59:28,933] {logging_mixin.py:104} INFO - [2021-05-26 05:59:28,933] {dagbag.py:487} INFO - Filling up the DagBag from /home/ubuntu/.local/lib/python3.6/site-packages/airflow/example_dags/example_short_circuit_operator.py
[2021-05-26 05:59:28,947] {scheduler_job.py:643} INFO - DAG(s) dict_keys(['example_short_circuit_operator']) retrieved from /home/ubuntu/.local/lib/python3.6/site-packages/airflow/example_dags/example_short_circuit_operator.py
[2021-05-26 05:59:28,963] {logging_mixin.py:104} INFO - [2021-05-26 05:59:28,963] {dag.py:1832} INFO - Sync 1 DAGs
[2021-05-26 05:59:28,977] {logging_mixin.py:104} INFO - [2021-05-26 05:59:28,977] {dag.py:2305} INFO - Setting next_dagrun for example_short_circuit_operator to 2021-05-24 00:00:00+00:00
[2021-05-26 05:59:28,993] {scheduler_job.py:190} INFO - Processing /home/ubuntu/.local/lib/python3.6/site-packages/airflow/example_dags/example_short_circuit_operator.py took 0.065 seconds
[2021-05-26 06:00:02,395] {scheduler_job.py:182} INFO - Started process (PID=13787) to work on /home/ubuntu/.local/lib/python3.6/site-packages/airflow/example_dags/example_short_circuit_operator.py
[2021-05-26 06:00:02,408] {scheduler_job.py:633} INFO - Processing file /home/ubuntu/.local/lib/python3.6/site-packages/airflow/example_dags/example_short_circuit_operator.py for tasks to queue
[2021-05-26 06:00:02,413] {logging_mixin.py:104} INFO - [2021-05-26 06:00:02,413] {dagbag.py:487} INFO - Filling up the DagBag from /home/ubuntu/.local/lib/python3.6/site-packages/airflow/example_dags/example_short_circuit_operator.py
[2021-05-26 06:00:02,433] {scheduler_job.py:643} INFO - DAG(s) dict_keys(['example_short_circuit_operator']) retrieved from /home/ubuntu/.local/lib/python3.6/site-packages/airflow/example_dags/example_short_circuit_operator.py
[2021-05-26 06:00:02,473] {logging_mixin.py:104} INFO - [2021-05-26 06:00:02,473] {dag.py:1832} INFO - Sync 1 DAGs
[2021-05-26 06:00:02,505] {logging_mixin.py:104} INFO - [2021-05-26 06:00:02,505] {dag.py:2305} INFO - Setting next_dagrun for example_short_circuit_operator to 2021-05-24 00:00:00+00:00
[2021-05-26 06:00:02,531] {scheduler_job.py:190} INFO - Processing /home/ubuntu/.local/lib/python3.6/site-packages/airflow/example_dags/example_short_circuit_operator.py took 0.138 seconds
[2021-05-26 06:00:40,558] {scheduler_job.py:182} INFO - Started process (PID=13958) to work on /home/ubuntu/.local/lib/python3.6/site-packages/airflow/example_dags/example_short_circuit_operator.py
[2021-05-26 06:00:40,559] {scheduler_job.py:633} INFO - Processing file /home/ubuntu/.local/lib/python3.6/site-packages/airflow/example_dags/example_short_circuit_operator.py for tasks to queue
[2021-05-26 06:00:40,560] {logging_mixin.py:104} INFO - [2021-05-26 06:00:40,560] {dagbag.py:487} INFO - Filling up the DagBag from /home/ubuntu/.local/lib/python3.6/site-packages/airflow/example_dags/example_short_circuit_operator.py
[2021-05-26 06:00:40,577] {scheduler_job.py:643} INFO - DAG(s) dict_keys(['example_short_circuit_operator']) retrieved from /home/ubuntu/.local/lib/python3.6/site-packages/airflow/example_dags/example_short_circuit_operator.py
[2021-05-26 06:00:40,590] {logging_mixin.py:104} INFO - [2021-05-26 06:00:40,590] {dag.py:1832} INFO - Sync 1 DAGs
[2021-05-26 06:00:40,603] {logging_mixin.py:104} INFO - [2021-05-26 06:00:40,603] {dag.py:2305} INFO - Setting next_dagrun for example_short_circuit_operator to 2021-05-24 00:00:00+00:00
[2021-05-26 06:00:40,618] {scheduler_job.py:190} INFO - Processing /home/ubuntu/.local/lib/python3.6/site-packages/airflow/example_dags/example_short_circuit_operator.py took 0.062 seconds
[2021-05-26 06:01:15,268] {scheduler_job.py:182} INFO - Started process (PID=14123) to work on /home/ubuntu/.local/lib/python3.6/site-packages/airflow/example_dags/example_short_circuit_operator.py
[2021-05-26 06:01:15,283] {scheduler_job.py:633} INFO - Processing file /home/ubuntu/.local/lib/python3.6/site-packages/airflow/example_dags/example_short_circuit_operator.py for tasks to queue
[2021-05-26 06:01:15,292] {logging_mixin.py:104} INFO - [2021-05-26 06:01:15,292] {dagbag.py:487} INFO - Filling up the DagBag from /home/ubuntu/.local/lib/python3.6/site-packages/airflow/example_dags/example_short_circuit_operator.py
[2021-05-26 06:01:15,341] {scheduler_job.py:643} INFO - DAG(s) dict_keys(['example_short_circuit_operator']) retrieved from /home/ubuntu/.local/lib/python3.6/site-packages/airflow/example_dags/example_short_circuit_operator.py
[2021-05-26 06:01:15,373] {logging_mixin.py:104} INFO - [2021-05-26 06:01:15,372] {dag.py:1832} INFO - Sync 1 DAGs
[2021-05-26 06:01:15,425] {logging_mixin.py:104} INFO - [2021-05-26 06:01:15,425] {dag.py:2305} INFO - Setting next_dagrun for example_short_circuit_operator to 2021-05-24 00:00:00+00:00
[2021-05-26 06:01:15,464] {scheduler_job.py:190} INFO - Processing /home/ubuntu/.local/lib/python3.6/site-packages/airflow/example_dags/example_short_circuit_operator.py took 0.198 seconds
[2021-05-26 06:01:51,674] {scheduler_job.py:182} INFO - Started process (PID=14298) to work on /home/ubuntu/.local/lib/python3.6/site-packages/airflow/example_dags/example_short_circuit_operator.py
[2021-05-26 06:01:51,678] {scheduler_job.py:633} INFO - Processing file /home/ubuntu/.local/lib/python3.6/site-packages/airflow/example_dags/example_short_circuit_operator.py for tasks to queue
[2021-05-26 06:01:51,682] {logging_mixin.py:104} INFO - [2021-05-26 06:01:51,682] {dagbag.py:487} INFO - Filling up the DagBag from /home/ubuntu/.local/lib/python3.6/site-packages/airflow/example_dags/example_short_circuit_operator.py
[2021-05-26 06:01:51,699] {scheduler_job.py:643} INFO - DAG(s) dict_keys(['example_short_circuit_operator']) retrieved from /home/ubuntu/.local/lib/python3.6/site-packages/airflow/example_dags/example_short_circuit_operator.py
[2021-05-26 06:01:51,983] {logging_mixin.py:104} INFO - [2021-05-26 06:01:51,983] {dag.py:1832} INFO - Sync 1 DAGs
[2021-05-26 06:01:51,998] {logging_mixin.py:104} INFO - [2021-05-26 06:01:51,998] {dag.py:2305} INFO - Setting next_dagrun for example_short_circuit_operator to 2021-05-24 00:00:00+00:00
[2021-05-26 06:01:52,029] {scheduler_job.py:190} INFO - Processing /home/ubuntu/.local/lib/python3.6/site-packages/airflow/example_dags/example_short_circuit_operator.py took 0.357 seconds
[2021-05-26 06:02:35,521] {scheduler_job.py:182} INFO - Started process (PID=14503) to work on /home/ubuntu/.local/lib/python3.6/site-packages/airflow/example_dags/example_short_circuit_operator.py
[2021-05-26 06:02:35,523] {scheduler_job.py:633} INFO - Processing file /home/ubuntu/.local/lib/python3.6/site-packages/airflow/example_dags/example_short_circuit_operator.py for tasks to queue
[2021-05-26 06:02:35,524] {logging_mixin.py:104} INFO - [2021-05-26 06:02:35,524] {dagbag.py:487} INFO - Filling up the DagBag from /home/ubuntu/.local/lib/python3.6/site-packages/airflow/example_dags/example_short_circuit_operator.py
[2021-05-26 06:02:35,539] {scheduler_job.py:643} INFO - DAG(s) dict_keys(['example_short_circuit_operator']) retrieved from /home/ubuntu/.local/lib/python3.6/site-packages/airflow/example_dags/example_short_circuit_operator.py
[2021-05-26 06:02:35,556] {logging_mixin.py:104} INFO - [2021-05-26 06:02:35,555] {dag.py:1832} INFO - Sync 1 DAGs
[2021-05-26 06:02:35,579] {logging_mixin.py:104} INFO - [2021-05-26 06:02:35,579] {dag.py:2305} INFO - Setting next_dagrun for example_short_circuit_operator to 2021-05-24 00:00:00+00:00
[2021-05-26 06:02:35,598] {scheduler_job.py:190} INFO - Processing /home/ubuntu/.local/lib/python3.6/site-packages/airflow/example_dags/example_short_circuit_operator.py took 0.079 seconds
[2021-05-26 06:03:10,157] {scheduler_job.py:182} INFO - Started process (PID=14690) to work on /home/ubuntu/.local/lib/python3.6/site-packages/airflow/example_dags/example_short_circuit_operator.py
[2021-05-26 06:03:10,180] {scheduler_job.py:633} INFO - Processing file /home/ubuntu/.local/lib/python3.6/site-packages/airflow/example_dags/example_short_circuit_operator.py for tasks to queue
[2021-05-26 06:03:10,184] {logging_mixin.py:104} INFO - [2021-05-26 06:03:10,184] {dagbag.py:487} INFO - Filling up the DagBag from /home/ubuntu/.local/lib/python3.6/site-packages/airflow/example_dags/example_short_circuit_operator.py
[2021-05-26 06:03:10,246] {scheduler_job.py:643} INFO - DAG(s) dict_keys(['example_short_circuit_operator']) retrieved from /home/ubuntu/.local/lib/python3.6/site-packages/airflow/example_dags/example_short_circuit_operator.py
[2021-05-26 06:03:10,293] {logging_mixin.py:104} INFO - [2021-05-26 06:03:10,293] {dag.py:1832} INFO - Sync 1 DAGs
[2021-05-26 06:03:10,357] {logging_mixin.py:104} INFO - [2021-05-26 06:03:10,357] {dag.py:2305} INFO - Setting next_dagrun for example_short_circuit_operator to 2021-05-24 00:00:00+00:00
[2021-05-26 06:03:10,393] {scheduler_job.py:190} INFO - Processing /home/ubuntu/.local/lib/python3.6/site-packages/airflow/example_dags/example_short_circuit_operator.py took 0.239 seconds
[2021-05-26 06:03:52,346] {scheduler_job.py:182} INFO - Started process (PID=14887) to work on /home/ubuntu/.local/lib/python3.6/site-packages/airflow/example_dags/example_short_circuit_operator.py
[2021-05-26 06:03:52,350] {scheduler_job.py:633} INFO - Processing file /home/ubuntu/.local/lib/python3.6/site-packages/airflow/example_dags/example_short_circuit_operator.py for tasks to queue
[2021-05-26 06:03:52,354] {logging_mixin.py:104} INFO - [2021-05-26 06:03:52,354] {dagbag.py:487} INFO - Filling up the DagBag from /home/ubuntu/.local/lib/python3.6/site-packages/airflow/example_dags/example_short_circuit_operator.py
[2021-05-26 06:03:52,381] {scheduler_job.py:643} INFO - DAG(s) dict_keys(['example_short_circuit_operator']) retrieved from /home/ubuntu/.local/lib/python3.6/site-packages/airflow/example_dags/example_short_circuit_operator.py
[2021-05-26 06:03:52,408] {logging_mixin.py:104} INFO - [2021-05-26 06:03:52,408] {dag.py:1832} INFO - Sync 1 DAGs
[2021-05-26 06:03:52,427] {logging_mixin.py:104} INFO - [2021-05-26 06:03:52,426] {dag.py:2305} INFO - Setting next_dagrun for example_short_circuit_operator to 2021-05-24 00:00:00+00:00
[2021-05-26 06:03:52,454] {scheduler_job.py:190} INFO - Processing /home/ubuntu/.local/lib/python3.6/site-packages/airflow/example_dags/example_short_circuit_operator.py took 0.110 seconds
[2021-05-26 06:04:27,367] {scheduler_job.py:182} INFO - Started process (PID=15051) to work on /home/ubuntu/.local/lib/python3.6/site-packages/airflow/example_dags/example_short_circuit_operator.py
[2021-05-26 06:04:27,377] {scheduler_job.py:633} INFO - Processing file /home/ubuntu/.local/lib/python3.6/site-packages/airflow/example_dags/example_short_circuit_operator.py for tasks to queue
[2021-05-26 06:04:27,381] {logging_mixin.py:104} INFO - [2021-05-26 06:04:27,381] {dagbag.py:487} INFO - Filling up the DagBag from /home/ubuntu/.local/lib/python3.6/site-packages/airflow/example_dags/example_short_circuit_operator.py
[2021-05-26 06:04:27,398] {scheduler_job.py:643} INFO - DAG(s) dict_keys(['example_short_circuit_operator']) retrieved from /home/ubuntu/.local/lib/python3.6/site-packages/airflow/example_dags/example_short_circuit_operator.py
[2021-05-26 06:04:27,417] {logging_mixin.py:104} INFO - [2021-05-26 06:04:27,417] {dag.py:1832} INFO - Sync 1 DAGs
[2021-05-26 06:04:27,436] {logging_mixin.py:104} INFO - [2021-05-26 06:04:27,436] {dag.py:2305} INFO - Setting next_dagrun for example_short_circuit_operator to 2021-05-24 00:00:00+00:00
[2021-05-26 06:04:27,465] {scheduler_job.py:190} INFO - Processing /home/ubuntu/.local/lib/python3.6/site-packages/airflow/example_dags/example_short_circuit_operator.py took 0.100 seconds
[2021-05-26 06:05:02,478] {scheduler_job.py:182} INFO - Started process (PID=15204) to work on /home/ubuntu/.local/lib/python3.6/site-packages/airflow/example_dags/example_short_circuit_operator.py
[2021-05-26 06:05:02,479] {scheduler_job.py:633} INFO - Processing file /home/ubuntu/.local/lib/python3.6/site-packages/airflow/example_dags/example_short_circuit_operator.py for tasks to queue
[2021-05-26 06:05:02,480] {logging_mixin.py:104} INFO - [2021-05-26 06:05:02,480] {dagbag.py:487} INFO - Filling up the DagBag from /home/ubuntu/.local/lib/python3.6/site-packages/airflow/example_dags/example_short_circuit_operator.py
[2021-05-26 06:05:02,494] {scheduler_job.py:643} INFO - DAG(s) dict_keys(['example_short_circuit_operator']) retrieved from /home/ubuntu/.local/lib/python3.6/site-packages/airflow/example_dags/example_short_circuit_operator.py
[2021-05-26 06:05:02,513] {logging_mixin.py:104} INFO - [2021-05-26 06:05:02,513] {dag.py:1832} INFO - Sync 1 DAGs
[2021-05-26 06:05:02,529] {logging_mixin.py:104} INFO - [2021-05-26 06:05:02,528] {dag.py:2305} INFO - Setting next_dagrun for example_short_circuit_operator to 2021-05-24 00:00:00+00:00
[2021-05-26 06:05:02,546] {scheduler_job.py:190} INFO - Processing /home/ubuntu/.local/lib/python3.6/site-packages/airflow/example_dags/example_short_circuit_operator.py took 0.071 seconds
[2021-05-26 06:05:40,744] {scheduler_job.py:182} INFO - Started process (PID=15353) to work on /home/ubuntu/.local/lib/python3.6/site-packages/airflow/example_dags/example_short_circuit_operator.py
[2021-05-26 06:05:40,749] {scheduler_job.py:633} INFO - Processing file /home/ubuntu/.local/lib/python3.6/site-packages/airflow/example_dags/example_short_circuit_operator.py for tasks to queue
[2021-05-26 06:05:40,755] {logging_mixin.py:104} INFO - [2021-05-26 06:05:40,755] {dagbag.py:487} INFO - Filling up the DagBag from /home/ubuntu/.local/lib/python3.6/site-packages/airflow/example_dags/example_short_circuit_operator.py
[2021-05-26 06:05:40,785] {scheduler_job.py:643} INFO - DAG(s) dict_keys(['example_short_circuit_operator']) retrieved from /home/ubuntu/.local/lib/python3.6/site-packages/airflow/example_dags/example_short_circuit_operator.py
[2021-05-26 06:05:40,814] {logging_mixin.py:104} INFO - [2021-05-26 06:05:40,813] {dag.py:1832} INFO - Sync 1 DAGs
[2021-05-26 06:05:40,835] {logging_mixin.py:104} INFO - [2021-05-26 06:05:40,834] {dag.py:2305} INFO - Setting next_dagrun for example_short_circuit_operator to 2021-05-24 00:00:00+00:00
[2021-05-26 06:05:40,863] {scheduler_job.py:190} INFO - Processing /home/ubuntu/.local/lib/python3.6/site-packages/airflow/example_dags/example_short_circuit_operator.py took 0.123 seconds
[2021-05-26 06:06:22,405] {scheduler_job.py:182} INFO - Started process (PID=15508) to work on /home/ubuntu/.local/lib/python3.6/site-packages/airflow/example_dags/example_short_circuit_operator.py
[2021-05-26 06:06:22,413] {scheduler_job.py:633} INFO - Processing file /home/ubuntu/.local/lib/python3.6/site-packages/airflow/example_dags/example_short_circuit_operator.py for tasks to queue
[2021-05-26 06:06:22,415] {logging_mixin.py:104} INFO - [2021-05-26 06:06:22,415] {dagbag.py:487} INFO - Filling up the DagBag from /home/ubuntu/.local/lib/python3.6/site-packages/airflow/example_dags/example_short_circuit_operator.py
[2021-05-26 06:06:22,445] {scheduler_job.py:643} INFO - DAG(s) dict_keys(['example_short_circuit_operator']) retrieved from /home/ubuntu/.local/lib/python3.6/site-packages/airflow/example_dags/example_short_circuit_operator.py
[2021-05-26 06:06:22,464] {logging_mixin.py:104} INFO - [2021-05-26 06:06:22,464] {dag.py:1832} INFO - Sync 1 DAGs
[2021-05-26 06:06:22,484] {logging_mixin.py:104} INFO - [2021-05-26 06:06:22,484] {dag.py:2305} INFO - Setting next_dagrun for example_short_circuit_operator to 2021-05-24 00:00:00+00:00
[2021-05-26 06:06:22,513] {scheduler_job.py:190} INFO - Processing /home/ubuntu/.local/lib/python3.6/site-packages/airflow/example_dags/example_short_circuit_operator.py took 0.115 seconds
[2021-05-26 06:07:10,676] {scheduler_job.py:182} INFO - Started process (PID=15708) to work on /home/ubuntu/.local/lib/python3.6/site-packages/airflow/example_dags/example_short_circuit_operator.py
[2021-05-26 06:07:10,681] {scheduler_job.py:633} INFO - Processing file /home/ubuntu/.local/lib/python3.6/site-packages/airflow/example_dags/example_short_circuit_operator.py for tasks to queue
[2021-05-26 06:07:10,685] {logging_mixin.py:104} INFO - [2021-05-26 06:07:10,685] {dagbag.py:487} INFO - Filling up the DagBag from /home/ubuntu/.local/lib/python3.6/site-packages/airflow/example_dags/example_short_circuit_operator.py
[2021-05-26 06:07:10,701] {scheduler_job.py:643} INFO - DAG(s) dict_keys(['example_short_circuit_operator']) retrieved from /home/ubuntu/.local/lib/python3.6/site-packages/airflow/example_dags/example_short_circuit_operator.py
[2021-05-26 06:07:10,727] {logging_mixin.py:104} INFO - [2021-05-26 06:07:10,727] {dag.py:1832} INFO - Sync 1 DAGs
[2021-05-26 06:07:10,745] {logging_mixin.py:104} INFO - [2021-05-26 06:07:10,745] {dag.py:2305} INFO - Setting next_dagrun for example_short_circuit_operator to 2021-05-24 00:00:00+00:00
[2021-05-26 06:07:10,774] {scheduler_job.py:190} INFO - Processing /home/ubuntu/.local/lib/python3.6/site-packages/airflow/example_dags/example_short_circuit_operator.py took 0.101 seconds
[2021-05-26 06:07:48,604] {scheduler_job.py:182} INFO - Started process (PID=15901) to work on /home/ubuntu/.local/lib/python3.6/site-packages/airflow/example_dags/example_short_circuit_operator.py
[2021-05-26 06:07:48,609] {scheduler_job.py:633} INFO - Processing file /home/ubuntu/.local/lib/python3.6/site-packages/airflow/example_dags/example_short_circuit_operator.py for tasks to queue
[2021-05-26 06:07:48,613] {logging_mixin.py:104} INFO - [2021-05-26 06:07:48,613] {dagbag.py:487} INFO - Filling up the DagBag from /home/ubuntu/.local/lib/python3.6/site-packages/airflow/example_dags/example_short_circuit_operator.py
[2021-05-26 06:07:48,630] {scheduler_job.py:643} INFO - DAG(s) dict_keys(['example_short_circuit_operator']) retrieved from /home/ubuntu/.local/lib/python3.6/site-packages/airflow/example_dags/example_short_circuit_operator.py
[2021-05-26 06:07:48,657] {logging_mixin.py:104} INFO - [2021-05-26 06:07:48,656] {dag.py:1832} INFO - Sync 1 DAGs
[2021-05-26 06:07:48,693] {logging_mixin.py:104} INFO - [2021-05-26 06:07:48,692] {dag.py:2305} INFO - Setting next_dagrun for example_short_circuit_operator to 2021-05-24 00:00:00+00:00
[2021-05-26 06:07:48,734] {scheduler_job.py:190} INFO - Processing /home/ubuntu/.local/lib/python3.6/site-packages/airflow/example_dags/example_short_circuit_operator.py took 0.132 seconds
[2021-05-26 06:08:29,086] {scheduler_job.py:182} INFO - Started process (PID=16096) to work on /home/ubuntu/.local/lib/python3.6/site-packages/airflow/example_dags/example_short_circuit_operator.py
[2021-05-26 06:08:29,091] {scheduler_job.py:633} INFO - Processing file /home/ubuntu/.local/lib/python3.6/site-packages/airflow/example_dags/example_short_circuit_operator.py for tasks to queue
[2021-05-26 06:08:29,095] {logging_mixin.py:104} INFO - [2021-05-26 06:08:29,095] {dagbag.py:487} INFO - Filling up the DagBag from /home/ubuntu/.local/lib/python3.6/site-packages/airflow/example_dags/example_short_circuit_operator.py
[2021-05-26 06:08:29,112] {scheduler_job.py:643} INFO - DAG(s) dict_keys(['example_short_circuit_operator']) retrieved from /home/ubuntu/.local/lib/python3.6/site-packages/airflow/example_dags/example_short_circuit_operator.py
[2021-05-26 06:08:29,130] {logging_mixin.py:104} INFO - [2021-05-26 06:08:29,130] {dag.py:1832} INFO - Sync 1 DAGs
[2021-05-26 06:08:29,150] {logging_mixin.py:104} INFO - [2021-05-26 06:08:29,150] {dag.py:2305} INFO - Setting next_dagrun for example_short_circuit_operator to 2021-05-24 00:00:00+00:00
[2021-05-26 06:08:29,177] {scheduler_job.py:190} INFO - Processing /home/ubuntu/.local/lib/python3.6/site-packages/airflow/example_dags/example_short_circuit_operator.py took 0.092 seconds
