[2021-05-26 05:47:36,382] {scheduler_job.py:182} INFO - Started process (PID=10581) to work on /home/ubuntu/.local/lib/python3.6/site-packages/airflow/example_dags/example_complex.py
[2021-05-26 05:47:36,383] {scheduler_job.py:633} INFO - Processing file /home/ubuntu/.local/lib/python3.6/site-packages/airflow/example_dags/example_complex.py for tasks to queue
[2021-05-26 05:47:36,384] {logging_mixin.py:104} INFO - [2021-05-26 05:47:36,384] {dagbag.py:487} INFO - Filling up the DagBag from /home/ubuntu/.local/lib/python3.6/site-packages/airflow/example_dags/example_complex.py
[2021-05-26 05:47:36,404] {scheduler_job.py:643} INFO - DAG(s) dict_keys(['example_complex']) retrieved from /home/ubuntu/.local/lib/python3.6/site-packages/airflow/example_dags/example_complex.py
[2021-05-26 05:47:36,425] {logging_mixin.py:104} INFO - [2021-05-26 05:47:36,425] {dag.py:1832} INFO - Sync 1 DAGs
[2021-05-26 05:47:36,437] {logging_mixin.py:104} INFO - [2021-05-26 05:47:36,437] {dag.py:2305} INFO - Setting next_dagrun for example_complex to None
[2021-05-26 05:47:36,454] {scheduler_job.py:190} INFO - Processing /home/ubuntu/.local/lib/python3.6/site-packages/airflow/example_dags/example_complex.py took 0.074 seconds
[2021-05-26 05:48:08,894] {scheduler_job.py:182} INFO - Started process (PID=10734) to work on /home/ubuntu/.local/lib/python3.6/site-packages/airflow/example_dags/example_complex.py
[2021-05-26 05:48:08,897] {scheduler_job.py:633} INFO - Processing file /home/ubuntu/.local/lib/python3.6/site-packages/airflow/example_dags/example_complex.py for tasks to queue
[2021-05-26 05:48:08,899] {logging_mixin.py:104} INFO - [2021-05-26 05:48:08,899] {dagbag.py:487} INFO - Filling up the DagBag from /home/ubuntu/.local/lib/python3.6/site-packages/airflow/example_dags/example_complex.py
[2021-05-26 05:48:08,920] {scheduler_job.py:643} INFO - DAG(s) dict_keys(['example_complex']) retrieved from /home/ubuntu/.local/lib/python3.6/site-packages/airflow/example_dags/example_complex.py
[2021-05-26 05:48:08,940] {logging_mixin.py:104} INFO - [2021-05-26 05:48:08,940] {dag.py:1832} INFO - Sync 1 DAGs
[2021-05-26 05:48:08,953] {logging_mixin.py:104} INFO - [2021-05-26 05:48:08,953] {dag.py:2305} INFO - Setting next_dagrun for example_complex to None
[2021-05-26 05:48:08,977] {scheduler_job.py:190} INFO - Processing /home/ubuntu/.local/lib/python3.6/site-packages/airflow/example_dags/example_complex.py took 0.087 seconds
[2021-05-26 05:48:41,261] {scheduler_job.py:182} INFO - Started process (PID=10873) to work on /home/ubuntu/.local/lib/python3.6/site-packages/airflow/example_dags/example_complex.py
[2021-05-26 05:48:41,263] {scheduler_job.py:633} INFO - Processing file /home/ubuntu/.local/lib/python3.6/site-packages/airflow/example_dags/example_complex.py for tasks to queue
[2021-05-26 05:48:41,265] {logging_mixin.py:104} INFO - [2021-05-26 05:48:41,265] {dagbag.py:487} INFO - Filling up the DagBag from /home/ubuntu/.local/lib/python3.6/site-packages/airflow/example_dags/example_complex.py
[2021-05-26 05:48:41,289] {scheduler_job.py:643} INFO - DAG(s) dict_keys(['example_complex']) retrieved from /home/ubuntu/.local/lib/python3.6/site-packages/airflow/example_dags/example_complex.py
[2021-05-26 05:48:41,312] {logging_mixin.py:104} INFO - [2021-05-26 05:48:41,312] {dag.py:1832} INFO - Sync 1 DAGs
[2021-05-26 05:48:41,329] {logging_mixin.py:104} INFO - [2021-05-26 05:48:41,329] {dag.py:2305} INFO - Setting next_dagrun for example_complex to None
[2021-05-26 05:48:41,350] {scheduler_job.py:190} INFO - Processing /home/ubuntu/.local/lib/python3.6/site-packages/airflow/example_dags/example_complex.py took 0.092 seconds
[2021-05-26 05:49:12,796] {scheduler_job.py:182} INFO - Started process (PID=11001) to work on /home/ubuntu/.local/lib/python3.6/site-packages/airflow/example_dags/example_complex.py
[2021-05-26 05:49:12,799] {scheduler_job.py:633} INFO - Processing file /home/ubuntu/.local/lib/python3.6/site-packages/airflow/example_dags/example_complex.py for tasks to queue
[2021-05-26 05:49:12,800] {logging_mixin.py:104} INFO - [2021-05-26 05:49:12,799] {dagbag.py:487} INFO - Filling up the DagBag from /home/ubuntu/.local/lib/python3.6/site-packages/airflow/example_dags/example_complex.py
[2021-05-26 05:49:12,822] {scheduler_job.py:643} INFO - DAG(s) dict_keys(['example_complex']) retrieved from /home/ubuntu/.local/lib/python3.6/site-packages/airflow/example_dags/example_complex.py
[2021-05-26 05:49:12,843] {logging_mixin.py:104} INFO - [2021-05-26 05:49:12,843] {dag.py:1832} INFO - Sync 1 DAGs
[2021-05-26 05:49:12,856] {logging_mixin.py:104} INFO - [2021-05-26 05:49:12,856] {dag.py:2305} INFO - Setting next_dagrun for example_complex to None
[2021-05-26 05:49:12,876] {scheduler_job.py:190} INFO - Processing /home/ubuntu/.local/lib/python3.6/site-packages/airflow/example_dags/example_complex.py took 0.082 seconds
[2021-05-26 05:49:45,257] {scheduler_job.py:182} INFO - Started process (PID=11147) to work on /home/ubuntu/.local/lib/python3.6/site-packages/airflow/example_dags/example_complex.py
[2021-05-26 05:49:45,258] {scheduler_job.py:633} INFO - Processing file /home/ubuntu/.local/lib/python3.6/site-packages/airflow/example_dags/example_complex.py for tasks to queue
[2021-05-26 05:49:45,258] {logging_mixin.py:104} INFO - [2021-05-26 05:49:45,258] {dagbag.py:487} INFO - Filling up the DagBag from /home/ubuntu/.local/lib/python3.6/site-packages/airflow/example_dags/example_complex.py
[2021-05-26 05:49:45,279] {scheduler_job.py:643} INFO - DAG(s) dict_keys(['example_complex']) retrieved from /home/ubuntu/.local/lib/python3.6/site-packages/airflow/example_dags/example_complex.py
[2021-05-26 05:49:45,297] {logging_mixin.py:104} INFO - [2021-05-26 05:49:45,297] {dag.py:1832} INFO - Sync 1 DAGs
[2021-05-26 05:49:45,310] {logging_mixin.py:104} INFO - [2021-05-26 05:49:45,309] {dag.py:2305} INFO - Setting next_dagrun for example_complex to None
[2021-05-26 05:49:45,327] {scheduler_job.py:190} INFO - Processing /home/ubuntu/.local/lib/python3.6/site-packages/airflow/example_dags/example_complex.py took 0.072 seconds
[2021-05-26 05:50:17,618] {scheduler_job.py:182} INFO - Started process (PID=11275) to work on /home/ubuntu/.local/lib/python3.6/site-packages/airflow/example_dags/example_complex.py
[2021-05-26 05:50:17,622] {scheduler_job.py:633} INFO - Processing file /home/ubuntu/.local/lib/python3.6/site-packages/airflow/example_dags/example_complex.py for tasks to queue
[2021-05-26 05:50:17,622] {logging_mixin.py:104} INFO - [2021-05-26 05:50:17,622] {dagbag.py:487} INFO - Filling up the DagBag from /home/ubuntu/.local/lib/python3.6/site-packages/airflow/example_dags/example_complex.py
[2021-05-26 05:50:17,648] {scheduler_job.py:643} INFO - DAG(s) dict_keys(['example_complex']) retrieved from /home/ubuntu/.local/lib/python3.6/site-packages/airflow/example_dags/example_complex.py
[2021-05-26 05:50:17,670] {logging_mixin.py:104} INFO - [2021-05-26 05:50:17,670] {dag.py:1832} INFO - Sync 1 DAGs
[2021-05-26 05:50:17,685] {logging_mixin.py:104} INFO - [2021-05-26 05:50:17,685] {dag.py:2305} INFO - Setting next_dagrun for example_complex to None
[2021-05-26 05:50:17,704] {scheduler_job.py:190} INFO - Processing /home/ubuntu/.local/lib/python3.6/site-packages/airflow/example_dags/example_complex.py took 0.088 seconds
[2021-05-26 05:50:50,085] {scheduler_job.py:182} INFO - Started process (PID=11396) to work on /home/ubuntu/.local/lib/python3.6/site-packages/airflow/example_dags/example_complex.py
[2021-05-26 05:50:50,088] {scheduler_job.py:633} INFO - Processing file /home/ubuntu/.local/lib/python3.6/site-packages/airflow/example_dags/example_complex.py for tasks to queue
[2021-05-26 05:50:50,089] {logging_mixin.py:104} INFO - [2021-05-26 05:50:50,089] {dagbag.py:487} INFO - Filling up the DagBag from /home/ubuntu/.local/lib/python3.6/site-packages/airflow/example_dags/example_complex.py
[2021-05-26 05:50:50,113] {scheduler_job.py:643} INFO - DAG(s) dict_keys(['example_complex']) retrieved from /home/ubuntu/.local/lib/python3.6/site-packages/airflow/example_dags/example_complex.py
[2021-05-26 05:50:50,133] {logging_mixin.py:104} INFO - [2021-05-26 05:50:50,132] {dag.py:1832} INFO - Sync 1 DAGs
[2021-05-26 05:50:50,145] {logging_mixin.py:104} INFO - [2021-05-26 05:50:50,145] {dag.py:2305} INFO - Setting next_dagrun for example_complex to None
[2021-05-26 05:50:50,165] {scheduler_job.py:190} INFO - Processing /home/ubuntu/.local/lib/python3.6/site-packages/airflow/example_dags/example_complex.py took 0.082 seconds
[2021-05-26 05:51:22,242] {scheduler_job.py:182} INFO - Started process (PID=11523) to work on /home/ubuntu/.local/lib/python3.6/site-packages/airflow/example_dags/example_complex.py
[2021-05-26 05:51:22,245] {scheduler_job.py:633} INFO - Processing file /home/ubuntu/.local/lib/python3.6/site-packages/airflow/example_dags/example_complex.py for tasks to queue
[2021-05-26 05:51:22,248] {logging_mixin.py:104} INFO - [2021-05-26 05:51:22,248] {dagbag.py:487} INFO - Filling up the DagBag from /home/ubuntu/.local/lib/python3.6/site-packages/airflow/example_dags/example_complex.py
[2021-05-26 05:51:22,284] {scheduler_job.py:643} INFO - DAG(s) dict_keys(['example_complex']) retrieved from /home/ubuntu/.local/lib/python3.6/site-packages/airflow/example_dags/example_complex.py
[2021-05-26 05:51:22,312] {logging_mixin.py:104} INFO - [2021-05-26 05:51:22,312] {dag.py:1832} INFO - Sync 1 DAGs
[2021-05-26 05:51:22,324] {logging_mixin.py:104} INFO - [2021-05-26 05:51:22,324] {dag.py:2305} INFO - Setting next_dagrun for example_complex to None
[2021-05-26 05:51:22,343] {scheduler_job.py:190} INFO - Processing /home/ubuntu/.local/lib/python3.6/site-packages/airflow/example_dags/example_complex.py took 0.102 seconds
[2021-05-26 05:51:53,153] {scheduler_job.py:182} INFO - Started process (PID=11644) to work on /home/ubuntu/.local/lib/python3.6/site-packages/airflow/example_dags/example_complex.py
[2021-05-26 05:51:53,156] {scheduler_job.py:633} INFO - Processing file /home/ubuntu/.local/lib/python3.6/site-packages/airflow/example_dags/example_complex.py for tasks to queue
[2021-05-26 05:51:53,159] {logging_mixin.py:104} INFO - [2021-05-26 05:51:53,159] {dagbag.py:487} INFO - Filling up the DagBag from /home/ubuntu/.local/lib/python3.6/site-packages/airflow/example_dags/example_complex.py
[2021-05-26 05:51:53,181] {scheduler_job.py:643} INFO - DAG(s) dict_keys(['example_complex']) retrieved from /home/ubuntu/.local/lib/python3.6/site-packages/airflow/example_dags/example_complex.py
[2021-05-26 05:51:53,204] {logging_mixin.py:104} INFO - [2021-05-26 05:51:53,204] {dag.py:1832} INFO - Sync 1 DAGs
[2021-05-26 05:51:53,218] {logging_mixin.py:104} INFO - [2021-05-26 05:51:53,218] {dag.py:2305} INFO - Setting next_dagrun for example_complex to None
[2021-05-26 05:51:53,234] {scheduler_job.py:190} INFO - Processing /home/ubuntu/.local/lib/python3.6/site-packages/airflow/example_dags/example_complex.py took 0.083 seconds
[2021-05-26 05:52:24,221] {scheduler_job.py:182} INFO - Started process (PID=11765) to work on /home/ubuntu/.local/lib/python3.6/site-packages/airflow/example_dags/example_complex.py
[2021-05-26 05:52:24,225] {scheduler_job.py:633} INFO - Processing file /home/ubuntu/.local/lib/python3.6/site-packages/airflow/example_dags/example_complex.py for tasks to queue
[2021-05-26 05:52:24,229] {logging_mixin.py:104} INFO - [2021-05-26 05:52:24,229] {dagbag.py:487} INFO - Filling up the DagBag from /home/ubuntu/.local/lib/python3.6/site-packages/airflow/example_dags/example_complex.py
[2021-05-26 05:52:24,253] {scheduler_job.py:643} INFO - DAG(s) dict_keys(['example_complex']) retrieved from /home/ubuntu/.local/lib/python3.6/site-packages/airflow/example_dags/example_complex.py
[2021-05-26 05:52:24,274] {logging_mixin.py:104} INFO - [2021-05-26 05:52:24,274] {dag.py:1832} INFO - Sync 1 DAGs
[2021-05-26 05:52:24,289] {logging_mixin.py:104} INFO - [2021-05-26 05:52:24,289] {dag.py:2305} INFO - Setting next_dagrun for example_complex to None
[2021-05-26 05:52:24,308] {scheduler_job.py:190} INFO - Processing /home/ubuntu/.local/lib/python3.6/site-packages/airflow/example_dags/example_complex.py took 0.089 seconds
[2021-05-26 05:52:55,163] {scheduler_job.py:182} INFO - Started process (PID=11886) to work on /home/ubuntu/.local/lib/python3.6/site-packages/airflow/example_dags/example_complex.py
[2021-05-26 05:52:55,166] {scheduler_job.py:633} INFO - Processing file /home/ubuntu/.local/lib/python3.6/site-packages/airflow/example_dags/example_complex.py for tasks to queue
[2021-05-26 05:52:55,167] {logging_mixin.py:104} INFO - [2021-05-26 05:52:55,167] {dagbag.py:487} INFO - Filling up the DagBag from /home/ubuntu/.local/lib/python3.6/site-packages/airflow/example_dags/example_complex.py
[2021-05-26 05:52:55,201] {scheduler_job.py:643} INFO - DAG(s) dict_keys(['example_complex']) retrieved from /home/ubuntu/.local/lib/python3.6/site-packages/airflow/example_dags/example_complex.py
[2021-05-26 05:52:55,225] {logging_mixin.py:104} INFO - [2021-05-26 05:52:55,225] {dag.py:1832} INFO - Sync 1 DAGs
[2021-05-26 05:52:55,241] {logging_mixin.py:104} INFO - [2021-05-26 05:52:55,241] {dag.py:2305} INFO - Setting next_dagrun for example_complex to None
[2021-05-26 05:52:55,270] {scheduler_job.py:190} INFO - Processing /home/ubuntu/.local/lib/python3.6/site-packages/airflow/example_dags/example_complex.py took 0.109 seconds
[2021-05-26 05:53:27,630] {scheduler_job.py:182} INFO - Started process (PID=12015) to work on /home/ubuntu/.local/lib/python3.6/site-packages/airflow/example_dags/example_complex.py
[2021-05-26 05:53:27,631] {scheduler_job.py:633} INFO - Processing file /home/ubuntu/.local/lib/python3.6/site-packages/airflow/example_dags/example_complex.py for tasks to queue
[2021-05-26 05:53:27,631] {logging_mixin.py:104} INFO - [2021-05-26 05:53:27,631] {dagbag.py:487} INFO - Filling up the DagBag from /home/ubuntu/.local/lib/python3.6/site-packages/airflow/example_dags/example_complex.py
[2021-05-26 05:53:27,653] {scheduler_job.py:643} INFO - DAG(s) dict_keys(['example_complex']) retrieved from /home/ubuntu/.local/lib/python3.6/site-packages/airflow/example_dags/example_complex.py
[2021-05-26 05:53:27,674] {logging_mixin.py:104} INFO - [2021-05-26 05:53:27,674] {dag.py:1832} INFO - Sync 1 DAGs
[2021-05-26 05:53:27,687] {logging_mixin.py:104} INFO - [2021-05-26 05:53:27,687] {dag.py:2305} INFO - Setting next_dagrun for example_complex to None
[2021-05-26 05:53:27,703] {scheduler_job.py:190} INFO - Processing /home/ubuntu/.local/lib/python3.6/site-packages/airflow/example_dags/example_complex.py took 0.075 seconds
[2021-05-26 05:53:59,990] {scheduler_job.py:182} INFO - Started process (PID=12140) to work on /home/ubuntu/.local/lib/python3.6/site-packages/airflow/example_dags/example_complex.py
[2021-05-26 05:53:59,993] {scheduler_job.py:633} INFO - Processing file /home/ubuntu/.local/lib/python3.6/site-packages/airflow/example_dags/example_complex.py for tasks to queue
[2021-05-26 05:53:59,994] {logging_mixin.py:104} INFO - [2021-05-26 05:53:59,994] {dagbag.py:487} INFO - Filling up the DagBag from /home/ubuntu/.local/lib/python3.6/site-packages/airflow/example_dags/example_complex.py
[2021-05-26 05:54:00,026] {scheduler_job.py:643} INFO - DAG(s) dict_keys(['example_complex']) retrieved from /home/ubuntu/.local/lib/python3.6/site-packages/airflow/example_dags/example_complex.py
[2021-05-26 05:54:00,047] {logging_mixin.py:104} INFO - [2021-05-26 05:54:00,046] {dag.py:1832} INFO - Sync 1 DAGs
[2021-05-26 05:54:00,059] {logging_mixin.py:104} INFO - [2021-05-26 05:54:00,059] {dag.py:2305} INFO - Setting next_dagrun for example_complex to None
[2021-05-26 05:54:00,077] {scheduler_job.py:190} INFO - Processing /home/ubuntu/.local/lib/python3.6/site-packages/airflow/example_dags/example_complex.py took 0.090 seconds
[2021-05-26 05:54:31,740] {scheduler_job.py:182} INFO - Started process (PID=12263) to work on /home/ubuntu/.local/lib/python3.6/site-packages/airflow/example_dags/example_complex.py
[2021-05-26 05:54:31,741] {scheduler_job.py:633} INFO - Processing file /home/ubuntu/.local/lib/python3.6/site-packages/airflow/example_dags/example_complex.py for tasks to queue
[2021-05-26 05:54:31,742] {logging_mixin.py:104} INFO - [2021-05-26 05:54:31,741] {dagbag.py:487} INFO - Filling up the DagBag from /home/ubuntu/.local/lib/python3.6/site-packages/airflow/example_dags/example_complex.py
[2021-05-26 05:54:31,764] {scheduler_job.py:643} INFO - DAG(s) dict_keys(['example_complex']) retrieved from /home/ubuntu/.local/lib/python3.6/site-packages/airflow/example_dags/example_complex.py
[2021-05-26 05:54:31,782] {logging_mixin.py:104} INFO - [2021-05-26 05:54:31,782] {dag.py:1832} INFO - Sync 1 DAGs
[2021-05-26 05:54:31,794] {logging_mixin.py:104} INFO - [2021-05-26 05:54:31,794] {dag.py:2305} INFO - Setting next_dagrun for example_complex to None
[2021-05-26 05:54:31,811] {scheduler_job.py:190} INFO - Processing /home/ubuntu/.local/lib/python3.6/site-packages/airflow/example_dags/example_complex.py took 0.073 seconds
[2021-05-26 05:55:05,725] {scheduler_job.py:182} INFO - Started process (PID=12414) to work on /home/ubuntu/.local/lib/python3.6/site-packages/airflow/example_dags/example_complex.py
[2021-05-26 05:55:05,727] {scheduler_job.py:633} INFO - Processing file /home/ubuntu/.local/lib/python3.6/site-packages/airflow/example_dags/example_complex.py for tasks to queue
[2021-05-26 05:55:05,728] {logging_mixin.py:104} INFO - [2021-05-26 05:55:05,728] {dagbag.py:487} INFO - Filling up the DagBag from /home/ubuntu/.local/lib/python3.6/site-packages/airflow/example_dags/example_complex.py
[2021-05-26 05:55:05,751] {scheduler_job.py:643} INFO - DAG(s) dict_keys(['example_complex']) retrieved from /home/ubuntu/.local/lib/python3.6/site-packages/airflow/example_dags/example_complex.py
[2021-05-26 05:55:05,770] {logging_mixin.py:104} INFO - [2021-05-26 05:55:05,770] {dag.py:1832} INFO - Sync 1 DAGs
[2021-05-26 05:55:05,784] {logging_mixin.py:104} INFO - [2021-05-26 05:55:05,783] {dag.py:2305} INFO - Setting next_dagrun for example_complex to None
[2021-05-26 05:55:05,801] {scheduler_job.py:190} INFO - Processing /home/ubuntu/.local/lib/python3.6/site-packages/airflow/example_dags/example_complex.py took 0.078 seconds
[2021-05-26 05:55:51,977] {scheduler_job.py:182} INFO - Started process (PID=12613) to work on /home/ubuntu/.local/lib/python3.6/site-packages/airflow/example_dags/example_complex.py
[2021-05-26 05:55:51,982] {scheduler_job.py:633} INFO - Processing file /home/ubuntu/.local/lib/python3.6/site-packages/airflow/example_dags/example_complex.py for tasks to queue
[2021-05-26 05:55:51,987] {logging_mixin.py:104} INFO - [2021-05-26 05:55:51,987] {dagbag.py:487} INFO - Filling up the DagBag from /home/ubuntu/.local/lib/python3.6/site-packages/airflow/example_dags/example_complex.py
[2021-05-26 05:55:52,013] {scheduler_job.py:643} INFO - DAG(s) dict_keys(['example_complex']) retrieved from /home/ubuntu/.local/lib/python3.6/site-packages/airflow/example_dags/example_complex.py
[2021-05-26 05:55:52,040] {logging_mixin.py:104} INFO - [2021-05-26 05:55:52,040] {dag.py:1832} INFO - Sync 1 DAGs
[2021-05-26 05:55:52,057] {logging_mixin.py:104} INFO - [2021-05-26 05:55:52,057] {dag.py:2305} INFO - Setting next_dagrun for example_complex to None
[2021-05-26 05:55:52,085] {scheduler_job.py:190} INFO - Processing /home/ubuntu/.local/lib/python3.6/site-packages/airflow/example_dags/example_complex.py took 0.109 seconds
[2021-05-26 05:56:27,444] {scheduler_job.py:182} INFO - Started process (PID=12757) to work on /home/ubuntu/.local/lib/python3.6/site-packages/airflow/example_dags/example_complex.py
[2021-05-26 05:56:27,449] {scheduler_job.py:633} INFO - Processing file /home/ubuntu/.local/lib/python3.6/site-packages/airflow/example_dags/example_complex.py for tasks to queue
[2021-05-26 05:56:27,453] {logging_mixin.py:104} INFO - [2021-05-26 05:56:27,453] {dagbag.py:487} INFO - Filling up the DagBag from /home/ubuntu/.local/lib/python3.6/site-packages/airflow/example_dags/example_complex.py
[2021-05-26 05:56:27,480] {scheduler_job.py:643} INFO - DAG(s) dict_keys(['example_complex']) retrieved from /home/ubuntu/.local/lib/python3.6/site-packages/airflow/example_dags/example_complex.py
[2021-05-26 05:56:27,511] {logging_mixin.py:104} INFO - [2021-05-26 05:56:27,511] {dag.py:1832} INFO - Sync 1 DAGs
[2021-05-26 05:56:27,529] {logging_mixin.py:104} INFO - [2021-05-26 05:56:27,529] {dag.py:2305} INFO - Setting next_dagrun for example_complex to None
[2021-05-26 05:56:27,561] {scheduler_job.py:190} INFO - Processing /home/ubuntu/.local/lib/python3.6/site-packages/airflow/example_dags/example_complex.py took 0.119 seconds
[2021-05-26 05:57:01,485] {scheduler_job.py:182} INFO - Started process (PID=12926) to work on /home/ubuntu/.local/lib/python3.6/site-packages/airflow/example_dags/example_complex.py
[2021-05-26 05:57:01,490] {scheduler_job.py:633} INFO - Processing file /home/ubuntu/.local/lib/python3.6/site-packages/airflow/example_dags/example_complex.py for tasks to queue
[2021-05-26 05:57:01,494] {logging_mixin.py:104} INFO - [2021-05-26 05:57:01,494] {dagbag.py:487} INFO - Filling up the DagBag from /home/ubuntu/.local/lib/python3.6/site-packages/airflow/example_dags/example_complex.py
[2021-05-26 05:57:01,521] {scheduler_job.py:643} INFO - DAG(s) dict_keys(['example_complex']) retrieved from /home/ubuntu/.local/lib/python3.6/site-packages/airflow/example_dags/example_complex.py
[2021-05-26 05:57:01,547] {logging_mixin.py:104} INFO - [2021-05-26 05:57:01,547] {dag.py:1832} INFO - Sync 1 DAGs
[2021-05-26 05:57:01,563] {logging_mixin.py:104} INFO - [2021-05-26 05:57:01,563] {dag.py:2305} INFO - Setting next_dagrun for example_complex to None
[2021-05-26 05:57:01,591] {scheduler_job.py:190} INFO - Processing /home/ubuntu/.local/lib/python3.6/site-packages/airflow/example_dags/example_complex.py took 0.108 seconds
[2021-05-26 05:57:35,965] {scheduler_job.py:182} INFO - Started process (PID=13083) to work on /home/ubuntu/.local/lib/python3.6/site-packages/airflow/example_dags/example_complex.py
[2021-05-26 05:57:35,975] {scheduler_job.py:633} INFO - Processing file /home/ubuntu/.local/lib/python3.6/site-packages/airflow/example_dags/example_complex.py for tasks to queue
[2021-05-26 05:57:35,977] {logging_mixin.py:104} INFO - [2021-05-26 05:57:35,977] {dagbag.py:487} INFO - Filling up the DagBag from /home/ubuntu/.local/lib/python3.6/site-packages/airflow/example_dags/example_complex.py
[2021-05-26 05:57:36,032] {scheduler_job.py:643} INFO - DAG(s) dict_keys(['example_complex']) retrieved from /home/ubuntu/.local/lib/python3.6/site-packages/airflow/example_dags/example_complex.py
[2021-05-26 05:57:36,056] {logging_mixin.py:104} INFO - [2021-05-26 05:57:36,056] {dag.py:1832} INFO - Sync 1 DAGs
[2021-05-26 05:57:36,072] {logging_mixin.py:104} INFO - [2021-05-26 05:57:36,072] {dag.py:2305} INFO - Setting next_dagrun for example_complex to None
[2021-05-26 05:57:36,100] {scheduler_job.py:190} INFO - Processing /home/ubuntu/.local/lib/python3.6/site-packages/airflow/example_dags/example_complex.py took 0.137 seconds
[2021-05-26 05:58:08,202] {scheduler_job.py:182} INFO - Started process (PID=13216) to work on /home/ubuntu/.local/lib/python3.6/site-packages/airflow/example_dags/example_complex.py
[2021-05-26 05:58:08,206] {scheduler_job.py:633} INFO - Processing file /home/ubuntu/.local/lib/python3.6/site-packages/airflow/example_dags/example_complex.py for tasks to queue
[2021-05-26 05:58:08,210] {logging_mixin.py:104} INFO - [2021-05-26 05:58:08,210] {dagbag.py:487} INFO - Filling up the DagBag from /home/ubuntu/.local/lib/python3.6/site-packages/airflow/example_dags/example_complex.py
[2021-05-26 05:58:08,237] {scheduler_job.py:643} INFO - DAG(s) dict_keys(['example_complex']) retrieved from /home/ubuntu/.local/lib/python3.6/site-packages/airflow/example_dags/example_complex.py
[2021-05-26 05:58:08,267] {logging_mixin.py:104} INFO - [2021-05-26 05:58:08,267] {dag.py:1832} INFO - Sync 1 DAGs
[2021-05-26 05:58:08,285] {logging_mixin.py:104} INFO - [2021-05-26 05:58:08,284] {dag.py:2305} INFO - Setting next_dagrun for example_complex to None
[2021-05-26 05:58:08,310] {scheduler_job.py:190} INFO - Processing /home/ubuntu/.local/lib/python3.6/site-packages/airflow/example_dags/example_complex.py took 0.111 seconds
[2021-05-26 05:58:40,781] {scheduler_job.py:182} INFO - Started process (PID=13372) to work on /home/ubuntu/.local/lib/python3.6/site-packages/airflow/example_dags/example_complex.py
[2021-05-26 05:58:40,786] {scheduler_job.py:633} INFO - Processing file /home/ubuntu/.local/lib/python3.6/site-packages/airflow/example_dags/example_complex.py for tasks to queue
[2021-05-26 05:58:40,790] {logging_mixin.py:104} INFO - [2021-05-26 05:58:40,790] {dagbag.py:487} INFO - Filling up the DagBag from /home/ubuntu/.local/lib/python3.6/site-packages/airflow/example_dags/example_complex.py
[2021-05-26 05:58:40,818] {scheduler_job.py:643} INFO - DAG(s) dict_keys(['example_complex']) retrieved from /home/ubuntu/.local/lib/python3.6/site-packages/airflow/example_dags/example_complex.py
[2021-05-26 05:58:40,844] {logging_mixin.py:104} INFO - [2021-05-26 05:58:40,844] {dag.py:1832} INFO - Sync 1 DAGs
[2021-05-26 05:58:40,862] {logging_mixin.py:104} INFO - [2021-05-26 05:58:40,862] {dag.py:2305} INFO - Setting next_dagrun for example_complex to None
[2021-05-26 05:58:40,892] {scheduler_job.py:190} INFO - Processing /home/ubuntu/.local/lib/python3.6/site-packages/airflow/example_dags/example_complex.py took 0.112 seconds
[2021-05-26 05:59:14,854] {scheduler_job.py:182} INFO - Started process (PID=13543) to work on /home/ubuntu/.local/lib/python3.6/site-packages/airflow/example_dags/example_complex.py
[2021-05-26 05:59:14,857] {scheduler_job.py:633} INFO - Processing file /home/ubuntu/.local/lib/python3.6/site-packages/airflow/example_dags/example_complex.py for tasks to queue
[2021-05-26 05:59:14,858] {logging_mixin.py:104} INFO - [2021-05-26 05:59:14,858] {dagbag.py:487} INFO - Filling up the DagBag from /home/ubuntu/.local/lib/python3.6/site-packages/airflow/example_dags/example_complex.py
[2021-05-26 05:59:14,883] {scheduler_job.py:643} INFO - DAG(s) dict_keys(['example_complex']) retrieved from /home/ubuntu/.local/lib/python3.6/site-packages/airflow/example_dags/example_complex.py
[2021-05-26 05:59:14,905] {logging_mixin.py:104} INFO - [2021-05-26 05:59:14,905] {dag.py:1832} INFO - Sync 1 DAGs
[2021-05-26 05:59:14,919] {logging_mixin.py:104} INFO - [2021-05-26 05:59:14,919] {dag.py:2305} INFO - Setting next_dagrun for example_complex to None
[2021-05-26 05:59:14,936] {scheduler_job.py:190} INFO - Processing /home/ubuntu/.local/lib/python3.6/site-packages/airflow/example_dags/example_complex.py took 0.084 seconds
[2021-05-26 05:59:47,701] {scheduler_job.py:182} INFO - Started process (PID=13708) to work on /home/ubuntu/.local/lib/python3.6/site-packages/airflow/example_dags/example_complex.py
[2021-05-26 05:59:47,705] {scheduler_job.py:633} INFO - Processing file /home/ubuntu/.local/lib/python3.6/site-packages/airflow/example_dags/example_complex.py for tasks to queue
[2021-05-26 05:59:47,710] {logging_mixin.py:104} INFO - [2021-05-26 05:59:47,710] {dagbag.py:487} INFO - Filling up the DagBag from /home/ubuntu/.local/lib/python3.6/site-packages/airflow/example_dags/example_complex.py
[2021-05-26 05:59:47,738] {scheduler_job.py:643} INFO - DAG(s) dict_keys(['example_complex']) retrieved from /home/ubuntu/.local/lib/python3.6/site-packages/airflow/example_dags/example_complex.py
[2021-05-26 05:59:47,764] {logging_mixin.py:104} INFO - [2021-05-26 05:59:47,764] {dag.py:1832} INFO - Sync 1 DAGs
[2021-05-26 05:59:47,782] {logging_mixin.py:104} INFO - [2021-05-26 05:59:47,782] {dag.py:2305} INFO - Setting next_dagrun for example_complex to None
[2021-05-26 05:59:47,809] {scheduler_job.py:190} INFO - Processing /home/ubuntu/.local/lib/python3.6/site-packages/airflow/example_dags/example_complex.py took 0.110 seconds
[2021-05-26 06:00:26,231] {scheduler_job.py:182} INFO - Started process (PID=13902) to work on /home/ubuntu/.local/lib/python3.6/site-packages/airflow/example_dags/example_complex.py
[2021-05-26 06:00:26,235] {scheduler_job.py:633} INFO - Processing file /home/ubuntu/.local/lib/python3.6/site-packages/airflow/example_dags/example_complex.py for tasks to queue
[2021-05-26 06:00:26,240] {logging_mixin.py:104} INFO - [2021-05-26 06:00:26,240] {dagbag.py:487} INFO - Filling up the DagBag from /home/ubuntu/.local/lib/python3.6/site-packages/airflow/example_dags/example_complex.py
[2021-05-26 06:00:26,268] {scheduler_job.py:643} INFO - DAG(s) dict_keys(['example_complex']) retrieved from /home/ubuntu/.local/lib/python3.6/site-packages/airflow/example_dags/example_complex.py
[2021-05-26 06:00:26,296] {logging_mixin.py:104} INFO - [2021-05-26 06:00:26,296] {dag.py:1832} INFO - Sync 1 DAGs
[2021-05-26 06:00:26,314] {logging_mixin.py:104} INFO - [2021-05-26 06:00:26,314] {dag.py:2305} INFO - Setting next_dagrun for example_complex to None
[2021-05-26 06:00:26,343] {scheduler_job.py:190} INFO - Processing /home/ubuntu/.local/lib/python3.6/site-packages/airflow/example_dags/example_complex.py took 0.113 seconds
[2021-05-26 06:00:58,733] {scheduler_job.py:182} INFO - Started process (PID=14035) to work on /home/ubuntu/.local/lib/python3.6/site-packages/airflow/example_dags/example_complex.py
[2021-05-26 06:00:58,735] {scheduler_job.py:633} INFO - Processing file /home/ubuntu/.local/lib/python3.6/site-packages/airflow/example_dags/example_complex.py for tasks to queue
[2021-05-26 06:00:58,735] {logging_mixin.py:104} INFO - [2021-05-26 06:00:58,735] {dagbag.py:487} INFO - Filling up the DagBag from /home/ubuntu/.local/lib/python3.6/site-packages/airflow/example_dags/example_complex.py
[2021-05-26 06:00:58,761] {scheduler_job.py:643} INFO - DAG(s) dict_keys(['example_complex']) retrieved from /home/ubuntu/.local/lib/python3.6/site-packages/airflow/example_dags/example_complex.py
[2021-05-26 06:00:58,783] {logging_mixin.py:104} INFO - [2021-05-26 06:00:58,783] {dag.py:1832} INFO - Sync 1 DAGs
[2021-05-26 06:00:58,797] {logging_mixin.py:104} INFO - [2021-05-26 06:00:58,797] {dag.py:2305} INFO - Setting next_dagrun for example_complex to None
[2021-05-26 06:00:58,814] {scheduler_job.py:190} INFO - Processing /home/ubuntu/.local/lib/python3.6/site-packages/airflow/example_dags/example_complex.py took 0.083 seconds
[2021-05-26 06:01:33,130] {scheduler_job.py:182} INFO - Started process (PID=14205) to work on /home/ubuntu/.local/lib/python3.6/site-packages/airflow/example_dags/example_complex.py
[2021-05-26 06:01:33,135] {scheduler_job.py:633} INFO - Processing file /home/ubuntu/.local/lib/python3.6/site-packages/airflow/example_dags/example_complex.py for tasks to queue
[2021-05-26 06:01:33,139] {logging_mixin.py:104} INFO - [2021-05-26 06:01:33,139] {dagbag.py:487} INFO - Filling up the DagBag from /home/ubuntu/.local/lib/python3.6/site-packages/airflow/example_dags/example_complex.py
[2021-05-26 06:01:33,166] {scheduler_job.py:643} INFO - DAG(s) dict_keys(['example_complex']) retrieved from /home/ubuntu/.local/lib/python3.6/site-packages/airflow/example_dags/example_complex.py
[2021-05-26 06:01:33,192] {logging_mixin.py:104} INFO - [2021-05-26 06:01:33,192] {dag.py:1832} INFO - Sync 1 DAGs
[2021-05-26 06:01:33,210] {logging_mixin.py:104} INFO - [2021-05-26 06:01:33,210] {dag.py:2305} INFO - Setting next_dagrun for example_complex to None
[2021-05-26 06:01:33,235] {scheduler_job.py:190} INFO - Processing /home/ubuntu/.local/lib/python3.6/site-packages/airflow/example_dags/example_complex.py took 0.107 seconds
[2021-05-26 06:02:10,736] {scheduler_job.py:182} INFO - Started process (PID=14386) to work on /home/ubuntu/.local/lib/python3.6/site-packages/airflow/example_dags/example_complex.py
[2021-05-26 06:02:10,740] {scheduler_job.py:633} INFO - Processing file /home/ubuntu/.local/lib/python3.6/site-packages/airflow/example_dags/example_complex.py for tasks to queue
[2021-05-26 06:02:10,743] {logging_mixin.py:104} INFO - [2021-05-26 06:02:10,743] {dagbag.py:487} INFO - Filling up the DagBag from /home/ubuntu/.local/lib/python3.6/site-packages/airflow/example_dags/example_complex.py
[2021-05-26 06:02:10,767] {scheduler_job.py:643} INFO - DAG(s) dict_keys(['example_complex']) retrieved from /home/ubuntu/.local/lib/python3.6/site-packages/airflow/example_dags/example_complex.py
[2021-05-26 06:02:11,105] {logging_mixin.py:104} INFO - [2021-05-26 06:02:11,105] {dag.py:1832} INFO - Sync 1 DAGs
[2021-05-26 06:02:11,118] {logging_mixin.py:104} INFO - [2021-05-26 06:02:11,118] {dag.py:2305} INFO - Setting next_dagrun for example_complex to None
[2021-05-26 06:02:11,143] {scheduler_job.py:190} INFO - Processing /home/ubuntu/.local/lib/python3.6/site-packages/airflow/example_dags/example_complex.py took 0.409 seconds
[2021-05-26 06:02:50,078] {scheduler_job.py:182} INFO - Started process (PID=14570) to work on /home/ubuntu/.local/lib/python3.6/site-packages/airflow/example_dags/example_complex.py
[2021-05-26 06:02:50,082] {scheduler_job.py:633} INFO - Processing file /home/ubuntu/.local/lib/python3.6/site-packages/airflow/example_dags/example_complex.py for tasks to queue
[2021-05-26 06:02:50,086] {logging_mixin.py:104} INFO - [2021-05-26 06:02:50,086] {dagbag.py:487} INFO - Filling up the DagBag from /home/ubuntu/.local/lib/python3.6/site-packages/airflow/example_dags/example_complex.py
[2021-05-26 06:02:50,115] {scheduler_job.py:643} INFO - DAG(s) dict_keys(['example_complex']) retrieved from /home/ubuntu/.local/lib/python3.6/site-packages/airflow/example_dags/example_complex.py
[2021-05-26 06:02:50,141] {logging_mixin.py:104} INFO - [2021-05-26 06:02:50,141] {dag.py:1832} INFO - Sync 1 DAGs
[2021-05-26 06:02:50,159] {logging_mixin.py:104} INFO - [2021-05-26 06:02:50,159] {dag.py:2305} INFO - Setting next_dagrun for example_complex to None
[2021-05-26 06:02:50,194] {scheduler_job.py:190} INFO - Processing /home/ubuntu/.local/lib/python3.6/site-packages/airflow/example_dags/example_complex.py took 0.119 seconds
[2021-05-26 06:03:27,334] {scheduler_job.py:182} INFO - Started process (PID=14770) to work on /home/ubuntu/.local/lib/python3.6/site-packages/airflow/example_dags/example_complex.py
[2021-05-26 06:03:27,336] {scheduler_job.py:633} INFO - Processing file /home/ubuntu/.local/lib/python3.6/site-packages/airflow/example_dags/example_complex.py for tasks to queue
[2021-05-26 06:03:27,337] {logging_mixin.py:104} INFO - [2021-05-26 06:03:27,337] {dagbag.py:487} INFO - Filling up the DagBag from /home/ubuntu/.local/lib/python3.6/site-packages/airflow/example_dags/example_complex.py
[2021-05-26 06:03:27,365] {scheduler_job.py:643} INFO - DAG(s) dict_keys(['example_complex']) retrieved from /home/ubuntu/.local/lib/python3.6/site-packages/airflow/example_dags/example_complex.py
[2021-05-26 06:03:27,388] {logging_mixin.py:104} INFO - [2021-05-26 06:03:27,388] {dag.py:1832} INFO - Sync 1 DAGs
[2021-05-26 06:03:27,405] {logging_mixin.py:104} INFO - [2021-05-26 06:03:27,404] {dag.py:2305} INFO - Setting next_dagrun for example_complex to None
[2021-05-26 06:03:27,423] {scheduler_job.py:190} INFO - Processing /home/ubuntu/.local/lib/python3.6/site-packages/airflow/example_dags/example_complex.py took 0.091 seconds
[2021-05-26 06:04:05,566] {scheduler_job.py:182} INFO - Started process (PID=14952) to work on /home/ubuntu/.local/lib/python3.6/site-packages/airflow/example_dags/example_complex.py
[2021-05-26 06:04:05,571] {scheduler_job.py:633} INFO - Processing file /home/ubuntu/.local/lib/python3.6/site-packages/airflow/example_dags/example_complex.py for tasks to queue
[2021-05-26 06:04:05,575] {logging_mixin.py:104} INFO - [2021-05-26 06:04:05,575] {dagbag.py:487} INFO - Filling up the DagBag from /home/ubuntu/.local/lib/python3.6/site-packages/airflow/example_dags/example_complex.py
[2021-05-26 06:04:05,605] {scheduler_job.py:643} INFO - DAG(s) dict_keys(['example_complex']) retrieved from /home/ubuntu/.local/lib/python3.6/site-packages/airflow/example_dags/example_complex.py
[2021-05-26 06:04:05,628] {logging_mixin.py:104} INFO - [2021-05-26 06:04:05,628] {dag.py:1832} INFO - Sync 1 DAGs
[2021-05-26 06:04:05,645] {logging_mixin.py:104} INFO - [2021-05-26 06:04:05,645] {dag.py:2305} INFO - Setting next_dagrun for example_complex to None
[2021-05-26 06:04:05,670] {scheduler_job.py:190} INFO - Processing /home/ubuntu/.local/lib/python3.6/site-packages/airflow/example_dags/example_complex.py took 0.106 seconds
[2021-05-26 06:04:40,720] {scheduler_job.py:182} INFO - Started process (PID=15098) to work on /home/ubuntu/.local/lib/python3.6/site-packages/airflow/example_dags/example_complex.py
[2021-05-26 06:04:40,724] {scheduler_job.py:633} INFO - Processing file /home/ubuntu/.local/lib/python3.6/site-packages/airflow/example_dags/example_complex.py for tasks to queue
[2021-05-26 06:04:40,728] {logging_mixin.py:104} INFO - [2021-05-26 06:04:40,727] {dagbag.py:487} INFO - Filling up the DagBag from /home/ubuntu/.local/lib/python3.6/site-packages/airflow/example_dags/example_complex.py
[2021-05-26 06:04:40,749] {scheduler_job.py:643} INFO - DAG(s) dict_keys(['example_complex']) retrieved from /home/ubuntu/.local/lib/python3.6/site-packages/airflow/example_dags/example_complex.py
[2021-05-26 06:04:40,772] {logging_mixin.py:104} INFO - [2021-05-26 06:04:40,771] {dag.py:1832} INFO - Sync 1 DAGs
[2021-05-26 06:04:40,787] {logging_mixin.py:104} INFO - [2021-05-26 06:04:40,787] {dag.py:2305} INFO - Setting next_dagrun for example_complex to None
[2021-05-26 06:04:40,808] {scheduler_job.py:190} INFO - Processing /home/ubuntu/.local/lib/python3.6/site-packages/airflow/example_dags/example_complex.py took 0.090 seconds
[2021-05-26 06:05:14,293] {scheduler_job.py:182} INFO - Started process (PID=15251) to work on /home/ubuntu/.local/lib/python3.6/site-packages/airflow/example_dags/example_complex.py
[2021-05-26 06:05:14,298] {scheduler_job.py:633} INFO - Processing file /home/ubuntu/.local/lib/python3.6/site-packages/airflow/example_dags/example_complex.py for tasks to queue
[2021-05-26 06:05:14,304] {logging_mixin.py:104} INFO - [2021-05-26 06:05:14,304] {dagbag.py:487} INFO - Filling up the DagBag from /home/ubuntu/.local/lib/python3.6/site-packages/airflow/example_dags/example_complex.py
[2021-05-26 06:05:14,331] {scheduler_job.py:643} INFO - DAG(s) dict_keys(['example_complex']) retrieved from /home/ubuntu/.local/lib/python3.6/site-packages/airflow/example_dags/example_complex.py
[2021-05-26 06:05:14,363] {logging_mixin.py:104} INFO - [2021-05-26 06:05:14,363] {dag.py:1832} INFO - Sync 1 DAGs
[2021-05-26 06:05:14,383] {logging_mixin.py:104} INFO - [2021-05-26 06:05:14,382] {dag.py:2305} INFO - Setting next_dagrun for example_complex to None
[2021-05-26 06:05:14,414] {scheduler_job.py:190} INFO - Processing /home/ubuntu/.local/lib/python3.6/site-packages/airflow/example_dags/example_complex.py took 0.123 seconds
[2021-05-26 06:05:55,734] {scheduler_job.py:182} INFO - Started process (PID=15408) to work on /home/ubuntu/.local/lib/python3.6/site-packages/airflow/example_dags/example_complex.py
[2021-05-26 06:05:55,738] {scheduler_job.py:633} INFO - Processing file /home/ubuntu/.local/lib/python3.6/site-packages/airflow/example_dags/example_complex.py for tasks to queue
[2021-05-26 06:05:55,742] {logging_mixin.py:104} INFO - [2021-05-26 06:05:55,742] {dagbag.py:487} INFO - Filling up the DagBag from /home/ubuntu/.local/lib/python3.6/site-packages/airflow/example_dags/example_complex.py
[2021-05-26 06:05:55,771] {scheduler_job.py:643} INFO - DAG(s) dict_keys(['example_complex']) retrieved from /home/ubuntu/.local/lib/python3.6/site-packages/airflow/example_dags/example_complex.py
[2021-05-26 06:05:55,804] {logging_mixin.py:104} INFO - [2021-05-26 06:05:55,804] {dag.py:1832} INFO - Sync 1 DAGs
[2021-05-26 06:05:55,824] {logging_mixin.py:104} INFO - [2021-05-26 06:05:55,824] {dag.py:2305} INFO - Setting next_dagrun for example_complex to None
[2021-05-26 06:05:55,852] {scheduler_job.py:190} INFO - Processing /home/ubuntu/.local/lib/python3.6/site-packages/airflow/example_dags/example_complex.py took 0.121 seconds
[2021-05-26 06:06:37,950] {scheduler_job.py:182} INFO - Started process (PID=15562) to work on /home/ubuntu/.local/lib/python3.6/site-packages/airflow/example_dags/example_complex.py
[2021-05-26 06:06:37,954] {scheduler_job.py:633} INFO - Processing file /home/ubuntu/.local/lib/python3.6/site-packages/airflow/example_dags/example_complex.py for tasks to queue
[2021-05-26 06:06:37,958] {logging_mixin.py:104} INFO - [2021-05-26 06:06:37,958] {dagbag.py:487} INFO - Filling up the DagBag from /home/ubuntu/.local/lib/python3.6/site-packages/airflow/example_dags/example_complex.py
[2021-05-26 06:06:37,990] {scheduler_job.py:643} INFO - DAG(s) dict_keys(['example_complex']) retrieved from /home/ubuntu/.local/lib/python3.6/site-packages/airflow/example_dags/example_complex.py
[2021-05-26 06:06:38,517] {logging_mixin.py:104} INFO - [2021-05-26 06:06:38,516] {dag.py:1832} INFO - Sync 1 DAGs
[2021-05-26 06:06:38,536] {logging_mixin.py:104} INFO - [2021-05-26 06:06:38,536] {dag.py:1851} INFO - Creating ORM DAG for example_complex
[2021-05-26 06:06:38,543] {logging_mixin.py:104} INFO - [2021-05-26 06:06:38,543] {dag.py:2305} INFO - Setting next_dagrun for example_complex to None
[2021-05-26 06:06:38,586] {scheduler_job.py:190} INFO - Processing /home/ubuntu/.local/lib/python3.6/site-packages/airflow/example_dags/example_complex.py took 0.638 seconds
[2021-05-26 06:07:17,017] {scheduler_job.py:182} INFO - Started process (PID=15748) to work on /home/ubuntu/.local/lib/python3.6/site-packages/airflow/example_dags/example_complex.py
[2021-05-26 06:07:17,022] {scheduler_job.py:633} INFO - Processing file /home/ubuntu/.local/lib/python3.6/site-packages/airflow/example_dags/example_complex.py for tasks to queue
[2021-05-26 06:07:17,026] {logging_mixin.py:104} INFO - [2021-05-26 06:07:17,026] {dagbag.py:487} INFO - Filling up the DagBag from /home/ubuntu/.local/lib/python3.6/site-packages/airflow/example_dags/example_complex.py
[2021-05-26 06:07:17,051] {scheduler_job.py:643} INFO - DAG(s) dict_keys(['example_complex']) retrieved from /home/ubuntu/.local/lib/python3.6/site-packages/airflow/example_dags/example_complex.py
[2021-05-26 06:07:17,079] {logging_mixin.py:104} INFO - [2021-05-26 06:07:17,079] {dag.py:1832} INFO - Sync 1 DAGs
[2021-05-26 06:07:17,096] {logging_mixin.py:104} INFO - [2021-05-26 06:07:17,096] {dag.py:2305} INFO - Setting next_dagrun for example_complex to None
[2021-05-26 06:07:17,124] {scheduler_job.py:190} INFO - Processing /home/ubuntu/.local/lib/python3.6/site-packages/airflow/example_dags/example_complex.py took 0.109 seconds
[2021-05-26 06:07:51,810] {scheduler_job.py:182} INFO - Started process (PID=15922) to work on /home/ubuntu/.local/lib/python3.6/site-packages/airflow/example_dags/example_complex.py
[2021-05-26 06:07:51,816] {scheduler_job.py:633} INFO - Processing file /home/ubuntu/.local/lib/python3.6/site-packages/airflow/example_dags/example_complex.py for tasks to queue
[2021-05-26 06:07:51,821] {logging_mixin.py:104} INFO - [2021-05-26 06:07:51,821] {dagbag.py:487} INFO - Filling up the DagBag from /home/ubuntu/.local/lib/python3.6/site-packages/airflow/example_dags/example_complex.py
[2021-05-26 06:07:51,848] {scheduler_job.py:643} INFO - DAG(s) dict_keys(['example_complex']) retrieved from /home/ubuntu/.local/lib/python3.6/site-packages/airflow/example_dags/example_complex.py
[2021-05-26 06:07:51,877] {logging_mixin.py:104} INFO - [2021-05-26 06:07:51,877] {dag.py:1832} INFO - Sync 1 DAGs
[2021-05-26 06:07:51,894] {logging_mixin.py:104} INFO - [2021-05-26 06:07:51,894] {dag.py:2305} INFO - Setting next_dagrun for example_complex to None
[2021-05-26 06:07:51,925] {scheduler_job.py:190} INFO - Processing /home/ubuntu/.local/lib/python3.6/site-packages/airflow/example_dags/example_complex.py took 0.117 seconds
[2021-05-26 06:08:25,237] {scheduler_job.py:182} INFO - Started process (PID=16074) to work on /home/ubuntu/.local/lib/python3.6/site-packages/airflow/example_dags/example_complex.py
[2021-05-26 06:08:25,253] {scheduler_job.py:633} INFO - Processing file /home/ubuntu/.local/lib/python3.6/site-packages/airflow/example_dags/example_complex.py for tasks to queue
[2021-05-26 06:08:25,258] {logging_mixin.py:104} INFO - [2021-05-26 06:08:25,258] {dagbag.py:487} INFO - Filling up the DagBag from /home/ubuntu/.local/lib/python3.6/site-packages/airflow/example_dags/example_complex.py
[2021-05-26 06:08:25,283] {scheduler_job.py:643} INFO - DAG(s) dict_keys(['example_complex']) retrieved from /home/ubuntu/.local/lib/python3.6/site-packages/airflow/example_dags/example_complex.py
[2021-05-26 06:08:25,310] {logging_mixin.py:104} INFO - [2021-05-26 06:08:25,310] {dag.py:1832} INFO - Sync 1 DAGs
[2021-05-26 06:08:25,329] {logging_mixin.py:104} INFO - [2021-05-26 06:08:25,328] {dag.py:2305} INFO - Setting next_dagrun for example_complex to None
[2021-05-26 06:08:25,360] {scheduler_job.py:190} INFO - Processing /home/ubuntu/.local/lib/python3.6/site-packages/airflow/example_dags/example_complex.py took 0.126 seconds
