[2021-05-26 05:47:52,825] {scheduler_job.py:182} INFO - Started process (PID=10659) to work on /home/ubuntu/.local/lib/python3.6/site-packages/airflow/example_dags/example_branch_day_of_week_operator.py
[2021-05-26 05:47:52,828] {scheduler_job.py:633} INFO - Processing file /home/ubuntu/.local/lib/python3.6/site-packages/airflow/example_dags/example_branch_day_of_week_operator.py for tasks to queue
[2021-05-26 05:47:52,828] {logging_mixin.py:104} INFO - [2021-05-26 05:47:52,828] {dagbag.py:487} INFO - Filling up the DagBag from /home/ubuntu/.local/lib/python3.6/site-packages/airflow/example_dags/example_branch_day_of_week_operator.py
[2021-05-26 05:47:52,840] {scheduler_job.py:643} INFO - DAG(s) dict_keys(['example_weekday_branch_operator']) retrieved from /home/ubuntu/.local/lib/python3.6/site-packages/airflow/example_dags/example_branch_day_of_week_operator.py
[2021-05-26 05:47:52,853] {logging_mixin.py:104} INFO - [2021-05-26 05:47:52,853] {dag.py:1832} INFO - Sync 1 DAGs
[2021-05-26 05:47:52,869] {logging_mixin.py:104} INFO - [2021-05-26 05:47:52,869] {dag.py:2305} INFO - Setting next_dagrun for example_weekday_branch_operator to 2021-05-24 00:00:00+00:00
[2021-05-26 05:47:52,889] {scheduler_job.py:190} INFO - Processing /home/ubuntu/.local/lib/python3.6/site-packages/airflow/example_dags/example_branch_day_of_week_operator.py took 0.067 seconds
[2021-05-26 05:48:25,506] {scheduler_job.py:182} INFO - Started process (PID=10804) to work on /home/ubuntu/.local/lib/python3.6/site-packages/airflow/example_dags/example_branch_day_of_week_operator.py
[2021-05-26 05:48:25,507] {scheduler_job.py:633} INFO - Processing file /home/ubuntu/.local/lib/python3.6/site-packages/airflow/example_dags/example_branch_day_of_week_operator.py for tasks to queue
[2021-05-26 05:48:25,508] {logging_mixin.py:104} INFO - [2021-05-26 05:48:25,508] {dagbag.py:487} INFO - Filling up the DagBag from /home/ubuntu/.local/lib/python3.6/site-packages/airflow/example_dags/example_branch_day_of_week_operator.py
[2021-05-26 05:48:25,520] {scheduler_job.py:643} INFO - DAG(s) dict_keys(['example_weekday_branch_operator']) retrieved from /home/ubuntu/.local/lib/python3.6/site-packages/airflow/example_dags/example_branch_day_of_week_operator.py
[2021-05-26 05:48:25,534] {logging_mixin.py:104} INFO - [2021-05-26 05:48:25,534] {dag.py:1832} INFO - Sync 1 DAGs
[2021-05-26 05:48:25,547] {logging_mixin.py:104} INFO - [2021-05-26 05:48:25,547] {dag.py:2305} INFO - Setting next_dagrun for example_weekday_branch_operator to 2021-05-24 00:00:00+00:00
[2021-05-26 05:48:25,563] {scheduler_job.py:190} INFO - Processing /home/ubuntu/.local/lib/python3.6/site-packages/airflow/example_dags/example_branch_day_of_week_operator.py took 0.062 seconds
[2021-05-26 05:48:57,031] {scheduler_job.py:182} INFO - Started process (PID=10937) to work on /home/ubuntu/.local/lib/python3.6/site-packages/airflow/example_dags/example_branch_day_of_week_operator.py
[2021-05-26 05:48:57,034] {scheduler_job.py:633} INFO - Processing file /home/ubuntu/.local/lib/python3.6/site-packages/airflow/example_dags/example_branch_day_of_week_operator.py for tasks to queue
[2021-05-26 05:48:57,035] {logging_mixin.py:104} INFO - [2021-05-26 05:48:57,035] {dagbag.py:487} INFO - Filling up the DagBag from /home/ubuntu/.local/lib/python3.6/site-packages/airflow/example_dags/example_branch_day_of_week_operator.py
[2021-05-26 05:48:57,048] {scheduler_job.py:643} INFO - DAG(s) dict_keys(['example_weekday_branch_operator']) retrieved from /home/ubuntu/.local/lib/python3.6/site-packages/airflow/example_dags/example_branch_day_of_week_operator.py
[2021-05-26 05:48:57,061] {logging_mixin.py:104} INFO - [2021-05-26 05:48:57,061] {dag.py:1832} INFO - Sync 1 DAGs
[2021-05-26 05:48:57,078] {logging_mixin.py:104} INFO - [2021-05-26 05:48:57,077] {dag.py:2305} INFO - Setting next_dagrun for example_weekday_branch_operator to 2021-05-24 00:00:00+00:00
[2021-05-26 05:48:57,097] {scheduler_job.py:190} INFO - Processing /home/ubuntu/.local/lib/python3.6/site-packages/airflow/example_dags/example_branch_day_of_week_operator.py took 0.067 seconds
[2021-05-26 05:49:29,618] {scheduler_job.py:182} INFO - Started process (PID=11078) to work on /home/ubuntu/.local/lib/python3.6/site-packages/airflow/example_dags/example_branch_day_of_week_operator.py
[2021-05-26 05:49:29,621] {scheduler_job.py:633} INFO - Processing file /home/ubuntu/.local/lib/python3.6/site-packages/airflow/example_dags/example_branch_day_of_week_operator.py for tasks to queue
[2021-05-26 05:49:29,622] {logging_mixin.py:104} INFO - [2021-05-26 05:49:29,622] {dagbag.py:487} INFO - Filling up the DagBag from /home/ubuntu/.local/lib/python3.6/site-packages/airflow/example_dags/example_branch_day_of_week_operator.py
[2021-05-26 05:49:29,634] {scheduler_job.py:643} INFO - DAG(s) dict_keys(['example_weekday_branch_operator']) retrieved from /home/ubuntu/.local/lib/python3.6/site-packages/airflow/example_dags/example_branch_day_of_week_operator.py
[2021-05-26 05:49:29,646] {logging_mixin.py:104} INFO - [2021-05-26 05:49:29,646] {dag.py:1832} INFO - Sync 1 DAGs
[2021-05-26 05:49:29,664] {logging_mixin.py:104} INFO - [2021-05-26 05:49:29,664] {dag.py:2305} INFO - Setting next_dagrun for example_weekday_branch_operator to 2021-05-24 00:00:00+00:00
[2021-05-26 05:49:29,683] {scheduler_job.py:190} INFO - Processing /home/ubuntu/.local/lib/python3.6/site-packages/airflow/example_dags/example_branch_day_of_week_operator.py took 0.067 seconds
[2021-05-26 05:50:01,857] {scheduler_job.py:182} INFO - Started process (PID=11211) to work on /home/ubuntu/.local/lib/python3.6/site-packages/airflow/example_dags/example_branch_day_of_week_operator.py
[2021-05-26 05:50:01,861] {scheduler_job.py:633} INFO - Processing file /home/ubuntu/.local/lib/python3.6/site-packages/airflow/example_dags/example_branch_day_of_week_operator.py for tasks to queue
[2021-05-26 05:50:01,863] {logging_mixin.py:104} INFO - [2021-05-26 05:50:01,863] {dagbag.py:487} INFO - Filling up the DagBag from /home/ubuntu/.local/lib/python3.6/site-packages/airflow/example_dags/example_branch_day_of_week_operator.py
[2021-05-26 05:50:01,874] {scheduler_job.py:643} INFO - DAG(s) dict_keys(['example_weekday_branch_operator']) retrieved from /home/ubuntu/.local/lib/python3.6/site-packages/airflow/example_dags/example_branch_day_of_week_operator.py
[2021-05-26 05:50:01,888] {logging_mixin.py:104} INFO - [2021-05-26 05:50:01,888] {dag.py:1832} INFO - Sync 1 DAGs
[2021-05-26 05:50:01,905] {logging_mixin.py:104} INFO - [2021-05-26 05:50:01,905] {dag.py:2305} INFO - Setting next_dagrun for example_weekday_branch_operator to 2021-05-24 00:00:00+00:00
[2021-05-26 05:50:01,926] {scheduler_job.py:190} INFO - Processing /home/ubuntu/.local/lib/python3.6/site-packages/airflow/example_dags/example_branch_day_of_week_operator.py took 0.071 seconds
[2021-05-26 05:50:34,210] {scheduler_job.py:182} INFO - Started process (PID=11339) to work on /home/ubuntu/.local/lib/python3.6/site-packages/airflow/example_dags/example_branch_day_of_week_operator.py
[2021-05-26 05:50:34,212] {scheduler_job.py:633} INFO - Processing file /home/ubuntu/.local/lib/python3.6/site-packages/airflow/example_dags/example_branch_day_of_week_operator.py for tasks to queue
[2021-05-26 05:50:34,212] {logging_mixin.py:104} INFO - [2021-05-26 05:50:34,212] {dagbag.py:487} INFO - Filling up the DagBag from /home/ubuntu/.local/lib/python3.6/site-packages/airflow/example_dags/example_branch_day_of_week_operator.py
[2021-05-26 05:50:34,226] {scheduler_job.py:643} INFO - DAG(s) dict_keys(['example_weekday_branch_operator']) retrieved from /home/ubuntu/.local/lib/python3.6/site-packages/airflow/example_dags/example_branch_day_of_week_operator.py
[2021-05-26 05:50:34,239] {logging_mixin.py:104} INFO - [2021-05-26 05:50:34,239] {dag.py:1832} INFO - Sync 1 DAGs
[2021-05-26 05:50:34,257] {logging_mixin.py:104} INFO - [2021-05-26 05:50:34,257] {dag.py:2305} INFO - Setting next_dagrun for example_weekday_branch_operator to 2021-05-24 00:00:00+00:00
[2021-05-26 05:50:34,276] {scheduler_job.py:190} INFO - Processing /home/ubuntu/.local/lib/python3.6/site-packages/airflow/example_dags/example_branch_day_of_week_operator.py took 0.068 seconds
[2021-05-26 05:51:07,077] {scheduler_job.py:182} INFO - Started process (PID=11467) to work on /home/ubuntu/.local/lib/python3.6/site-packages/airflow/example_dags/example_branch_day_of_week_operator.py
[2021-05-26 05:51:07,080] {scheduler_job.py:633} INFO - Processing file /home/ubuntu/.local/lib/python3.6/site-packages/airflow/example_dags/example_branch_day_of_week_operator.py for tasks to queue
[2021-05-26 05:51:07,081] {logging_mixin.py:104} INFO - [2021-05-26 05:51:07,081] {dagbag.py:487} INFO - Filling up the DagBag from /home/ubuntu/.local/lib/python3.6/site-packages/airflow/example_dags/example_branch_day_of_week_operator.py
[2021-05-26 05:51:07,093] {scheduler_job.py:643} INFO - DAG(s) dict_keys(['example_weekday_branch_operator']) retrieved from /home/ubuntu/.local/lib/python3.6/site-packages/airflow/example_dags/example_branch_day_of_week_operator.py
[2021-05-26 05:51:07,106] {logging_mixin.py:104} INFO - [2021-05-26 05:51:07,106] {dag.py:1832} INFO - Sync 1 DAGs
[2021-05-26 05:51:07,123] {logging_mixin.py:104} INFO - [2021-05-26 05:51:07,123] {dag.py:2305} INFO - Setting next_dagrun for example_weekday_branch_operator to 2021-05-24 00:00:00+00:00
[2021-05-26 05:51:07,140] {scheduler_job.py:190} INFO - Processing /home/ubuntu/.local/lib/python3.6/site-packages/airflow/example_dags/example_branch_day_of_week_operator.py took 0.064 seconds
[2021-05-26 05:51:37,995] {scheduler_job.py:182} INFO - Started process (PID=11588) to work on /home/ubuntu/.local/lib/python3.6/site-packages/airflow/example_dags/example_branch_day_of_week_operator.py
[2021-05-26 05:51:37,996] {scheduler_job.py:633} INFO - Processing file /home/ubuntu/.local/lib/python3.6/site-packages/airflow/example_dags/example_branch_day_of_week_operator.py for tasks to queue
[2021-05-26 05:51:37,997] {logging_mixin.py:104} INFO - [2021-05-26 05:51:37,997] {dagbag.py:487} INFO - Filling up the DagBag from /home/ubuntu/.local/lib/python3.6/site-packages/airflow/example_dags/example_branch_day_of_week_operator.py
[2021-05-26 05:51:38,014] {scheduler_job.py:643} INFO - DAG(s) dict_keys(['example_weekday_branch_operator']) retrieved from /home/ubuntu/.local/lib/python3.6/site-packages/airflow/example_dags/example_branch_day_of_week_operator.py
[2021-05-26 05:51:38,028] {logging_mixin.py:104} INFO - [2021-05-26 05:51:38,028] {dag.py:1832} INFO - Sync 1 DAGs
[2021-05-26 05:51:38,046] {logging_mixin.py:104} INFO - [2021-05-26 05:51:38,046] {dag.py:2305} INFO - Setting next_dagrun for example_weekday_branch_operator to 2021-05-24 00:00:00+00:00
[2021-05-26 05:51:38,063] {scheduler_job.py:190} INFO - Processing /home/ubuntu/.local/lib/python3.6/site-packages/airflow/example_dags/example_branch_day_of_week_operator.py took 0.071 seconds
[2021-05-26 05:52:10,053] {scheduler_job.py:182} INFO - Started process (PID=11709) to work on /home/ubuntu/.local/lib/python3.6/site-packages/airflow/example_dags/example_branch_day_of_week_operator.py
[2021-05-26 05:52:10,058] {scheduler_job.py:633} INFO - Processing file /home/ubuntu/.local/lib/python3.6/site-packages/airflow/example_dags/example_branch_day_of_week_operator.py for tasks to queue
[2021-05-26 05:52:10,064] {logging_mixin.py:104} INFO - [2021-05-26 05:52:10,064] {dagbag.py:487} INFO - Filling up the DagBag from /home/ubuntu/.local/lib/python3.6/site-packages/airflow/example_dags/example_branch_day_of_week_operator.py
[2021-05-26 05:52:10,081] {scheduler_job.py:643} INFO - DAG(s) dict_keys(['example_weekday_branch_operator']) retrieved from /home/ubuntu/.local/lib/python3.6/site-packages/airflow/example_dags/example_branch_day_of_week_operator.py
[2021-05-26 05:52:10,097] {logging_mixin.py:104} INFO - [2021-05-26 05:52:10,097] {dag.py:1832} INFO - Sync 1 DAGs
[2021-05-26 05:52:10,113] {logging_mixin.py:104} INFO - [2021-05-26 05:52:10,113] {dag.py:2305} INFO - Setting next_dagrun for example_weekday_branch_operator to 2021-05-24 00:00:00+00:00
[2021-05-26 05:52:10,132] {scheduler_job.py:190} INFO - Processing /home/ubuntu/.local/lib/python3.6/site-packages/airflow/example_dags/example_branch_day_of_week_operator.py took 0.081 seconds
[2021-05-26 05:52:40,844] {scheduler_job.py:182} INFO - Started process (PID=11830) to work on /home/ubuntu/.local/lib/python3.6/site-packages/airflow/example_dags/example_branch_day_of_week_operator.py
[2021-05-26 05:52:40,849] {scheduler_job.py:633} INFO - Processing file /home/ubuntu/.local/lib/python3.6/site-packages/airflow/example_dags/example_branch_day_of_week_operator.py for tasks to queue
[2021-05-26 05:52:40,853] {logging_mixin.py:104} INFO - [2021-05-26 05:52:40,853] {dagbag.py:487} INFO - Filling up the DagBag from /home/ubuntu/.local/lib/python3.6/site-packages/airflow/example_dags/example_branch_day_of_week_operator.py
[2021-05-26 05:52:40,866] {scheduler_job.py:643} INFO - DAG(s) dict_keys(['example_weekday_branch_operator']) retrieved from /home/ubuntu/.local/lib/python3.6/site-packages/airflow/example_dags/example_branch_day_of_week_operator.py
[2021-05-26 05:52:40,882] {logging_mixin.py:104} INFO - [2021-05-26 05:52:40,882] {dag.py:1832} INFO - Sync 1 DAGs
[2021-05-26 05:52:40,899] {logging_mixin.py:104} INFO - [2021-05-26 05:52:40,899] {dag.py:2305} INFO - Setting next_dagrun for example_weekday_branch_operator to 2021-05-24 00:00:00+00:00
[2021-05-26 05:52:40,920] {scheduler_job.py:190} INFO - Processing /home/ubuntu/.local/lib/python3.6/site-packages/airflow/example_dags/example_branch_day_of_week_operator.py took 0.079 seconds
[2021-05-26 05:53:13,631] {scheduler_job.py:182} INFO - Started process (PID=11958) to work on /home/ubuntu/.local/lib/python3.6/site-packages/airflow/example_dags/example_branch_day_of_week_operator.py
[2021-05-26 05:53:13,634] {scheduler_job.py:633} INFO - Processing file /home/ubuntu/.local/lib/python3.6/site-packages/airflow/example_dags/example_branch_day_of_week_operator.py for tasks to queue
[2021-05-26 05:53:13,634] {logging_mixin.py:104} INFO - [2021-05-26 05:53:13,634] {dagbag.py:487} INFO - Filling up the DagBag from /home/ubuntu/.local/lib/python3.6/site-packages/airflow/example_dags/example_branch_day_of_week_operator.py
[2021-05-26 05:53:13,646] {scheduler_job.py:643} INFO - DAG(s) dict_keys(['example_weekday_branch_operator']) retrieved from /home/ubuntu/.local/lib/python3.6/site-packages/airflow/example_dags/example_branch_day_of_week_operator.py
[2021-05-26 05:53:13,661] {logging_mixin.py:104} INFO - [2021-05-26 05:53:13,661] {dag.py:1832} INFO - Sync 1 DAGs
[2021-05-26 05:53:13,677] {logging_mixin.py:104} INFO - [2021-05-26 05:53:13,676] {dag.py:2305} INFO - Setting next_dagrun for example_weekday_branch_operator to 2021-05-24 00:00:00+00:00
[2021-05-26 05:53:13,692] {scheduler_job.py:190} INFO - Processing /home/ubuntu/.local/lib/python3.6/site-packages/airflow/example_dags/example_branch_day_of_week_operator.py took 0.063 seconds
[2021-05-26 05:53:45,057] {scheduler_job.py:182} INFO - Started process (PID=12081) to work on /home/ubuntu/.local/lib/python3.6/site-packages/airflow/example_dags/example_branch_day_of_week_operator.py
[2021-05-26 05:53:45,060] {scheduler_job.py:633} INFO - Processing file /home/ubuntu/.local/lib/python3.6/site-packages/airflow/example_dags/example_branch_day_of_week_operator.py for tasks to queue
[2021-05-26 05:53:45,060] {logging_mixin.py:104} INFO - [2021-05-26 05:53:45,060] {dagbag.py:487} INFO - Filling up the DagBag from /home/ubuntu/.local/lib/python3.6/site-packages/airflow/example_dags/example_branch_day_of_week_operator.py
[2021-05-26 05:53:45,074] {scheduler_job.py:643} INFO - DAG(s) dict_keys(['example_weekday_branch_operator']) retrieved from /home/ubuntu/.local/lib/python3.6/site-packages/airflow/example_dags/example_branch_day_of_week_operator.py
[2021-05-26 05:53:45,086] {logging_mixin.py:104} INFO - [2021-05-26 05:53:45,086] {dag.py:1832} INFO - Sync 1 DAGs
[2021-05-26 05:53:45,102] {logging_mixin.py:104} INFO - [2021-05-26 05:53:45,101] {dag.py:2305} INFO - Setting next_dagrun for example_weekday_branch_operator to 2021-05-24 00:00:00+00:00
[2021-05-26 05:53:45,117] {scheduler_job.py:190} INFO - Processing /home/ubuntu/.local/lib/python3.6/site-packages/airflow/example_dags/example_branch_day_of_week_operator.py took 0.063 seconds
[2021-05-26 05:54:19,669] {scheduler_job.py:182} INFO - Started process (PID=12216) to work on /home/ubuntu/.local/lib/python3.6/site-packages/airflow/example_dags/example_branch_day_of_week_operator.py
[2021-05-26 05:54:19,673] {scheduler_job.py:633} INFO - Processing file /home/ubuntu/.local/lib/python3.6/site-packages/airflow/example_dags/example_branch_day_of_week_operator.py for tasks to queue
[2021-05-26 05:54:19,677] {logging_mixin.py:104} INFO - [2021-05-26 05:54:19,677] {dagbag.py:487} INFO - Filling up the DagBag from /home/ubuntu/.local/lib/python3.6/site-packages/airflow/example_dags/example_branch_day_of_week_operator.py
[2021-05-26 05:54:19,692] {scheduler_job.py:643} INFO - DAG(s) dict_keys(['example_weekday_branch_operator']) retrieved from /home/ubuntu/.local/lib/python3.6/site-packages/airflow/example_dags/example_branch_day_of_week_operator.py
[2021-05-26 05:54:19,706] {logging_mixin.py:104} INFO - [2021-05-26 05:54:19,706] {dag.py:1832} INFO - Sync 1 DAGs
[2021-05-26 05:54:19,722] {logging_mixin.py:104} INFO - [2021-05-26 05:54:19,722] {dag.py:2305} INFO - Setting next_dagrun for example_weekday_branch_operator to 2021-05-24 00:00:00+00:00
[2021-05-26 05:54:19,748] {scheduler_job.py:190} INFO - Processing /home/ubuntu/.local/lib/python3.6/site-packages/airflow/example_dags/example_branch_day_of_week_operator.py took 0.081 seconds
[2021-05-26 05:54:54,917] {scheduler_job.py:182} INFO - Started process (PID=12356) to work on /home/ubuntu/.local/lib/python3.6/site-packages/airflow/example_dags/example_branch_day_of_week_operator.py
[2021-05-26 05:54:54,920] {scheduler_job.py:633} INFO - Processing file /home/ubuntu/.local/lib/python3.6/site-packages/airflow/example_dags/example_branch_day_of_week_operator.py for tasks to queue
[2021-05-26 05:54:54,921] {logging_mixin.py:104} INFO - [2021-05-26 05:54:54,921] {dagbag.py:487} INFO - Filling up the DagBag from /home/ubuntu/.local/lib/python3.6/site-packages/airflow/example_dags/example_branch_day_of_week_operator.py
[2021-05-26 05:54:54,936] {scheduler_job.py:643} INFO - DAG(s) dict_keys(['example_weekday_branch_operator']) retrieved from /home/ubuntu/.local/lib/python3.6/site-packages/airflow/example_dags/example_branch_day_of_week_operator.py
[2021-05-26 05:54:54,950] {logging_mixin.py:104} INFO - [2021-05-26 05:54:54,950] {dag.py:1832} INFO - Sync 1 DAGs
[2021-05-26 05:54:54,966] {logging_mixin.py:104} INFO - [2021-05-26 05:54:54,966] {dag.py:2305} INFO - Setting next_dagrun for example_weekday_branch_operator to 2021-05-24 00:00:00+00:00
[2021-05-26 05:54:54,985] {scheduler_job.py:190} INFO - Processing /home/ubuntu/.local/lib/python3.6/site-packages/airflow/example_dags/example_branch_day_of_week_operator.py took 0.069 seconds
[2021-05-26 05:56:10,045] {scheduler_job.py:182} INFO - Started process (PID=12680) to work on /home/ubuntu/.local/lib/python3.6/site-packages/airflow/example_dags/example_branch_day_of_week_operator.py
[2021-05-26 05:56:10,048] {scheduler_job.py:633} INFO - Processing file /home/ubuntu/.local/lib/python3.6/site-packages/airflow/example_dags/example_branch_day_of_week_operator.py for tasks to queue
[2021-05-26 05:56:10,049] {logging_mixin.py:104} INFO - [2021-05-26 05:56:10,048] {dagbag.py:487} INFO - Filling up the DagBag from /home/ubuntu/.local/lib/python3.6/site-packages/airflow/example_dags/example_branch_day_of_week_operator.py
[2021-05-26 05:56:10,064] {scheduler_job.py:643} INFO - DAG(s) dict_keys(['example_weekday_branch_operator']) retrieved from /home/ubuntu/.local/lib/python3.6/site-packages/airflow/example_dags/example_branch_day_of_week_operator.py
[2021-05-26 05:56:10,080] {logging_mixin.py:104} INFO - [2021-05-26 05:56:10,080] {dag.py:1832} INFO - Sync 1 DAGs
[2021-05-26 05:56:10,105] {logging_mixin.py:104} INFO - [2021-05-26 05:56:10,104] {dag.py:2305} INFO - Setting next_dagrun for example_weekday_branch_operator to 2021-05-24 00:00:00+00:00
[2021-05-26 05:56:10,124] {scheduler_job.py:190} INFO - Processing /home/ubuntu/.local/lib/python3.6/site-packages/airflow/example_dags/example_branch_day_of_week_operator.py took 0.082 seconds
[2021-05-26 05:56:44,391] {scheduler_job.py:182} INFO - Started process (PID=12850) to work on /home/ubuntu/.local/lib/python3.6/site-packages/airflow/example_dags/example_branch_day_of_week_operator.py
[2021-05-26 05:56:44,396] {scheduler_job.py:633} INFO - Processing file /home/ubuntu/.local/lib/python3.6/site-packages/airflow/example_dags/example_branch_day_of_week_operator.py for tasks to queue
[2021-05-26 05:56:44,400] {logging_mixin.py:104} INFO - [2021-05-26 05:56:44,400] {dagbag.py:487} INFO - Filling up the DagBag from /home/ubuntu/.local/lib/python3.6/site-packages/airflow/example_dags/example_branch_day_of_week_operator.py
[2021-05-26 05:56:44,416] {scheduler_job.py:643} INFO - DAG(s) dict_keys(['example_weekday_branch_operator']) retrieved from /home/ubuntu/.local/lib/python3.6/site-packages/airflow/example_dags/example_branch_day_of_week_operator.py
[2021-05-26 05:56:44,432] {logging_mixin.py:104} INFO - [2021-05-26 05:56:44,432] {dag.py:1832} INFO - Sync 1 DAGs
[2021-05-26 05:56:44,457] {logging_mixin.py:104} INFO - [2021-05-26 05:56:44,457] {dag.py:2305} INFO - Setting next_dagrun for example_weekday_branch_operator to 2021-05-24 00:00:00+00:00
[2021-05-26 05:56:44,492] {scheduler_job.py:190} INFO - Processing /home/ubuntu/.local/lib/python3.6/site-packages/airflow/example_dags/example_branch_day_of_week_operator.py took 0.103 seconds
[2021-05-26 05:57:20,066] {scheduler_job.py:182} INFO - Started process (PID=13025) to work on /home/ubuntu/.local/lib/python3.6/site-packages/airflow/example_dags/example_branch_day_of_week_operator.py
[2021-05-26 05:57:20,071] {scheduler_job.py:633} INFO - Processing file /home/ubuntu/.local/lib/python3.6/site-packages/airflow/example_dags/example_branch_day_of_week_operator.py for tasks to queue
[2021-05-26 05:57:20,075] {logging_mixin.py:104} INFO - [2021-05-26 05:57:20,075] {dagbag.py:487} INFO - Filling up the DagBag from /home/ubuntu/.local/lib/python3.6/site-packages/airflow/example_dags/example_branch_day_of_week_operator.py
[2021-05-26 05:57:20,089] {scheduler_job.py:643} INFO - DAG(s) dict_keys(['example_weekday_branch_operator']) retrieved from /home/ubuntu/.local/lib/python3.6/site-packages/airflow/example_dags/example_branch_day_of_week_operator.py
[2021-05-26 05:57:20,116] {logging_mixin.py:104} INFO - [2021-05-26 05:57:20,116] {dag.py:1832} INFO - Sync 1 DAGs
[2021-05-26 05:57:20,153] {logging_mixin.py:104} INFO - [2021-05-26 05:57:20,152] {dag.py:2305} INFO - Setting next_dagrun for example_weekday_branch_operator to 2021-05-24 00:00:00+00:00
[2021-05-26 05:57:20,192] {scheduler_job.py:190} INFO - Processing /home/ubuntu/.local/lib/python3.6/site-packages/airflow/example_dags/example_branch_day_of_week_operator.py took 0.129 seconds
[2021-05-26 05:57:52,581] {scheduler_job.py:182} INFO - Started process (PID=13152) to work on /home/ubuntu/.local/lib/python3.6/site-packages/airflow/example_dags/example_branch_day_of_week_operator.py
[2021-05-26 05:57:52,585] {scheduler_job.py:633} INFO - Processing file /home/ubuntu/.local/lib/python3.6/site-packages/airflow/example_dags/example_branch_day_of_week_operator.py for tasks to queue
[2021-05-26 05:57:52,590] {logging_mixin.py:104} INFO - [2021-05-26 05:57:52,589] {dagbag.py:487} INFO - Filling up the DagBag from /home/ubuntu/.local/lib/python3.6/site-packages/airflow/example_dags/example_branch_day_of_week_operator.py
[2021-05-26 05:57:52,604] {scheduler_job.py:643} INFO - DAG(s) dict_keys(['example_weekday_branch_operator']) retrieved from /home/ubuntu/.local/lib/python3.6/site-packages/airflow/example_dags/example_branch_day_of_week_operator.py
[2021-05-26 05:57:52,621] {logging_mixin.py:104} INFO - [2021-05-26 05:57:52,621] {dag.py:1832} INFO - Sync 1 DAGs
[2021-05-26 05:57:52,645] {logging_mixin.py:104} INFO - [2021-05-26 05:57:52,644] {dag.py:2305} INFO - Setting next_dagrun for example_weekday_branch_operator to 2021-05-24 00:00:00+00:00
[2021-05-26 05:57:52,675] {scheduler_job.py:190} INFO - Processing /home/ubuntu/.local/lib/python3.6/site-packages/airflow/example_dags/example_branch_day_of_week_operator.py took 0.096 seconds
[2021-05-26 05:58:24,912] {scheduler_job.py:182} INFO - Started process (PID=13297) to work on /home/ubuntu/.local/lib/python3.6/site-packages/airflow/example_dags/example_branch_day_of_week_operator.py
[2021-05-26 05:58:24,916] {scheduler_job.py:633} INFO - Processing file /home/ubuntu/.local/lib/python3.6/site-packages/airflow/example_dags/example_branch_day_of_week_operator.py for tasks to queue
[2021-05-26 05:58:24,920] {logging_mixin.py:104} INFO - [2021-05-26 05:58:24,920] {dagbag.py:487} INFO - Filling up the DagBag from /home/ubuntu/.local/lib/python3.6/site-packages/airflow/example_dags/example_branch_day_of_week_operator.py
[2021-05-26 05:58:24,934] {scheduler_job.py:643} INFO - DAG(s) dict_keys(['example_weekday_branch_operator']) retrieved from /home/ubuntu/.local/lib/python3.6/site-packages/airflow/example_dags/example_branch_day_of_week_operator.py
[2021-05-26 05:58:24,950] {logging_mixin.py:104} INFO - [2021-05-26 05:58:24,950] {dag.py:1832} INFO - Sync 1 DAGs
[2021-05-26 05:58:24,972] {logging_mixin.py:104} INFO - [2021-05-26 05:58:24,971] {dag.py:2305} INFO - Setting next_dagrun for example_weekday_branch_operator to 2021-05-24 00:00:00+00:00
[2021-05-26 05:58:24,998] {scheduler_job.py:190} INFO - Processing /home/ubuntu/.local/lib/python3.6/site-packages/airflow/example_dags/example_branch_day_of_week_operator.py took 0.088 seconds
[2021-05-26 05:58:58,939] {scheduler_job.py:182} INFO - Started process (PID=13464) to work on /home/ubuntu/.local/lib/python3.6/site-packages/airflow/example_dags/example_branch_day_of_week_operator.py
[2021-05-26 05:58:58,943] {scheduler_job.py:633} INFO - Processing file /home/ubuntu/.local/lib/python3.6/site-packages/airflow/example_dags/example_branch_day_of_week_operator.py for tasks to queue
[2021-05-26 05:58:58,947] {logging_mixin.py:104} INFO - [2021-05-26 05:58:58,946] {dagbag.py:487} INFO - Filling up the DagBag from /home/ubuntu/.local/lib/python3.6/site-packages/airflow/example_dags/example_branch_day_of_week_operator.py
[2021-05-26 05:58:58,961] {scheduler_job.py:643} INFO - DAG(s) dict_keys(['example_weekday_branch_operator']) retrieved from /home/ubuntu/.local/lib/python3.6/site-packages/airflow/example_dags/example_branch_day_of_week_operator.py
[2021-05-26 05:58:58,977] {logging_mixin.py:104} INFO - [2021-05-26 05:58:58,977] {dag.py:1832} INFO - Sync 1 DAGs
[2021-05-26 05:58:59,027] {logging_mixin.py:104} INFO - [2021-05-26 05:58:59,027] {dag.py:2305} INFO - Setting next_dagrun for example_weekday_branch_operator to 2021-05-24 00:00:00+00:00
[2021-05-26 05:58:59,042] {scheduler_job.py:190} INFO - Processing /home/ubuntu/.local/lib/python3.6/site-packages/airflow/example_dags/example_branch_day_of_week_operator.py took 0.106 seconds
[2021-05-26 05:59:32,629] {scheduler_job.py:182} INFO - Started process (PID=13633) to work on /home/ubuntu/.local/lib/python3.6/site-packages/airflow/example_dags/example_branch_day_of_week_operator.py
[2021-05-26 05:59:32,630] {scheduler_job.py:633} INFO - Processing file /home/ubuntu/.local/lib/python3.6/site-packages/airflow/example_dags/example_branch_day_of_week_operator.py for tasks to queue
[2021-05-26 05:59:32,630] {logging_mixin.py:104} INFO - [2021-05-26 05:59:32,630] {dagbag.py:487} INFO - Filling up the DagBag from /home/ubuntu/.local/lib/python3.6/site-packages/airflow/example_dags/example_branch_day_of_week_operator.py
[2021-05-26 05:59:32,641] {scheduler_job.py:643} INFO - DAG(s) dict_keys(['example_weekday_branch_operator']) retrieved from /home/ubuntu/.local/lib/python3.6/site-packages/airflow/example_dags/example_branch_day_of_week_operator.py
[2021-05-26 05:59:32,656] {logging_mixin.py:104} INFO - [2021-05-26 05:59:32,656] {dag.py:1832} INFO - Sync 1 DAGs
[2021-05-26 05:59:32,673] {logging_mixin.py:104} INFO - [2021-05-26 05:59:32,673] {dag.py:2305} INFO - Setting next_dagrun for example_weekday_branch_operator to 2021-05-24 00:00:00+00:00
[2021-05-26 05:59:32,690] {scheduler_job.py:190} INFO - Processing /home/ubuntu/.local/lib/python3.6/site-packages/airflow/example_dags/example_branch_day_of_week_operator.py took 0.063 seconds
[2021-05-26 06:00:09,232] {scheduler_job.py:182} INFO - Started process (PID=13832) to work on /home/ubuntu/.local/lib/python3.6/site-packages/airflow/example_dags/example_branch_day_of_week_operator.py
[2021-05-26 06:00:09,234] {scheduler_job.py:633} INFO - Processing file /home/ubuntu/.local/lib/python3.6/site-packages/airflow/example_dags/example_branch_day_of_week_operator.py for tasks to queue
[2021-05-26 06:00:09,238] {logging_mixin.py:104} INFO - [2021-05-26 06:00:09,238] {dagbag.py:487} INFO - Filling up the DagBag from /home/ubuntu/.local/lib/python3.6/site-packages/airflow/example_dags/example_branch_day_of_week_operator.py
[2021-05-26 06:00:09,290] {scheduler_job.py:643} INFO - DAG(s) dict_keys(['example_weekday_branch_operator']) retrieved from /home/ubuntu/.local/lib/python3.6/site-packages/airflow/example_dags/example_branch_day_of_week_operator.py
[2021-05-26 06:00:09,414] {logging_mixin.py:104} INFO - [2021-05-26 06:00:09,414] {dag.py:1832} INFO - Sync 1 DAGs
[2021-05-26 06:00:09,501] {logging_mixin.py:104} INFO - [2021-05-26 06:00:09,501] {dag.py:2305} INFO - Setting next_dagrun for example_weekday_branch_operator to 2021-05-24 00:00:00+00:00
[2021-05-26 06:00:09,535] {scheduler_job.py:190} INFO - Processing /home/ubuntu/.local/lib/python3.6/site-packages/airflow/example_dags/example_branch_day_of_week_operator.py took 0.308 seconds
[2021-05-26 06:00:45,704] {scheduler_job.py:182} INFO - Started process (PID=13981) to work on /home/ubuntu/.local/lib/python3.6/site-packages/airflow/example_dags/example_branch_day_of_week_operator.py
[2021-05-26 06:00:45,708] {scheduler_job.py:633} INFO - Processing file /home/ubuntu/.local/lib/python3.6/site-packages/airflow/example_dags/example_branch_day_of_week_operator.py for tasks to queue
[2021-05-26 06:00:45,712] {logging_mixin.py:104} INFO - [2021-05-26 06:00:45,712] {dagbag.py:487} INFO - Filling up the DagBag from /home/ubuntu/.local/lib/python3.6/site-packages/airflow/example_dags/example_branch_day_of_week_operator.py
[2021-05-26 06:00:45,726] {scheduler_job.py:643} INFO - DAG(s) dict_keys(['example_weekday_branch_operator']) retrieved from /home/ubuntu/.local/lib/python3.6/site-packages/airflow/example_dags/example_branch_day_of_week_operator.py
[2021-05-26 06:00:45,744] {logging_mixin.py:104} INFO - [2021-05-26 06:00:45,744] {dag.py:1832} INFO - Sync 1 DAGs
[2021-05-26 06:00:45,773] {logging_mixin.py:104} INFO - [2021-05-26 06:00:45,773] {dag.py:2305} INFO - Setting next_dagrun for example_weekday_branch_operator to 2021-05-24 00:00:00+00:00
[2021-05-26 06:00:45,800] {scheduler_job.py:190} INFO - Processing /home/ubuntu/.local/lib/python3.6/site-packages/airflow/example_dags/example_branch_day_of_week_operator.py took 0.098 seconds
[2021-05-26 06:01:20,204] {scheduler_job.py:182} INFO - Started process (PID=14139) to work on /home/ubuntu/.local/lib/python3.6/site-packages/airflow/example_dags/example_branch_day_of_week_operator.py
[2021-05-26 06:01:20,210] {scheduler_job.py:633} INFO - Processing file /home/ubuntu/.local/lib/python3.6/site-packages/airflow/example_dags/example_branch_day_of_week_operator.py for tasks to queue
[2021-05-26 06:01:20,214] {logging_mixin.py:104} INFO - [2021-05-26 06:01:20,214] {dagbag.py:487} INFO - Filling up the DagBag from /home/ubuntu/.local/lib/python3.6/site-packages/airflow/example_dags/example_branch_day_of_week_operator.py
[2021-05-26 06:01:20,231] {scheduler_job.py:643} INFO - DAG(s) dict_keys(['example_weekday_branch_operator']) retrieved from /home/ubuntu/.local/lib/python3.6/site-packages/airflow/example_dags/example_branch_day_of_week_operator.py
[2021-05-26 06:01:20,250] {logging_mixin.py:104} INFO - [2021-05-26 06:01:20,250] {dag.py:1832} INFO - Sync 1 DAGs
[2021-05-26 06:01:20,276] {logging_mixin.py:104} INFO - [2021-05-26 06:01:20,276] {dag.py:2305} INFO - Setting next_dagrun for example_weekday_branch_operator to 2021-05-24 00:00:00+00:00
[2021-05-26 06:01:20,307] {scheduler_job.py:190} INFO - Processing /home/ubuntu/.local/lib/python3.6/site-packages/airflow/example_dags/example_branch_day_of_week_operator.py took 0.105 seconds
[2021-05-26 06:02:01,453] {scheduler_job.py:182} INFO - Started process (PID=14347) to work on /home/ubuntu/.local/lib/python3.6/site-packages/airflow/example_dags/example_branch_day_of_week_operator.py
[2021-05-26 06:02:01,457] {scheduler_job.py:633} INFO - Processing file /home/ubuntu/.local/lib/python3.6/site-packages/airflow/example_dags/example_branch_day_of_week_operator.py for tasks to queue
[2021-05-26 06:02:01,461] {logging_mixin.py:104} INFO - [2021-05-26 06:02:01,461] {dagbag.py:487} INFO - Filling up the DagBag from /home/ubuntu/.local/lib/python3.6/site-packages/airflow/example_dags/example_branch_day_of_week_operator.py
[2021-05-26 06:02:01,477] {scheduler_job.py:643} INFO - DAG(s) dict_keys(['example_weekday_branch_operator']) retrieved from /home/ubuntu/.local/lib/python3.6/site-packages/airflow/example_dags/example_branch_day_of_week_operator.py
[2021-05-26 06:02:01,833] {logging_mixin.py:104} INFO - [2021-05-26 06:02:01,833] {dag.py:1832} INFO - Sync 1 DAGs
[2021-05-26 06:02:01,853] {logging_mixin.py:104} INFO - [2021-05-26 06:02:01,853] {dag.py:2305} INFO - Setting next_dagrun for example_weekday_branch_operator to 2021-05-24 00:00:00+00:00
[2021-05-26 06:02:01,887] {scheduler_job.py:190} INFO - Processing /home/ubuntu/.local/lib/python3.6/site-packages/airflow/example_dags/example_branch_day_of_week_operator.py took 0.436 seconds
[2021-05-26 06:02:43,553] {scheduler_job.py:182} INFO - Started process (PID=14541) to work on /home/ubuntu/.local/lib/python3.6/site-packages/airflow/example_dags/example_branch_day_of_week_operator.py
[2021-05-26 06:02:43,558] {scheduler_job.py:633} INFO - Processing file /home/ubuntu/.local/lib/python3.6/site-packages/airflow/example_dags/example_branch_day_of_week_operator.py for tasks to queue
[2021-05-26 06:02:43,563] {logging_mixin.py:104} INFO - [2021-05-26 06:02:43,562] {dagbag.py:487} INFO - Filling up the DagBag from /home/ubuntu/.local/lib/python3.6/site-packages/airflow/example_dags/example_branch_day_of_week_operator.py
[2021-05-26 06:02:43,581] {scheduler_job.py:643} INFO - DAG(s) dict_keys(['example_weekday_branch_operator']) retrieved from /home/ubuntu/.local/lib/python3.6/site-packages/airflow/example_dags/example_branch_day_of_week_operator.py
[2021-05-26 06:02:43,599] {logging_mixin.py:104} INFO - [2021-05-26 06:02:43,599] {dag.py:1832} INFO - Sync 1 DAGs
[2021-05-26 06:02:43,621] {logging_mixin.py:104} INFO - [2021-05-26 06:02:43,621] {dag.py:2305} INFO - Setting next_dagrun for example_weekday_branch_operator to 2021-05-24 00:00:00+00:00
[2021-05-26 06:02:43,648] {scheduler_job.py:190} INFO - Processing /home/ubuntu/.local/lib/python3.6/site-packages/airflow/example_dags/example_branch_day_of_week_operator.py took 0.096 seconds
[2021-05-26 06:03:29,730] {scheduler_job.py:182} INFO - Started process (PID=14784) to work on /home/ubuntu/.local/lib/python3.6/site-packages/airflow/example_dags/example_branch_day_of_week_operator.py
[2021-05-26 06:03:29,732] {scheduler_job.py:633} INFO - Processing file /home/ubuntu/.local/lib/python3.6/site-packages/airflow/example_dags/example_branch_day_of_week_operator.py for tasks to queue
[2021-05-26 06:03:29,733] {logging_mixin.py:104} INFO - [2021-05-26 06:03:29,733] {dagbag.py:487} INFO - Filling up the DagBag from /home/ubuntu/.local/lib/python3.6/site-packages/airflow/example_dags/example_branch_day_of_week_operator.py
[2021-05-26 06:03:29,753] {scheduler_job.py:643} INFO - DAG(s) dict_keys(['example_weekday_branch_operator']) retrieved from /home/ubuntu/.local/lib/python3.6/site-packages/airflow/example_dags/example_branch_day_of_week_operator.py
[2021-05-26 06:03:29,777] {logging_mixin.py:104} INFO - [2021-05-26 06:03:29,777] {dag.py:1832} INFO - Sync 1 DAGs
[2021-05-26 06:03:29,802] {logging_mixin.py:104} INFO - [2021-05-26 06:03:29,802] {dag.py:2305} INFO - Setting next_dagrun for example_weekday_branch_operator to 2021-05-24 00:00:00+00:00
[2021-05-26 06:03:29,822] {scheduler_job.py:190} INFO - Processing /home/ubuntu/.local/lib/python3.6/site-packages/airflow/example_dags/example_branch_day_of_week_operator.py took 0.094 seconds
[2021-05-26 06:04:07,973] {scheduler_job.py:182} INFO - Started process (PID=14966) to work on /home/ubuntu/.local/lib/python3.6/site-packages/airflow/example_dags/example_branch_day_of_week_operator.py
[2021-05-26 06:04:07,978] {scheduler_job.py:633} INFO - Processing file /home/ubuntu/.local/lib/python3.6/site-packages/airflow/example_dags/example_branch_day_of_week_operator.py for tasks to queue
[2021-05-26 06:04:07,981] {logging_mixin.py:104} INFO - [2021-05-26 06:04:07,981] {dagbag.py:487} INFO - Filling up the DagBag from /home/ubuntu/.local/lib/python3.6/site-packages/airflow/example_dags/example_branch_day_of_week_operator.py
[2021-05-26 06:04:08,000] {scheduler_job.py:643} INFO - DAG(s) dict_keys(['example_weekday_branch_operator']) retrieved from /home/ubuntu/.local/lib/python3.6/site-packages/airflow/example_dags/example_branch_day_of_week_operator.py
[2021-05-26 06:04:08,021] {logging_mixin.py:104} INFO - [2021-05-26 06:04:08,021] {dag.py:1832} INFO - Sync 1 DAGs
[2021-05-26 06:04:08,046] {logging_mixin.py:104} INFO - [2021-05-26 06:04:08,046] {dag.py:2305} INFO - Setting next_dagrun for example_weekday_branch_operator to 2021-05-24 00:00:00+00:00
[2021-05-26 06:04:08,070] {scheduler_job.py:190} INFO - Processing /home/ubuntu/.local/lib/python3.6/site-packages/airflow/example_dags/example_branch_day_of_week_operator.py took 0.099 seconds
[2021-05-26 06:04:45,167] {scheduler_job.py:182} INFO - Started process (PID=15114) to work on /home/ubuntu/.local/lib/python3.6/site-packages/airflow/example_dags/example_branch_day_of_week_operator.py
[2021-05-26 06:04:45,169] {scheduler_job.py:633} INFO - Processing file /home/ubuntu/.local/lib/python3.6/site-packages/airflow/example_dags/example_branch_day_of_week_operator.py for tasks to queue
[2021-05-26 06:04:45,170] {logging_mixin.py:104} INFO - [2021-05-26 06:04:45,170] {dagbag.py:487} INFO - Filling up the DagBag from /home/ubuntu/.local/lib/python3.6/site-packages/airflow/example_dags/example_branch_day_of_week_operator.py
[2021-05-26 06:04:45,186] {scheduler_job.py:643} INFO - DAG(s) dict_keys(['example_weekday_branch_operator']) retrieved from /home/ubuntu/.local/lib/python3.6/site-packages/airflow/example_dags/example_branch_day_of_week_operator.py
[2021-05-26 06:04:45,209] {logging_mixin.py:104} INFO - [2021-05-26 06:04:45,209] {dag.py:1832} INFO - Sync 1 DAGs
[2021-05-26 06:04:45,232] {logging_mixin.py:104} INFO - [2021-05-26 06:04:45,232] {dag.py:2305} INFO - Setting next_dagrun for example_weekday_branch_operator to 2021-05-24 00:00:00+00:00
[2021-05-26 06:04:45,254] {scheduler_job.py:190} INFO - Processing /home/ubuntu/.local/lib/python3.6/site-packages/airflow/example_dags/example_branch_day_of_week_operator.py took 0.091 seconds
[2021-05-26 06:05:18,292] {scheduler_job.py:182} INFO - Started process (PID=15267) to work on /home/ubuntu/.local/lib/python3.6/site-packages/airflow/example_dags/example_branch_day_of_week_operator.py
[2021-05-26 06:05:18,297] {scheduler_job.py:633} INFO - Processing file /home/ubuntu/.local/lib/python3.6/site-packages/airflow/example_dags/example_branch_day_of_week_operator.py for tasks to queue
[2021-05-26 06:05:18,301] {logging_mixin.py:104} INFO - [2021-05-26 06:05:18,300] {dagbag.py:487} INFO - Filling up the DagBag from /home/ubuntu/.local/lib/python3.6/site-packages/airflow/example_dags/example_branch_day_of_week_operator.py
[2021-05-26 06:05:18,316] {scheduler_job.py:643} INFO - DAG(s) dict_keys(['example_weekday_branch_operator']) retrieved from /home/ubuntu/.local/lib/python3.6/site-packages/airflow/example_dags/example_branch_day_of_week_operator.py
[2021-05-26 06:05:18,337] {logging_mixin.py:104} INFO - [2021-05-26 06:05:18,337] {dag.py:1832} INFO - Sync 1 DAGs
[2021-05-26 06:05:18,360] {logging_mixin.py:104} INFO - [2021-05-26 06:05:18,360] {dag.py:2305} INFO - Setting next_dagrun for example_weekday_branch_operator to 2021-05-24 00:00:00+00:00
[2021-05-26 06:05:18,388] {scheduler_job.py:190} INFO - Processing /home/ubuntu/.local/lib/python3.6/site-packages/airflow/example_dags/example_branch_day_of_week_operator.py took 0.099 seconds
[2021-05-26 06:05:59,480] {scheduler_job.py:182} INFO - Started process (PID=15423) to work on /home/ubuntu/.local/lib/python3.6/site-packages/airflow/example_dags/example_branch_day_of_week_operator.py
[2021-05-26 06:05:59,485] {scheduler_job.py:633} INFO - Processing file /home/ubuntu/.local/lib/python3.6/site-packages/airflow/example_dags/example_branch_day_of_week_operator.py for tasks to queue
[2021-05-26 06:05:59,489] {logging_mixin.py:104} INFO - [2021-05-26 06:05:59,489] {dagbag.py:487} INFO - Filling up the DagBag from /home/ubuntu/.local/lib/python3.6/site-packages/airflow/example_dags/example_branch_day_of_week_operator.py
[2021-05-26 06:05:59,506] {scheduler_job.py:643} INFO - DAG(s) dict_keys(['example_weekday_branch_operator']) retrieved from /home/ubuntu/.local/lib/python3.6/site-packages/airflow/example_dags/example_branch_day_of_week_operator.py
[2021-05-26 06:05:59,524] {logging_mixin.py:104} INFO - [2021-05-26 06:05:59,523] {dag.py:1832} INFO - Sync 1 DAGs
[2021-05-26 06:05:59,547] {logging_mixin.py:104} INFO - [2021-05-26 06:05:59,547] {dag.py:2305} INFO - Setting next_dagrun for example_weekday_branch_operator to 2021-05-24 00:00:00+00:00
[2021-05-26 06:05:59,578] {scheduler_job.py:190} INFO - Processing /home/ubuntu/.local/lib/python3.6/site-packages/airflow/example_dags/example_branch_day_of_week_operator.py took 0.101 seconds
[2021-05-26 06:06:42,507] {scheduler_job.py:182} INFO - Started process (PID=15583) to work on /home/ubuntu/.local/lib/python3.6/site-packages/airflow/example_dags/example_branch_day_of_week_operator.py
[2021-05-26 06:06:42,508] {scheduler_job.py:633} INFO - Processing file /home/ubuntu/.local/lib/python3.6/site-packages/airflow/example_dags/example_branch_day_of_week_operator.py for tasks to queue
[2021-05-26 06:06:42,509] {logging_mixin.py:104} INFO - [2021-05-26 06:06:42,509] {dagbag.py:487} INFO - Filling up the DagBag from /home/ubuntu/.local/lib/python3.6/site-packages/airflow/example_dags/example_branch_day_of_week_operator.py
[2021-05-26 06:06:42,520] {scheduler_job.py:643} INFO - DAG(s) dict_keys(['example_weekday_branch_operator']) retrieved from /home/ubuntu/.local/lib/python3.6/site-packages/airflow/example_dags/example_branch_day_of_week_operator.py
[2021-05-26 06:06:42,533] {logging_mixin.py:104} INFO - [2021-05-26 06:06:42,533] {dag.py:1832} INFO - Sync 1 DAGs
[2021-05-26 06:06:42,549] {logging_mixin.py:104} INFO - [2021-05-26 06:06:42,549] {dag.py:2305} INFO - Setting next_dagrun for example_weekday_branch_operator to 2021-05-24 00:00:00+00:00
[2021-05-26 06:06:42,567] {scheduler_job.py:190} INFO - Processing /home/ubuntu/.local/lib/python3.6/site-packages/airflow/example_dags/example_branch_day_of_week_operator.py took 0.064 seconds
[2021-05-26 06:07:23,546] {scheduler_job.py:182} INFO - Started process (PID=15782) to work on /home/ubuntu/.local/lib/python3.6/site-packages/airflow/example_dags/example_branch_day_of_week_operator.py
[2021-05-26 06:07:23,551] {scheduler_job.py:633} INFO - Processing file /home/ubuntu/.local/lib/python3.6/site-packages/airflow/example_dags/example_branch_day_of_week_operator.py for tasks to queue
[2021-05-26 06:07:23,555] {logging_mixin.py:104} INFO - [2021-05-26 06:07:23,555] {dagbag.py:487} INFO - Filling up the DagBag from /home/ubuntu/.local/lib/python3.6/site-packages/airflow/example_dags/example_branch_day_of_week_operator.py
[2021-05-26 06:07:23,567] {scheduler_job.py:643} INFO - DAG(s) dict_keys(['example_weekday_branch_operator']) retrieved from /home/ubuntu/.local/lib/python3.6/site-packages/airflow/example_dags/example_branch_day_of_week_operator.py
[2021-05-26 06:07:23,583] {logging_mixin.py:104} INFO - [2021-05-26 06:07:23,583] {dag.py:1832} INFO - Sync 1 DAGs
[2021-05-26 06:07:23,604] {logging_mixin.py:104} INFO - [2021-05-26 06:07:23,604] {dag.py:2305} INFO - Setting next_dagrun for example_weekday_branch_operator to 2021-05-24 00:00:00+00:00
[2021-05-26 06:07:23,633] {scheduler_job.py:190} INFO - Processing /home/ubuntu/.local/lib/python3.6/site-packages/airflow/example_dags/example_branch_day_of_week_operator.py took 0.090 seconds
[2021-05-26 06:07:57,910] {scheduler_job.py:182} INFO - Started process (PID=15946) to work on /home/ubuntu/.local/lib/python3.6/site-packages/airflow/example_dags/example_branch_day_of_week_operator.py
[2021-05-26 06:07:57,914] {scheduler_job.py:633} INFO - Processing file /home/ubuntu/.local/lib/python3.6/site-packages/airflow/example_dags/example_branch_day_of_week_operator.py for tasks to queue
[2021-05-26 06:07:57,918] {logging_mixin.py:104} INFO - [2021-05-26 06:07:57,918] {dagbag.py:487} INFO - Filling up the DagBag from /home/ubuntu/.local/lib/python3.6/site-packages/airflow/example_dags/example_branch_day_of_week_operator.py
[2021-05-26 06:07:57,933] {scheduler_job.py:643} INFO - DAG(s) dict_keys(['example_weekday_branch_operator']) retrieved from /home/ubuntu/.local/lib/python3.6/site-packages/airflow/example_dags/example_branch_day_of_week_operator.py
[2021-05-26 06:07:57,953] {logging_mixin.py:104} INFO - [2021-05-26 06:07:57,953] {dag.py:1832} INFO - Sync 1 DAGs
[2021-05-26 06:07:57,984] {logging_mixin.py:104} INFO - [2021-05-26 06:07:57,984] {dag.py:2305} INFO - Setting next_dagrun for example_weekday_branch_operator to 2021-05-24 00:00:00+00:00
[2021-05-26 06:07:58,003] {scheduler_job.py:190} INFO - Processing /home/ubuntu/.local/lib/python3.6/site-packages/airflow/example_dags/example_branch_day_of_week_operator.py took 0.095 seconds
