[2021-05-26 05:47:39,951] {scheduler_job.py:182} INFO - Started process (PID=10597) to work on /home/ubuntu/.local/lib/python3.6/site-packages/airflow/example_dags/example_skip_dag.py
[2021-05-26 05:47:39,952] {scheduler_job.py:633} INFO - Processing file /home/ubuntu/.local/lib/python3.6/site-packages/airflow/example_dags/example_skip_dag.py for tasks to queue
[2021-05-26 05:47:39,952] {logging_mixin.py:104} INFO - [2021-05-26 05:47:39,952] {dagbag.py:487} INFO - Filling up the DagBag from /home/ubuntu/.local/lib/python3.6/site-packages/airflow/example_dags/example_skip_dag.py
[2021-05-26 05:47:39,962] {scheduler_job.py:643} INFO - DAG(s) dict_keys(['example_skip_dag']) retrieved from /home/ubuntu/.local/lib/python3.6/site-packages/airflow/example_dags/example_skip_dag.py
[2021-05-26 05:47:39,975] {logging_mixin.py:104} INFO - [2021-05-26 05:47:39,974] {dag.py:1832} INFO - Sync 1 DAGs
[2021-05-26 05:47:39,986] {logging_mixin.py:104} INFO - [2021-05-26 05:47:39,986] {dag.py:2305} INFO - Setting next_dagrun for example_skip_dag to 2021-05-24 00:00:00+00:00
[2021-05-26 05:47:40,007] {scheduler_job.py:190} INFO - Processing /home/ubuntu/.local/lib/python3.6/site-packages/airflow/example_dags/example_skip_dag.py took 0.060 seconds
[2021-05-26 05:48:13,561] {scheduler_job.py:182} INFO - Started process (PID=10753) to work on /home/ubuntu/.local/lib/python3.6/site-packages/airflow/example_dags/example_skip_dag.py
[2021-05-26 05:48:13,562] {scheduler_job.py:633} INFO - Processing file /home/ubuntu/.local/lib/python3.6/site-packages/airflow/example_dags/example_skip_dag.py for tasks to queue
[2021-05-26 05:48:13,562] {logging_mixin.py:104} INFO - [2021-05-26 05:48:13,562] {dagbag.py:487} INFO - Filling up the DagBag from /home/ubuntu/.local/lib/python3.6/site-packages/airflow/example_dags/example_skip_dag.py
[2021-05-26 05:48:13,577] {scheduler_job.py:643} INFO - DAG(s) dict_keys(['example_skip_dag']) retrieved from /home/ubuntu/.local/lib/python3.6/site-packages/airflow/example_dags/example_skip_dag.py
[2021-05-26 05:48:13,595] {logging_mixin.py:104} INFO - [2021-05-26 05:48:13,595] {dag.py:1832} INFO - Sync 1 DAGs
[2021-05-26 05:48:13,608] {logging_mixin.py:104} INFO - [2021-05-26 05:48:13,608] {dag.py:2305} INFO - Setting next_dagrun for example_skip_dag to 2021-05-24 00:00:00+00:00
[2021-05-26 05:48:13,627] {scheduler_job.py:190} INFO - Processing /home/ubuntu/.local/lib/python3.6/site-packages/airflow/example_dags/example_skip_dag.py took 0.069 seconds
[2021-05-26 05:48:45,915] {scheduler_job.py:182} INFO - Started process (PID=10889) to work on /home/ubuntu/.local/lib/python3.6/site-packages/airflow/example_dags/example_skip_dag.py
[2021-05-26 05:48:45,917] {scheduler_job.py:633} INFO - Processing file /home/ubuntu/.local/lib/python3.6/site-packages/airflow/example_dags/example_skip_dag.py for tasks to queue
[2021-05-26 05:48:45,918] {logging_mixin.py:104} INFO - [2021-05-26 05:48:45,918] {dagbag.py:487} INFO - Filling up the DagBag from /home/ubuntu/.local/lib/python3.6/site-packages/airflow/example_dags/example_skip_dag.py
[2021-05-26 05:48:45,931] {scheduler_job.py:643} INFO - DAG(s) dict_keys(['example_skip_dag']) retrieved from /home/ubuntu/.local/lib/python3.6/site-packages/airflow/example_dags/example_skip_dag.py
[2021-05-26 05:48:45,952] {logging_mixin.py:104} INFO - [2021-05-26 05:48:45,952] {dag.py:1832} INFO - Sync 1 DAGs
[2021-05-26 05:48:45,978] {logging_mixin.py:104} INFO - [2021-05-26 05:48:45,978] {dag.py:2305} INFO - Setting next_dagrun for example_skip_dag to 2021-05-24 00:00:00+00:00
[2021-05-26 05:48:46,010] {scheduler_job.py:190} INFO - Processing /home/ubuntu/.local/lib/python3.6/site-packages/airflow/example_dags/example_skip_dag.py took 0.097 seconds
[2021-05-26 05:49:17,553] {scheduler_job.py:182} INFO - Started process (PID=11029) to work on /home/ubuntu/.local/lib/python3.6/site-packages/airflow/example_dags/example_skip_dag.py
[2021-05-26 05:49:17,557] {scheduler_job.py:633} INFO - Processing file /home/ubuntu/.local/lib/python3.6/site-packages/airflow/example_dags/example_skip_dag.py for tasks to queue
[2021-05-26 05:49:17,559] {logging_mixin.py:104} INFO - [2021-05-26 05:49:17,559] {dagbag.py:487} INFO - Filling up the DagBag from /home/ubuntu/.local/lib/python3.6/site-packages/airflow/example_dags/example_skip_dag.py
[2021-05-26 05:49:17,570] {scheduler_job.py:643} INFO - DAG(s) dict_keys(['example_skip_dag']) retrieved from /home/ubuntu/.local/lib/python3.6/site-packages/airflow/example_dags/example_skip_dag.py
[2021-05-26 05:49:17,584] {logging_mixin.py:104} INFO - [2021-05-26 05:49:17,584] {dag.py:1832} INFO - Sync 1 DAGs
[2021-05-26 05:49:17,599] {logging_mixin.py:104} INFO - [2021-05-26 05:49:17,599] {dag.py:2305} INFO - Setting next_dagrun for example_skip_dag to 2021-05-24 00:00:00+00:00
[2021-05-26 05:49:17,619] {scheduler_job.py:190} INFO - Processing /home/ubuntu/.local/lib/python3.6/site-packages/airflow/example_dags/example_skip_dag.py took 0.068 seconds
[2021-05-26 05:49:49,257] {scheduler_job.py:182} INFO - Started process (PID=11163) to work on /home/ubuntu/.local/lib/python3.6/site-packages/airflow/example_dags/example_skip_dag.py
[2021-05-26 05:49:49,258] {scheduler_job.py:633} INFO - Processing file /home/ubuntu/.local/lib/python3.6/site-packages/airflow/example_dags/example_skip_dag.py for tasks to queue
[2021-05-26 05:49:49,259] {logging_mixin.py:104} INFO - [2021-05-26 05:49:49,259] {dagbag.py:487} INFO - Filling up the DagBag from /home/ubuntu/.local/lib/python3.6/site-packages/airflow/example_dags/example_skip_dag.py
[2021-05-26 05:49:49,276] {scheduler_job.py:643} INFO - DAG(s) dict_keys(['example_skip_dag']) retrieved from /home/ubuntu/.local/lib/python3.6/site-packages/airflow/example_dags/example_skip_dag.py
[2021-05-26 05:49:49,291] {logging_mixin.py:104} INFO - [2021-05-26 05:49:49,290] {dag.py:1832} INFO - Sync 1 DAGs
[2021-05-26 05:49:49,306] {logging_mixin.py:104} INFO - [2021-05-26 05:49:49,306] {dag.py:2305} INFO - Setting next_dagrun for example_skip_dag to 2021-05-24 00:00:00+00:00
[2021-05-26 05:49:49,327] {scheduler_job.py:190} INFO - Processing /home/ubuntu/.local/lib/python3.6/site-packages/airflow/example_dags/example_skip_dag.py took 0.072 seconds
[2021-05-26 05:50:21,334] {scheduler_job.py:182} INFO - Started process (PID=11285) to work on /home/ubuntu/.local/lib/python3.6/site-packages/airflow/example_dags/example_skip_dag.py
[2021-05-26 05:50:21,338] {scheduler_job.py:633} INFO - Processing file /home/ubuntu/.local/lib/python3.6/site-packages/airflow/example_dags/example_skip_dag.py for tasks to queue
[2021-05-26 05:50:21,343] {logging_mixin.py:104} INFO - [2021-05-26 05:50:21,342] {dagbag.py:487} INFO - Filling up the DagBag from /home/ubuntu/.local/lib/python3.6/site-packages/airflow/example_dags/example_skip_dag.py
[2021-05-26 05:50:21,355] {scheduler_job.py:643} INFO - DAG(s) dict_keys(['example_skip_dag']) retrieved from /home/ubuntu/.local/lib/python3.6/site-packages/airflow/example_dags/example_skip_dag.py
[2021-05-26 05:50:21,369] {logging_mixin.py:104} INFO - [2021-05-26 05:50:21,369] {dag.py:1832} INFO - Sync 1 DAGs
[2021-05-26 05:50:21,384] {logging_mixin.py:104} INFO - [2021-05-26 05:50:21,384] {dag.py:2305} INFO - Setting next_dagrun for example_skip_dag to 2021-05-24 00:00:00+00:00
[2021-05-26 05:50:21,401] {scheduler_job.py:190} INFO - Processing /home/ubuntu/.local/lib/python3.6/site-packages/airflow/example_dags/example_skip_dag.py took 0.069 seconds
[2021-05-26 05:50:53,897] {scheduler_job.py:182} INFO - Started process (PID=11412) to work on /home/ubuntu/.local/lib/python3.6/site-packages/airflow/example_dags/example_skip_dag.py
[2021-05-26 05:50:53,899] {scheduler_job.py:633} INFO - Processing file /home/ubuntu/.local/lib/python3.6/site-packages/airflow/example_dags/example_skip_dag.py for tasks to queue
[2021-05-26 05:50:53,900] {logging_mixin.py:104} INFO - [2021-05-26 05:50:53,900] {dagbag.py:487} INFO - Filling up the DagBag from /home/ubuntu/.local/lib/python3.6/site-packages/airflow/example_dags/example_skip_dag.py
[2021-05-26 05:50:53,912] {scheduler_job.py:643} INFO - DAG(s) dict_keys(['example_skip_dag']) retrieved from /home/ubuntu/.local/lib/python3.6/site-packages/airflow/example_dags/example_skip_dag.py
[2021-05-26 05:50:53,926] {logging_mixin.py:104} INFO - [2021-05-26 05:50:53,925] {dag.py:1832} INFO - Sync 1 DAGs
[2021-05-26 05:50:53,941] {logging_mixin.py:104} INFO - [2021-05-26 05:50:53,941] {dag.py:2305} INFO - Setting next_dagrun for example_skip_dag to 2021-05-24 00:00:00+00:00
[2021-05-26 05:50:53,960] {scheduler_job.py:190} INFO - Processing /home/ubuntu/.local/lib/python3.6/site-packages/airflow/example_dags/example_skip_dag.py took 0.065 seconds
[2021-05-26 05:51:26,075] {scheduler_job.py:182} INFO - Started process (PID=11539) to work on /home/ubuntu/.local/lib/python3.6/site-packages/airflow/example_dags/example_skip_dag.py
[2021-05-26 05:51:26,079] {scheduler_job.py:633} INFO - Processing file /home/ubuntu/.local/lib/python3.6/site-packages/airflow/example_dags/example_skip_dag.py for tasks to queue
[2021-05-26 05:51:26,084] {logging_mixin.py:104} INFO - [2021-05-26 05:51:26,084] {dagbag.py:487} INFO - Filling up the DagBag from /home/ubuntu/.local/lib/python3.6/site-packages/airflow/example_dags/example_skip_dag.py
[2021-05-26 05:51:26,095] {scheduler_job.py:643} INFO - DAG(s) dict_keys(['example_skip_dag']) retrieved from /home/ubuntu/.local/lib/python3.6/site-packages/airflow/example_dags/example_skip_dag.py
[2021-05-26 05:51:26,112] {logging_mixin.py:104} INFO - [2021-05-26 05:51:26,111] {dag.py:1832} INFO - Sync 1 DAGs
[2021-05-26 05:51:26,130] {logging_mixin.py:104} INFO - [2021-05-26 05:51:26,130] {dag.py:2305} INFO - Setting next_dagrun for example_skip_dag to 2021-05-24 00:00:00+00:00
[2021-05-26 05:51:26,153] {scheduler_job.py:190} INFO - Processing /home/ubuntu/.local/lib/python3.6/site-packages/airflow/example_dags/example_skip_dag.py took 0.080 seconds
[2021-05-26 05:51:56,500] {scheduler_job.py:182} INFO - Started process (PID=11660) to work on /home/ubuntu/.local/lib/python3.6/site-packages/airflow/example_dags/example_skip_dag.py
[2021-05-26 05:51:56,503] {scheduler_job.py:633} INFO - Processing file /home/ubuntu/.local/lib/python3.6/site-packages/airflow/example_dags/example_skip_dag.py for tasks to queue
[2021-05-26 05:51:56,504] {logging_mixin.py:104} INFO - [2021-05-26 05:51:56,504] {dagbag.py:487} INFO - Filling up the DagBag from /home/ubuntu/.local/lib/python3.6/site-packages/airflow/example_dags/example_skip_dag.py
[2021-05-26 05:51:56,517] {scheduler_job.py:643} INFO - DAG(s) dict_keys(['example_skip_dag']) retrieved from /home/ubuntu/.local/lib/python3.6/site-packages/airflow/example_dags/example_skip_dag.py
[2021-05-26 05:51:56,531] {logging_mixin.py:104} INFO - [2021-05-26 05:51:56,531] {dag.py:1832} INFO - Sync 1 DAGs
[2021-05-26 05:51:56,547] {logging_mixin.py:104} INFO - [2021-05-26 05:51:56,547] {dag.py:2305} INFO - Setting next_dagrun for example_skip_dag to 2021-05-24 00:00:00+00:00
[2021-05-26 05:51:56,567] {scheduler_job.py:190} INFO - Processing /home/ubuntu/.local/lib/python3.6/site-packages/airflow/example_dags/example_skip_dag.py took 0.069 seconds
[2021-05-26 05:52:27,923] {scheduler_job.py:182} INFO - Started process (PID=11781) to work on /home/ubuntu/.local/lib/python3.6/site-packages/airflow/example_dags/example_skip_dag.py
[2021-05-26 05:52:27,924] {scheduler_job.py:633} INFO - Processing file /home/ubuntu/.local/lib/python3.6/site-packages/airflow/example_dags/example_skip_dag.py for tasks to queue
[2021-05-26 05:52:27,925] {logging_mixin.py:104} INFO - [2021-05-26 05:52:27,925] {dagbag.py:487} INFO - Filling up the DagBag from /home/ubuntu/.local/lib/python3.6/site-packages/airflow/example_dags/example_skip_dag.py
[2021-05-26 05:52:27,935] {scheduler_job.py:643} INFO - DAG(s) dict_keys(['example_skip_dag']) retrieved from /home/ubuntu/.local/lib/python3.6/site-packages/airflow/example_dags/example_skip_dag.py
[2021-05-26 05:52:27,951] {logging_mixin.py:104} INFO - [2021-05-26 05:52:27,951] {dag.py:1832} INFO - Sync 1 DAGs
[2021-05-26 05:52:27,964] {logging_mixin.py:104} INFO - [2021-05-26 05:52:27,964] {dag.py:2305} INFO - Setting next_dagrun for example_skip_dag to 2021-05-24 00:00:00+00:00
[2021-05-26 05:52:27,982] {scheduler_job.py:190} INFO - Processing /home/ubuntu/.local/lib/python3.6/site-packages/airflow/example_dags/example_skip_dag.py took 0.061 seconds
[2021-05-26 05:52:59,635] {scheduler_job.py:182} INFO - Started process (PID=11902) to work on /home/ubuntu/.local/lib/python3.6/site-packages/airflow/example_dags/example_skip_dag.py
[2021-05-26 05:52:59,639] {scheduler_job.py:633} INFO - Processing file /home/ubuntu/.local/lib/python3.6/site-packages/airflow/example_dags/example_skip_dag.py for tasks to queue
[2021-05-26 05:52:59,640] {logging_mixin.py:104} INFO - [2021-05-26 05:52:59,640] {dagbag.py:487} INFO - Filling up the DagBag from /home/ubuntu/.local/lib/python3.6/site-packages/airflow/example_dags/example_skip_dag.py
[2021-05-26 05:52:59,654] {scheduler_job.py:643} INFO - DAG(s) dict_keys(['example_skip_dag']) retrieved from /home/ubuntu/.local/lib/python3.6/site-packages/airflow/example_dags/example_skip_dag.py
[2021-05-26 05:52:59,672] {logging_mixin.py:104} INFO - [2021-05-26 05:52:59,672] {dag.py:1832} INFO - Sync 1 DAGs
[2021-05-26 05:52:59,687] {logging_mixin.py:104} INFO - [2021-05-26 05:52:59,687] {dag.py:2305} INFO - Setting next_dagrun for example_skip_dag to 2021-05-24 00:00:00+00:00
[2021-05-26 05:52:59,706] {scheduler_job.py:190} INFO - Processing /home/ubuntu/.local/lib/python3.6/site-packages/airflow/example_dags/example_skip_dag.py took 0.073 seconds
[2021-05-26 05:53:32,225] {scheduler_job.py:182} INFO - Started process (PID=12032) to work on /home/ubuntu/.local/lib/python3.6/site-packages/airflow/example_dags/example_skip_dag.py
[2021-05-26 05:53:32,227] {scheduler_job.py:633} INFO - Processing file /home/ubuntu/.local/lib/python3.6/site-packages/airflow/example_dags/example_skip_dag.py for tasks to queue
[2021-05-26 05:53:32,228] {logging_mixin.py:104} INFO - [2021-05-26 05:53:32,228] {dagbag.py:487} INFO - Filling up the DagBag from /home/ubuntu/.local/lib/python3.6/site-packages/airflow/example_dags/example_skip_dag.py
[2021-05-26 05:53:32,239] {scheduler_job.py:643} INFO - DAG(s) dict_keys(['example_skip_dag']) retrieved from /home/ubuntu/.local/lib/python3.6/site-packages/airflow/example_dags/example_skip_dag.py
[2021-05-26 05:53:32,254] {logging_mixin.py:104} INFO - [2021-05-26 05:53:32,254] {dag.py:1832} INFO - Sync 1 DAGs
[2021-05-26 05:53:32,267] {logging_mixin.py:104} INFO - [2021-05-26 05:53:32,266] {dag.py:2305} INFO - Setting next_dagrun for example_skip_dag to 2021-05-24 00:00:00+00:00
[2021-05-26 05:53:32,284] {scheduler_job.py:190} INFO - Processing /home/ubuntu/.local/lib/python3.6/site-packages/airflow/example_dags/example_skip_dag.py took 0.060 seconds
[2021-05-26 05:54:03,989] {scheduler_job.py:182} INFO - Started process (PID=12153) to work on /home/ubuntu/.local/lib/python3.6/site-packages/airflow/example_dags/example_skip_dag.py
[2021-05-26 05:54:03,992] {scheduler_job.py:633} INFO - Processing file /home/ubuntu/.local/lib/python3.6/site-packages/airflow/example_dags/example_skip_dag.py for tasks to queue
[2021-05-26 05:54:03,992] {logging_mixin.py:104} INFO - [2021-05-26 05:54:03,992] {dagbag.py:487} INFO - Filling up the DagBag from /home/ubuntu/.local/lib/python3.6/site-packages/airflow/example_dags/example_skip_dag.py
[2021-05-26 05:54:04,008] {scheduler_job.py:643} INFO - DAG(s) dict_keys(['example_skip_dag']) retrieved from /home/ubuntu/.local/lib/python3.6/site-packages/airflow/example_dags/example_skip_dag.py
[2021-05-26 05:54:04,022] {logging_mixin.py:104} INFO - [2021-05-26 05:54:04,022] {dag.py:1832} INFO - Sync 1 DAGs
[2021-05-26 05:54:04,036] {logging_mixin.py:104} INFO - [2021-05-26 05:54:04,036] {dag.py:2305} INFO - Setting next_dagrun for example_skip_dag to 2021-05-24 00:00:00+00:00
[2021-05-26 05:54:04,055] {scheduler_job.py:190} INFO - Processing /home/ubuntu/.local/lib/python3.6/site-packages/airflow/example_dags/example_skip_dag.py took 0.069 seconds
[2021-05-26 05:54:36,892] {scheduler_job.py:182} INFO - Started process (PID=12280) to work on /home/ubuntu/.local/lib/python3.6/site-packages/airflow/example_dags/example_skip_dag.py
[2021-05-26 05:54:36,898] {scheduler_job.py:633} INFO - Processing file /home/ubuntu/.local/lib/python3.6/site-packages/airflow/example_dags/example_skip_dag.py for tasks to queue
[2021-05-26 05:54:36,901] {logging_mixin.py:104} INFO - [2021-05-26 05:54:36,900] {dagbag.py:487} INFO - Filling up the DagBag from /home/ubuntu/.local/lib/python3.6/site-packages/airflow/example_dags/example_skip_dag.py
[2021-05-26 05:54:36,916] {scheduler_job.py:643} INFO - DAG(s) dict_keys(['example_skip_dag']) retrieved from /home/ubuntu/.local/lib/python3.6/site-packages/airflow/example_dags/example_skip_dag.py
[2021-05-26 05:54:36,933] {logging_mixin.py:104} INFO - [2021-05-26 05:54:36,933] {dag.py:1832} INFO - Sync 1 DAGs
[2021-05-26 05:54:36,946] {logging_mixin.py:104} INFO - [2021-05-26 05:54:36,946] {dag.py:2305} INFO - Setting next_dagrun for example_skip_dag to 2021-05-24 00:00:00+00:00
[2021-05-26 05:54:36,969] {scheduler_job.py:190} INFO - Processing /home/ubuntu/.local/lib/python3.6/site-packages/airflow/example_dags/example_skip_dag.py took 0.079 seconds
[2021-05-26 05:55:10,568] {scheduler_job.py:182} INFO - Started process (PID=12443) to work on /home/ubuntu/.local/lib/python3.6/site-packages/airflow/example_dags/example_skip_dag.py
[2021-05-26 05:55:10,570] {scheduler_job.py:633} INFO - Processing file /home/ubuntu/.local/lib/python3.6/site-packages/airflow/example_dags/example_skip_dag.py for tasks to queue
[2021-05-26 05:55:10,571] {logging_mixin.py:104} INFO - [2021-05-26 05:55:10,571] {dagbag.py:487} INFO - Filling up the DagBag from /home/ubuntu/.local/lib/python3.6/site-packages/airflow/example_dags/example_skip_dag.py
[2021-05-26 05:55:10,585] {scheduler_job.py:643} INFO - DAG(s) dict_keys(['example_skip_dag']) retrieved from /home/ubuntu/.local/lib/python3.6/site-packages/airflow/example_dags/example_skip_dag.py
[2021-05-26 05:55:10,599] {logging_mixin.py:104} INFO - [2021-05-26 05:55:10,598] {dag.py:1832} INFO - Sync 1 DAGs
[2021-05-26 05:55:10,612] {logging_mixin.py:104} INFO - [2021-05-26 05:55:10,612] {dag.py:2305} INFO - Setting next_dagrun for example_skip_dag to 2021-05-24 00:00:00+00:00
[2021-05-26 05:55:10,629] {scheduler_job.py:190} INFO - Processing /home/ubuntu/.local/lib/python3.6/site-packages/airflow/example_dags/example_skip_dag.py took 0.063 seconds
[2021-05-26 05:55:56,759] {scheduler_job.py:182} INFO - Started process (PID=12629) to work on /home/ubuntu/.local/lib/python3.6/site-packages/airflow/example_dags/example_skip_dag.py
[2021-05-26 05:55:56,765] {scheduler_job.py:633} INFO - Processing file /home/ubuntu/.local/lib/python3.6/site-packages/airflow/example_dags/example_skip_dag.py for tasks to queue
[2021-05-26 05:55:56,770] {logging_mixin.py:104} INFO - [2021-05-26 05:55:56,770] {dagbag.py:487} INFO - Filling up the DagBag from /home/ubuntu/.local/lib/python3.6/site-packages/airflow/example_dags/example_skip_dag.py
[2021-05-26 05:55:56,792] {scheduler_job.py:643} INFO - DAG(s) dict_keys(['example_skip_dag']) retrieved from /home/ubuntu/.local/lib/python3.6/site-packages/airflow/example_dags/example_skip_dag.py
[2021-05-26 05:55:56,810] {logging_mixin.py:104} INFO - [2021-05-26 05:55:56,810] {dag.py:1832} INFO - Sync 1 DAGs
[2021-05-26 05:55:56,826] {logging_mixin.py:104} INFO - [2021-05-26 05:55:56,826] {dag.py:2305} INFO - Setting next_dagrun for example_skip_dag to 2021-05-24 00:00:00+00:00
[2021-05-26 05:55:56,853] {scheduler_job.py:190} INFO - Processing /home/ubuntu/.local/lib/python3.6/site-packages/airflow/example_dags/example_skip_dag.py took 0.096 seconds
[2021-05-26 05:56:31,445] {scheduler_job.py:182} INFO - Started process (PID=12779) to work on /home/ubuntu/.local/lib/python3.6/site-packages/airflow/example_dags/example_skip_dag.py
[2021-05-26 05:56:31,447] {scheduler_job.py:633} INFO - Processing file /home/ubuntu/.local/lib/python3.6/site-packages/airflow/example_dags/example_skip_dag.py for tasks to queue
[2021-05-26 05:56:31,448] {logging_mixin.py:104} INFO - [2021-05-26 05:56:31,448] {dagbag.py:487} INFO - Filling up the DagBag from /home/ubuntu/.local/lib/python3.6/site-packages/airflow/example_dags/example_skip_dag.py
[2021-05-26 05:56:31,461] {scheduler_job.py:643} INFO - DAG(s) dict_keys(['example_skip_dag']) retrieved from /home/ubuntu/.local/lib/python3.6/site-packages/airflow/example_dags/example_skip_dag.py
[2021-05-26 05:56:31,476] {logging_mixin.py:104} INFO - [2021-05-26 05:56:31,476] {dag.py:1832} INFO - Sync 1 DAGs
[2021-05-26 05:56:31,494] {logging_mixin.py:104} INFO - [2021-05-26 05:56:31,493] {dag.py:2305} INFO - Setting next_dagrun for example_skip_dag to 2021-05-24 00:00:00+00:00
[2021-05-26 05:56:31,513] {scheduler_job.py:190} INFO - Processing /home/ubuntu/.local/lib/python3.6/site-packages/airflow/example_dags/example_skip_dag.py took 0.070 seconds
[2021-05-26 05:57:06,358] {scheduler_job.py:182} INFO - Started process (PID=12948) to work on /home/ubuntu/.local/lib/python3.6/site-packages/airflow/example_dags/example_skip_dag.py
[2021-05-26 05:57:06,362] {scheduler_job.py:633} INFO - Processing file /home/ubuntu/.local/lib/python3.6/site-packages/airflow/example_dags/example_skip_dag.py for tasks to queue
[2021-05-26 05:57:06,366] {logging_mixin.py:104} INFO - [2021-05-26 05:57:06,366] {dagbag.py:487} INFO - Filling up the DagBag from /home/ubuntu/.local/lib/python3.6/site-packages/airflow/example_dags/example_skip_dag.py
[2021-05-26 05:57:06,381] {scheduler_job.py:643} INFO - DAG(s) dict_keys(['example_skip_dag']) retrieved from /home/ubuntu/.local/lib/python3.6/site-packages/airflow/example_dags/example_skip_dag.py
[2021-05-26 05:57:06,400] {logging_mixin.py:104} INFO - [2021-05-26 05:57:06,399] {dag.py:1832} INFO - Sync 1 DAGs
[2021-05-26 05:57:06,421] {logging_mixin.py:104} INFO - [2021-05-26 05:57:06,421] {dag.py:2305} INFO - Setting next_dagrun for example_skip_dag to 2021-05-24 00:00:00+00:00
[2021-05-26 05:57:06,455] {scheduler_job.py:190} INFO - Processing /home/ubuntu/.local/lib/python3.6/site-packages/airflow/example_dags/example_skip_dag.py took 0.099 seconds
[2021-05-26 05:57:39,944] {scheduler_job.py:182} INFO - Started process (PID=13098) to work on /home/ubuntu/.local/lib/python3.6/site-packages/airflow/example_dags/example_skip_dag.py
[2021-05-26 05:57:39,948] {scheduler_job.py:633} INFO - Processing file /home/ubuntu/.local/lib/python3.6/site-packages/airflow/example_dags/example_skip_dag.py for tasks to queue
[2021-05-26 05:57:39,952] {logging_mixin.py:104} INFO - [2021-05-26 05:57:39,952] {dagbag.py:487} INFO - Filling up the DagBag from /home/ubuntu/.local/lib/python3.6/site-packages/airflow/example_dags/example_skip_dag.py
[2021-05-26 05:57:39,966] {scheduler_job.py:643} INFO - DAG(s) dict_keys(['example_skip_dag']) retrieved from /home/ubuntu/.local/lib/python3.6/site-packages/airflow/example_dags/example_skip_dag.py
[2021-05-26 05:57:39,983] {logging_mixin.py:104} INFO - [2021-05-26 05:57:39,983] {dag.py:1832} INFO - Sync 1 DAGs
[2021-05-26 05:57:40,002] {logging_mixin.py:104} INFO - [2021-05-26 05:57:40,002] {dag.py:2305} INFO - Setting next_dagrun for example_skip_dag to 2021-05-24 00:00:00+00:00
[2021-05-26 05:57:40,030] {scheduler_job.py:190} INFO - Processing /home/ubuntu/.local/lib/python3.6/site-packages/airflow/example_dags/example_skip_dag.py took 0.088 seconds
[2021-05-26 05:58:11,364] {scheduler_job.py:182} INFO - Started process (PID=13232) to work on /home/ubuntu/.local/lib/python3.6/site-packages/airflow/example_dags/example_skip_dag.py
[2021-05-26 05:58:11,368] {scheduler_job.py:633} INFO - Processing file /home/ubuntu/.local/lib/python3.6/site-packages/airflow/example_dags/example_skip_dag.py for tasks to queue
[2021-05-26 05:58:11,372] {logging_mixin.py:104} INFO - [2021-05-26 05:58:11,372] {dagbag.py:487} INFO - Filling up the DagBag from /home/ubuntu/.local/lib/python3.6/site-packages/airflow/example_dags/example_skip_dag.py
[2021-05-26 05:58:11,387] {scheduler_job.py:643} INFO - DAG(s) dict_keys(['example_skip_dag']) retrieved from /home/ubuntu/.local/lib/python3.6/site-packages/airflow/example_dags/example_skip_dag.py
[2021-05-26 05:58:11,404] {logging_mixin.py:104} INFO - [2021-05-26 05:58:11,404] {dag.py:1832} INFO - Sync 1 DAGs
[2021-05-26 05:58:11,423] {logging_mixin.py:104} INFO - [2021-05-26 05:58:11,423] {dag.py:2305} INFO - Setting next_dagrun for example_skip_dag to 2021-05-24 00:00:00+00:00
[2021-05-26 05:58:11,451] {scheduler_job.py:190} INFO - Processing /home/ubuntu/.local/lib/python3.6/site-packages/airflow/example_dags/example_skip_dag.py took 0.089 seconds
[2021-05-26 05:58:44,611] {scheduler_job.py:182} INFO - Started process (PID=13389) to work on /home/ubuntu/.local/lib/python3.6/site-packages/airflow/example_dags/example_skip_dag.py
[2021-05-26 05:58:44,616] {scheduler_job.py:633} INFO - Processing file /home/ubuntu/.local/lib/python3.6/site-packages/airflow/example_dags/example_skip_dag.py for tasks to queue
[2021-05-26 05:58:44,620] {logging_mixin.py:104} INFO - [2021-05-26 05:58:44,620] {dagbag.py:487} INFO - Filling up the DagBag from /home/ubuntu/.local/lib/python3.6/site-packages/airflow/example_dags/example_skip_dag.py
[2021-05-26 05:58:44,635] {scheduler_job.py:643} INFO - DAG(s) dict_keys(['example_skip_dag']) retrieved from /home/ubuntu/.local/lib/python3.6/site-packages/airflow/example_dags/example_skip_dag.py
[2021-05-26 05:58:44,651] {logging_mixin.py:104} INFO - [2021-05-26 05:58:44,651] {dag.py:1832} INFO - Sync 1 DAGs
[2021-05-26 05:58:44,671] {logging_mixin.py:104} INFO - [2021-05-26 05:58:44,671] {dag.py:2305} INFO - Setting next_dagrun for example_skip_dag to 2021-05-24 00:00:00+00:00
[2021-05-26 05:58:44,700] {scheduler_job.py:190} INFO - Processing /home/ubuntu/.local/lib/python3.6/site-packages/airflow/example_dags/example_skip_dag.py took 0.091 seconds
[2021-05-26 05:59:18,854] {scheduler_job.py:182} INFO - Started process (PID=13560) to work on /home/ubuntu/.local/lib/python3.6/site-packages/airflow/example_dags/example_skip_dag.py
[2021-05-26 05:59:18,859] {scheduler_job.py:633} INFO - Processing file /home/ubuntu/.local/lib/python3.6/site-packages/airflow/example_dags/example_skip_dag.py for tasks to queue
[2021-05-26 05:59:18,864] {logging_mixin.py:104} INFO - [2021-05-26 05:59:18,864] {dagbag.py:487} INFO - Filling up the DagBag from /home/ubuntu/.local/lib/python3.6/site-packages/airflow/example_dags/example_skip_dag.py
[2021-05-26 05:59:18,878] {scheduler_job.py:643} INFO - DAG(s) dict_keys(['example_skip_dag']) retrieved from /home/ubuntu/.local/lib/python3.6/site-packages/airflow/example_dags/example_skip_dag.py
[2021-05-26 05:59:18,897] {logging_mixin.py:104} INFO - [2021-05-26 05:59:18,897] {dag.py:1832} INFO - Sync 1 DAGs
[2021-05-26 05:59:18,917] {logging_mixin.py:104} INFO - [2021-05-26 05:59:18,916] {dag.py:2305} INFO - Setting next_dagrun for example_skip_dag to 2021-05-24 00:00:00+00:00
[2021-05-26 05:59:18,946] {scheduler_job.py:190} INFO - Processing /home/ubuntu/.local/lib/python3.6/site-packages/airflow/example_dags/example_skip_dag.py took 0.093 seconds
[2021-05-26 05:59:51,820] {scheduler_job.py:182} INFO - Started process (PID=13731) to work on /home/ubuntu/.local/lib/python3.6/site-packages/airflow/example_dags/example_skip_dag.py
[2021-05-26 05:59:51,824] {scheduler_job.py:633} INFO - Processing file /home/ubuntu/.local/lib/python3.6/site-packages/airflow/example_dags/example_skip_dag.py for tasks to queue
[2021-05-26 05:59:51,828] {logging_mixin.py:104} INFO - [2021-05-26 05:59:51,828] {dagbag.py:487} INFO - Filling up the DagBag from /home/ubuntu/.local/lib/python3.6/site-packages/airflow/example_dags/example_skip_dag.py
[2021-05-26 05:59:51,842] {scheduler_job.py:643} INFO - DAG(s) dict_keys(['example_skip_dag']) retrieved from /home/ubuntu/.local/lib/python3.6/site-packages/airflow/example_dags/example_skip_dag.py
[2021-05-26 05:59:51,862] {logging_mixin.py:104} INFO - [2021-05-26 05:59:51,862] {dag.py:1832} INFO - Sync 1 DAGs
[2021-05-26 05:59:51,881] {logging_mixin.py:104} INFO - [2021-05-26 05:59:51,881] {dag.py:2305} INFO - Setting next_dagrun for example_skip_dag to 2021-05-24 00:00:00+00:00
[2021-05-26 05:59:51,906] {scheduler_job.py:190} INFO - Processing /home/ubuntu/.local/lib/python3.6/site-packages/airflow/example_dags/example_skip_dag.py took 0.089 seconds
[2021-05-26 06:00:30,247] {scheduler_job.py:182} INFO - Started process (PID=13918) to work on /home/ubuntu/.local/lib/python3.6/site-packages/airflow/example_dags/example_skip_dag.py
[2021-05-26 06:00:30,252] {scheduler_job.py:633} INFO - Processing file /home/ubuntu/.local/lib/python3.6/site-packages/airflow/example_dags/example_skip_dag.py for tasks to queue
[2021-05-26 06:00:30,256] {logging_mixin.py:104} INFO - [2021-05-26 06:00:30,256] {dagbag.py:487} INFO - Filling up the DagBag from /home/ubuntu/.local/lib/python3.6/site-packages/airflow/example_dags/example_skip_dag.py
[2021-05-26 06:00:30,274] {scheduler_job.py:643} INFO - DAG(s) dict_keys(['example_skip_dag']) retrieved from /home/ubuntu/.local/lib/python3.6/site-packages/airflow/example_dags/example_skip_dag.py
[2021-05-26 06:00:30,297] {logging_mixin.py:104} INFO - [2021-05-26 06:00:30,297] {dag.py:1832} INFO - Sync 1 DAGs
[2021-05-26 06:00:30,314] {logging_mixin.py:104} INFO - [2021-05-26 06:00:30,314] {dag.py:2305} INFO - Setting next_dagrun for example_skip_dag to 2021-05-24 00:00:00+00:00
[2021-05-26 06:00:30,341] {scheduler_job.py:190} INFO - Processing /home/ubuntu/.local/lib/python3.6/site-packages/airflow/example_dags/example_skip_dag.py took 0.096 seconds
[2021-05-26 06:01:02,520] {scheduler_job.py:182} INFO - Started process (PID=14058) to work on /home/ubuntu/.local/lib/python3.6/site-packages/airflow/example_dags/example_skip_dag.py
[2021-05-26 06:01:02,524] {scheduler_job.py:633} INFO - Processing file /home/ubuntu/.local/lib/python3.6/site-packages/airflow/example_dags/example_skip_dag.py for tasks to queue
[2021-05-26 06:01:02,530] {logging_mixin.py:104} INFO - [2021-05-26 06:01:02,530] {dagbag.py:487} INFO - Filling up the DagBag from /home/ubuntu/.local/lib/python3.6/site-packages/airflow/example_dags/example_skip_dag.py
[2021-05-26 06:01:02,543] {scheduler_job.py:643} INFO - DAG(s) dict_keys(['example_skip_dag']) retrieved from /home/ubuntu/.local/lib/python3.6/site-packages/airflow/example_dags/example_skip_dag.py
[2021-05-26 06:01:02,563] {logging_mixin.py:104} INFO - [2021-05-26 06:01:02,563] {dag.py:1832} INFO - Sync 1 DAGs
[2021-05-26 06:01:02,580] {logging_mixin.py:104} INFO - [2021-05-26 06:01:02,580] {dag.py:2305} INFO - Setting next_dagrun for example_skip_dag to 2021-05-24 00:00:00+00:00
[2021-05-26 06:01:02,606] {scheduler_job.py:190} INFO - Processing /home/ubuntu/.local/lib/python3.6/site-packages/airflow/example_dags/example_skip_dag.py took 0.089 seconds
[2021-05-26 06:01:38,603] {scheduler_job.py:182} INFO - Started process (PID=14234) to work on /home/ubuntu/.local/lib/python3.6/site-packages/airflow/example_dags/example_skip_dag.py
[2021-05-26 06:01:38,608] {scheduler_job.py:633} INFO - Processing file /home/ubuntu/.local/lib/python3.6/site-packages/airflow/example_dags/example_skip_dag.py for tasks to queue
[2021-05-26 06:01:38,611] {logging_mixin.py:104} INFO - [2021-05-26 06:01:38,611] {dagbag.py:487} INFO - Filling up the DagBag from /home/ubuntu/.local/lib/python3.6/site-packages/airflow/example_dags/example_skip_dag.py
[2021-05-26 06:01:38,628] {scheduler_job.py:643} INFO - DAG(s) dict_keys(['example_skip_dag']) retrieved from /home/ubuntu/.local/lib/python3.6/site-packages/airflow/example_dags/example_skip_dag.py
[2021-05-26 06:01:38,647] {logging_mixin.py:104} INFO - [2021-05-26 06:01:38,646] {dag.py:1832} INFO - Sync 1 DAGs
[2021-05-26 06:01:38,665] {logging_mixin.py:104} INFO - [2021-05-26 06:01:38,665] {dag.py:2305} INFO - Setting next_dagrun for example_skip_dag to 2021-05-24 00:00:00+00:00
[2021-05-26 06:01:38,691] {scheduler_job.py:190} INFO - Processing /home/ubuntu/.local/lib/python3.6/site-packages/airflow/example_dags/example_skip_dag.py took 0.090 seconds
[2021-05-26 06:02:19,883] {scheduler_job.py:182} INFO - Started process (PID=14429) to work on /home/ubuntu/.local/lib/python3.6/site-packages/airflow/example_dags/example_skip_dag.py
[2021-05-26 06:02:19,888] {scheduler_job.py:633} INFO - Processing file /home/ubuntu/.local/lib/python3.6/site-packages/airflow/example_dags/example_skip_dag.py for tasks to queue
[2021-05-26 06:02:19,891] {logging_mixin.py:104} INFO - [2021-05-26 06:02:19,891] {dagbag.py:487} INFO - Filling up the DagBag from /home/ubuntu/.local/lib/python3.6/site-packages/airflow/example_dags/example_skip_dag.py
[2021-05-26 06:02:19,907] {scheduler_job.py:643} INFO - DAG(s) dict_keys(['example_skip_dag']) retrieved from /home/ubuntu/.local/lib/python3.6/site-packages/airflow/example_dags/example_skip_dag.py
[2021-05-26 06:02:20,208] {logging_mixin.py:104} INFO - [2021-05-26 06:02:20,208] {dag.py:1832} INFO - Sync 1 DAGs
[2021-05-26 06:02:20,223] {logging_mixin.py:104} INFO - [2021-05-26 06:02:20,223] {dag.py:2305} INFO - Setting next_dagrun for example_skip_dag to 2021-05-24 00:00:00+00:00
[2021-05-26 06:02:20,256] {scheduler_job.py:190} INFO - Processing /home/ubuntu/.local/lib/python3.6/site-packages/airflow/example_dags/example_skip_dag.py took 0.375 seconds
[2021-05-26 06:02:56,373] {scheduler_job.py:182} INFO - Started process (PID=14602) to work on /home/ubuntu/.local/lib/python3.6/site-packages/airflow/example_dags/example_skip_dag.py
[2021-05-26 06:02:56,374] {scheduler_job.py:633} INFO - Processing file /home/ubuntu/.local/lib/python3.6/site-packages/airflow/example_dags/example_skip_dag.py for tasks to queue
[2021-05-26 06:02:56,374] {logging_mixin.py:104} INFO - [2021-05-26 06:02:56,374] {dagbag.py:487} INFO - Filling up the DagBag from /home/ubuntu/.local/lib/python3.6/site-packages/airflow/example_dags/example_skip_dag.py
[2021-05-26 06:02:56,408] {scheduler_job.py:643} INFO - DAG(s) dict_keys(['example_skip_dag']) retrieved from /home/ubuntu/.local/lib/python3.6/site-packages/airflow/example_dags/example_skip_dag.py
[2021-05-26 06:02:56,432] {logging_mixin.py:104} INFO - [2021-05-26 06:02:56,432] {dag.py:1832} INFO - Sync 1 DAGs
[2021-05-26 06:02:56,446] {logging_mixin.py:104} INFO - [2021-05-26 06:02:56,446] {dag.py:2305} INFO - Setting next_dagrun for example_skip_dag to 2021-05-24 00:00:00+00:00
[2021-05-26 06:02:56,464] {scheduler_job.py:190} INFO - Processing /home/ubuntu/.local/lib/python3.6/site-packages/airflow/example_dags/example_skip_dag.py took 0.094 seconds
[2021-05-26 06:03:37,372] {scheduler_job.py:182} INFO - Started process (PID=14815) to work on /home/ubuntu/.local/lib/python3.6/site-packages/airflow/example_dags/example_skip_dag.py
[2021-05-26 06:03:37,377] {scheduler_job.py:633} INFO - Processing file /home/ubuntu/.local/lib/python3.6/site-packages/airflow/example_dags/example_skip_dag.py for tasks to queue
[2021-05-26 06:03:37,383] {logging_mixin.py:104} INFO - [2021-05-26 06:03:37,383] {dagbag.py:487} INFO - Filling up the DagBag from /home/ubuntu/.local/lib/python3.6/site-packages/airflow/example_dags/example_skip_dag.py
[2021-05-26 06:03:37,399] {scheduler_job.py:643} INFO - DAG(s) dict_keys(['example_skip_dag']) retrieved from /home/ubuntu/.local/lib/python3.6/site-packages/airflow/example_dags/example_skip_dag.py
[2021-05-26 06:03:37,418] {logging_mixin.py:104} INFO - [2021-05-26 06:03:37,418] {dag.py:1832} INFO - Sync 1 DAGs
[2021-05-26 06:03:37,439] {logging_mixin.py:104} INFO - [2021-05-26 06:03:37,439] {dag.py:2305} INFO - Setting next_dagrun for example_skip_dag to 2021-05-24 00:00:00+00:00
[2021-05-26 06:03:37,467] {scheduler_job.py:190} INFO - Processing /home/ubuntu/.local/lib/python3.6/site-packages/airflow/example_dags/example_skip_dag.py took 0.097 seconds
[2021-05-26 06:04:14,345] {scheduler_job.py:182} INFO - Started process (PID=14997) to work on /home/ubuntu/.local/lib/python3.6/site-packages/airflow/example_dags/example_skip_dag.py
[2021-05-26 06:04:14,349] {scheduler_job.py:633} INFO - Processing file /home/ubuntu/.local/lib/python3.6/site-packages/airflow/example_dags/example_skip_dag.py for tasks to queue
[2021-05-26 06:04:14,353] {logging_mixin.py:104} INFO - [2021-05-26 06:04:14,353] {dagbag.py:487} INFO - Filling up the DagBag from /home/ubuntu/.local/lib/python3.6/site-packages/airflow/example_dags/example_skip_dag.py
[2021-05-26 06:04:14,369] {scheduler_job.py:643} INFO - DAG(s) dict_keys(['example_skip_dag']) retrieved from /home/ubuntu/.local/lib/python3.6/site-packages/airflow/example_dags/example_skip_dag.py
[2021-05-26 06:04:14,398] {logging_mixin.py:104} INFO - [2021-05-26 06:04:14,397] {dag.py:1832} INFO - Sync 1 DAGs
[2021-05-26 06:04:14,430] {logging_mixin.py:104} INFO - [2021-05-26 06:04:14,430] {dag.py:2305} INFO - Setting next_dagrun for example_skip_dag to 2021-05-24 00:00:00+00:00
[2021-05-26 06:04:14,458] {scheduler_job.py:190} INFO - Processing /home/ubuntu/.local/lib/python3.6/site-packages/airflow/example_dags/example_skip_dag.py took 0.115 seconds
[2021-05-26 06:04:50,379] {scheduler_job.py:182} INFO - Started process (PID=15138) to work on /home/ubuntu/.local/lib/python3.6/site-packages/airflow/example_dags/example_skip_dag.py
[2021-05-26 06:04:50,384] {scheduler_job.py:633} INFO - Processing file /home/ubuntu/.local/lib/python3.6/site-packages/airflow/example_dags/example_skip_dag.py for tasks to queue
[2021-05-26 06:04:50,387] {logging_mixin.py:104} INFO - [2021-05-26 06:04:50,387] {dagbag.py:487} INFO - Filling up the DagBag from /home/ubuntu/.local/lib/python3.6/site-packages/airflow/example_dags/example_skip_dag.py
[2021-05-26 06:04:50,405] {scheduler_job.py:643} INFO - DAG(s) dict_keys(['example_skip_dag']) retrieved from /home/ubuntu/.local/lib/python3.6/site-packages/airflow/example_dags/example_skip_dag.py
[2021-05-26 06:04:50,425] {logging_mixin.py:104} INFO - [2021-05-26 06:04:50,425] {dag.py:1832} INFO - Sync 1 DAGs
[2021-05-26 06:04:50,445] {logging_mixin.py:104} INFO - [2021-05-26 06:04:50,445] {dag.py:2305} INFO - Setting next_dagrun for example_skip_dag to 2021-05-24 00:00:00+00:00
[2021-05-26 06:04:50,476] {scheduler_job.py:190} INFO - Processing /home/ubuntu/.local/lib/python3.6/site-packages/airflow/example_dags/example_skip_dag.py took 0.100 seconds
[2021-05-26 06:05:23,553] {scheduler_job.py:182} INFO - Started process (PID=15291) to work on /home/ubuntu/.local/lib/python3.6/site-packages/airflow/example_dags/example_skip_dag.py
[2021-05-26 06:05:23,555] {scheduler_job.py:633} INFO - Processing file /home/ubuntu/.local/lib/python3.6/site-packages/airflow/example_dags/example_skip_dag.py for tasks to queue
[2021-05-26 06:05:23,556] {logging_mixin.py:104} INFO - [2021-05-26 06:05:23,556] {dagbag.py:487} INFO - Filling up the DagBag from /home/ubuntu/.local/lib/python3.6/site-packages/airflow/example_dags/example_skip_dag.py
[2021-05-26 06:05:23,573] {scheduler_job.py:643} INFO - DAG(s) dict_keys(['example_skip_dag']) retrieved from /home/ubuntu/.local/lib/python3.6/site-packages/airflow/example_dags/example_skip_dag.py
[2021-05-26 06:05:23,589] {logging_mixin.py:104} INFO - [2021-05-26 06:05:23,589] {dag.py:1832} INFO - Sync 1 DAGs
[2021-05-26 06:05:23,604] {logging_mixin.py:104} INFO - [2021-05-26 06:05:23,604] {dag.py:2305} INFO - Setting next_dagrun for example_skip_dag to 2021-05-24 00:00:00+00:00
[2021-05-26 06:05:23,623] {scheduler_job.py:190} INFO - Processing /home/ubuntu/.local/lib/python3.6/site-packages/airflow/example_dags/example_skip_dag.py took 0.074 seconds
[2021-05-26 06:06:07,465] {scheduler_job.py:182} INFO - Started process (PID=15453) to work on /home/ubuntu/.local/lib/python3.6/site-packages/airflow/example_dags/example_skip_dag.py
[2021-05-26 06:06:07,477] {scheduler_job.py:633} INFO - Processing file /home/ubuntu/.local/lib/python3.6/site-packages/airflow/example_dags/example_skip_dag.py for tasks to queue
[2021-05-26 06:06:07,481] {logging_mixin.py:104} INFO - [2021-05-26 06:06:07,480] {dagbag.py:487} INFO - Filling up the DagBag from /home/ubuntu/.local/lib/python3.6/site-packages/airflow/example_dags/example_skip_dag.py
[2021-05-26 06:06:07,523] {scheduler_job.py:643} INFO - DAG(s) dict_keys(['example_skip_dag']) retrieved from /home/ubuntu/.local/lib/python3.6/site-packages/airflow/example_dags/example_skip_dag.py
[2021-05-26 06:06:07,564] {logging_mixin.py:104} INFO - [2021-05-26 06:06:07,564] {dag.py:1832} INFO - Sync 1 DAGs
[2021-05-26 06:06:07,588] {logging_mixin.py:104} INFO - [2021-05-26 06:06:07,588] {dag.py:2305} INFO - Setting next_dagrun for example_skip_dag to 2021-05-24 00:00:00+00:00
[2021-05-26 06:06:07,617] {scheduler_job.py:190} INFO - Processing /home/ubuntu/.local/lib/python3.6/site-packages/airflow/example_dags/example_skip_dag.py took 0.155 seconds
[2021-05-26 06:06:49,340] {scheduler_job.py:182} INFO - Started process (PID=15606) to work on /home/ubuntu/.local/lib/python3.6/site-packages/airflow/example_dags/example_skip_dag.py
[2021-05-26 06:06:49,344] {scheduler_job.py:633} INFO - Processing file /home/ubuntu/.local/lib/python3.6/site-packages/airflow/example_dags/example_skip_dag.py for tasks to queue
[2021-05-26 06:06:49,349] {logging_mixin.py:104} INFO - [2021-05-26 06:06:49,349] {dagbag.py:487} INFO - Filling up the DagBag from /home/ubuntu/.local/lib/python3.6/site-packages/airflow/example_dags/example_skip_dag.py
[2021-05-26 06:06:49,367] {scheduler_job.py:643} INFO - DAG(s) dict_keys(['example_skip_dag']) retrieved from /home/ubuntu/.local/lib/python3.6/site-packages/airflow/example_dags/example_skip_dag.py
[2021-05-26 06:06:49,888] {logging_mixin.py:104} INFO - [2021-05-26 06:06:49,888] {dag.py:1832} INFO - Sync 1 DAGs
[2021-05-26 06:06:49,902] {logging_mixin.py:104} INFO - [2021-05-26 06:06:49,902] {dag.py:1851} INFO - Creating ORM DAG for example_skip_dag
[2021-05-26 06:06:49,910] {logging_mixin.py:104} INFO - [2021-05-26 06:06:49,910] {dag.py:2305} INFO - Setting next_dagrun for example_skip_dag to 2021-05-24 00:00:00+00:00
[2021-05-26 06:06:49,943] {scheduler_job.py:190} INFO - Processing /home/ubuntu/.local/lib/python3.6/site-packages/airflow/example_dags/example_skip_dag.py took 0.606 seconds
[2021-05-26 06:07:26,962] {scheduler_job.py:182} INFO - Started process (PID=15803) to work on /home/ubuntu/.local/lib/python3.6/site-packages/airflow/example_dags/example_skip_dag.py
[2021-05-26 06:07:26,963] {scheduler_job.py:633} INFO - Processing file /home/ubuntu/.local/lib/python3.6/site-packages/airflow/example_dags/example_skip_dag.py for tasks to queue
[2021-05-26 06:07:26,963] {logging_mixin.py:104} INFO - [2021-05-26 06:07:26,963] {dagbag.py:487} INFO - Filling up the DagBag from /home/ubuntu/.local/lib/python3.6/site-packages/airflow/example_dags/example_skip_dag.py
[2021-05-26 06:07:26,975] {scheduler_job.py:643} INFO - DAG(s) dict_keys(['example_skip_dag']) retrieved from /home/ubuntu/.local/lib/python3.6/site-packages/airflow/example_dags/example_skip_dag.py
[2021-05-26 06:07:26,991] {logging_mixin.py:104} INFO - [2021-05-26 06:07:26,990] {dag.py:1832} INFO - Sync 1 DAGs
[2021-05-26 06:07:27,005] {logging_mixin.py:104} INFO - [2021-05-26 06:07:27,005] {dag.py:2305} INFO - Setting next_dagrun for example_skip_dag to 2021-05-24 00:00:00+00:00
[2021-05-26 06:07:27,025] {scheduler_job.py:190} INFO - Processing /home/ubuntu/.local/lib/python3.6/site-packages/airflow/example_dags/example_skip_dag.py took 0.065 seconds
[2021-05-26 06:08:00,718] {scheduler_job.py:182} INFO - Started process (PID=15955) to work on /home/ubuntu/.local/lib/python3.6/site-packages/airflow/example_dags/example_skip_dag.py
[2021-05-26 06:08:00,723] {scheduler_job.py:633} INFO - Processing file /home/ubuntu/.local/lib/python3.6/site-packages/airflow/example_dags/example_skip_dag.py for tasks to queue
[2021-05-26 06:08:00,727] {logging_mixin.py:104} INFO - [2021-05-26 06:08:00,727] {dagbag.py:487} INFO - Filling up the DagBag from /home/ubuntu/.local/lib/python3.6/site-packages/airflow/example_dags/example_skip_dag.py
[2021-05-26 06:08:00,744] {scheduler_job.py:643} INFO - DAG(s) dict_keys(['example_skip_dag']) retrieved from /home/ubuntu/.local/lib/python3.6/site-packages/airflow/example_dags/example_skip_dag.py
[2021-05-26 06:08:00,767] {logging_mixin.py:104} INFO - [2021-05-26 06:08:00,766] {dag.py:1832} INFO - Sync 1 DAGs
[2021-05-26 06:08:00,794] {logging_mixin.py:104} INFO - [2021-05-26 06:08:00,794] {dag.py:2305} INFO - Setting next_dagrun for example_skip_dag to 2021-05-24 00:00:00+00:00
[2021-05-26 06:08:00,825] {scheduler_job.py:190} INFO - Processing /home/ubuntu/.local/lib/python3.6/site-packages/airflow/example_dags/example_skip_dag.py took 0.109 seconds
[2021-05-26 06:08:34,426] {scheduler_job.py:182} INFO - Started process (PID=16123) to work on /home/ubuntu/.local/lib/python3.6/site-packages/airflow/example_dags/example_skip_dag.py
[2021-05-26 06:08:34,427] {scheduler_job.py:633} INFO - Processing file /home/ubuntu/.local/lib/python3.6/site-packages/airflow/example_dags/example_skip_dag.py for tasks to queue
[2021-05-26 06:08:34,428] {logging_mixin.py:104} INFO - [2021-05-26 06:08:34,428] {dagbag.py:487} INFO - Filling up the DagBag from /home/ubuntu/.local/lib/python3.6/site-packages/airflow/example_dags/example_skip_dag.py
[2021-05-26 06:08:34,439] {scheduler_job.py:643} INFO - DAG(s) dict_keys(['example_skip_dag']) retrieved from /home/ubuntu/.local/lib/python3.6/site-packages/airflow/example_dags/example_skip_dag.py
[2021-05-26 06:08:34,453] {logging_mixin.py:104} INFO - [2021-05-26 06:08:34,453] {dag.py:1832} INFO - Sync 1 DAGs
[2021-05-26 06:08:34,468] {logging_mixin.py:104} INFO - [2021-05-26 06:08:34,468] {dag.py:2305} INFO - Setting next_dagrun for example_skip_dag to 2021-05-24 00:00:00+00:00
[2021-05-26 06:08:34,484] {scheduler_job.py:190} INFO - Processing /home/ubuntu/.local/lib/python3.6/site-packages/airflow/example_dags/example_skip_dag.py took 0.060 seconds
