[2021-05-26 05:47:34,821] {scheduler_job.py:182} INFO - Started process (PID=10580) to work on /home/ubuntu/.local/lib/python3.6/site-packages/airflow/example_dags/example_dag_decorator.py
[2021-05-26 05:47:34,827] {scheduler_job.py:633} INFO - Processing file /home/ubuntu/.local/lib/python3.6/site-packages/airflow/example_dags/example_dag_decorator.py for tasks to queue
[2021-05-26 05:47:34,828] {logging_mixin.py:104} INFO - [2021-05-26 05:47:34,828] {dagbag.py:487} INFO - Filling up the DagBag from /home/ubuntu/.local/lib/python3.6/site-packages/airflow/example_dags/example_dag_decorator.py
[2021-05-26 05:47:34,850] {scheduler_job.py:643} INFO - DAG(s) dict_keys(['example_dag_decorator']) retrieved from /home/ubuntu/.local/lib/python3.6/site-packages/airflow/example_dags/example_dag_decorator.py
[2021-05-26 05:47:35,197] {logging_mixin.py:104} INFO - [2021-05-26 05:47:35,197] {dag.py:1832} INFO - Sync 1 DAGs
[2021-05-26 05:47:35,226] {logging_mixin.py:104} INFO - [2021-05-26 05:47:35,226] {dag.py:2305} INFO - Setting next_dagrun for example_dag_decorator to None
[2021-05-26 05:47:35,257] {scheduler_job.py:190} INFO - Processing /home/ubuntu/.local/lib/python3.6/site-packages/airflow/example_dags/example_dag_decorator.py took 0.438 seconds
[2021-05-26 05:48:08,314] {scheduler_job.py:182} INFO - Started process (PID=10733) to work on /home/ubuntu/.local/lib/python3.6/site-packages/airflow/example_dags/example_dag_decorator.py
[2021-05-26 05:48:08,317] {scheduler_job.py:633} INFO - Processing file /home/ubuntu/.local/lib/python3.6/site-packages/airflow/example_dags/example_dag_decorator.py for tasks to queue
[2021-05-26 05:48:08,317] {logging_mixin.py:104} INFO - [2021-05-26 05:48:08,317] {dagbag.py:487} INFO - Filling up the DagBag from /home/ubuntu/.local/lib/python3.6/site-packages/airflow/example_dags/example_dag_decorator.py
[2021-05-26 05:48:08,337] {scheduler_job.py:643} INFO - DAG(s) dict_keys(['example_dag_decorator']) retrieved from /home/ubuntu/.local/lib/python3.6/site-packages/airflow/example_dags/example_dag_decorator.py
[2021-05-26 05:48:08,606] {logging_mixin.py:104} INFO - [2021-05-26 05:48:08,606] {dag.py:1832} INFO - Sync 1 DAGs
[2021-05-26 05:48:08,619] {logging_mixin.py:104} INFO - [2021-05-26 05:48:08,619] {dag.py:2305} INFO - Setting next_dagrun for example_dag_decorator to None
[2021-05-26 05:48:08,639] {scheduler_job.py:190} INFO - Processing /home/ubuntu/.local/lib/python3.6/site-packages/airflow/example_dags/example_dag_decorator.py took 0.327 seconds
[2021-05-26 05:48:40,316] {scheduler_job.py:182} INFO - Started process (PID=10866) to work on /home/ubuntu/.local/lib/python3.6/site-packages/airflow/example_dags/example_dag_decorator.py
[2021-05-26 05:48:40,320] {scheduler_job.py:633} INFO - Processing file /home/ubuntu/.local/lib/python3.6/site-packages/airflow/example_dags/example_dag_decorator.py for tasks to queue
[2021-05-26 05:48:40,324] {logging_mixin.py:104} INFO - [2021-05-26 05:48:40,324] {dagbag.py:487} INFO - Filling up the DagBag from /home/ubuntu/.local/lib/python3.6/site-packages/airflow/example_dags/example_dag_decorator.py
[2021-05-26 05:48:40,352] {scheduler_job.py:643} INFO - DAG(s) dict_keys(['example_dag_decorator']) retrieved from /home/ubuntu/.local/lib/python3.6/site-packages/airflow/example_dags/example_dag_decorator.py
[2021-05-26 05:48:40,383] {logging_mixin.py:104} INFO - [2021-05-26 05:48:40,382] {dag.py:1832} INFO - Sync 1 DAGs
[2021-05-26 05:48:40,400] {logging_mixin.py:104} INFO - [2021-05-26 05:48:40,399] {dag.py:2305} INFO - Setting next_dagrun for example_dag_decorator to None
[2021-05-26 05:48:40,419] {scheduler_job.py:190} INFO - Processing /home/ubuntu/.local/lib/python3.6/site-packages/airflow/example_dags/example_dag_decorator.py took 0.106 seconds
[2021-05-26 05:49:11,732] {scheduler_job.py:182} INFO - Started process (PID=11000) to work on /home/ubuntu/.local/lib/python3.6/site-packages/airflow/example_dags/example_dag_decorator.py
[2021-05-26 05:49:11,736] {scheduler_job.py:633} INFO - Processing file /home/ubuntu/.local/lib/python3.6/site-packages/airflow/example_dags/example_dag_decorator.py for tasks to queue
[2021-05-26 05:49:11,737] {logging_mixin.py:104} INFO - [2021-05-26 05:49:11,737] {dagbag.py:487} INFO - Filling up the DagBag from /home/ubuntu/.local/lib/python3.6/site-packages/airflow/example_dags/example_dag_decorator.py
[2021-05-26 05:49:11,756] {scheduler_job.py:643} INFO - DAG(s) dict_keys(['example_dag_decorator']) retrieved from /home/ubuntu/.local/lib/python3.6/site-packages/airflow/example_dags/example_dag_decorator.py
[2021-05-26 05:49:12,032] {logging_mixin.py:104} INFO - [2021-05-26 05:49:12,032] {dag.py:1832} INFO - Sync 1 DAGs
[2021-05-26 05:49:12,045] {logging_mixin.py:104} INFO - [2021-05-26 05:49:12,045] {dag.py:2305} INFO - Setting next_dagrun for example_dag_decorator to None
[2021-05-26 05:49:12,064] {scheduler_job.py:190} INFO - Processing /home/ubuntu/.local/lib/python3.6/site-packages/airflow/example_dags/example_dag_decorator.py took 0.334 seconds
[2021-05-26 05:49:43,913] {scheduler_job.py:182} INFO - Started process (PID=11140) to work on /home/ubuntu/.local/lib/python3.6/site-packages/airflow/example_dags/example_dag_decorator.py
[2021-05-26 05:49:43,915] {scheduler_job.py:633} INFO - Processing file /home/ubuntu/.local/lib/python3.6/site-packages/airflow/example_dags/example_dag_decorator.py for tasks to queue
[2021-05-26 05:49:43,916] {logging_mixin.py:104} INFO - [2021-05-26 05:49:43,915] {dagbag.py:487} INFO - Filling up the DagBag from /home/ubuntu/.local/lib/python3.6/site-packages/airflow/example_dags/example_dag_decorator.py
[2021-05-26 05:49:43,933] {scheduler_job.py:643} INFO - DAG(s) dict_keys(['example_dag_decorator']) retrieved from /home/ubuntu/.local/lib/python3.6/site-packages/airflow/example_dags/example_dag_decorator.py
[2021-05-26 05:49:44,171] {logging_mixin.py:104} INFO - [2021-05-26 05:49:44,171] {dag.py:1832} INFO - Sync 1 DAGs
[2021-05-26 05:49:44,182] {logging_mixin.py:104} INFO - [2021-05-26 05:49:44,182] {dag.py:2305} INFO - Setting next_dagrun for example_dag_decorator to None
[2021-05-26 05:49:44,198] {scheduler_job.py:190} INFO - Processing /home/ubuntu/.local/lib/python3.6/site-packages/airflow/example_dags/example_dag_decorator.py took 0.287 seconds
[2021-05-26 05:50:16,183] {scheduler_job.py:182} INFO - Started process (PID=11268) to work on /home/ubuntu/.local/lib/python3.6/site-packages/airflow/example_dags/example_dag_decorator.py
[2021-05-26 05:50:16,187] {scheduler_job.py:633} INFO - Processing file /home/ubuntu/.local/lib/python3.6/site-packages/airflow/example_dags/example_dag_decorator.py for tasks to queue
[2021-05-26 05:50:16,191] {logging_mixin.py:104} INFO - [2021-05-26 05:50:16,191] {dagbag.py:487} INFO - Filling up the DagBag from /home/ubuntu/.local/lib/python3.6/site-packages/airflow/example_dags/example_dag_decorator.py
[2021-05-26 05:50:16,208] {scheduler_job.py:643} INFO - DAG(s) dict_keys(['example_dag_decorator']) retrieved from /home/ubuntu/.local/lib/python3.6/site-packages/airflow/example_dags/example_dag_decorator.py
[2021-05-26 05:50:16,482] {logging_mixin.py:104} INFO - [2021-05-26 05:50:16,482] {dag.py:1832} INFO - Sync 1 DAGs
[2021-05-26 05:50:16,496] {logging_mixin.py:104} INFO - [2021-05-26 05:50:16,495] {dag.py:2305} INFO - Setting next_dagrun for example_dag_decorator to None
[2021-05-26 05:50:16,516] {scheduler_job.py:190} INFO - Processing /home/ubuntu/.local/lib/python3.6/site-packages/airflow/example_dags/example_dag_decorator.py took 0.336 seconds
[2021-05-26 05:50:48,649] {scheduler_job.py:182} INFO - Started process (PID=11395) to work on /home/ubuntu/.local/lib/python3.6/site-packages/airflow/example_dags/example_dag_decorator.py
[2021-05-26 05:50:48,651] {scheduler_job.py:633} INFO - Processing file /home/ubuntu/.local/lib/python3.6/site-packages/airflow/example_dags/example_dag_decorator.py for tasks to queue
[2021-05-26 05:50:48,652] {logging_mixin.py:104} INFO - [2021-05-26 05:50:48,652] {dagbag.py:487} INFO - Filling up the DagBag from /home/ubuntu/.local/lib/python3.6/site-packages/airflow/example_dags/example_dag_decorator.py
[2021-05-26 05:50:48,670] {scheduler_job.py:643} INFO - DAG(s) dict_keys(['example_dag_decorator']) retrieved from /home/ubuntu/.local/lib/python3.6/site-packages/airflow/example_dags/example_dag_decorator.py
[2021-05-26 05:50:48,921] {logging_mixin.py:104} INFO - [2021-05-26 05:50:48,921] {dag.py:1832} INFO - Sync 1 DAGs
[2021-05-26 05:50:48,934] {logging_mixin.py:104} INFO - [2021-05-26 05:50:48,933] {dag.py:2305} INFO - Setting next_dagrun for example_dag_decorator to None
[2021-05-26 05:50:48,955] {scheduler_job.py:190} INFO - Processing /home/ubuntu/.local/lib/python3.6/site-packages/airflow/example_dags/example_dag_decorator.py took 0.307 seconds
[2021-05-26 05:51:20,808] {scheduler_job.py:182} INFO - Started process (PID=11516) to work on /home/ubuntu/.local/lib/python3.6/site-packages/airflow/example_dags/example_dag_decorator.py
[2021-05-26 05:51:20,811] {scheduler_job.py:633} INFO - Processing file /home/ubuntu/.local/lib/python3.6/site-packages/airflow/example_dags/example_dag_decorator.py for tasks to queue
[2021-05-26 05:51:20,811] {logging_mixin.py:104} INFO - [2021-05-26 05:51:20,811] {dagbag.py:487} INFO - Filling up the DagBag from /home/ubuntu/.local/lib/python3.6/site-packages/airflow/example_dags/example_dag_decorator.py
[2021-05-26 05:51:20,832] {scheduler_job.py:643} INFO - DAG(s) dict_keys(['example_dag_decorator']) retrieved from /home/ubuntu/.local/lib/python3.6/site-packages/airflow/example_dags/example_dag_decorator.py
[2021-05-26 05:51:21,115] {logging_mixin.py:104} INFO - [2021-05-26 05:51:21,115] {dag.py:1832} INFO - Sync 1 DAGs
[2021-05-26 05:51:21,127] {logging_mixin.py:104} INFO - [2021-05-26 05:51:21,127] {dag.py:2305} INFO - Setting next_dagrun for example_dag_decorator to None
[2021-05-26 05:51:21,148] {scheduler_job.py:190} INFO - Processing /home/ubuntu/.local/lib/python3.6/site-packages/airflow/example_dags/example_dag_decorator.py took 0.341 seconds
[2021-05-26 05:51:51,717] {scheduler_job.py:182} INFO - Started process (PID=11637) to work on /home/ubuntu/.local/lib/python3.6/site-packages/airflow/example_dags/example_dag_decorator.py
[2021-05-26 05:51:51,718] {scheduler_job.py:633} INFO - Processing file /home/ubuntu/.local/lib/python3.6/site-packages/airflow/example_dags/example_dag_decorator.py for tasks to queue
[2021-05-26 05:51:51,718] {logging_mixin.py:104} INFO - [2021-05-26 05:51:51,718] {dagbag.py:487} INFO - Filling up the DagBag from /home/ubuntu/.local/lib/python3.6/site-packages/airflow/example_dags/example_dag_decorator.py
[2021-05-26 05:51:51,738] {scheduler_job.py:643} INFO - DAG(s) dict_keys(['example_dag_decorator']) retrieved from /home/ubuntu/.local/lib/python3.6/site-packages/airflow/example_dags/example_dag_decorator.py
[2021-05-26 05:51:51,999] {logging_mixin.py:104} INFO - [2021-05-26 05:51:51,999] {dag.py:1832} INFO - Sync 1 DAGs
[2021-05-26 05:51:52,011] {logging_mixin.py:104} INFO - [2021-05-26 05:51:52,011] {dag.py:2305} INFO - Setting next_dagrun for example_dag_decorator to None
[2021-05-26 05:51:52,031] {scheduler_job.py:190} INFO - Processing /home/ubuntu/.local/lib/python3.6/site-packages/airflow/example_dags/example_dag_decorator.py took 0.316 seconds
[2021-05-26 05:52:23,537] {scheduler_job.py:182} INFO - Started process (PID=11764) to work on /home/ubuntu/.local/lib/python3.6/site-packages/airflow/example_dags/example_dag_decorator.py
[2021-05-26 05:52:23,541] {scheduler_job.py:633} INFO - Processing file /home/ubuntu/.local/lib/python3.6/site-packages/airflow/example_dags/example_dag_decorator.py for tasks to queue
[2021-05-26 05:52:23,544] {logging_mixin.py:104} INFO - [2021-05-26 05:52:23,544] {dagbag.py:487} INFO - Filling up the DagBag from /home/ubuntu/.local/lib/python3.6/site-packages/airflow/example_dags/example_dag_decorator.py
[2021-05-26 05:52:23,565] {scheduler_job.py:643} INFO - DAG(s) dict_keys(['example_dag_decorator']) retrieved from /home/ubuntu/.local/lib/python3.6/site-packages/airflow/example_dags/example_dag_decorator.py
[2021-05-26 05:52:23,834] {logging_mixin.py:104} INFO - [2021-05-26 05:52:23,834] {dag.py:1832} INFO - Sync 1 DAGs
[2021-05-26 05:52:23,848] {logging_mixin.py:104} INFO - [2021-05-26 05:52:23,848] {dag.py:2305} INFO - Setting next_dagrun for example_dag_decorator to None
[2021-05-26 05:52:23,870] {scheduler_job.py:190} INFO - Processing /home/ubuntu/.local/lib/python3.6/site-packages/airflow/example_dags/example_dag_decorator.py took 0.334 seconds
[2021-05-26 05:52:54,567] {scheduler_job.py:182} INFO - Started process (PID=11885) to work on /home/ubuntu/.local/lib/python3.6/site-packages/airflow/example_dags/example_dag_decorator.py
[2021-05-26 05:52:54,568] {scheduler_job.py:633} INFO - Processing file /home/ubuntu/.local/lib/python3.6/site-packages/airflow/example_dags/example_dag_decorator.py for tasks to queue
[2021-05-26 05:52:54,569] {logging_mixin.py:104} INFO - [2021-05-26 05:52:54,569] {dagbag.py:487} INFO - Filling up the DagBag from /home/ubuntu/.local/lib/python3.6/site-packages/airflow/example_dags/example_dag_decorator.py
[2021-05-26 05:52:54,594] {scheduler_job.py:643} INFO - DAG(s) dict_keys(['example_dag_decorator']) retrieved from /home/ubuntu/.local/lib/python3.6/site-packages/airflow/example_dags/example_dag_decorator.py
[2021-05-26 05:52:54,894] {logging_mixin.py:104} INFO - [2021-05-26 05:52:54,894] {dag.py:1832} INFO - Sync 1 DAGs
[2021-05-26 05:52:54,910] {logging_mixin.py:104} INFO - [2021-05-26 05:52:54,910] {dag.py:2305} INFO - Setting next_dagrun for example_dag_decorator to None
[2021-05-26 05:52:54,929] {scheduler_job.py:190} INFO - Processing /home/ubuntu/.local/lib/python3.6/site-packages/airflow/example_dags/example_dag_decorator.py took 0.364 seconds
[2021-05-26 05:53:27,089] {scheduler_job.py:182} INFO - Started process (PID=12014) to work on /home/ubuntu/.local/lib/python3.6/site-packages/airflow/example_dags/example_dag_decorator.py
[2021-05-26 05:53:27,092] {scheduler_job.py:633} INFO - Processing file /home/ubuntu/.local/lib/python3.6/site-packages/airflow/example_dags/example_dag_decorator.py for tasks to queue
[2021-05-26 05:53:27,092] {logging_mixin.py:104} INFO - [2021-05-26 05:53:27,092] {dagbag.py:487} INFO - Filling up the DagBag from /home/ubuntu/.local/lib/python3.6/site-packages/airflow/example_dags/example_dag_decorator.py
[2021-05-26 05:53:27,113] {scheduler_job.py:643} INFO - DAG(s) dict_keys(['example_dag_decorator']) retrieved from /home/ubuntu/.local/lib/python3.6/site-packages/airflow/example_dags/example_dag_decorator.py
[2021-05-26 05:53:27,353] {logging_mixin.py:104} INFO - [2021-05-26 05:53:27,353] {dag.py:1832} INFO - Sync 1 DAGs
[2021-05-26 05:53:27,368] {logging_mixin.py:104} INFO - [2021-05-26 05:53:27,368] {dag.py:2305} INFO - Setting next_dagrun for example_dag_decorator to None
[2021-05-26 05:53:27,389] {scheduler_job.py:190} INFO - Processing /home/ubuntu/.local/lib/python3.6/site-packages/airflow/example_dags/example_dag_decorator.py took 0.301 seconds
[2021-05-26 05:53:58,536] {scheduler_job.py:182} INFO - Started process (PID=12136) to work on /home/ubuntu/.local/lib/python3.6/site-packages/airflow/example_dags/example_dag_decorator.py
[2021-05-26 05:53:58,539] {scheduler_job.py:633} INFO - Processing file /home/ubuntu/.local/lib/python3.6/site-packages/airflow/example_dags/example_dag_decorator.py for tasks to queue
[2021-05-26 05:53:58,541] {logging_mixin.py:104} INFO - [2021-05-26 05:53:58,541] {dagbag.py:487} INFO - Filling up the DagBag from /home/ubuntu/.local/lib/python3.6/site-packages/airflow/example_dags/example_dag_decorator.py
[2021-05-26 05:53:58,561] {scheduler_job.py:643} INFO - DAG(s) dict_keys(['example_dag_decorator']) retrieved from /home/ubuntu/.local/lib/python3.6/site-packages/airflow/example_dags/example_dag_decorator.py
[2021-05-26 05:53:58,809] {logging_mixin.py:104} INFO - [2021-05-26 05:53:58,809] {dag.py:1832} INFO - Sync 1 DAGs
[2021-05-26 05:53:58,822] {logging_mixin.py:104} INFO - [2021-05-26 05:53:58,822] {dag.py:2305} INFO - Setting next_dagrun for example_dag_decorator to None
[2021-05-26 05:53:58,843] {scheduler_job.py:190} INFO - Processing /home/ubuntu/.local/lib/python3.6/site-packages/airflow/example_dags/example_dag_decorator.py took 0.308 seconds
[2021-05-26 05:54:30,286] {scheduler_job.py:182} INFO - Started process (PID=12256) to work on /home/ubuntu/.local/lib/python3.6/site-packages/airflow/example_dags/example_dag_decorator.py
[2021-05-26 05:54:30,287] {scheduler_job.py:633} INFO - Processing file /home/ubuntu/.local/lib/python3.6/site-packages/airflow/example_dags/example_dag_decorator.py for tasks to queue
[2021-05-26 05:54:30,288] {logging_mixin.py:104} INFO - [2021-05-26 05:54:30,288] {dagbag.py:487} INFO - Filling up the DagBag from /home/ubuntu/.local/lib/python3.6/site-packages/airflow/example_dags/example_dag_decorator.py
[2021-05-26 05:54:30,306] {scheduler_job.py:643} INFO - DAG(s) dict_keys(['example_dag_decorator']) retrieved from /home/ubuntu/.local/lib/python3.6/site-packages/airflow/example_dags/example_dag_decorator.py
[2021-05-26 05:54:30,561] {logging_mixin.py:104} INFO - [2021-05-26 05:54:30,561] {dag.py:1832} INFO - Sync 1 DAGs
[2021-05-26 05:54:30,573] {logging_mixin.py:104} INFO - [2021-05-26 05:54:30,572] {dag.py:2305} INFO - Setting next_dagrun for example_dag_decorator to None
[2021-05-26 05:54:30,590] {scheduler_job.py:190} INFO - Processing /home/ubuntu/.local/lib/python3.6/site-packages/airflow/example_dags/example_dag_decorator.py took 0.306 seconds
[2021-05-26 05:55:04,291] {scheduler_job.py:182} INFO - Started process (PID=12410) to work on /home/ubuntu/.local/lib/python3.6/site-packages/airflow/example_dags/example_dag_decorator.py
[2021-05-26 05:55:04,295] {scheduler_job.py:633} INFO - Processing file /home/ubuntu/.local/lib/python3.6/site-packages/airflow/example_dags/example_dag_decorator.py for tasks to queue
[2021-05-26 05:55:04,298] {logging_mixin.py:104} INFO - [2021-05-26 05:55:04,298] {dagbag.py:487} INFO - Filling up the DagBag from /home/ubuntu/.local/lib/python3.6/site-packages/airflow/example_dags/example_dag_decorator.py
[2021-05-26 05:55:04,317] {scheduler_job.py:643} INFO - DAG(s) dict_keys(['example_dag_decorator']) retrieved from /home/ubuntu/.local/lib/python3.6/site-packages/airflow/example_dags/example_dag_decorator.py
[2021-05-26 05:55:04,567] {logging_mixin.py:104} INFO - [2021-05-26 05:55:04,566] {dag.py:1832} INFO - Sync 1 DAGs
[2021-05-26 05:55:04,580] {logging_mixin.py:104} INFO - [2021-05-26 05:55:04,580] {dag.py:2305} INFO - Setting next_dagrun for example_dag_decorator to None
[2021-05-26 05:55:04,601] {scheduler_job.py:190} INFO - Processing /home/ubuntu/.local/lib/python3.6/site-packages/airflow/example_dags/example_dag_decorator.py took 0.312 seconds
[2021-05-26 05:55:50,543] {scheduler_job.py:182} INFO - Started process (PID=12606) to work on /home/ubuntu/.local/lib/python3.6/site-packages/airflow/example_dags/example_dag_decorator.py
[2021-05-26 05:55:50,548] {scheduler_job.py:633} INFO - Processing file /home/ubuntu/.local/lib/python3.6/site-packages/airflow/example_dags/example_dag_decorator.py for tasks to queue
[2021-05-26 05:55:50,549] {logging_mixin.py:104} INFO - [2021-05-26 05:55:50,549] {dagbag.py:487} INFO - Filling up the DagBag from /home/ubuntu/.local/lib/python3.6/site-packages/airflow/example_dags/example_dag_decorator.py
[2021-05-26 05:55:50,574] {scheduler_job.py:643} INFO - DAG(s) dict_keys(['example_dag_decorator']) retrieved from /home/ubuntu/.local/lib/python3.6/site-packages/airflow/example_dags/example_dag_decorator.py
[2021-05-26 05:55:50,866] {logging_mixin.py:104} INFO - [2021-05-26 05:55:50,866] {dag.py:1832} INFO - Sync 1 DAGs
[2021-05-26 05:55:50,883] {logging_mixin.py:104} INFO - [2021-05-26 05:55:50,882] {dag.py:2305} INFO - Setting next_dagrun for example_dag_decorator to None
[2021-05-26 05:55:50,913] {scheduler_job.py:190} INFO - Processing /home/ubuntu/.local/lib/python3.6/site-packages/airflow/example_dags/example_dag_decorator.py took 0.373 seconds
[2021-05-26 05:56:25,884] {scheduler_job.py:182} INFO - Started process (PID=12750) to work on /home/ubuntu/.local/lib/python3.6/site-packages/airflow/example_dags/example_dag_decorator.py
[2021-05-26 05:56:25,889] {scheduler_job.py:633} INFO - Processing file /home/ubuntu/.local/lib/python3.6/site-packages/airflow/example_dags/example_dag_decorator.py for tasks to queue
[2021-05-26 05:56:25,893] {logging_mixin.py:104} INFO - [2021-05-26 05:56:25,893] {dagbag.py:487} INFO - Filling up the DagBag from /home/ubuntu/.local/lib/python3.6/site-packages/airflow/example_dags/example_dag_decorator.py
[2021-05-26 05:56:25,914] {scheduler_job.py:643} INFO - DAG(s) dict_keys(['example_dag_decorator']) retrieved from /home/ubuntu/.local/lib/python3.6/site-packages/airflow/example_dags/example_dag_decorator.py
[2021-05-26 05:56:26,237] {logging_mixin.py:104} INFO - [2021-05-26 05:56:26,237] {dag.py:1832} INFO - Sync 1 DAGs
[2021-05-26 05:56:26,253] {logging_mixin.py:104} INFO - [2021-05-26 05:56:26,252] {dag.py:2305} INFO - Setting next_dagrun for example_dag_decorator to None
[2021-05-26 05:56:26,284] {scheduler_job.py:190} INFO - Processing /home/ubuntu/.local/lib/python3.6/site-packages/airflow/example_dags/example_dag_decorator.py took 0.402 seconds
[2021-05-26 05:56:59,950] {scheduler_job.py:182} INFO - Started process (PID=12919) to work on /home/ubuntu/.local/lib/python3.6/site-packages/airflow/example_dags/example_dag_decorator.py
[2021-05-26 05:56:59,951] {scheduler_job.py:633} INFO - Processing file /home/ubuntu/.local/lib/python3.6/site-packages/airflow/example_dags/example_dag_decorator.py for tasks to queue
[2021-05-26 05:56:59,952] {logging_mixin.py:104} INFO - [2021-05-26 05:56:59,952] {dagbag.py:487} INFO - Filling up the DagBag from /home/ubuntu/.local/lib/python3.6/site-packages/airflow/example_dags/example_dag_decorator.py
[2021-05-26 05:56:59,971] {scheduler_job.py:643} INFO - DAG(s) dict_keys(['example_dag_decorator']) retrieved from /home/ubuntu/.local/lib/python3.6/site-packages/airflow/example_dags/example_dag_decorator.py
[2021-05-26 05:57:00,338] {logging_mixin.py:104} INFO - [2021-05-26 05:57:00,338] {dag.py:1832} INFO - Sync 1 DAGs
[2021-05-26 05:57:00,351] {logging_mixin.py:104} INFO - [2021-05-26 05:57:00,350] {dag.py:2305} INFO - Setting next_dagrun for example_dag_decorator to None
[2021-05-26 05:57:00,370] {scheduler_job.py:190} INFO - Processing /home/ubuntu/.local/lib/python3.6/site-packages/airflow/example_dags/example_dag_decorator.py took 0.422 seconds
[2021-05-26 05:57:34,486] {scheduler_job.py:182} INFO - Started process (PID=13081) to work on /home/ubuntu/.local/lib/python3.6/site-packages/airflow/example_dags/example_dag_decorator.py
[2021-05-26 05:57:34,490] {scheduler_job.py:633} INFO - Processing file /home/ubuntu/.local/lib/python3.6/site-packages/airflow/example_dags/example_dag_decorator.py for tasks to queue
[2021-05-26 05:57:34,494] {logging_mixin.py:104} INFO - [2021-05-26 05:57:34,494] {dagbag.py:487} INFO - Filling up the DagBag from /home/ubuntu/.local/lib/python3.6/site-packages/airflow/example_dags/example_dag_decorator.py
[2021-05-26 05:57:34,514] {scheduler_job.py:643} INFO - DAG(s) dict_keys(['example_dag_decorator']) retrieved from /home/ubuntu/.local/lib/python3.6/site-packages/airflow/example_dags/example_dag_decorator.py
[2021-05-26 05:57:34,798] {logging_mixin.py:104} INFO - [2021-05-26 05:57:34,798] {dag.py:1832} INFO - Sync 1 DAGs
[2021-05-26 05:57:34,812] {logging_mixin.py:104} INFO - [2021-05-26 05:57:34,812] {dag.py:2305} INFO - Setting next_dagrun for example_dag_decorator to None
[2021-05-26 05:57:34,843] {scheduler_job.py:190} INFO - Processing /home/ubuntu/.local/lib/python3.6/site-packages/airflow/example_dags/example_dag_decorator.py took 0.359 seconds
[2021-05-26 05:58:06,953] {scheduler_job.py:182} INFO - Started process (PID=13212) to work on /home/ubuntu/.local/lib/python3.6/site-packages/airflow/example_dags/example_dag_decorator.py
[2021-05-26 05:58:06,958] {scheduler_job.py:633} INFO - Processing file /home/ubuntu/.local/lib/python3.6/site-packages/airflow/example_dags/example_dag_decorator.py for tasks to queue
[2021-05-26 05:58:06,964] {logging_mixin.py:104} INFO - [2021-05-26 05:58:06,964] {dagbag.py:487} INFO - Filling up the DagBag from /home/ubuntu/.local/lib/python3.6/site-packages/airflow/example_dags/example_dag_decorator.py
[2021-05-26 05:58:06,988] {scheduler_job.py:643} INFO - DAG(s) dict_keys(['example_dag_decorator']) retrieved from /home/ubuntu/.local/lib/python3.6/site-packages/airflow/example_dags/example_dag_decorator.py
[2021-05-26 05:58:07,027] {logging_mixin.py:104} INFO - [2021-05-26 05:58:07,026] {dag.py:1832} INFO - Sync 1 DAGs
[2021-05-26 05:58:07,043] {logging_mixin.py:104} INFO - [2021-05-26 05:58:07,043] {dag.py:2305} INFO - Setting next_dagrun for example_dag_decorator to None
[2021-05-26 05:58:07,077] {scheduler_job.py:190} INFO - Processing /home/ubuntu/.local/lib/python3.6/site-packages/airflow/example_dags/example_dag_decorator.py took 0.126 seconds
[2021-05-26 05:58:39,245] {scheduler_job.py:182} INFO - Started process (PID=13359) to work on /home/ubuntu/.local/lib/python3.6/site-packages/airflow/example_dags/example_dag_decorator.py
[2021-05-26 05:58:39,250] {scheduler_job.py:633} INFO - Processing file /home/ubuntu/.local/lib/python3.6/site-packages/airflow/example_dags/example_dag_decorator.py for tasks to queue
[2021-05-26 05:58:39,254] {logging_mixin.py:104} INFO - [2021-05-26 05:58:39,254] {dagbag.py:487} INFO - Filling up the DagBag from /home/ubuntu/.local/lib/python3.6/site-packages/airflow/example_dags/example_dag_decorator.py
[2021-05-26 05:58:39,279] {scheduler_job.py:643} INFO - DAG(s) dict_keys(['example_dag_decorator']) retrieved from /home/ubuntu/.local/lib/python3.6/site-packages/airflow/example_dags/example_dag_decorator.py
[2021-05-26 05:58:39,606] {logging_mixin.py:104} INFO - [2021-05-26 05:58:39,605] {dag.py:1832} INFO - Sync 1 DAGs
[2021-05-26 05:58:39,624] {logging_mixin.py:104} INFO - [2021-05-26 05:58:39,624] {dag.py:2305} INFO - Setting next_dagrun for example_dag_decorator to None
[2021-05-26 05:58:39,658] {scheduler_job.py:190} INFO - Processing /home/ubuntu/.local/lib/python3.6/site-packages/airflow/example_dags/example_dag_decorator.py took 0.415 seconds
[2021-05-26 05:59:13,396] {scheduler_job.py:182} INFO - Started process (PID=13536) to work on /home/ubuntu/.local/lib/python3.6/site-packages/airflow/example_dags/example_dag_decorator.py
[2021-05-26 05:59:13,397] {scheduler_job.py:633} INFO - Processing file /home/ubuntu/.local/lib/python3.6/site-packages/airflow/example_dags/example_dag_decorator.py for tasks to queue
[2021-05-26 05:59:13,398] {logging_mixin.py:104} INFO - [2021-05-26 05:59:13,398] {dagbag.py:487} INFO - Filling up the DagBag from /home/ubuntu/.local/lib/python3.6/site-packages/airflow/example_dags/example_dag_decorator.py
[2021-05-26 05:59:13,421] {scheduler_job.py:643} INFO - DAG(s) dict_keys(['example_dag_decorator']) retrieved from /home/ubuntu/.local/lib/python3.6/site-packages/airflow/example_dags/example_dag_decorator.py
[2021-05-26 05:59:13,714] {logging_mixin.py:104} INFO - [2021-05-26 05:59:13,714] {dag.py:1832} INFO - Sync 1 DAGs
[2021-05-26 05:59:13,730] {logging_mixin.py:104} INFO - [2021-05-26 05:59:13,730] {dag.py:2305} INFO - Setting next_dagrun for example_dag_decorator to None
[2021-05-26 05:59:13,760] {scheduler_job.py:190} INFO - Processing /home/ubuntu/.local/lib/python3.6/site-packages/airflow/example_dags/example_dag_decorator.py took 0.367 seconds
[2021-05-26 05:59:45,103] {scheduler_job.py:182} INFO - Started process (PID=13700) to work on /home/ubuntu/.local/lib/python3.6/site-packages/airflow/example_dags/example_dag_decorator.py
[2021-05-26 05:59:45,107] {scheduler_job.py:633} INFO - Processing file /home/ubuntu/.local/lib/python3.6/site-packages/airflow/example_dags/example_dag_decorator.py for tasks to queue
[2021-05-26 05:59:45,111] {logging_mixin.py:104} INFO - [2021-05-26 05:59:45,111] {dagbag.py:487} INFO - Filling up the DagBag from /home/ubuntu/.local/lib/python3.6/site-packages/airflow/example_dags/example_dag_decorator.py
[2021-05-26 05:59:45,137] {scheduler_job.py:643} INFO - DAG(s) dict_keys(['example_dag_decorator']) retrieved from /home/ubuntu/.local/lib/python3.6/site-packages/airflow/example_dags/example_dag_decorator.py
[2021-05-26 05:59:45,426] {logging_mixin.py:104} INFO - [2021-05-26 05:59:45,426] {dag.py:1832} INFO - Sync 1 DAGs
[2021-05-26 05:59:45,441] {logging_mixin.py:104} INFO - [2021-05-26 05:59:45,440] {dag.py:2305} INFO - Setting next_dagrun for example_dag_decorator to None
[2021-05-26 05:59:45,469] {scheduler_job.py:190} INFO - Processing /home/ubuntu/.local/lib/python3.6/site-packages/airflow/example_dags/example_dag_decorator.py took 0.368 seconds
[2021-05-26 06:00:24,993] {scheduler_job.py:182} INFO - Started process (PID=13901) to work on /home/ubuntu/.local/lib/python3.6/site-packages/airflow/example_dags/example_dag_decorator.py
[2021-05-26 06:00:25,003] {scheduler_job.py:633} INFO - Processing file /home/ubuntu/.local/lib/python3.6/site-packages/airflow/example_dags/example_dag_decorator.py for tasks to queue
[2021-05-26 06:00:25,009] {logging_mixin.py:104} INFO - [2021-05-26 06:00:25,007] {dagbag.py:487} INFO - Filling up the DagBag from /home/ubuntu/.local/lib/python3.6/site-packages/airflow/example_dags/example_dag_decorator.py
[2021-05-26 06:00:25,035] {scheduler_job.py:643} INFO - DAG(s) dict_keys(['example_dag_decorator']) retrieved from /home/ubuntu/.local/lib/python3.6/site-packages/airflow/example_dags/example_dag_decorator.py
[2021-05-26 06:00:25,053] {logging_mixin.py:104} INFO - [2021-05-26 06:00:25,052] {dag.py:1832} INFO - Sync 1 DAGs
[2021-05-26 06:00:25,070] {logging_mixin.py:104} INFO - [2021-05-26 06:00:25,070] {dag.py:2305} INFO - Setting next_dagrun for example_dag_decorator to None
[2021-05-26 06:00:25,098] {scheduler_job.py:190} INFO - Processing /home/ubuntu/.local/lib/python3.6/site-packages/airflow/example_dags/example_dag_decorator.py took 0.107 seconds
[2021-05-26 06:00:57,299] {scheduler_job.py:182} INFO - Started process (PID=14028) to work on /home/ubuntu/.local/lib/python3.6/site-packages/airflow/example_dags/example_dag_decorator.py
[2021-05-26 06:00:57,301] {scheduler_job.py:633} INFO - Processing file /home/ubuntu/.local/lib/python3.6/site-packages/airflow/example_dags/example_dag_decorator.py for tasks to queue
[2021-05-26 06:00:57,302] {logging_mixin.py:104} INFO - [2021-05-26 06:00:57,302] {dagbag.py:487} INFO - Filling up the DagBag from /home/ubuntu/.local/lib/python3.6/site-packages/airflow/example_dags/example_dag_decorator.py
[2021-05-26 06:00:57,324] {scheduler_job.py:643} INFO - DAG(s) dict_keys(['example_dag_decorator']) retrieved from /home/ubuntu/.local/lib/python3.6/site-packages/airflow/example_dags/example_dag_decorator.py
[2021-05-26 06:00:57,606] {logging_mixin.py:104} INFO - [2021-05-26 06:00:57,606] {dag.py:1832} INFO - Sync 1 DAGs
[2021-05-26 06:00:57,619] {logging_mixin.py:104} INFO - [2021-05-26 06:00:57,619] {dag.py:2305} INFO - Setting next_dagrun for example_dag_decorator to None
[2021-05-26 06:00:57,638] {scheduler_job.py:190} INFO - Processing /home/ubuntu/.local/lib/python3.6/site-packages/airflow/example_dags/example_dag_decorator.py took 0.342 seconds
[2021-05-26 06:01:31,567] {scheduler_job.py:182} INFO - Started process (PID=14198) to work on /home/ubuntu/.local/lib/python3.6/site-packages/airflow/example_dags/example_dag_decorator.py
[2021-05-26 06:01:31,571] {scheduler_job.py:633} INFO - Processing file /home/ubuntu/.local/lib/python3.6/site-packages/airflow/example_dags/example_dag_decorator.py for tasks to queue
[2021-05-26 06:01:31,575] {logging_mixin.py:104} INFO - [2021-05-26 06:01:31,575] {dagbag.py:487} INFO - Filling up the DagBag from /home/ubuntu/.local/lib/python3.6/site-packages/airflow/example_dags/example_dag_decorator.py
[2021-05-26 06:01:31,599] {scheduler_job.py:643} INFO - DAG(s) dict_keys(['example_dag_decorator']) retrieved from /home/ubuntu/.local/lib/python3.6/site-packages/airflow/example_dags/example_dag_decorator.py
[2021-05-26 06:01:32,004] {logging_mixin.py:104} INFO - [2021-05-26 06:01:32,004] {dag.py:1832} INFO - Sync 1 DAGs
[2021-05-26 06:01:32,020] {logging_mixin.py:104} INFO - [2021-05-26 06:01:32,020] {dag.py:2305} INFO - Setting next_dagrun for example_dag_decorator to None
[2021-05-26 06:01:32,048] {scheduler_job.py:190} INFO - Processing /home/ubuntu/.local/lib/python3.6/site-packages/airflow/example_dags/example_dag_decorator.py took 0.483 seconds
[2021-05-26 06:02:09,267] {scheduler_job.py:182} INFO - Started process (PID=14385) to work on /home/ubuntu/.local/lib/python3.6/site-packages/airflow/example_dags/example_dag_decorator.py
[2021-05-26 06:02:09,271] {scheduler_job.py:633} INFO - Processing file /home/ubuntu/.local/lib/python3.6/site-packages/airflow/example_dags/example_dag_decorator.py for tasks to queue
[2021-05-26 06:02:09,275] {logging_mixin.py:104} INFO - [2021-05-26 06:02:09,275] {dagbag.py:487} INFO - Filling up the DagBag from /home/ubuntu/.local/lib/python3.6/site-packages/airflow/example_dags/example_dag_decorator.py
[2021-05-26 06:02:09,297] {scheduler_job.py:643} INFO - DAG(s) dict_keys(['example_dag_decorator']) retrieved from /home/ubuntu/.local/lib/python3.6/site-packages/airflow/example_dags/example_dag_decorator.py
[2021-05-26 06:02:09,596] {logging_mixin.py:104} INFO - [2021-05-26 06:02:09,596] {dag.py:1832} INFO - Sync 1 DAGs
[2021-05-26 06:02:09,610] {logging_mixin.py:104} INFO - [2021-05-26 06:02:09,610] {dag.py:2305} INFO - Setting next_dagrun for example_dag_decorator to None
[2021-05-26 06:02:09,631] {scheduler_job.py:190} INFO - Processing /home/ubuntu/.local/lib/python3.6/site-packages/airflow/example_dags/example_dag_decorator.py took 0.366 seconds
[2021-05-26 06:02:48,630] {scheduler_job.py:182} INFO - Started process (PID=14569) to work on /home/ubuntu/.local/lib/python3.6/site-packages/airflow/example_dags/example_dag_decorator.py
[2021-05-26 06:02:48,635] {scheduler_job.py:633} INFO - Processing file /home/ubuntu/.local/lib/python3.6/site-packages/airflow/example_dags/example_dag_decorator.py for tasks to queue
[2021-05-26 06:02:48,638] {logging_mixin.py:104} INFO - [2021-05-26 06:02:48,638] {dagbag.py:487} INFO - Filling up the DagBag from /home/ubuntu/.local/lib/python3.6/site-packages/airflow/example_dags/example_dag_decorator.py
[2021-05-26 06:02:48,661] {scheduler_job.py:643} INFO - DAG(s) dict_keys(['example_dag_decorator']) retrieved from /home/ubuntu/.local/lib/python3.6/site-packages/airflow/example_dags/example_dag_decorator.py
[2021-05-26 06:02:48,947] {logging_mixin.py:104} INFO - [2021-05-26 06:02:48,947] {dag.py:1832} INFO - Sync 1 DAGs
[2021-05-26 06:02:48,962] {logging_mixin.py:104} INFO - [2021-05-26 06:02:48,962] {dag.py:2305} INFO - Setting next_dagrun for example_dag_decorator to None
[2021-05-26 06:02:48,993] {scheduler_job.py:190} INFO - Processing /home/ubuntu/.local/lib/python3.6/site-packages/airflow/example_dags/example_dag_decorator.py took 0.364 seconds
[2021-05-26 06:03:25,799] {scheduler_job.py:182} INFO - Started process (PID=14763) to work on /home/ubuntu/.local/lib/python3.6/site-packages/airflow/example_dags/example_dag_decorator.py
[2021-05-26 06:03:25,803] {scheduler_job.py:633} INFO - Processing file /home/ubuntu/.local/lib/python3.6/site-packages/airflow/example_dags/example_dag_decorator.py for tasks to queue
[2021-05-26 06:03:25,807] {logging_mixin.py:104} INFO - [2021-05-26 06:03:25,807] {dagbag.py:487} INFO - Filling up the DagBag from /home/ubuntu/.local/lib/python3.6/site-packages/airflow/example_dags/example_dag_decorator.py
[2021-05-26 06:03:25,831] {scheduler_job.py:643} INFO - DAG(s) dict_keys(['example_dag_decorator']) retrieved from /home/ubuntu/.local/lib/python3.6/site-packages/airflow/example_dags/example_dag_decorator.py
[2021-05-26 06:03:26,166] {logging_mixin.py:104} INFO - [2021-05-26 06:03:26,166] {dag.py:1832} INFO - Sync 1 DAGs
[2021-05-26 06:03:26,186] {logging_mixin.py:104} INFO - [2021-05-26 06:03:26,186] {dag.py:2305} INFO - Setting next_dagrun for example_dag_decorator to None
[2021-05-26 06:03:26,220] {scheduler_job.py:190} INFO - Processing /home/ubuntu/.local/lib/python3.6/site-packages/airflow/example_dags/example_dag_decorator.py took 0.423 seconds
[2021-05-26 06:04:05,054] {scheduler_job.py:182} INFO - Started process (PID=14951) to work on /home/ubuntu/.local/lib/python3.6/site-packages/airflow/example_dags/example_dag_decorator.py
[2021-05-26 06:04:05,056] {scheduler_job.py:633} INFO - Processing file /home/ubuntu/.local/lib/python3.6/site-packages/airflow/example_dags/example_dag_decorator.py for tasks to queue
[2021-05-26 06:04:05,057] {logging_mixin.py:104} INFO - [2021-05-26 06:04:05,057] {dagbag.py:487} INFO - Filling up the DagBag from /home/ubuntu/.local/lib/python3.6/site-packages/airflow/example_dags/example_dag_decorator.py
[2021-05-26 06:04:05,080] {scheduler_job.py:643} INFO - DAG(s) dict_keys(['example_dag_decorator']) retrieved from /home/ubuntu/.local/lib/python3.6/site-packages/airflow/example_dags/example_dag_decorator.py
[2021-05-26 06:04:05,404] {logging_mixin.py:104} INFO - [2021-05-26 06:04:05,404] {dag.py:1832} INFO - Sync 1 DAGs
[2021-05-26 06:04:05,419] {logging_mixin.py:104} INFO - [2021-05-26 06:04:05,419] {dag.py:2305} INFO - Setting next_dagrun for example_dag_decorator to None
[2021-05-26 06:04:05,438] {scheduler_job.py:190} INFO - Processing /home/ubuntu/.local/lib/python3.6/site-packages/airflow/example_dags/example_dag_decorator.py took 0.386 seconds
[2021-05-26 06:04:39,185] {scheduler_job.py:182} INFO - Started process (PID=15091) to work on /home/ubuntu/.local/lib/python3.6/site-packages/airflow/example_dags/example_dag_decorator.py
[2021-05-26 06:04:39,190] {scheduler_job.py:633} INFO - Processing file /home/ubuntu/.local/lib/python3.6/site-packages/airflow/example_dags/example_dag_decorator.py for tasks to queue
[2021-05-26 06:04:39,194] {logging_mixin.py:104} INFO - [2021-05-26 06:04:39,193] {dagbag.py:487} INFO - Filling up the DagBag from /home/ubuntu/.local/lib/python3.6/site-packages/airflow/example_dags/example_dag_decorator.py
[2021-05-26 06:04:39,218] {scheduler_job.py:643} INFO - DAG(s) dict_keys(['example_dag_decorator']) retrieved from /home/ubuntu/.local/lib/python3.6/site-packages/airflow/example_dags/example_dag_decorator.py
[2021-05-26 06:04:39,548] {logging_mixin.py:104} INFO - [2021-05-26 06:04:39,548] {dag.py:1832} INFO - Sync 1 DAGs
[2021-05-26 06:04:39,566] {logging_mixin.py:104} INFO - [2021-05-26 06:04:39,566] {dag.py:2305} INFO - Setting next_dagrun for example_dag_decorator to None
[2021-05-26 06:04:39,597] {scheduler_job.py:190} INFO - Processing /home/ubuntu/.local/lib/python3.6/site-packages/airflow/example_dags/example_dag_decorator.py took 0.415 seconds
[2021-05-26 06:05:12,723] {scheduler_job.py:182} INFO - Started process (PID=15250) to work on /home/ubuntu/.local/lib/python3.6/site-packages/airflow/example_dags/example_dag_decorator.py
[2021-05-26 06:05:12,728] {scheduler_job.py:633} INFO - Processing file /home/ubuntu/.local/lib/python3.6/site-packages/airflow/example_dags/example_dag_decorator.py for tasks to queue
[2021-05-26 06:05:12,733] {logging_mixin.py:104} INFO - [2021-05-26 06:05:12,732] {dagbag.py:487} INFO - Filling up the DagBag from /home/ubuntu/.local/lib/python3.6/site-packages/airflow/example_dags/example_dag_decorator.py
[2021-05-26 06:05:12,759] {scheduler_job.py:643} INFO - DAG(s) dict_keys(['example_dag_decorator']) retrieved from /home/ubuntu/.local/lib/python3.6/site-packages/airflow/example_dags/example_dag_decorator.py
[2021-05-26 06:05:13,103] {logging_mixin.py:104} INFO - [2021-05-26 06:05:13,102] {dag.py:1832} INFO - Sync 1 DAGs
[2021-05-26 06:05:13,121] {logging_mixin.py:104} INFO - [2021-05-26 06:05:13,121] {dag.py:2305} INFO - Setting next_dagrun for example_dag_decorator to None
[2021-05-26 06:05:13,154] {scheduler_job.py:190} INFO - Processing /home/ubuntu/.local/lib/python3.6/site-packages/airflow/example_dags/example_dag_decorator.py took 0.434 seconds
[2021-05-26 06:05:54,238] {scheduler_job.py:182} INFO - Started process (PID=15407) to work on /home/ubuntu/.local/lib/python3.6/site-packages/airflow/example_dags/example_dag_decorator.py
[2021-05-26 06:05:54,244] {scheduler_job.py:633} INFO - Processing file /home/ubuntu/.local/lib/python3.6/site-packages/airflow/example_dags/example_dag_decorator.py for tasks to queue
[2021-05-26 06:05:54,248] {logging_mixin.py:104} INFO - [2021-05-26 06:05:54,248] {dagbag.py:487} INFO - Filling up the DagBag from /home/ubuntu/.local/lib/python3.6/site-packages/airflow/example_dags/example_dag_decorator.py
[2021-05-26 06:05:54,278] {scheduler_job.py:643} INFO - DAG(s) dict_keys(['example_dag_decorator']) retrieved from /home/ubuntu/.local/lib/python3.6/site-packages/airflow/example_dags/example_dag_decorator.py
[2021-05-26 06:05:54,609] {logging_mixin.py:104} INFO - [2021-05-26 06:05:54,609] {dag.py:1832} INFO - Sync 1 DAGs
[2021-05-26 06:05:54,625] {logging_mixin.py:104} INFO - [2021-05-26 06:05:54,625] {dag.py:2305} INFO - Setting next_dagrun for example_dag_decorator to None
[2021-05-26 06:05:54,655] {scheduler_job.py:190} INFO - Processing /home/ubuntu/.local/lib/python3.6/site-packages/airflow/example_dags/example_dag_decorator.py took 0.419 seconds
[2021-05-26 06:06:30,041] {scheduler_job.py:182} INFO - Started process (PID=15538) to work on /home/ubuntu/.local/lib/python3.6/site-packages/airflow/example_dags/example_dag_decorator.py
[2021-05-26 06:06:30,048] {scheduler_job.py:633} INFO - Processing file /home/ubuntu/.local/lib/python3.6/site-packages/airflow/example_dags/example_dag_decorator.py for tasks to queue
[2021-05-26 06:06:30,054] {logging_mixin.py:104} INFO - [2021-05-26 06:06:30,054] {dagbag.py:487} INFO - Filling up the DagBag from /home/ubuntu/.local/lib/python3.6/site-packages/airflow/example_dags/example_dag_decorator.py
[2021-05-26 06:06:30,080] {scheduler_job.py:643} INFO - DAG(s) dict_keys(['example_dag_decorator']) retrieved from /home/ubuntu/.local/lib/python3.6/site-packages/airflow/example_dags/example_dag_decorator.py
[2021-05-26 06:06:30,423] {logging_mixin.py:104} INFO - [2021-05-26 06:06:30,423] {dag.py:1832} INFO - Sync 1 DAGs
[2021-05-26 06:06:30,438] {logging_mixin.py:104} INFO - [2021-05-26 06:06:30,438] {dag.py:1851} INFO - Creating ORM DAG for example_dag_decorator
[2021-05-26 06:06:30,447] {logging_mixin.py:104} INFO - [2021-05-26 06:06:30,447] {dag.py:2305} INFO - Setting next_dagrun for example_dag_decorator to None
[2021-05-26 06:06:30,479] {scheduler_job.py:190} INFO - Processing /home/ubuntu/.local/lib/python3.6/site-packages/airflow/example_dags/example_dag_decorator.py took 0.443 seconds
[2021-05-26 06:07:16,101] {scheduler_job.py:182} INFO - Started process (PID=15741) to work on /home/ubuntu/.local/lib/python3.6/site-packages/airflow/example_dags/example_dag_decorator.py
[2021-05-26 06:07:16,105] {scheduler_job.py:633} INFO - Processing file /home/ubuntu/.local/lib/python3.6/site-packages/airflow/example_dags/example_dag_decorator.py for tasks to queue
[2021-05-26 06:07:16,109] {logging_mixin.py:104} INFO - [2021-05-26 06:07:16,109] {dagbag.py:487} INFO - Filling up the DagBag from /home/ubuntu/.local/lib/python3.6/site-packages/airflow/example_dags/example_dag_decorator.py
[2021-05-26 06:07:16,132] {scheduler_job.py:643} INFO - DAG(s) dict_keys(['example_dag_decorator']) retrieved from /home/ubuntu/.local/lib/python3.6/site-packages/airflow/example_dags/example_dag_decorator.py
[2021-05-26 06:07:16,455] {logging_mixin.py:104} INFO - [2021-05-26 06:07:16,455] {dag.py:1832} INFO - Sync 1 DAGs
[2021-05-26 06:07:16,474] {logging_mixin.py:104} INFO - [2021-05-26 06:07:16,474] {dag.py:2305} INFO - Setting next_dagrun for example_dag_decorator to None
[2021-05-26 06:07:16,503] {scheduler_job.py:190} INFO - Processing /home/ubuntu/.local/lib/python3.6/site-packages/airflow/example_dags/example_dag_decorator.py took 0.404 seconds
[2021-05-26 06:07:50,269] {scheduler_job.py:182} INFO - Started process (PID=15915) to work on /home/ubuntu/.local/lib/python3.6/site-packages/airflow/example_dags/example_dag_decorator.py
[2021-05-26 06:07:50,274] {scheduler_job.py:633} INFO - Processing file /home/ubuntu/.local/lib/python3.6/site-packages/airflow/example_dags/example_dag_decorator.py for tasks to queue
[2021-05-26 06:07:50,278] {logging_mixin.py:104} INFO - [2021-05-26 06:07:50,278] {dagbag.py:487} INFO - Filling up the DagBag from /home/ubuntu/.local/lib/python3.6/site-packages/airflow/example_dags/example_dag_decorator.py
[2021-05-26 06:07:50,301] {scheduler_job.py:643} INFO - DAG(s) dict_keys(['example_dag_decorator']) retrieved from /home/ubuntu/.local/lib/python3.6/site-packages/airflow/example_dags/example_dag_decorator.py
[2021-05-26 06:07:50,630] {logging_mixin.py:104} INFO - [2021-05-26 06:07:50,629] {dag.py:1832} INFO - Sync 1 DAGs
[2021-05-26 06:07:50,645] {logging_mixin.py:104} INFO - [2021-05-26 06:07:50,645] {dag.py:2305} INFO - Setting next_dagrun for example_dag_decorator to None
[2021-05-26 06:07:50,679] {scheduler_job.py:190} INFO - Processing /home/ubuntu/.local/lib/python3.6/site-packages/airflow/example_dags/example_dag_decorator.py took 0.413 seconds
[2021-05-26 06:08:23,793] {scheduler_job.py:182} INFO - Started process (PID=16063) to work on /home/ubuntu/.local/lib/python3.6/site-packages/airflow/example_dags/example_dag_decorator.py
[2021-05-26 06:08:23,796] {scheduler_job.py:633} INFO - Processing file /home/ubuntu/.local/lib/python3.6/site-packages/airflow/example_dags/example_dag_decorator.py for tasks to queue
[2021-05-26 06:08:23,796] {logging_mixin.py:104} INFO - [2021-05-26 06:08:23,796] {dagbag.py:487} INFO - Filling up the DagBag from /home/ubuntu/.local/lib/python3.6/site-packages/airflow/example_dags/example_dag_decorator.py
[2021-05-26 06:08:23,816] {scheduler_job.py:643} INFO - DAG(s) dict_keys(['example_dag_decorator']) retrieved from /home/ubuntu/.local/lib/python3.6/site-packages/airflow/example_dags/example_dag_decorator.py
[2021-05-26 06:08:24,126] {logging_mixin.py:104} INFO - [2021-05-26 06:08:24,126] {dag.py:1832} INFO - Sync 1 DAGs
[2021-05-26 06:08:24,139] {logging_mixin.py:104} INFO - [2021-05-26 06:08:24,139] {dag.py:2305} INFO - Setting next_dagrun for example_dag_decorator to None
[2021-05-26 06:08:24,166] {scheduler_job.py:190} INFO - Processing /home/ubuntu/.local/lib/python3.6/site-packages/airflow/example_dags/example_dag_decorator.py took 0.375 seconds
