[2021-05-26 05:47:43,355] {scheduler_job.py:182} INFO - Started process (PID=10612) to work on /home/ubuntu/.local/lib/python3.6/site-packages/airflow/example_dags/example_kubernetes_executor_config.py
[2021-05-26 05:47:43,357] {scheduler_job.py:633} INFO - Processing file /home/ubuntu/.local/lib/python3.6/site-packages/airflow/example_dags/example_kubernetes_executor_config.py for tasks to queue
[2021-05-26 05:47:43,358] {logging_mixin.py:104} INFO - [2021-05-26 05:47:43,357] {dagbag.py:487} INFO - Filling up the DagBag from /home/ubuntu/.local/lib/python3.6/site-packages/airflow/example_dags/example_kubernetes_executor_config.py
[2021-05-26 05:47:43,365] {logging_mixin.py:104} INFO - [2021-05-26 05:47:43,365] {example_kubernetes_executor_config.py:175} WARNING - Could not import DAGs in example_kubernetes_executor_config.py: No module named 'kubernetes'
[2021-05-26 05:47:43,365] {logging_mixin.py:104} INFO - [2021-05-26 05:47:43,365] {example_kubernetes_executor_config.py:176} WARNING - Install kubernetes dependencies with: pip install apache-airflow['cncf.kubernetes']
[2021-05-26 05:47:43,366] {scheduler_job.py:645} WARNING - No viable dags retrieved from /home/ubuntu/.local/lib/python3.6/site-packages/airflow/example_dags/example_kubernetes_executor_config.py
[2021-05-26 05:47:43,374] {scheduler_job.py:190} INFO - Processing /home/ubuntu/.local/lib/python3.6/site-packages/airflow/example_dags/example_kubernetes_executor_config.py took 0.024 seconds
[2021-05-26 05:48:16,345] {scheduler_job.py:182} INFO - Started process (PID=10765) to work on /home/ubuntu/.local/lib/python3.6/site-packages/airflow/example_dags/example_kubernetes_executor_config.py
[2021-05-26 05:48:16,348] {scheduler_job.py:633} INFO - Processing file /home/ubuntu/.local/lib/python3.6/site-packages/airflow/example_dags/example_kubernetes_executor_config.py for tasks to queue
[2021-05-26 05:48:16,349] {logging_mixin.py:104} INFO - [2021-05-26 05:48:16,349] {dagbag.py:487} INFO - Filling up the DagBag from /home/ubuntu/.local/lib/python3.6/site-packages/airflow/example_dags/example_kubernetes_executor_config.py
[2021-05-26 05:48:16,358] {logging_mixin.py:104} INFO - [2021-05-26 05:48:16,358] {example_kubernetes_executor_config.py:175} WARNING - Could not import DAGs in example_kubernetes_executor_config.py: No module named 'kubernetes'
[2021-05-26 05:48:16,358] {logging_mixin.py:104} INFO - [2021-05-26 05:48:16,358] {example_kubernetes_executor_config.py:176} WARNING - Install kubernetes dependencies with: pip install apache-airflow['cncf.kubernetes']
[2021-05-26 05:48:16,359] {scheduler_job.py:645} WARNING - No viable dags retrieved from /home/ubuntu/.local/lib/python3.6/site-packages/airflow/example_dags/example_kubernetes_executor_config.py
[2021-05-26 05:48:16,369] {scheduler_job.py:190} INFO - Processing /home/ubuntu/.local/lib/python3.6/site-packages/airflow/example_dags/example_kubernetes_executor_config.py took 0.025 seconds
[2021-05-26 05:48:48,722] {scheduler_job.py:182} INFO - Started process (PID=10904) to work on /home/ubuntu/.local/lib/python3.6/site-packages/airflow/example_dags/example_kubernetes_executor_config.py
[2021-05-26 05:48:48,725] {scheduler_job.py:633} INFO - Processing file /home/ubuntu/.local/lib/python3.6/site-packages/airflow/example_dags/example_kubernetes_executor_config.py for tasks to queue
[2021-05-26 05:48:48,727] {logging_mixin.py:104} INFO - [2021-05-26 05:48:48,727] {dagbag.py:487} INFO - Filling up the DagBag from /home/ubuntu/.local/lib/python3.6/site-packages/airflow/example_dags/example_kubernetes_executor_config.py
[2021-05-26 05:48:48,734] {logging_mixin.py:104} INFO - [2021-05-26 05:48:48,734] {example_kubernetes_executor_config.py:175} WARNING - Could not import DAGs in example_kubernetes_executor_config.py: No module named 'kubernetes'
[2021-05-26 05:48:48,734] {logging_mixin.py:104} INFO - [2021-05-26 05:48:48,734] {example_kubernetes_executor_config.py:176} WARNING - Install kubernetes dependencies with: pip install apache-airflow['cncf.kubernetes']
[2021-05-26 05:48:48,734] {scheduler_job.py:645} WARNING - No viable dags retrieved from /home/ubuntu/.local/lib/python3.6/site-packages/airflow/example_dags/example_kubernetes_executor_config.py
[2021-05-26 05:48:48,741] {scheduler_job.py:190} INFO - Processing /home/ubuntu/.local/lib/python3.6/site-packages/airflow/example_dags/example_kubernetes_executor_config.py took 0.021 seconds
[2021-05-26 05:49:20,256] {scheduler_job.py:182} INFO - Started process (PID=11045) to work on /home/ubuntu/.local/lib/python3.6/site-packages/airflow/example_dags/example_kubernetes_executor_config.py
[2021-05-26 05:49:20,262] {scheduler_job.py:633} INFO - Processing file /home/ubuntu/.local/lib/python3.6/site-packages/airflow/example_dags/example_kubernetes_executor_config.py for tasks to queue
[2021-05-26 05:49:20,264] {logging_mixin.py:104} INFO - [2021-05-26 05:49:20,264] {dagbag.py:487} INFO - Filling up the DagBag from /home/ubuntu/.local/lib/python3.6/site-packages/airflow/example_dags/example_kubernetes_executor_config.py
[2021-05-26 05:49:20,276] {logging_mixin.py:104} INFO - [2021-05-26 05:49:20,276] {example_kubernetes_executor_config.py:175} WARNING - Could not import DAGs in example_kubernetes_executor_config.py: No module named 'kubernetes'
[2021-05-26 05:49:20,278] {logging_mixin.py:104} INFO - [2021-05-26 05:49:20,278] {example_kubernetes_executor_config.py:176} WARNING - Install kubernetes dependencies with: pip install apache-airflow['cncf.kubernetes']
[2021-05-26 05:49:20,278] {scheduler_job.py:645} WARNING - No viable dags retrieved from /home/ubuntu/.local/lib/python3.6/site-packages/airflow/example_dags/example_kubernetes_executor_config.py
[2021-05-26 05:49:20,293] {scheduler_job.py:190} INFO - Processing /home/ubuntu/.local/lib/python3.6/site-packages/airflow/example_dags/example_kubernetes_executor_config.py took 0.038 seconds
[2021-05-26 05:49:52,700] {scheduler_job.py:182} INFO - Started process (PID=11178) to work on /home/ubuntu/.local/lib/python3.6/site-packages/airflow/example_dags/example_kubernetes_executor_config.py
[2021-05-26 05:49:52,703] {scheduler_job.py:633} INFO - Processing file /home/ubuntu/.local/lib/python3.6/site-packages/airflow/example_dags/example_kubernetes_executor_config.py for tasks to queue
[2021-05-26 05:49:52,704] {logging_mixin.py:104} INFO - [2021-05-26 05:49:52,704] {dagbag.py:487} INFO - Filling up the DagBag from /home/ubuntu/.local/lib/python3.6/site-packages/airflow/example_dags/example_kubernetes_executor_config.py
[2021-05-26 05:49:52,711] {logging_mixin.py:104} INFO - [2021-05-26 05:49:52,711] {example_kubernetes_executor_config.py:175} WARNING - Could not import DAGs in example_kubernetes_executor_config.py: No module named 'kubernetes'
[2021-05-26 05:49:52,712] {logging_mixin.py:104} INFO - [2021-05-26 05:49:52,711] {example_kubernetes_executor_config.py:176} WARNING - Install kubernetes dependencies with: pip install apache-airflow['cncf.kubernetes']
[2021-05-26 05:49:52,712] {scheduler_job.py:645} WARNING - No viable dags retrieved from /home/ubuntu/.local/lib/python3.6/site-packages/airflow/example_dags/example_kubernetes_executor_config.py
[2021-05-26 05:49:52,721] {scheduler_job.py:190} INFO - Processing /home/ubuntu/.local/lib/python3.6/site-packages/airflow/example_dags/example_kubernetes_executor_config.py took 0.023 seconds
[2021-05-26 05:50:24,741] {scheduler_job.py:182} INFO - Started process (PID=11300) to work on /home/ubuntu/.local/lib/python3.6/site-packages/airflow/example_dags/example_kubernetes_executor_config.py
[2021-05-26 05:50:24,744] {scheduler_job.py:633} INFO - Processing file /home/ubuntu/.local/lib/python3.6/site-packages/airflow/example_dags/example_kubernetes_executor_config.py for tasks to queue
[2021-05-26 05:50:24,745] {logging_mixin.py:104} INFO - [2021-05-26 05:50:24,744] {dagbag.py:487} INFO - Filling up the DagBag from /home/ubuntu/.local/lib/python3.6/site-packages/airflow/example_dags/example_kubernetes_executor_config.py
[2021-05-26 05:50:24,753] {logging_mixin.py:104} INFO - [2021-05-26 05:50:24,753] {example_kubernetes_executor_config.py:175} WARNING - Could not import DAGs in example_kubernetes_executor_config.py: No module named 'kubernetes'
[2021-05-26 05:50:24,753] {logging_mixin.py:104} INFO - [2021-05-26 05:50:24,753] {example_kubernetes_executor_config.py:176} WARNING - Install kubernetes dependencies with: pip install apache-airflow['cncf.kubernetes']
[2021-05-26 05:50:24,754] {scheduler_job.py:645} WARNING - No viable dags retrieved from /home/ubuntu/.local/lib/python3.6/site-packages/airflow/example_dags/example_kubernetes_executor_config.py
[2021-05-26 05:50:24,764] {scheduler_job.py:190} INFO - Processing /home/ubuntu/.local/lib/python3.6/site-packages/airflow/example_dags/example_kubernetes_executor_config.py took 0.024 seconds
[2021-05-26 05:50:56,763] {scheduler_job.py:182} INFO - Started process (PID=11427) to work on /home/ubuntu/.local/lib/python3.6/site-packages/airflow/example_dags/example_kubernetes_executor_config.py
[2021-05-26 05:50:56,768] {scheduler_job.py:633} INFO - Processing file /home/ubuntu/.local/lib/python3.6/site-packages/airflow/example_dags/example_kubernetes_executor_config.py for tasks to queue
[2021-05-26 05:50:56,770] {logging_mixin.py:104} INFO - [2021-05-26 05:50:56,769] {dagbag.py:487} INFO - Filling up the DagBag from /home/ubuntu/.local/lib/python3.6/site-packages/airflow/example_dags/example_kubernetes_executor_config.py
[2021-05-26 05:50:56,784] {logging_mixin.py:104} INFO - [2021-05-26 05:50:56,784] {example_kubernetes_executor_config.py:175} WARNING - Could not import DAGs in example_kubernetes_executor_config.py: No module named 'kubernetes'
[2021-05-26 05:50:56,785] {logging_mixin.py:104} INFO - [2021-05-26 05:50:56,784] {example_kubernetes_executor_config.py:176} WARNING - Install kubernetes dependencies with: pip install apache-airflow['cncf.kubernetes']
[2021-05-26 05:50:56,786] {scheduler_job.py:645} WARNING - No viable dags retrieved from /home/ubuntu/.local/lib/python3.6/site-packages/airflow/example_dags/example_kubernetes_executor_config.py
[2021-05-26 05:50:56,796] {scheduler_job.py:190} INFO - Processing /home/ubuntu/.local/lib/python3.6/site-packages/airflow/example_dags/example_kubernetes_executor_config.py took 0.035 seconds
[2021-05-26 05:51:27,698] {scheduler_job.py:182} INFO - Started process (PID=11548) to work on /home/ubuntu/.local/lib/python3.6/site-packages/airflow/example_dags/example_kubernetes_executor_config.py
[2021-05-26 05:51:27,700] {scheduler_job.py:633} INFO - Processing file /home/ubuntu/.local/lib/python3.6/site-packages/airflow/example_dags/example_kubernetes_executor_config.py for tasks to queue
[2021-05-26 05:51:27,700] {logging_mixin.py:104} INFO - [2021-05-26 05:51:27,700] {dagbag.py:487} INFO - Filling up the DagBag from /home/ubuntu/.local/lib/python3.6/site-packages/airflow/example_dags/example_kubernetes_executor_config.py
[2021-05-26 05:51:27,709] {logging_mixin.py:104} INFO - [2021-05-26 05:51:27,708] {example_kubernetes_executor_config.py:175} WARNING - Could not import DAGs in example_kubernetes_executor_config.py: No module named 'kubernetes'
[2021-05-26 05:51:27,709] {logging_mixin.py:104} INFO - [2021-05-26 05:51:27,709] {example_kubernetes_executor_config.py:176} WARNING - Install kubernetes dependencies with: pip install apache-airflow['cncf.kubernetes']
[2021-05-26 05:51:27,710] {scheduler_job.py:645} WARNING - No viable dags retrieved from /home/ubuntu/.local/lib/python3.6/site-packages/airflow/example_dags/example_kubernetes_executor_config.py
[2021-05-26 05:51:27,719] {scheduler_job.py:190} INFO - Processing /home/ubuntu/.local/lib/python3.6/site-packages/airflow/example_dags/example_kubernetes_executor_config.py took 0.023 seconds
[2021-05-26 05:51:59,754] {scheduler_job.py:182} INFO - Started process (PID=11669) to work on /home/ubuntu/.local/lib/python3.6/site-packages/airflow/example_dags/example_kubernetes_executor_config.py
[2021-05-26 05:51:59,756] {scheduler_job.py:633} INFO - Processing file /home/ubuntu/.local/lib/python3.6/site-packages/airflow/example_dags/example_kubernetes_executor_config.py for tasks to queue
[2021-05-26 05:51:59,757] {logging_mixin.py:104} INFO - [2021-05-26 05:51:59,757] {dagbag.py:487} INFO - Filling up the DagBag from /home/ubuntu/.local/lib/python3.6/site-packages/airflow/example_dags/example_kubernetes_executor_config.py
[2021-05-26 05:51:59,766] {logging_mixin.py:104} INFO - [2021-05-26 05:51:59,766] {example_kubernetes_executor_config.py:175} WARNING - Could not import DAGs in example_kubernetes_executor_config.py: No module named 'kubernetes'
[2021-05-26 05:51:59,766] {logging_mixin.py:104} INFO - [2021-05-26 05:51:59,766] {example_kubernetes_executor_config.py:176} WARNING - Install kubernetes dependencies with: pip install apache-airflow['cncf.kubernetes']
[2021-05-26 05:51:59,766] {scheduler_job.py:645} WARNING - No viable dags retrieved from /home/ubuntu/.local/lib/python3.6/site-packages/airflow/example_dags/example_kubernetes_executor_config.py
[2021-05-26 05:51:59,775] {scheduler_job.py:190} INFO - Processing /home/ubuntu/.local/lib/python3.6/site-packages/airflow/example_dags/example_kubernetes_executor_config.py took 0.023 seconds
[2021-05-26 05:52:30,529] {scheduler_job.py:182} INFO - Started process (PID=11790) to work on /home/ubuntu/.local/lib/python3.6/site-packages/airflow/example_dags/example_kubernetes_executor_config.py
[2021-05-26 05:52:30,532] {scheduler_job.py:633} INFO - Processing file /home/ubuntu/.local/lib/python3.6/site-packages/airflow/example_dags/example_kubernetes_executor_config.py for tasks to queue
[2021-05-26 05:52:30,534] {logging_mixin.py:104} INFO - [2021-05-26 05:52:30,533] {dagbag.py:487} INFO - Filling up the DagBag from /home/ubuntu/.local/lib/python3.6/site-packages/airflow/example_dags/example_kubernetes_executor_config.py
[2021-05-26 05:52:30,541] {logging_mixin.py:104} INFO - [2021-05-26 05:52:30,541] {example_kubernetes_executor_config.py:175} WARNING - Could not import DAGs in example_kubernetes_executor_config.py: No module named 'kubernetes'
[2021-05-26 05:52:30,541] {logging_mixin.py:104} INFO - [2021-05-26 05:52:30,541] {example_kubernetes_executor_config.py:176} WARNING - Install kubernetes dependencies with: pip install apache-airflow['cncf.kubernetes']
[2021-05-26 05:52:30,542] {scheduler_job.py:645} WARNING - No viable dags retrieved from /home/ubuntu/.local/lib/python3.6/site-packages/airflow/example_dags/example_kubernetes_executor_config.py
[2021-05-26 05:52:30,553] {scheduler_job.py:190} INFO - Processing /home/ubuntu/.local/lib/python3.6/site-packages/airflow/example_dags/example_kubernetes_executor_config.py took 0.026 seconds
[2021-05-26 05:53:02,719] {scheduler_job.py:182} INFO - Started process (PID=11917) to work on /home/ubuntu/.local/lib/python3.6/site-packages/airflow/example_dags/example_kubernetes_executor_config.py
[2021-05-26 05:53:02,721] {scheduler_job.py:633} INFO - Processing file /home/ubuntu/.local/lib/python3.6/site-packages/airflow/example_dags/example_kubernetes_executor_config.py for tasks to queue
[2021-05-26 05:53:02,722] {logging_mixin.py:104} INFO - [2021-05-26 05:53:02,721] {dagbag.py:487} INFO - Filling up the DagBag from /home/ubuntu/.local/lib/python3.6/site-packages/airflow/example_dags/example_kubernetes_executor_config.py
[2021-05-26 05:53:02,728] {logging_mixin.py:104} INFO - [2021-05-26 05:53:02,728] {example_kubernetes_executor_config.py:175} WARNING - Could not import DAGs in example_kubernetes_executor_config.py: No module named 'kubernetes'
[2021-05-26 05:53:02,728] {logging_mixin.py:104} INFO - [2021-05-26 05:53:02,728] {example_kubernetes_executor_config.py:176} WARNING - Install kubernetes dependencies with: pip install apache-airflow['cncf.kubernetes']
[2021-05-26 05:53:02,729] {scheduler_job.py:645} WARNING - No viable dags retrieved from /home/ubuntu/.local/lib/python3.6/site-packages/airflow/example_dags/example_kubernetes_executor_config.py
[2021-05-26 05:53:02,735] {scheduler_job.py:190} INFO - Processing /home/ubuntu/.local/lib/python3.6/site-packages/airflow/example_dags/example_kubernetes_executor_config.py took 0.018 seconds
[2021-05-26 05:53:34,829] {scheduler_job.py:182} INFO - Started process (PID=12041) to work on /home/ubuntu/.local/lib/python3.6/site-packages/airflow/example_dags/example_kubernetes_executor_config.py
[2021-05-26 05:53:34,831] {scheduler_job.py:633} INFO - Processing file /home/ubuntu/.local/lib/python3.6/site-packages/airflow/example_dags/example_kubernetes_executor_config.py for tasks to queue
[2021-05-26 05:53:34,832] {logging_mixin.py:104} INFO - [2021-05-26 05:53:34,832] {dagbag.py:487} INFO - Filling up the DagBag from /home/ubuntu/.local/lib/python3.6/site-packages/airflow/example_dags/example_kubernetes_executor_config.py
[2021-05-26 05:53:34,841] {logging_mixin.py:104} INFO - [2021-05-26 05:53:34,840] {example_kubernetes_executor_config.py:175} WARNING - Could not import DAGs in example_kubernetes_executor_config.py: No module named 'kubernetes'
[2021-05-26 05:53:34,841] {logging_mixin.py:104} INFO - [2021-05-26 05:53:34,841] {example_kubernetes_executor_config.py:176} WARNING - Install kubernetes dependencies with: pip install apache-airflow['cncf.kubernetes']
[2021-05-26 05:53:34,841] {scheduler_job.py:645} WARNING - No viable dags retrieved from /home/ubuntu/.local/lib/python3.6/site-packages/airflow/example_dags/example_kubernetes_executor_config.py
[2021-05-26 05:53:34,850] {scheduler_job.py:190} INFO - Processing /home/ubuntu/.local/lib/python3.6/site-packages/airflow/example_dags/example_kubernetes_executor_config.py took 0.023 seconds
[2021-05-26 05:54:07,426] {scheduler_job.py:182} INFO - Started process (PID=12168) to work on /home/ubuntu/.local/lib/python3.6/site-packages/airflow/example_dags/example_kubernetes_executor_config.py
[2021-05-26 05:54:07,428] {scheduler_job.py:633} INFO - Processing file /home/ubuntu/.local/lib/python3.6/site-packages/airflow/example_dags/example_kubernetes_executor_config.py for tasks to queue
[2021-05-26 05:54:07,429] {logging_mixin.py:104} INFO - [2021-05-26 05:54:07,429] {dagbag.py:487} INFO - Filling up the DagBag from /home/ubuntu/.local/lib/python3.6/site-packages/airflow/example_dags/example_kubernetes_executor_config.py
[2021-05-26 05:54:07,434] {logging_mixin.py:104} INFO - [2021-05-26 05:54:07,434] {example_kubernetes_executor_config.py:175} WARNING - Could not import DAGs in example_kubernetes_executor_config.py: No module named 'kubernetes'
[2021-05-26 05:54:07,435] {logging_mixin.py:104} INFO - [2021-05-26 05:54:07,435] {example_kubernetes_executor_config.py:176} WARNING - Install kubernetes dependencies with: pip install apache-airflow['cncf.kubernetes']
[2021-05-26 05:54:07,435] {scheduler_job.py:645} WARNING - No viable dags retrieved from /home/ubuntu/.local/lib/python3.6/site-packages/airflow/example_dags/example_kubernetes_executor_config.py
[2021-05-26 05:54:07,441] {scheduler_job.py:190} INFO - Processing /home/ubuntu/.local/lib/python3.6/site-packages/airflow/example_dags/example_kubernetes_executor_config.py took 0.017 seconds
[2021-05-26 05:54:40,295] {scheduler_job.py:182} INFO - Started process (PID=12295) to work on /home/ubuntu/.local/lib/python3.6/site-packages/airflow/example_dags/example_kubernetes_executor_config.py
[2021-05-26 05:54:40,296] {scheduler_job.py:633} INFO - Processing file /home/ubuntu/.local/lib/python3.6/site-packages/airflow/example_dags/example_kubernetes_executor_config.py for tasks to queue
[2021-05-26 05:54:40,297] {logging_mixin.py:104} INFO - [2021-05-26 05:54:40,297] {dagbag.py:487} INFO - Filling up the DagBag from /home/ubuntu/.local/lib/python3.6/site-packages/airflow/example_dags/example_kubernetes_executor_config.py
[2021-05-26 05:54:40,303] {logging_mixin.py:104} INFO - [2021-05-26 05:54:40,303] {example_kubernetes_executor_config.py:175} WARNING - Could not import DAGs in example_kubernetes_executor_config.py: No module named 'kubernetes'
[2021-05-26 05:54:40,303] {logging_mixin.py:104} INFO - [2021-05-26 05:54:40,303] {example_kubernetes_executor_config.py:176} WARNING - Install kubernetes dependencies with: pip install apache-airflow['cncf.kubernetes']
[2021-05-26 05:54:40,303] {scheduler_job.py:645} WARNING - No viable dags retrieved from /home/ubuntu/.local/lib/python3.6/site-packages/airflow/example_dags/example_kubernetes_executor_config.py
[2021-05-26 05:54:40,312] {scheduler_job.py:190} INFO - Processing /home/ubuntu/.local/lib/python3.6/site-packages/airflow/example_dags/example_kubernetes_executor_config.py took 0.018 seconds
[2021-05-26 05:55:13,569] {scheduler_job.py:182} INFO - Started process (PID=12457) to work on /home/ubuntu/.local/lib/python3.6/site-packages/airflow/example_dags/example_kubernetes_executor_config.py
[2021-05-26 05:55:13,572] {scheduler_job.py:633} INFO - Processing file /home/ubuntu/.local/lib/python3.6/site-packages/airflow/example_dags/example_kubernetes_executor_config.py for tasks to queue
[2021-05-26 05:55:13,574] {logging_mixin.py:104} INFO - [2021-05-26 05:55:13,573] {dagbag.py:487} INFO - Filling up the DagBag from /home/ubuntu/.local/lib/python3.6/site-packages/airflow/example_dags/example_kubernetes_executor_config.py
[2021-05-26 05:55:13,585] {logging_mixin.py:104} INFO - [2021-05-26 05:55:13,585] {example_kubernetes_executor_config.py:175} WARNING - Could not import DAGs in example_kubernetes_executor_config.py: No module named 'kubernetes'
[2021-05-26 05:55:13,585] {logging_mixin.py:104} INFO - [2021-05-26 05:55:13,585] {example_kubernetes_executor_config.py:176} WARNING - Install kubernetes dependencies with: pip install apache-airflow['cncf.kubernetes']
[2021-05-26 05:55:13,585] {scheduler_job.py:645} WARNING - No viable dags retrieved from /home/ubuntu/.local/lib/python3.6/site-packages/airflow/example_dags/example_kubernetes_executor_config.py
[2021-05-26 05:55:13,593] {scheduler_job.py:190} INFO - Processing /home/ubuntu/.local/lib/python3.6/site-packages/airflow/example_dags/example_kubernetes_executor_config.py took 0.030 seconds
[2021-05-26 05:55:59,619] {scheduler_job.py:182} INFO - Started process (PID=12638) to work on /home/ubuntu/.local/lib/python3.6/site-packages/airflow/example_dags/example_kubernetes_executor_config.py
[2021-05-26 05:55:59,624] {scheduler_job.py:633} INFO - Processing file /home/ubuntu/.local/lib/python3.6/site-packages/airflow/example_dags/example_kubernetes_executor_config.py for tasks to queue
[2021-05-26 05:55:59,628] {logging_mixin.py:104} INFO - [2021-05-26 05:55:59,628] {dagbag.py:487} INFO - Filling up the DagBag from /home/ubuntu/.local/lib/python3.6/site-packages/airflow/example_dags/example_kubernetes_executor_config.py
[2021-05-26 05:55:59,639] {logging_mixin.py:104} INFO - [2021-05-26 05:55:59,639] {example_kubernetes_executor_config.py:175} WARNING - Could not import DAGs in example_kubernetes_executor_config.py: No module named 'kubernetes'
[2021-05-26 05:55:59,639] {logging_mixin.py:104} INFO - [2021-05-26 05:55:59,639] {example_kubernetes_executor_config.py:176} WARNING - Install kubernetes dependencies with: pip install apache-airflow['cncf.kubernetes']
[2021-05-26 05:55:59,639] {scheduler_job.py:645} WARNING - No viable dags retrieved from /home/ubuntu/.local/lib/python3.6/site-packages/airflow/example_dags/example_kubernetes_executor_config.py
[2021-05-26 05:55:59,653] {scheduler_job.py:190} INFO - Processing /home/ubuntu/.local/lib/python3.6/site-packages/airflow/example_dags/example_kubernetes_executor_config.py took 0.035 seconds
[2021-05-26 05:56:34,883] {scheduler_job.py:182} INFO - Started process (PID=12799) to work on /home/ubuntu/.local/lib/python3.6/site-packages/airflow/example_dags/example_kubernetes_executor_config.py
[2021-05-26 05:56:34,887] {scheduler_job.py:633} INFO - Processing file /home/ubuntu/.local/lib/python3.6/site-packages/airflow/example_dags/example_kubernetes_executor_config.py for tasks to queue
[2021-05-26 05:56:34,892] {logging_mixin.py:104} INFO - [2021-05-26 05:56:34,892] {dagbag.py:487} INFO - Filling up the DagBag from /home/ubuntu/.local/lib/python3.6/site-packages/airflow/example_dags/example_kubernetes_executor_config.py
[2021-05-26 05:56:34,904] {logging_mixin.py:104} INFO - [2021-05-26 05:56:34,903] {example_kubernetes_executor_config.py:175} WARNING - Could not import DAGs in example_kubernetes_executor_config.py: No module named 'kubernetes'
[2021-05-26 05:56:34,908] {logging_mixin.py:104} INFO - [2021-05-26 05:56:34,908] {example_kubernetes_executor_config.py:176} WARNING - Install kubernetes dependencies with: pip install apache-airflow['cncf.kubernetes']
[2021-05-26 05:56:34,909] {scheduler_job.py:645} WARNING - No viable dags retrieved from /home/ubuntu/.local/lib/python3.6/site-packages/airflow/example_dags/example_kubernetes_executor_config.py
[2021-05-26 05:56:34,924] {scheduler_job.py:190} INFO - Processing /home/ubuntu/.local/lib/python3.6/site-packages/airflow/example_dags/example_kubernetes_executor_config.py took 0.043 seconds
[2021-05-26 05:57:09,032] {scheduler_job.py:182} INFO - Started process (PID=12963) to work on /home/ubuntu/.local/lib/python3.6/site-packages/airflow/example_dags/example_kubernetes_executor_config.py
[2021-05-26 05:57:09,035] {scheduler_job.py:633} INFO - Processing file /home/ubuntu/.local/lib/python3.6/site-packages/airflow/example_dags/example_kubernetes_executor_config.py for tasks to queue
[2021-05-26 05:57:09,035] {logging_mixin.py:104} INFO - [2021-05-26 05:57:09,035] {dagbag.py:487} INFO - Filling up the DagBag from /home/ubuntu/.local/lib/python3.6/site-packages/airflow/example_dags/example_kubernetes_executor_config.py
[2021-05-26 05:57:09,042] {logging_mixin.py:104} INFO - [2021-05-26 05:57:09,041] {example_kubernetes_executor_config.py:175} WARNING - Could not import DAGs in example_kubernetes_executor_config.py: No module named 'kubernetes'
[2021-05-26 05:57:09,042] {logging_mixin.py:104} INFO - [2021-05-26 05:57:09,042] {example_kubernetes_executor_config.py:176} WARNING - Install kubernetes dependencies with: pip install apache-airflow['cncf.kubernetes']
[2021-05-26 05:57:09,042] {scheduler_job.py:645} WARNING - No viable dags retrieved from /home/ubuntu/.local/lib/python3.6/site-packages/airflow/example_dags/example_kubernetes_executor_config.py
[2021-05-26 05:57:09,052] {scheduler_job.py:190} INFO - Processing /home/ubuntu/.local/lib/python3.6/site-packages/airflow/example_dags/example_kubernetes_executor_config.py took 0.022 seconds
[2021-05-26 05:57:43,366] {scheduler_job.py:182} INFO - Started process (PID=13113) to work on /home/ubuntu/.local/lib/python3.6/site-packages/airflow/example_dags/example_kubernetes_executor_config.py
[2021-05-26 05:57:43,371] {scheduler_job.py:633} INFO - Processing file /home/ubuntu/.local/lib/python3.6/site-packages/airflow/example_dags/example_kubernetes_executor_config.py for tasks to queue
[2021-05-26 05:57:43,375] {logging_mixin.py:104} INFO - [2021-05-26 05:57:43,375] {dagbag.py:487} INFO - Filling up the DagBag from /home/ubuntu/.local/lib/python3.6/site-packages/airflow/example_dags/example_kubernetes_executor_config.py
[2021-05-26 05:57:43,385] {logging_mixin.py:104} INFO - [2021-05-26 05:57:43,385] {example_kubernetes_executor_config.py:175} WARNING - Could not import DAGs in example_kubernetes_executor_config.py: No module named 'kubernetes'
[2021-05-26 05:57:43,389] {logging_mixin.py:104} INFO - [2021-05-26 05:57:43,389] {example_kubernetes_executor_config.py:176} WARNING - Install kubernetes dependencies with: pip install apache-airflow['cncf.kubernetes']
[2021-05-26 05:57:43,393] {scheduler_job.py:645} WARNING - No viable dags retrieved from /home/ubuntu/.local/lib/python3.6/site-packages/airflow/example_dags/example_kubernetes_executor_config.py
[2021-05-26 05:57:43,403] {scheduler_job.py:190} INFO - Processing /home/ubuntu/.local/lib/python3.6/site-packages/airflow/example_dags/example_kubernetes_executor_config.py took 0.039 seconds
[2021-05-26 05:58:14,790] {scheduler_job.py:182} INFO - Started process (PID=13241) to work on /home/ubuntu/.local/lib/python3.6/site-packages/airflow/example_dags/example_kubernetes_executor_config.py
[2021-05-26 05:58:14,791] {scheduler_job.py:633} INFO - Processing file /home/ubuntu/.local/lib/python3.6/site-packages/airflow/example_dags/example_kubernetes_executor_config.py for tasks to queue
[2021-05-26 05:58:14,792] {logging_mixin.py:104} INFO - [2021-05-26 05:58:14,792] {dagbag.py:487} INFO - Filling up the DagBag from /home/ubuntu/.local/lib/python3.6/site-packages/airflow/example_dags/example_kubernetes_executor_config.py
[2021-05-26 05:58:14,798] {logging_mixin.py:104} INFO - [2021-05-26 05:58:14,798] {example_kubernetes_executor_config.py:175} WARNING - Could not import DAGs in example_kubernetes_executor_config.py: No module named 'kubernetes'
[2021-05-26 05:58:14,799] {logging_mixin.py:104} INFO - [2021-05-26 05:58:14,799] {example_kubernetes_executor_config.py:176} WARNING - Install kubernetes dependencies with: pip install apache-airflow['cncf.kubernetes']
[2021-05-26 05:58:14,799] {scheduler_job.py:645} WARNING - No viable dags retrieved from /home/ubuntu/.local/lib/python3.6/site-packages/airflow/example_dags/example_kubernetes_executor_config.py
[2021-05-26 05:58:14,804] {scheduler_job.py:190} INFO - Processing /home/ubuntu/.local/lib/python3.6/site-packages/airflow/example_dags/example_kubernetes_executor_config.py took 0.016 seconds
[2021-05-26 05:58:47,356] {scheduler_job.py:182} INFO - Started process (PID=13405) to work on /home/ubuntu/.local/lib/python3.6/site-packages/airflow/example_dags/example_kubernetes_executor_config.py
[2021-05-26 05:58:47,360] {scheduler_job.py:633} INFO - Processing file /home/ubuntu/.local/lib/python3.6/site-packages/airflow/example_dags/example_kubernetes_executor_config.py for tasks to queue
[2021-05-26 05:58:47,364] {logging_mixin.py:104} INFO - [2021-05-26 05:58:47,364] {dagbag.py:487} INFO - Filling up the DagBag from /home/ubuntu/.local/lib/python3.6/site-packages/airflow/example_dags/example_kubernetes_executor_config.py
[2021-05-26 05:58:47,373] {logging_mixin.py:104} INFO - [2021-05-26 05:58:47,373] {example_kubernetes_executor_config.py:175} WARNING - Could not import DAGs in example_kubernetes_executor_config.py: No module named 'kubernetes'
[2021-05-26 05:58:47,375] {logging_mixin.py:104} INFO - [2021-05-26 05:58:47,375] {example_kubernetes_executor_config.py:176} WARNING - Install kubernetes dependencies with: pip install apache-airflow['cncf.kubernetes']
[2021-05-26 05:58:47,376] {scheduler_job.py:645} WARNING - No viable dags retrieved from /home/ubuntu/.local/lib/python3.6/site-packages/airflow/example_dags/example_kubernetes_executor_config.py
[2021-05-26 05:58:47,384] {scheduler_job.py:190} INFO - Processing /home/ubuntu/.local/lib/python3.6/site-packages/airflow/example_dags/example_kubernetes_executor_config.py took 0.030 seconds
[2021-05-26 05:59:22,297] {scheduler_job.py:182} INFO - Started process (PID=13581) to work on /home/ubuntu/.local/lib/python3.6/site-packages/airflow/example_dags/example_kubernetes_executor_config.py
[2021-05-26 05:59:22,303] {scheduler_job.py:633} INFO - Processing file /home/ubuntu/.local/lib/python3.6/site-packages/airflow/example_dags/example_kubernetes_executor_config.py for tasks to queue
[2021-05-26 05:59:22,307] {logging_mixin.py:104} INFO - [2021-05-26 05:59:22,307] {dagbag.py:487} INFO - Filling up the DagBag from /home/ubuntu/.local/lib/python3.6/site-packages/airflow/example_dags/example_kubernetes_executor_config.py
[2021-05-26 05:59:22,312] {logging_mixin.py:104} INFO - [2021-05-26 05:59:22,312] {example_kubernetes_executor_config.py:175} WARNING - Could not import DAGs in example_kubernetes_executor_config.py: No module named 'kubernetes'
[2021-05-26 05:59:22,312] {logging_mixin.py:104} INFO - [2021-05-26 05:59:22,312] {example_kubernetes_executor_config.py:176} WARNING - Install kubernetes dependencies with: pip install apache-airflow['cncf.kubernetes']
[2021-05-26 05:59:22,313] {scheduler_job.py:645} WARNING - No viable dags retrieved from /home/ubuntu/.local/lib/python3.6/site-packages/airflow/example_dags/example_kubernetes_executor_config.py
[2021-05-26 05:59:22,324] {scheduler_job.py:190} INFO - Processing /home/ubuntu/.local/lib/python3.6/site-packages/airflow/example_dags/example_kubernetes_executor_config.py took 0.029 seconds
[2021-05-26 05:59:55,239] {scheduler_job.py:182} INFO - Started process (PID=13752) to work on /home/ubuntu/.local/lib/python3.6/site-packages/airflow/example_dags/example_kubernetes_executor_config.py
[2021-05-26 05:59:55,241] {scheduler_job.py:633} INFO - Processing file /home/ubuntu/.local/lib/python3.6/site-packages/airflow/example_dags/example_kubernetes_executor_config.py for tasks to queue
[2021-05-26 05:59:55,242] {logging_mixin.py:104} INFO - [2021-05-26 05:59:55,241] {dagbag.py:487} INFO - Filling up the DagBag from /home/ubuntu/.local/lib/python3.6/site-packages/airflow/example_dags/example_kubernetes_executor_config.py
[2021-05-26 05:59:55,248] {logging_mixin.py:104} INFO - [2021-05-26 05:59:55,248] {example_kubernetes_executor_config.py:175} WARNING - Could not import DAGs in example_kubernetes_executor_config.py: No module named 'kubernetes'
[2021-05-26 05:59:55,248] {logging_mixin.py:104} INFO - [2021-05-26 05:59:55,248] {example_kubernetes_executor_config.py:176} WARNING - Install kubernetes dependencies with: pip install apache-airflow['cncf.kubernetes']
[2021-05-26 05:59:55,249] {scheduler_job.py:645} WARNING - No viable dags retrieved from /home/ubuntu/.local/lib/python3.6/site-packages/airflow/example_dags/example_kubernetes_executor_config.py
[2021-05-26 05:59:55,254] {scheduler_job.py:190} INFO - Processing /home/ubuntu/.local/lib/python3.6/site-packages/airflow/example_dags/example_kubernetes_executor_config.py took 0.018 seconds
[2021-05-26 06:00:35,408] {scheduler_job.py:182} INFO - Started process (PID=13941) to work on /home/ubuntu/.local/lib/python3.6/site-packages/airflow/example_dags/example_kubernetes_executor_config.py
[2021-05-26 06:00:35,410] {scheduler_job.py:633} INFO - Processing file /home/ubuntu/.local/lib/python3.6/site-packages/airflow/example_dags/example_kubernetes_executor_config.py for tasks to queue
[2021-05-26 06:00:35,410] {logging_mixin.py:104} INFO - [2021-05-26 06:00:35,410] {dagbag.py:487} INFO - Filling up the DagBag from /home/ubuntu/.local/lib/python3.6/site-packages/airflow/example_dags/example_kubernetes_executor_config.py
[2021-05-26 06:00:35,417] {logging_mixin.py:104} INFO - [2021-05-26 06:00:35,417] {example_kubernetes_executor_config.py:175} WARNING - Could not import DAGs in example_kubernetes_executor_config.py: No module named 'kubernetes'
[2021-05-26 06:00:35,417] {logging_mixin.py:104} INFO - [2021-05-26 06:00:35,417] {example_kubernetes_executor_config.py:176} WARNING - Install kubernetes dependencies with: pip install apache-airflow['cncf.kubernetes']
[2021-05-26 06:00:35,418] {scheduler_job.py:645} WARNING - No viable dags retrieved from /home/ubuntu/.local/lib/python3.6/site-packages/airflow/example_dags/example_kubernetes_executor_config.py
[2021-05-26 06:00:35,422] {scheduler_job.py:190} INFO - Processing /home/ubuntu/.local/lib/python3.6/site-packages/airflow/example_dags/example_kubernetes_executor_config.py took 0.016 seconds
[2021-05-26 06:01:08,443] {scheduler_job.py:182} INFO - Started process (PID=14086) to work on /home/ubuntu/.local/lib/python3.6/site-packages/airflow/example_dags/example_kubernetes_executor_config.py
[2021-05-26 06:01:08,444] {scheduler_job.py:633} INFO - Processing file /home/ubuntu/.local/lib/python3.6/site-packages/airflow/example_dags/example_kubernetes_executor_config.py for tasks to queue
[2021-05-26 06:01:08,446] {logging_mixin.py:104} INFO - [2021-05-26 06:01:08,445] {dagbag.py:487} INFO - Filling up the DagBag from /home/ubuntu/.local/lib/python3.6/site-packages/airflow/example_dags/example_kubernetes_executor_config.py
[2021-05-26 06:01:08,460] {logging_mixin.py:104} INFO - [2021-05-26 06:01:08,460] {example_kubernetes_executor_config.py:175} WARNING - Could not import DAGs in example_kubernetes_executor_config.py: No module named 'kubernetes'
[2021-05-26 06:01:08,460] {logging_mixin.py:104} INFO - [2021-05-26 06:01:08,460] {example_kubernetes_executor_config.py:176} WARNING - Install kubernetes dependencies with: pip install apache-airflow['cncf.kubernetes']
[2021-05-26 06:01:08,460] {scheduler_job.py:645} WARNING - No viable dags retrieved from /home/ubuntu/.local/lib/python3.6/site-packages/airflow/example_dags/example_kubernetes_executor_config.py
[2021-05-26 06:01:08,485] {scheduler_job.py:190} INFO - Processing /home/ubuntu/.local/lib/python3.6/site-packages/airflow/example_dags/example_kubernetes_executor_config.py took 0.043 seconds
[2021-05-26 06:01:43,714] {scheduler_job.py:182} INFO - Started process (PID=14262) to work on /home/ubuntu/.local/lib/python3.6/site-packages/airflow/example_dags/example_kubernetes_executor_config.py
[2021-05-26 06:01:43,717] {scheduler_job.py:633} INFO - Processing file /home/ubuntu/.local/lib/python3.6/site-packages/airflow/example_dags/example_kubernetes_executor_config.py for tasks to queue
[2021-05-26 06:01:43,717] {logging_mixin.py:104} INFO - [2021-05-26 06:01:43,717] {dagbag.py:487} INFO - Filling up the DagBag from /home/ubuntu/.local/lib/python3.6/site-packages/airflow/example_dags/example_kubernetes_executor_config.py
[2021-05-26 06:01:43,723] {logging_mixin.py:104} INFO - [2021-05-26 06:01:43,723] {example_kubernetes_executor_config.py:175} WARNING - Could not import DAGs in example_kubernetes_executor_config.py: No module named 'kubernetes'
[2021-05-26 06:01:43,723] {logging_mixin.py:104} INFO - [2021-05-26 06:01:43,723] {example_kubernetes_executor_config.py:176} WARNING - Install kubernetes dependencies with: pip install apache-airflow['cncf.kubernetes']
[2021-05-26 06:01:43,724] {scheduler_job.py:645} WARNING - No viable dags retrieved from /home/ubuntu/.local/lib/python3.6/site-packages/airflow/example_dags/example_kubernetes_executor_config.py
[2021-05-26 06:01:43,734] {scheduler_job.py:190} INFO - Processing /home/ubuntu/.local/lib/python3.6/site-packages/airflow/example_dags/example_kubernetes_executor_config.py took 0.021 seconds
[2021-05-26 06:02:23,933] {scheduler_job.py:182} INFO - Started process (PID=14444) to work on /home/ubuntu/.local/lib/python3.6/site-packages/airflow/example_dags/example_kubernetes_executor_config.py
[2021-05-26 06:02:23,939] {scheduler_job.py:633} INFO - Processing file /home/ubuntu/.local/lib/python3.6/site-packages/airflow/example_dags/example_kubernetes_executor_config.py for tasks to queue
[2021-05-26 06:02:23,945] {logging_mixin.py:104} INFO - [2021-05-26 06:02:23,945] {dagbag.py:487} INFO - Filling up the DagBag from /home/ubuntu/.local/lib/python3.6/site-packages/airflow/example_dags/example_kubernetes_executor_config.py
[2021-05-26 06:02:23,971] {logging_mixin.py:104} INFO - [2021-05-26 06:02:23,971] {example_kubernetes_executor_config.py:175} WARNING - Could not import DAGs in example_kubernetes_executor_config.py: No module named 'kubernetes'
[2021-05-26 06:02:23,974] {logging_mixin.py:104} INFO - [2021-05-26 06:02:23,974] {example_kubernetes_executor_config.py:176} WARNING - Install kubernetes dependencies with: pip install apache-airflow['cncf.kubernetes']
[2021-05-26 06:02:23,978] {scheduler_job.py:645} WARNING - No viable dags retrieved from /home/ubuntu/.local/lib/python3.6/site-packages/airflow/example_dags/example_kubernetes_executor_config.py
[2021-05-26 06:02:23,992] {scheduler_job.py:190} INFO - Processing /home/ubuntu/.local/lib/python3.6/site-packages/airflow/example_dags/example_kubernetes_executor_config.py took 0.062 seconds
[2021-05-26 06:03:01,500] {scheduler_job.py:182} INFO - Started process (PID=14635) to work on /home/ubuntu/.local/lib/python3.6/site-packages/airflow/example_dags/example_kubernetes_executor_config.py
[2021-05-26 06:03:01,501] {scheduler_job.py:633} INFO - Processing file /home/ubuntu/.local/lib/python3.6/site-packages/airflow/example_dags/example_kubernetes_executor_config.py for tasks to queue
[2021-05-26 06:03:01,501] {logging_mixin.py:104} INFO - [2021-05-26 06:03:01,501] {dagbag.py:487} INFO - Filling up the DagBag from /home/ubuntu/.local/lib/python3.6/site-packages/airflow/example_dags/example_kubernetes_executor_config.py
[2021-05-26 06:03:01,517] {logging_mixin.py:104} INFO - [2021-05-26 06:03:01,517] {example_kubernetes_executor_config.py:175} WARNING - Could not import DAGs in example_kubernetes_executor_config.py: No module named 'kubernetes'
[2021-05-26 06:03:01,518] {logging_mixin.py:104} INFO - [2021-05-26 06:03:01,518] {example_kubernetes_executor_config.py:176} WARNING - Install kubernetes dependencies with: pip install apache-airflow['cncf.kubernetes']
[2021-05-26 06:03:01,518] {scheduler_job.py:645} WARNING - No viable dags retrieved from /home/ubuntu/.local/lib/python3.6/site-packages/airflow/example_dags/example_kubernetes_executor_config.py
[2021-05-26 06:03:01,536] {scheduler_job.py:190} INFO - Processing /home/ubuntu/.local/lib/python3.6/site-packages/airflow/example_dags/example_kubernetes_executor_config.py took 0.039 seconds
[2021-05-26 06:03:40,138] {scheduler_job.py:182} INFO - Started process (PID=14824) to work on /home/ubuntu/.local/lib/python3.6/site-packages/airflow/example_dags/example_kubernetes_executor_config.py
[2021-05-26 06:03:40,141] {scheduler_job.py:633} INFO - Processing file /home/ubuntu/.local/lib/python3.6/site-packages/airflow/example_dags/example_kubernetes_executor_config.py for tasks to queue
[2021-05-26 06:03:40,141] {logging_mixin.py:104} INFO - [2021-05-26 06:03:40,141] {dagbag.py:487} INFO - Filling up the DagBag from /home/ubuntu/.local/lib/python3.6/site-packages/airflow/example_dags/example_kubernetes_executor_config.py
[2021-05-26 06:03:40,152] {logging_mixin.py:104} INFO - [2021-05-26 06:03:40,152] {example_kubernetes_executor_config.py:175} WARNING - Could not import DAGs in example_kubernetes_executor_config.py: No module named 'kubernetes'
[2021-05-26 06:03:40,152] {logging_mixin.py:104} INFO - [2021-05-26 06:03:40,152] {example_kubernetes_executor_config.py:176} WARNING - Install kubernetes dependencies with: pip install apache-airflow['cncf.kubernetes']
[2021-05-26 06:03:40,152] {scheduler_job.py:645} WARNING - No viable dags retrieved from /home/ubuntu/.local/lib/python3.6/site-packages/airflow/example_dags/example_kubernetes_executor_config.py
[2021-05-26 06:03:40,171] {scheduler_job.py:190} INFO - Processing /home/ubuntu/.local/lib/python3.6/site-packages/airflow/example_dags/example_kubernetes_executor_config.py took 0.035 seconds
[2021-05-26 06:04:17,148] {scheduler_job.py:182} INFO - Started process (PID=15012) to work on /home/ubuntu/.local/lib/python3.6/site-packages/airflow/example_dags/example_kubernetes_executor_config.py
[2021-05-26 06:04:17,156] {scheduler_job.py:633} INFO - Processing file /home/ubuntu/.local/lib/python3.6/site-packages/airflow/example_dags/example_kubernetes_executor_config.py for tasks to queue
[2021-05-26 06:04:17,160] {logging_mixin.py:104} INFO - [2021-05-26 06:04:17,160] {dagbag.py:487} INFO - Filling up the DagBag from /home/ubuntu/.local/lib/python3.6/site-packages/airflow/example_dags/example_kubernetes_executor_config.py
[2021-05-26 06:04:17,169] {logging_mixin.py:104} INFO - [2021-05-26 06:04:17,169] {example_kubernetes_executor_config.py:175} WARNING - Could not import DAGs in example_kubernetes_executor_config.py: No module named 'kubernetes'
[2021-05-26 06:04:17,169] {logging_mixin.py:104} INFO - [2021-05-26 06:04:17,169] {example_kubernetes_executor_config.py:176} WARNING - Install kubernetes dependencies with: pip install apache-airflow['cncf.kubernetes']
[2021-05-26 06:04:17,170] {scheduler_job.py:645} WARNING - No viable dags retrieved from /home/ubuntu/.local/lib/python3.6/site-packages/airflow/example_dags/example_kubernetes_executor_config.py
[2021-05-26 06:04:17,185] {scheduler_job.py:190} INFO - Processing /home/ubuntu/.local/lib/python3.6/site-packages/airflow/example_dags/example_kubernetes_executor_config.py took 0.039 seconds
[2021-05-26 06:04:53,312] {scheduler_job.py:182} INFO - Started process (PID=15153) to work on /home/ubuntu/.local/lib/python3.6/site-packages/airflow/example_dags/example_kubernetes_executor_config.py
[2021-05-26 06:04:53,317] {scheduler_job.py:633} INFO - Processing file /home/ubuntu/.local/lib/python3.6/site-packages/airflow/example_dags/example_kubernetes_executor_config.py for tasks to queue
[2021-05-26 06:04:53,322] {logging_mixin.py:104} INFO - [2021-05-26 06:04:53,321] {dagbag.py:487} INFO - Filling up the DagBag from /home/ubuntu/.local/lib/python3.6/site-packages/airflow/example_dags/example_kubernetes_executor_config.py
[2021-05-26 06:04:53,333] {logging_mixin.py:104} INFO - [2021-05-26 06:04:53,333] {example_kubernetes_executor_config.py:175} WARNING - Could not import DAGs in example_kubernetes_executor_config.py: No module named 'kubernetes'
[2021-05-26 06:04:53,336] {logging_mixin.py:104} INFO - [2021-05-26 06:04:53,336] {example_kubernetes_executor_config.py:176} WARNING - Install kubernetes dependencies with: pip install apache-airflow['cncf.kubernetes']
[2021-05-26 06:04:53,337] {scheduler_job.py:645} WARNING - No viable dags retrieved from /home/ubuntu/.local/lib/python3.6/site-packages/airflow/example_dags/example_kubernetes_executor_config.py
[2021-05-26 06:04:53,356] {scheduler_job.py:190} INFO - Processing /home/ubuntu/.local/lib/python3.6/site-packages/airflow/example_dags/example_kubernetes_executor_config.py took 0.046 seconds
[2021-05-26 06:05:28,230] {scheduler_job.py:182} INFO - Started process (PID=15307) to work on /home/ubuntu/.local/lib/python3.6/site-packages/airflow/example_dags/example_kubernetes_executor_config.py
[2021-05-26 06:05:28,236] {scheduler_job.py:633} INFO - Processing file /home/ubuntu/.local/lib/python3.6/site-packages/airflow/example_dags/example_kubernetes_executor_config.py for tasks to queue
[2021-05-26 06:05:28,240] {logging_mixin.py:104} INFO - [2021-05-26 06:05:28,240] {dagbag.py:487} INFO - Filling up the DagBag from /home/ubuntu/.local/lib/python3.6/site-packages/airflow/example_dags/example_kubernetes_executor_config.py
[2021-05-26 06:05:28,246] {logging_mixin.py:104} INFO - [2021-05-26 06:05:28,246] {example_kubernetes_executor_config.py:175} WARNING - Could not import DAGs in example_kubernetes_executor_config.py: No module named 'kubernetes'
[2021-05-26 06:05:28,246] {logging_mixin.py:104} INFO - [2021-05-26 06:05:28,246] {example_kubernetes_executor_config.py:176} WARNING - Install kubernetes dependencies with: pip install apache-airflow['cncf.kubernetes']
[2021-05-26 06:05:28,246] {scheduler_job.py:645} WARNING - No viable dags retrieved from /home/ubuntu/.local/lib/python3.6/site-packages/airflow/example_dags/example_kubernetes_executor_config.py
[2021-05-26 06:05:28,262] {scheduler_job.py:190} INFO - Processing /home/ubuntu/.local/lib/python3.6/site-packages/airflow/example_dags/example_kubernetes_executor_config.py took 0.034 seconds
[2021-05-26 06:06:11,079] {scheduler_job.py:182} INFO - Started process (PID=15468) to work on /home/ubuntu/.local/lib/python3.6/site-packages/airflow/example_dags/example_kubernetes_executor_config.py
[2021-05-26 06:06:11,086] {scheduler_job.py:633} INFO - Processing file /home/ubuntu/.local/lib/python3.6/site-packages/airflow/example_dags/example_kubernetes_executor_config.py for tasks to queue
[2021-05-26 06:06:11,087] {logging_mixin.py:104} INFO - [2021-05-26 06:06:11,087] {dagbag.py:487} INFO - Filling up the DagBag from /home/ubuntu/.local/lib/python3.6/site-packages/airflow/example_dags/example_kubernetes_executor_config.py
[2021-05-26 06:06:11,095] {logging_mixin.py:104} INFO - [2021-05-26 06:06:11,095] {example_kubernetes_executor_config.py:175} WARNING - Could not import DAGs in example_kubernetes_executor_config.py: No module named 'kubernetes'
[2021-05-26 06:06:11,096] {logging_mixin.py:104} INFO - [2021-05-26 06:06:11,096] {example_kubernetes_executor_config.py:176} WARNING - Install kubernetes dependencies with: pip install apache-airflow['cncf.kubernetes']
[2021-05-26 06:06:11,096] {scheduler_job.py:645} WARNING - No viable dags retrieved from /home/ubuntu/.local/lib/python3.6/site-packages/airflow/example_dags/example_kubernetes_executor_config.py
[2021-05-26 06:06:11,104] {scheduler_job.py:190} INFO - Processing /home/ubuntu/.local/lib/python3.6/site-packages/airflow/example_dags/example_kubernetes_executor_config.py took 0.028 seconds
[2021-05-26 06:06:54,400] {scheduler_job.py:182} INFO - Started process (PID=15621) to work on /home/ubuntu/.local/lib/python3.6/site-packages/airflow/example_dags/example_kubernetes_executor_config.py
[2021-05-26 06:06:54,406] {scheduler_job.py:633} INFO - Processing file /home/ubuntu/.local/lib/python3.6/site-packages/airflow/example_dags/example_kubernetes_executor_config.py for tasks to queue
[2021-05-26 06:06:54,411] {logging_mixin.py:104} INFO - [2021-05-26 06:06:54,411] {dagbag.py:487} INFO - Filling up the DagBag from /home/ubuntu/.local/lib/python3.6/site-packages/airflow/example_dags/example_kubernetes_executor_config.py
[2021-05-26 06:06:54,423] {logging_mixin.py:104} INFO - [2021-05-26 06:06:54,423] {example_kubernetes_executor_config.py:175} WARNING - Could not import DAGs in example_kubernetes_executor_config.py: No module named 'kubernetes'
[2021-05-26 06:06:54,428] {logging_mixin.py:104} INFO - [2021-05-26 06:06:54,428] {example_kubernetes_executor_config.py:176} WARNING - Install kubernetes dependencies with: pip install apache-airflow['cncf.kubernetes']
[2021-05-26 06:06:54,428] {scheduler_job.py:645} WARNING - No viable dags retrieved from /home/ubuntu/.local/lib/python3.6/site-packages/airflow/example_dags/example_kubernetes_executor_config.py
[2021-05-26 06:06:54,434] {scheduler_job.py:190} INFO - Processing /home/ubuntu/.local/lib/python3.6/site-packages/airflow/example_dags/example_kubernetes_executor_config.py took 0.037 seconds
[2021-05-26 06:07:29,956] {scheduler_job.py:182} INFO - Started process (PID=15812) to work on /home/ubuntu/.local/lib/python3.6/site-packages/airflow/example_dags/example_kubernetes_executor_config.py
[2021-05-26 06:07:29,958] {scheduler_job.py:633} INFO - Processing file /home/ubuntu/.local/lib/python3.6/site-packages/airflow/example_dags/example_kubernetes_executor_config.py for tasks to queue
[2021-05-26 06:07:29,959] {logging_mixin.py:104} INFO - [2021-05-26 06:07:29,959] {dagbag.py:487} INFO - Filling up the DagBag from /home/ubuntu/.local/lib/python3.6/site-packages/airflow/example_dags/example_kubernetes_executor_config.py
[2021-05-26 06:07:29,966] {logging_mixin.py:104} INFO - [2021-05-26 06:07:29,966] {example_kubernetes_executor_config.py:175} WARNING - Could not import DAGs in example_kubernetes_executor_config.py: No module named 'kubernetes'
[2021-05-26 06:07:29,966] {logging_mixin.py:104} INFO - [2021-05-26 06:07:29,966] {example_kubernetes_executor_config.py:176} WARNING - Install kubernetes dependencies with: pip install apache-airflow['cncf.kubernetes']
[2021-05-26 06:07:29,967] {scheduler_job.py:645} WARNING - No viable dags retrieved from /home/ubuntu/.local/lib/python3.6/site-packages/airflow/example_dags/example_kubernetes_executor_config.py
[2021-05-26 06:07:29,995] {scheduler_job.py:190} INFO - Processing /home/ubuntu/.local/lib/python3.6/site-packages/airflow/example_dags/example_kubernetes_executor_config.py took 0.042 seconds
[2021-05-26 06:08:06,124] {scheduler_job.py:182} INFO - Started process (PID=15977) to work on /home/ubuntu/.local/lib/python3.6/site-packages/airflow/example_dags/example_kubernetes_executor_config.py
[2021-05-26 06:08:06,130] {scheduler_job.py:633} INFO - Processing file /home/ubuntu/.local/lib/python3.6/site-packages/airflow/example_dags/example_kubernetes_executor_config.py for tasks to queue
[2021-05-26 06:08:06,134] {logging_mixin.py:104} INFO - [2021-05-26 06:08:06,134] {dagbag.py:487} INFO - Filling up the DagBag from /home/ubuntu/.local/lib/python3.6/site-packages/airflow/example_dags/example_kubernetes_executor_config.py
[2021-05-26 06:08:06,142] {logging_mixin.py:104} INFO - [2021-05-26 06:08:06,142] {example_kubernetes_executor_config.py:175} WARNING - Could not import DAGs in example_kubernetes_executor_config.py: No module named 'kubernetes'
[2021-05-26 06:08:06,142] {logging_mixin.py:104} INFO - [2021-05-26 06:08:06,142] {example_kubernetes_executor_config.py:176} WARNING - Install kubernetes dependencies with: pip install apache-airflow['cncf.kubernetes']
[2021-05-26 06:08:06,142] {scheduler_job.py:645} WARNING - No viable dags retrieved from /home/ubuntu/.local/lib/python3.6/site-packages/airflow/example_dags/example_kubernetes_executor_config.py
[2021-05-26 06:08:06,157] {scheduler_job.py:190} INFO - Processing /home/ubuntu/.local/lib/python3.6/site-packages/airflow/example_dags/example_kubernetes_executor_config.py took 0.036 seconds
