[2021-05-26 05:47:42,222] {scheduler_job.py:182} INFO - Started process (PID=10605) to work on /home/ubuntu/.local/lib/python3.6/site-packages/airflow/example_dags/example_python_operator.py
[2021-05-26 05:47:42,225] {scheduler_job.py:633} INFO - Processing file /home/ubuntu/.local/lib/python3.6/site-packages/airflow/example_dags/example_python_operator.py for tasks to queue
[2021-05-26 05:47:42,227] {logging_mixin.py:104} INFO - [2021-05-26 05:47:42,227] {dagbag.py:487} INFO - Filling up the DagBag from /home/ubuntu/.local/lib/python3.6/site-packages/airflow/example_dags/example_python_operator.py
[2021-05-26 05:47:42,239] {scheduler_job.py:643} INFO - DAG(s) dict_keys(['example_python_operator']) retrieved from /home/ubuntu/.local/lib/python3.6/site-packages/airflow/example_dags/example_python_operator.py
[2021-05-26 05:47:42,255] {logging_mixin.py:104} INFO - [2021-05-26 05:47:42,255] {dag.py:1832} INFO - Sync 1 DAGs
[2021-05-26 05:47:42,272] {logging_mixin.py:104} INFO - [2021-05-26 05:47:42,271] {dag.py:2305} INFO - Setting next_dagrun for example_python_operator to None
[2021-05-26 05:47:42,292] {scheduler_job.py:190} INFO - Processing /home/ubuntu/.local/lib/python3.6/site-packages/airflow/example_dags/example_python_operator.py took 0.073 seconds
[2021-05-26 05:48:15,189] {scheduler_job.py:182} INFO - Started process (PID=10758) to work on /home/ubuntu/.local/lib/python3.6/site-packages/airflow/example_dags/example_python_operator.py
[2021-05-26 05:48:15,191] {scheduler_job.py:633} INFO - Processing file /home/ubuntu/.local/lib/python3.6/site-packages/airflow/example_dags/example_python_operator.py for tasks to queue
[2021-05-26 05:48:15,192] {logging_mixin.py:104} INFO - [2021-05-26 05:48:15,192] {dagbag.py:487} INFO - Filling up the DagBag from /home/ubuntu/.local/lib/python3.6/site-packages/airflow/example_dags/example_python_operator.py
[2021-05-26 05:48:15,205] {scheduler_job.py:643} INFO - DAG(s) dict_keys(['example_python_operator']) retrieved from /home/ubuntu/.local/lib/python3.6/site-packages/airflow/example_dags/example_python_operator.py
[2021-05-26 05:48:15,218] {logging_mixin.py:104} INFO - [2021-05-26 05:48:15,217] {dag.py:1832} INFO - Sync 1 DAGs
[2021-05-26 05:48:15,233] {logging_mixin.py:104} INFO - [2021-05-26 05:48:15,233] {dag.py:2305} INFO - Setting next_dagrun for example_python_operator to None
[2021-05-26 05:48:15,251] {scheduler_job.py:190} INFO - Processing /home/ubuntu/.local/lib/python3.6/site-packages/airflow/example_dags/example_python_operator.py took 0.064 seconds
[2021-05-26 05:48:47,586] {scheduler_job.py:182} INFO - Started process (PID=10897) to work on /home/ubuntu/.local/lib/python3.6/site-packages/airflow/example_dags/example_python_operator.py
[2021-05-26 05:48:47,587] {scheduler_job.py:633} INFO - Processing file /home/ubuntu/.local/lib/python3.6/site-packages/airflow/example_dags/example_python_operator.py for tasks to queue
[2021-05-26 05:48:47,588] {logging_mixin.py:104} INFO - [2021-05-26 05:48:47,588] {dagbag.py:487} INFO - Filling up the DagBag from /home/ubuntu/.local/lib/python3.6/site-packages/airflow/example_dags/example_python_operator.py
[2021-05-26 05:48:47,600] {scheduler_job.py:643} INFO - DAG(s) dict_keys(['example_python_operator']) retrieved from /home/ubuntu/.local/lib/python3.6/site-packages/airflow/example_dags/example_python_operator.py
[2021-05-26 05:48:47,613] {logging_mixin.py:104} INFO - [2021-05-26 05:48:47,613] {dag.py:1832} INFO - Sync 1 DAGs
[2021-05-26 05:48:47,627] {logging_mixin.py:104} INFO - [2021-05-26 05:48:47,627] {dag.py:2305} INFO - Setting next_dagrun for example_python_operator to None
[2021-05-26 05:48:47,643] {scheduler_job.py:190} INFO - Processing /home/ubuntu/.local/lib/python3.6/site-packages/airflow/example_dags/example_python_operator.py took 0.059 seconds
[2021-05-26 05:49:19,120] {scheduler_job.py:182} INFO - Started process (PID=11031) to work on /home/ubuntu/.local/lib/python3.6/site-packages/airflow/example_dags/example_python_operator.py
[2021-05-26 05:49:19,125] {scheduler_job.py:633} INFO - Processing file /home/ubuntu/.local/lib/python3.6/site-packages/airflow/example_dags/example_python_operator.py for tasks to queue
[2021-05-26 05:49:19,129] {logging_mixin.py:104} INFO - [2021-05-26 05:49:19,129] {dagbag.py:487} INFO - Filling up the DagBag from /home/ubuntu/.local/lib/python3.6/site-packages/airflow/example_dags/example_python_operator.py
[2021-05-26 05:49:19,141] {scheduler_job.py:643} INFO - DAG(s) dict_keys(['example_python_operator']) retrieved from /home/ubuntu/.local/lib/python3.6/site-packages/airflow/example_dags/example_python_operator.py
[2021-05-26 05:49:19,157] {logging_mixin.py:104} INFO - [2021-05-26 05:49:19,157] {dag.py:1832} INFO - Sync 1 DAGs
[2021-05-26 05:49:19,175] {logging_mixin.py:104} INFO - [2021-05-26 05:49:19,175] {dag.py:2305} INFO - Setting next_dagrun for example_python_operator to None
[2021-05-26 05:49:19,195] {scheduler_job.py:190} INFO - Processing /home/ubuntu/.local/lib/python3.6/site-packages/airflow/example_dags/example_python_operator.py took 0.077 seconds
[2021-05-26 05:49:51,555] {scheduler_job.py:182} INFO - Started process (PID=11171) to work on /home/ubuntu/.local/lib/python3.6/site-packages/airflow/example_dags/example_python_operator.py
[2021-05-26 05:49:51,556] {scheduler_job.py:633} INFO - Processing file /home/ubuntu/.local/lib/python3.6/site-packages/airflow/example_dags/example_python_operator.py for tasks to queue
[2021-05-26 05:49:51,557] {logging_mixin.py:104} INFO - [2021-05-26 05:49:51,557] {dagbag.py:487} INFO - Filling up the DagBag from /home/ubuntu/.local/lib/python3.6/site-packages/airflow/example_dags/example_python_operator.py
[2021-05-26 05:49:51,578] {scheduler_job.py:643} INFO - DAG(s) dict_keys(['example_python_operator']) retrieved from /home/ubuntu/.local/lib/python3.6/site-packages/airflow/example_dags/example_python_operator.py
[2021-05-26 05:49:51,592] {logging_mixin.py:104} INFO - [2021-05-26 05:49:51,592] {dag.py:1832} INFO - Sync 1 DAGs
[2021-05-26 05:49:51,609] {logging_mixin.py:104} INFO - [2021-05-26 05:49:51,608] {dag.py:2305} INFO - Setting next_dagrun for example_python_operator to None
[2021-05-26 05:49:51,626] {scheduler_job.py:190} INFO - Processing /home/ubuntu/.local/lib/python3.6/site-packages/airflow/example_dags/example_python_operator.py took 0.073 seconds
[2021-05-26 05:50:23,611] {scheduler_job.py:182} INFO - Started process (PID=11299) to work on /home/ubuntu/.local/lib/python3.6/site-packages/airflow/example_dags/example_python_operator.py
[2021-05-26 05:50:23,612] {scheduler_job.py:633} INFO - Processing file /home/ubuntu/.local/lib/python3.6/site-packages/airflow/example_dags/example_python_operator.py for tasks to queue
[2021-05-26 05:50:23,612] {logging_mixin.py:104} INFO - [2021-05-26 05:50:23,612] {dagbag.py:487} INFO - Filling up the DagBag from /home/ubuntu/.local/lib/python3.6/site-packages/airflow/example_dags/example_python_operator.py
[2021-05-26 05:50:23,625] {scheduler_job.py:643} INFO - DAG(s) dict_keys(['example_python_operator']) retrieved from /home/ubuntu/.local/lib/python3.6/site-packages/airflow/example_dags/example_python_operator.py
[2021-05-26 05:50:23,638] {logging_mixin.py:104} INFO - [2021-05-26 05:50:23,638] {dag.py:1832} INFO - Sync 1 DAGs
[2021-05-26 05:50:23,653] {logging_mixin.py:104} INFO - [2021-05-26 05:50:23,653] {dag.py:2305} INFO - Setting next_dagrun for example_python_operator to None
[2021-05-26 05:50:23,671] {scheduler_job.py:190} INFO - Processing /home/ubuntu/.local/lib/python3.6/site-packages/airflow/example_dags/example_python_operator.py took 0.063 seconds
[2021-05-26 05:50:55,934] {scheduler_job.py:182} INFO - Started process (PID=11420) to work on /home/ubuntu/.local/lib/python3.6/site-packages/airflow/example_dags/example_python_operator.py
[2021-05-26 05:50:55,937] {scheduler_job.py:633} INFO - Processing file /home/ubuntu/.local/lib/python3.6/site-packages/airflow/example_dags/example_python_operator.py for tasks to queue
[2021-05-26 05:50:55,937] {logging_mixin.py:104} INFO - [2021-05-26 05:50:55,937] {dagbag.py:487} INFO - Filling up the DagBag from /home/ubuntu/.local/lib/python3.6/site-packages/airflow/example_dags/example_python_operator.py
[2021-05-26 05:50:55,951] {scheduler_job.py:643} INFO - DAG(s) dict_keys(['example_python_operator']) retrieved from /home/ubuntu/.local/lib/python3.6/site-packages/airflow/example_dags/example_python_operator.py
[2021-05-26 05:50:55,966] {logging_mixin.py:104} INFO - [2021-05-26 05:50:55,966] {dag.py:1832} INFO - Sync 1 DAGs
[2021-05-26 05:50:55,982] {logging_mixin.py:104} INFO - [2021-05-26 05:50:55,982] {dag.py:2305} INFO - Setting next_dagrun for example_python_operator to None
[2021-05-26 05:50:56,005] {scheduler_job.py:190} INFO - Processing /home/ubuntu/.local/lib/python3.6/site-packages/airflow/example_dags/example_python_operator.py took 0.073 seconds
[2021-05-26 05:51:27,358] {scheduler_job.py:182} INFO - Started process (PID=11541) to work on /home/ubuntu/.local/lib/python3.6/site-packages/airflow/example_dags/example_python_operator.py
[2021-05-26 05:51:27,361] {scheduler_job.py:633} INFO - Processing file /home/ubuntu/.local/lib/python3.6/site-packages/airflow/example_dags/example_python_operator.py for tasks to queue
[2021-05-26 05:51:27,362] {logging_mixin.py:104} INFO - [2021-05-26 05:51:27,361] {dagbag.py:487} INFO - Filling up the DagBag from /home/ubuntu/.local/lib/python3.6/site-packages/airflow/example_dags/example_python_operator.py
[2021-05-26 05:51:27,377] {scheduler_job.py:643} INFO - DAG(s) dict_keys(['example_python_operator']) retrieved from /home/ubuntu/.local/lib/python3.6/site-packages/airflow/example_dags/example_python_operator.py
[2021-05-26 05:51:27,394] {logging_mixin.py:104} INFO - [2021-05-26 05:51:27,393] {dag.py:1832} INFO - Sync 1 DAGs
[2021-05-26 05:51:27,406] {logging_mixin.py:104} INFO - [2021-05-26 05:51:27,406] {dag.py:2305} INFO - Setting next_dagrun for example_python_operator to None
[2021-05-26 05:51:27,424] {scheduler_job.py:190} INFO - Processing /home/ubuntu/.local/lib/python3.6/site-packages/airflow/example_dags/example_python_operator.py took 0.068 seconds
[2021-05-26 05:51:58,601] {scheduler_job.py:182} INFO - Started process (PID=11668) to work on /home/ubuntu/.local/lib/python3.6/site-packages/airflow/example_dags/example_python_operator.py
[2021-05-26 05:51:58,603] {scheduler_job.py:633} INFO - Processing file /home/ubuntu/.local/lib/python3.6/site-packages/airflow/example_dags/example_python_operator.py for tasks to queue
[2021-05-26 05:51:58,604] {logging_mixin.py:104} INFO - [2021-05-26 05:51:58,604] {dagbag.py:487} INFO - Filling up the DagBag from /home/ubuntu/.local/lib/python3.6/site-packages/airflow/example_dags/example_python_operator.py
[2021-05-26 05:51:58,618] {scheduler_job.py:643} INFO - DAG(s) dict_keys(['example_python_operator']) retrieved from /home/ubuntu/.local/lib/python3.6/site-packages/airflow/example_dags/example_python_operator.py
[2021-05-26 05:51:58,632] {logging_mixin.py:104} INFO - [2021-05-26 05:51:58,632] {dag.py:1832} INFO - Sync 1 DAGs
[2021-05-26 05:51:58,644] {logging_mixin.py:104} INFO - [2021-05-26 05:51:58,644] {dag.py:2305} INFO - Setting next_dagrun for example_python_operator to None
[2021-05-26 05:51:58,661] {scheduler_job.py:190} INFO - Processing /home/ubuntu/.local/lib/python3.6/site-packages/airflow/example_dags/example_python_operator.py took 0.062 seconds
[2021-05-26 05:52:29,376] {scheduler_job.py:182} INFO - Started process (PID=11789) to work on /home/ubuntu/.local/lib/python3.6/site-packages/airflow/example_dags/example_python_operator.py
[2021-05-26 05:52:29,378] {scheduler_job.py:633} INFO - Processing file /home/ubuntu/.local/lib/python3.6/site-packages/airflow/example_dags/example_python_operator.py for tasks to queue
[2021-05-26 05:52:29,379] {logging_mixin.py:104} INFO - [2021-05-26 05:52:29,379] {dagbag.py:487} INFO - Filling up the DagBag from /home/ubuntu/.local/lib/python3.6/site-packages/airflow/example_dags/example_python_operator.py
[2021-05-26 05:52:29,396] {scheduler_job.py:643} INFO - DAG(s) dict_keys(['example_python_operator']) retrieved from /home/ubuntu/.local/lib/python3.6/site-packages/airflow/example_dags/example_python_operator.py
[2021-05-26 05:52:29,412] {logging_mixin.py:104} INFO - [2021-05-26 05:52:29,412] {dag.py:1832} INFO - Sync 1 DAGs
[2021-05-26 05:52:29,423] {logging_mixin.py:104} INFO - [2021-05-26 05:52:29,423] {dag.py:2305} INFO - Setting next_dagrun for example_python_operator to None
[2021-05-26 05:52:29,438] {scheduler_job.py:190} INFO - Processing /home/ubuntu/.local/lib/python3.6/site-packages/airflow/example_dags/example_python_operator.py took 0.064 seconds
[2021-05-26 05:53:01,569] {scheduler_job.py:182} INFO - Started process (PID=11910) to work on /home/ubuntu/.local/lib/python3.6/site-packages/airflow/example_dags/example_python_operator.py
[2021-05-26 05:53:01,572] {scheduler_job.py:633} INFO - Processing file /home/ubuntu/.local/lib/python3.6/site-packages/airflow/example_dags/example_python_operator.py for tasks to queue
[2021-05-26 05:53:01,572] {logging_mixin.py:104} INFO - [2021-05-26 05:53:01,572] {dagbag.py:487} INFO - Filling up the DagBag from /home/ubuntu/.local/lib/python3.6/site-packages/airflow/example_dags/example_python_operator.py
[2021-05-26 05:53:01,589] {scheduler_job.py:643} INFO - DAG(s) dict_keys(['example_python_operator']) retrieved from /home/ubuntu/.local/lib/python3.6/site-packages/airflow/example_dags/example_python_operator.py
[2021-05-26 05:53:01,604] {logging_mixin.py:104} INFO - [2021-05-26 05:53:01,604] {dag.py:1832} INFO - Sync 1 DAGs
[2021-05-26 05:53:01,618] {logging_mixin.py:104} INFO - [2021-05-26 05:53:01,618] {dag.py:2305} INFO - Setting next_dagrun for example_python_operator to None
[2021-05-26 05:53:01,635] {scheduler_job.py:190} INFO - Processing /home/ubuntu/.local/lib/python3.6/site-packages/airflow/example_dags/example_python_operator.py took 0.068 seconds
[2021-05-26 05:53:33,698] {scheduler_job.py:182} INFO - Started process (PID=12040) to work on /home/ubuntu/.local/lib/python3.6/site-packages/airflow/example_dags/example_python_operator.py
[2021-05-26 05:53:33,700] {scheduler_job.py:633} INFO - Processing file /home/ubuntu/.local/lib/python3.6/site-packages/airflow/example_dags/example_python_operator.py for tasks to queue
[2021-05-26 05:53:33,701] {logging_mixin.py:104} INFO - [2021-05-26 05:53:33,701] {dagbag.py:487} INFO - Filling up the DagBag from /home/ubuntu/.local/lib/python3.6/site-packages/airflow/example_dags/example_python_operator.py
[2021-05-26 05:53:33,717] {scheduler_job.py:643} INFO - DAG(s) dict_keys(['example_python_operator']) retrieved from /home/ubuntu/.local/lib/python3.6/site-packages/airflow/example_dags/example_python_operator.py
[2021-05-26 05:53:33,730] {logging_mixin.py:104} INFO - [2021-05-26 05:53:33,730] {dag.py:1832} INFO - Sync 1 DAGs
[2021-05-26 05:53:33,743] {logging_mixin.py:104} INFO - [2021-05-26 05:53:33,743] {dag.py:2305} INFO - Setting next_dagrun for example_python_operator to None
[2021-05-26 05:53:33,761] {scheduler_job.py:190} INFO - Processing /home/ubuntu/.local/lib/python3.6/site-packages/airflow/example_dags/example_python_operator.py took 0.065 seconds
[2021-05-26 05:54:06,293] {scheduler_job.py:182} INFO - Started process (PID=12167) to work on /home/ubuntu/.local/lib/python3.6/site-packages/airflow/example_dags/example_python_operator.py
[2021-05-26 05:54:06,296] {scheduler_job.py:633} INFO - Processing file /home/ubuntu/.local/lib/python3.6/site-packages/airflow/example_dags/example_python_operator.py for tasks to queue
[2021-05-26 05:54:06,297] {logging_mixin.py:104} INFO - [2021-05-26 05:54:06,297] {dagbag.py:487} INFO - Filling up the DagBag from /home/ubuntu/.local/lib/python3.6/site-packages/airflow/example_dags/example_python_operator.py
[2021-05-26 05:54:06,311] {scheduler_job.py:643} INFO - DAG(s) dict_keys(['example_python_operator']) retrieved from /home/ubuntu/.local/lib/python3.6/site-packages/airflow/example_dags/example_python_operator.py
[2021-05-26 05:54:06,325] {logging_mixin.py:104} INFO - [2021-05-26 05:54:06,325] {dag.py:1832} INFO - Sync 1 DAGs
[2021-05-26 05:54:06,337] {logging_mixin.py:104} INFO - [2021-05-26 05:54:06,337] {dag.py:2305} INFO - Setting next_dagrun for example_python_operator to None
[2021-05-26 05:54:06,354] {scheduler_job.py:190} INFO - Processing /home/ubuntu/.local/lib/python3.6/site-packages/airflow/example_dags/example_python_operator.py took 0.063 seconds
[2021-05-26 05:54:39,157] {scheduler_job.py:182} INFO - Started process (PID=12288) to work on /home/ubuntu/.local/lib/python3.6/site-packages/airflow/example_dags/example_python_operator.py
[2021-05-26 05:54:39,160] {scheduler_job.py:633} INFO - Processing file /home/ubuntu/.local/lib/python3.6/site-packages/airflow/example_dags/example_python_operator.py for tasks to queue
[2021-05-26 05:54:39,161] {logging_mixin.py:104} INFO - [2021-05-26 05:54:39,161] {dagbag.py:487} INFO - Filling up the DagBag from /home/ubuntu/.local/lib/python3.6/site-packages/airflow/example_dags/example_python_operator.py
[2021-05-26 05:54:39,177] {scheduler_job.py:643} INFO - DAG(s) dict_keys(['example_python_operator']) retrieved from /home/ubuntu/.local/lib/python3.6/site-packages/airflow/example_dags/example_python_operator.py
[2021-05-26 05:54:39,191] {logging_mixin.py:104} INFO - [2021-05-26 05:54:39,191] {dag.py:1832} INFO - Sync 1 DAGs
[2021-05-26 05:54:39,204] {logging_mixin.py:104} INFO - [2021-05-26 05:54:39,204] {dag.py:2305} INFO - Setting next_dagrun for example_python_operator to None
[2021-05-26 05:54:39,222] {scheduler_job.py:190} INFO - Processing /home/ubuntu/.local/lib/python3.6/site-packages/airflow/example_dags/example_python_operator.py took 0.066 seconds
[2021-05-26 05:55:12,305] {scheduler_job.py:182} INFO - Started process (PID=12454) to work on /home/ubuntu/.local/lib/python3.6/site-packages/airflow/example_dags/example_python_operator.py
[2021-05-26 05:55:12,308] {scheduler_job.py:633} INFO - Processing file /home/ubuntu/.local/lib/python3.6/site-packages/airflow/example_dags/example_python_operator.py for tasks to queue
[2021-05-26 05:55:12,309] {logging_mixin.py:104} INFO - [2021-05-26 05:55:12,308] {dagbag.py:487} INFO - Filling up the DagBag from /home/ubuntu/.local/lib/python3.6/site-packages/airflow/example_dags/example_python_operator.py
[2021-05-26 05:55:12,331] {scheduler_job.py:643} INFO - DAG(s) dict_keys(['example_python_operator']) retrieved from /home/ubuntu/.local/lib/python3.6/site-packages/airflow/example_dags/example_python_operator.py
[2021-05-26 05:55:12,358] {logging_mixin.py:104} INFO - [2021-05-26 05:55:12,358] {dag.py:1832} INFO - Sync 1 DAGs
[2021-05-26 05:55:12,388] {logging_mixin.py:104} INFO - [2021-05-26 05:55:12,388] {dag.py:2305} INFO - Setting next_dagrun for example_python_operator to None
[2021-05-26 05:55:12,408] {scheduler_job.py:190} INFO - Processing /home/ubuntu/.local/lib/python3.6/site-packages/airflow/example_dags/example_python_operator.py took 0.106 seconds
[2021-05-26 05:55:59,050] {scheduler_job.py:182} INFO - Started process (PID=12637) to work on /home/ubuntu/.local/lib/python3.6/site-packages/airflow/example_dags/example_python_operator.py
[2021-05-26 05:55:59,055] {scheduler_job.py:633} INFO - Processing file /home/ubuntu/.local/lib/python3.6/site-packages/airflow/example_dags/example_python_operator.py for tasks to queue
[2021-05-26 05:55:59,059] {logging_mixin.py:104} INFO - [2021-05-26 05:55:59,059] {dagbag.py:487} INFO - Filling up the DagBag from /home/ubuntu/.local/lib/python3.6/site-packages/airflow/example_dags/example_python_operator.py
[2021-05-26 05:55:59,077] {scheduler_job.py:643} INFO - DAG(s) dict_keys(['example_python_operator']) retrieved from /home/ubuntu/.local/lib/python3.6/site-packages/airflow/example_dags/example_python_operator.py
[2021-05-26 05:55:59,098] {logging_mixin.py:104} INFO - [2021-05-26 05:55:59,098] {dag.py:1832} INFO - Sync 1 DAGs
[2021-05-26 05:55:59,120] {logging_mixin.py:104} INFO - [2021-05-26 05:55:59,120] {dag.py:2305} INFO - Setting next_dagrun for example_python_operator to None
[2021-05-26 05:55:59,147] {scheduler_job.py:190} INFO - Processing /home/ubuntu/.local/lib/python3.6/site-packages/airflow/example_dags/example_python_operator.py took 0.100 seconds
[2021-05-26 05:56:33,745] {scheduler_job.py:182} INFO - Started process (PID=12793) to work on /home/ubuntu/.local/lib/python3.6/site-packages/airflow/example_dags/example_python_operator.py
[2021-05-26 05:56:33,747] {scheduler_job.py:633} INFO - Processing file /home/ubuntu/.local/lib/python3.6/site-packages/airflow/example_dags/example_python_operator.py for tasks to queue
[2021-05-26 05:56:33,747] {logging_mixin.py:104} INFO - [2021-05-26 05:56:33,747] {dagbag.py:487} INFO - Filling up the DagBag from /home/ubuntu/.local/lib/python3.6/site-packages/airflow/example_dags/example_python_operator.py
[2021-05-26 05:56:33,762] {scheduler_job.py:643} INFO - DAG(s) dict_keys(['example_python_operator']) retrieved from /home/ubuntu/.local/lib/python3.6/site-packages/airflow/example_dags/example_python_operator.py
[2021-05-26 05:56:33,777] {logging_mixin.py:104} INFO - [2021-05-26 05:56:33,777] {dag.py:1832} INFO - Sync 1 DAGs
[2021-05-26 05:56:33,793] {logging_mixin.py:104} INFO - [2021-05-26 05:56:33,793] {dag.py:2305} INFO - Setting next_dagrun for example_python_operator to None
[2021-05-26 05:56:33,813] {scheduler_job.py:190} INFO - Processing /home/ubuntu/.local/lib/python3.6/site-packages/airflow/example_dags/example_python_operator.py took 0.070 seconds
[2021-05-26 05:57:07,873] {scheduler_job.py:182} INFO - Started process (PID=12956) to work on /home/ubuntu/.local/lib/python3.6/site-packages/airflow/example_dags/example_python_operator.py
[2021-05-26 05:57:07,876] {scheduler_job.py:633} INFO - Processing file /home/ubuntu/.local/lib/python3.6/site-packages/airflow/example_dags/example_python_operator.py for tasks to queue
[2021-05-26 05:57:07,876] {logging_mixin.py:104} INFO - [2021-05-26 05:57:07,876] {dagbag.py:487} INFO - Filling up the DagBag from /home/ubuntu/.local/lib/python3.6/site-packages/airflow/example_dags/example_python_operator.py
[2021-05-26 05:57:07,894] {scheduler_job.py:643} INFO - DAG(s) dict_keys(['example_python_operator']) retrieved from /home/ubuntu/.local/lib/python3.6/site-packages/airflow/example_dags/example_python_operator.py
[2021-05-26 05:57:07,909] {logging_mixin.py:104} INFO - [2021-05-26 05:57:07,909] {dag.py:1832} INFO - Sync 1 DAGs
[2021-05-26 05:57:07,924] {logging_mixin.py:104} INFO - [2021-05-26 05:57:07,924] {dag.py:2305} INFO - Setting next_dagrun for example_python_operator to None
[2021-05-26 05:57:07,940] {scheduler_job.py:190} INFO - Processing /home/ubuntu/.local/lib/python3.6/site-packages/airflow/example_dags/example_python_operator.py took 0.069 seconds
[2021-05-26 05:57:42,222] {scheduler_job.py:182} INFO - Started process (PID=13112) to work on /home/ubuntu/.local/lib/python3.6/site-packages/airflow/example_dags/example_python_operator.py
[2021-05-26 05:57:42,223] {scheduler_job.py:633} INFO - Processing file /home/ubuntu/.local/lib/python3.6/site-packages/airflow/example_dags/example_python_operator.py for tasks to queue
[2021-05-26 05:57:42,223] {logging_mixin.py:104} INFO - [2021-05-26 05:57:42,223] {dagbag.py:487} INFO - Filling up the DagBag from /home/ubuntu/.local/lib/python3.6/site-packages/airflow/example_dags/example_python_operator.py
[2021-05-26 05:57:42,235] {scheduler_job.py:643} INFO - DAG(s) dict_keys(['example_python_operator']) retrieved from /home/ubuntu/.local/lib/python3.6/site-packages/airflow/example_dags/example_python_operator.py
[2021-05-26 05:57:42,249] {logging_mixin.py:104} INFO - [2021-05-26 05:57:42,248] {dag.py:1832} INFO - Sync 1 DAGs
[2021-05-26 05:57:42,263] {logging_mixin.py:104} INFO - [2021-05-26 05:57:42,263] {dag.py:2305} INFO - Setting next_dagrun for example_python_operator to None
[2021-05-26 05:57:42,278] {scheduler_job.py:190} INFO - Processing /home/ubuntu/.local/lib/python3.6/site-packages/airflow/example_dags/example_python_operator.py took 0.058 seconds
[2021-05-26 05:58:13,654] {scheduler_job.py:182} INFO - Started process (PID=13240) to work on /home/ubuntu/.local/lib/python3.6/site-packages/airflow/example_dags/example_python_operator.py
[2021-05-26 05:58:13,655] {scheduler_job.py:633} INFO - Processing file /home/ubuntu/.local/lib/python3.6/site-packages/airflow/example_dags/example_python_operator.py for tasks to queue
[2021-05-26 05:58:13,656] {logging_mixin.py:104} INFO - [2021-05-26 05:58:13,656] {dagbag.py:487} INFO - Filling up the DagBag from /home/ubuntu/.local/lib/python3.6/site-packages/airflow/example_dags/example_python_operator.py
[2021-05-26 05:58:13,669] {scheduler_job.py:643} INFO - DAG(s) dict_keys(['example_python_operator']) retrieved from /home/ubuntu/.local/lib/python3.6/site-packages/airflow/example_dags/example_python_operator.py
[2021-05-26 05:58:13,685] {logging_mixin.py:104} INFO - [2021-05-26 05:58:13,685] {dag.py:1832} INFO - Sync 1 DAGs
[2021-05-26 05:58:13,702] {logging_mixin.py:104} INFO - [2021-05-26 05:58:13,702] {dag.py:2305} INFO - Setting next_dagrun for example_python_operator to None
[2021-05-26 05:58:13,718] {scheduler_job.py:190} INFO - Processing /home/ubuntu/.local/lib/python3.6/site-packages/airflow/example_dags/example_python_operator.py took 0.066 seconds
[2021-05-26 05:58:46,880] {scheduler_job.py:182} INFO - Started process (PID=13404) to work on /home/ubuntu/.local/lib/python3.6/site-packages/airflow/example_dags/example_python_operator.py
[2021-05-26 05:58:46,884] {scheduler_job.py:633} INFO - Processing file /home/ubuntu/.local/lib/python3.6/site-packages/airflow/example_dags/example_python_operator.py for tasks to queue
[2021-05-26 05:58:46,888] {logging_mixin.py:104} INFO - [2021-05-26 05:58:46,888] {dagbag.py:487} INFO - Filling up the DagBag from /home/ubuntu/.local/lib/python3.6/site-packages/airflow/example_dags/example_python_operator.py
[2021-05-26 05:58:46,904] {scheduler_job.py:643} INFO - DAG(s) dict_keys(['example_python_operator']) retrieved from /home/ubuntu/.local/lib/python3.6/site-packages/airflow/example_dags/example_python_operator.py
[2021-05-26 05:58:46,923] {logging_mixin.py:104} INFO - [2021-05-26 05:58:46,923] {dag.py:1832} INFO - Sync 1 DAGs
[2021-05-26 05:58:46,939] {logging_mixin.py:104} INFO - [2021-05-26 05:58:46,939] {dag.py:2305} INFO - Setting next_dagrun for example_python_operator to None
[2021-05-26 05:58:46,965] {scheduler_job.py:190} INFO - Processing /home/ubuntu/.local/lib/python3.6/site-packages/airflow/example_dags/example_python_operator.py took 0.087 seconds
[2021-05-26 05:59:21,162] {scheduler_job.py:182} INFO - Started process (PID=13574) to work on /home/ubuntu/.local/lib/python3.6/site-packages/airflow/example_dags/example_python_operator.py
[2021-05-26 05:59:21,168] {scheduler_job.py:633} INFO - Processing file /home/ubuntu/.local/lib/python3.6/site-packages/airflow/example_dags/example_python_operator.py for tasks to queue
[2021-05-26 05:59:21,172] {logging_mixin.py:104} INFO - [2021-05-26 05:59:21,172] {dagbag.py:487} INFO - Filling up the DagBag from /home/ubuntu/.local/lib/python3.6/site-packages/airflow/example_dags/example_python_operator.py
[2021-05-26 05:59:21,188] {scheduler_job.py:643} INFO - DAG(s) dict_keys(['example_python_operator']) retrieved from /home/ubuntu/.local/lib/python3.6/site-packages/airflow/example_dags/example_python_operator.py
[2021-05-26 05:59:21,208] {logging_mixin.py:104} INFO - [2021-05-26 05:59:21,208] {dag.py:1832} INFO - Sync 1 DAGs
[2021-05-26 05:59:21,225] {logging_mixin.py:104} INFO - [2021-05-26 05:59:21,225] {dag.py:2305} INFO - Setting next_dagrun for example_python_operator to None
[2021-05-26 05:59:21,251] {scheduler_job.py:190} INFO - Processing /home/ubuntu/.local/lib/python3.6/site-packages/airflow/example_dags/example_python_operator.py took 0.091 seconds
[2021-05-26 05:59:54,104] {scheduler_job.py:182} INFO - Started process (PID=13739) to work on /home/ubuntu/.local/lib/python3.6/site-packages/airflow/example_dags/example_python_operator.py
[2021-05-26 05:59:54,105] {scheduler_job.py:633} INFO - Processing file /home/ubuntu/.local/lib/python3.6/site-packages/airflow/example_dags/example_python_operator.py for tasks to queue
[2021-05-26 05:59:54,106] {logging_mixin.py:104} INFO - [2021-05-26 05:59:54,106] {dagbag.py:487} INFO - Filling up the DagBag from /home/ubuntu/.local/lib/python3.6/site-packages/airflow/example_dags/example_python_operator.py
[2021-05-26 05:59:54,119] {scheduler_job.py:643} INFO - DAG(s) dict_keys(['example_python_operator']) retrieved from /home/ubuntu/.local/lib/python3.6/site-packages/airflow/example_dags/example_python_operator.py
[2021-05-26 05:59:54,136] {logging_mixin.py:104} INFO - [2021-05-26 05:59:54,136] {dag.py:1832} INFO - Sync 1 DAGs
[2021-05-26 05:59:54,149] {logging_mixin.py:104} INFO - [2021-05-26 05:59:54,149] {dag.py:2305} INFO - Setting next_dagrun for example_python_operator to None
[2021-05-26 05:59:54,164] {scheduler_job.py:190} INFO - Processing /home/ubuntu/.local/lib/python3.6/site-packages/airflow/example_dags/example_python_operator.py took 0.062 seconds
[2021-05-26 06:00:34,247] {scheduler_job.py:182} INFO - Started process (PID=13934) to work on /home/ubuntu/.local/lib/python3.6/site-packages/airflow/example_dags/example_python_operator.py
[2021-05-26 06:00:34,249] {scheduler_job.py:633} INFO - Processing file /home/ubuntu/.local/lib/python3.6/site-packages/airflow/example_dags/example_python_operator.py for tasks to queue
[2021-05-26 06:00:34,250] {logging_mixin.py:104} INFO - [2021-05-26 06:00:34,250] {dagbag.py:487} INFO - Filling up the DagBag from /home/ubuntu/.local/lib/python3.6/site-packages/airflow/example_dags/example_python_operator.py
[2021-05-26 06:00:34,264] {scheduler_job.py:643} INFO - DAG(s) dict_keys(['example_python_operator']) retrieved from /home/ubuntu/.local/lib/python3.6/site-packages/airflow/example_dags/example_python_operator.py
[2021-05-26 06:00:34,283] {logging_mixin.py:104} INFO - [2021-05-26 06:00:34,283] {dag.py:1832} INFO - Sync 1 DAGs
[2021-05-26 06:00:34,297] {logging_mixin.py:104} INFO - [2021-05-26 06:00:34,297] {dag.py:2305} INFO - Setting next_dagrun for example_python_operator to None
[2021-05-26 06:00:34,315] {scheduler_job.py:190} INFO - Processing /home/ubuntu/.local/lib/python3.6/site-packages/airflow/example_dags/example_python_operator.py took 0.070 seconds
[2021-05-26 06:01:07,193] {scheduler_job.py:182} INFO - Started process (PID=14085) to work on /home/ubuntu/.local/lib/python3.6/site-packages/airflow/example_dags/example_python_operator.py
[2021-05-26 06:01:07,194] {scheduler_job.py:633} INFO - Processing file /home/ubuntu/.local/lib/python3.6/site-packages/airflow/example_dags/example_python_operator.py for tasks to queue
[2021-05-26 06:01:07,203] {logging_mixin.py:104} INFO - [2021-05-26 06:01:07,203] {dagbag.py:487} INFO - Filling up the DagBag from /home/ubuntu/.local/lib/python3.6/site-packages/airflow/example_dags/example_python_operator.py
[2021-05-26 06:01:07,226] {scheduler_job.py:643} INFO - DAG(s) dict_keys(['example_python_operator']) retrieved from /home/ubuntu/.local/lib/python3.6/site-packages/airflow/example_dags/example_python_operator.py
[2021-05-26 06:01:07,257] {logging_mixin.py:104} INFO - [2021-05-26 06:01:07,257] {dag.py:1832} INFO - Sync 1 DAGs
[2021-05-26 06:01:07,287] {logging_mixin.py:104} INFO - [2021-05-26 06:01:07,287] {dag.py:2305} INFO - Setting next_dagrun for example_python_operator to None
[2021-05-26 06:01:07,310] {scheduler_job.py:190} INFO - Processing /home/ubuntu/.local/lib/python3.6/site-packages/airflow/example_dags/example_python_operator.py took 0.119 seconds
[2021-05-26 06:01:42,230] {scheduler_job.py:182} INFO - Started process (PID=14261) to work on /home/ubuntu/.local/lib/python3.6/site-packages/airflow/example_dags/example_python_operator.py
[2021-05-26 06:01:42,234] {scheduler_job.py:633} INFO - Processing file /home/ubuntu/.local/lib/python3.6/site-packages/airflow/example_dags/example_python_operator.py for tasks to queue
[2021-05-26 06:01:42,238] {logging_mixin.py:104} INFO - [2021-05-26 06:01:42,238] {dagbag.py:487} INFO - Filling up the DagBag from /home/ubuntu/.local/lib/python3.6/site-packages/airflow/example_dags/example_python_operator.py
[2021-05-26 06:01:42,254] {scheduler_job.py:643} INFO - DAG(s) dict_keys(['example_python_operator']) retrieved from /home/ubuntu/.local/lib/python3.6/site-packages/airflow/example_dags/example_python_operator.py
[2021-05-26 06:01:42,550] {logging_mixin.py:104} INFO - [2021-05-26 06:01:42,550] {dag.py:1832} INFO - Sync 1 DAGs
[2021-05-26 06:01:42,564] {logging_mixin.py:104} INFO - [2021-05-26 06:01:42,564] {dag.py:2305} INFO - Setting next_dagrun for example_python_operator to None
[2021-05-26 06:01:42,586] {scheduler_job.py:190} INFO - Processing /home/ubuntu/.local/lib/python3.6/site-packages/airflow/example_dags/example_python_operator.py took 0.358 seconds
[2021-05-26 06:02:22,789] {scheduler_job.py:182} INFO - Started process (PID=14437) to work on /home/ubuntu/.local/lib/python3.6/site-packages/airflow/example_dags/example_python_operator.py
[2021-05-26 06:02:22,793] {scheduler_job.py:633} INFO - Processing file /home/ubuntu/.local/lib/python3.6/site-packages/airflow/example_dags/example_python_operator.py for tasks to queue
[2021-05-26 06:02:22,798] {logging_mixin.py:104} INFO - [2021-05-26 06:02:22,798] {dagbag.py:487} INFO - Filling up the DagBag from /home/ubuntu/.local/lib/python3.6/site-packages/airflow/example_dags/example_python_operator.py
[2021-05-26 06:02:22,816] {scheduler_job.py:643} INFO - DAG(s) dict_keys(['example_python_operator']) retrieved from /home/ubuntu/.local/lib/python3.6/site-packages/airflow/example_dags/example_python_operator.py
[2021-05-26 06:02:22,834] {logging_mixin.py:104} INFO - [2021-05-26 06:02:22,833] {dag.py:1832} INFO - Sync 1 DAGs
[2021-05-26 06:02:22,850] {logging_mixin.py:104} INFO - [2021-05-26 06:02:22,850] {dag.py:2305} INFO - Setting next_dagrun for example_python_operator to None
[2021-05-26 06:02:22,879] {scheduler_job.py:190} INFO - Processing /home/ubuntu/.local/lib/python3.6/site-packages/airflow/example_dags/example_python_operator.py took 0.092 seconds
[2021-05-26 06:02:57,925] {scheduler_job.py:182} INFO - Started process (PID=14612) to work on /home/ubuntu/.local/lib/python3.6/site-packages/airflow/example_dags/example_python_operator.py
[2021-05-26 06:02:57,926] {scheduler_job.py:633} INFO - Processing file /home/ubuntu/.local/lib/python3.6/site-packages/airflow/example_dags/example_python_operator.py for tasks to queue
[2021-05-26 06:02:57,927] {logging_mixin.py:104} INFO - [2021-05-26 06:02:57,926] {dagbag.py:487} INFO - Filling up the DagBag from /home/ubuntu/.local/lib/python3.6/site-packages/airflow/example_dags/example_python_operator.py
[2021-05-26 06:02:57,972] {scheduler_job.py:643} INFO - DAG(s) dict_keys(['example_python_operator']) retrieved from /home/ubuntu/.local/lib/python3.6/site-packages/airflow/example_dags/example_python_operator.py
[2021-05-26 06:02:58,005] {logging_mixin.py:104} INFO - [2021-05-26 06:02:58,005] {dag.py:1832} INFO - Sync 1 DAGs
[2021-05-26 06:02:58,035] {logging_mixin.py:104} INFO - [2021-05-26 06:02:58,035] {dag.py:2305} INFO - Setting next_dagrun for example_python_operator to None
[2021-05-26 06:02:58,060] {scheduler_job.py:190} INFO - Processing /home/ubuntu/.local/lib/python3.6/site-packages/airflow/example_dags/example_python_operator.py took 0.138 seconds
[2021-05-26 06:03:38,891] {scheduler_job.py:182} INFO - Started process (PID=14818) to work on /home/ubuntu/.local/lib/python3.6/site-packages/airflow/example_dags/example_python_operator.py
[2021-05-26 06:03:38,895] {scheduler_job.py:633} INFO - Processing file /home/ubuntu/.local/lib/python3.6/site-packages/airflow/example_dags/example_python_operator.py for tasks to queue
[2021-05-26 06:03:38,898] {logging_mixin.py:104} INFO - [2021-05-26 06:03:38,898] {dagbag.py:487} INFO - Filling up the DagBag from /home/ubuntu/.local/lib/python3.6/site-packages/airflow/example_dags/example_python_operator.py
[2021-05-26 06:03:38,917] {scheduler_job.py:643} INFO - DAG(s) dict_keys(['example_python_operator']) retrieved from /home/ubuntu/.local/lib/python3.6/site-packages/airflow/example_dags/example_python_operator.py
[2021-05-26 06:03:38,933] {logging_mixin.py:104} INFO - [2021-05-26 06:03:38,933] {dag.py:1832} INFO - Sync 1 DAGs
[2021-05-26 06:03:38,957] {logging_mixin.py:104} INFO - [2021-05-26 06:03:38,956] {dag.py:2305} INFO - Setting next_dagrun for example_python_operator to None
[2021-05-26 06:03:38,984] {scheduler_job.py:190} INFO - Processing /home/ubuntu/.local/lib/python3.6/site-packages/airflow/example_dags/example_python_operator.py took 0.094 seconds
[2021-05-26 06:04:15,973] {scheduler_job.py:182} INFO - Started process (PID=15005) to work on /home/ubuntu/.local/lib/python3.6/site-packages/airflow/example_dags/example_python_operator.py
[2021-05-26 06:04:15,978] {scheduler_job.py:633} INFO - Processing file /home/ubuntu/.local/lib/python3.6/site-packages/airflow/example_dags/example_python_operator.py for tasks to queue
[2021-05-26 06:04:15,982] {logging_mixin.py:104} INFO - [2021-05-26 06:04:15,982] {dagbag.py:487} INFO - Filling up the DagBag from /home/ubuntu/.local/lib/python3.6/site-packages/airflow/example_dags/example_python_operator.py
[2021-05-26 06:04:16,001] {scheduler_job.py:643} INFO - DAG(s) dict_keys(['example_python_operator']) retrieved from /home/ubuntu/.local/lib/python3.6/site-packages/airflow/example_dags/example_python_operator.py
[2021-05-26 06:04:16,019] {logging_mixin.py:104} INFO - [2021-05-26 06:04:16,019] {dag.py:1832} INFO - Sync 1 DAGs
[2021-05-26 06:04:16,040] {logging_mixin.py:104} INFO - [2021-05-26 06:04:16,040] {dag.py:2305} INFO - Setting next_dagrun for example_python_operator to None
[2021-05-26 06:04:16,067] {scheduler_job.py:190} INFO - Processing /home/ubuntu/.local/lib/python3.6/site-packages/airflow/example_dags/example_python_operator.py took 0.095 seconds
[2021-05-26 06:04:52,052] {scheduler_job.py:182} INFO - Started process (PID=15146) to work on /home/ubuntu/.local/lib/python3.6/site-packages/airflow/example_dags/example_python_operator.py
[2021-05-26 06:04:52,057] {scheduler_job.py:633} INFO - Processing file /home/ubuntu/.local/lib/python3.6/site-packages/airflow/example_dags/example_python_operator.py for tasks to queue
[2021-05-26 06:04:52,062] {logging_mixin.py:104} INFO - [2021-05-26 06:04:52,061] {dagbag.py:487} INFO - Filling up the DagBag from /home/ubuntu/.local/lib/python3.6/site-packages/airflow/example_dags/example_python_operator.py
[2021-05-26 06:04:52,078] {scheduler_job.py:643} INFO - DAG(s) dict_keys(['example_python_operator']) retrieved from /home/ubuntu/.local/lib/python3.6/site-packages/airflow/example_dags/example_python_operator.py
[2021-05-26 06:04:52,101] {logging_mixin.py:104} INFO - [2021-05-26 06:04:52,101] {dag.py:1832} INFO - Sync 1 DAGs
[2021-05-26 06:04:52,126] {logging_mixin.py:104} INFO - [2021-05-26 06:04:52,126] {dag.py:2305} INFO - Setting next_dagrun for example_python_operator to None
[2021-05-26 06:04:52,153] {scheduler_job.py:190} INFO - Processing /home/ubuntu/.local/lib/python3.6/site-packages/airflow/example_dags/example_python_operator.py took 0.105 seconds
[2021-05-26 06:05:25,849] {scheduler_job.py:182} INFO - Started process (PID=15299) to work on /home/ubuntu/.local/lib/python3.6/site-packages/airflow/example_dags/example_python_operator.py
[2021-05-26 06:05:25,854] {scheduler_job.py:633} INFO - Processing file /home/ubuntu/.local/lib/python3.6/site-packages/airflow/example_dags/example_python_operator.py for tasks to queue
[2021-05-26 06:05:25,858] {logging_mixin.py:104} INFO - [2021-05-26 06:05:25,858] {dagbag.py:487} INFO - Filling up the DagBag from /home/ubuntu/.local/lib/python3.6/site-packages/airflow/example_dags/example_python_operator.py
[2021-05-26 06:05:25,874] {scheduler_job.py:643} INFO - DAG(s) dict_keys(['example_python_operator']) retrieved from /home/ubuntu/.local/lib/python3.6/site-packages/airflow/example_dags/example_python_operator.py
[2021-05-26 06:05:25,894] {logging_mixin.py:104} INFO - [2021-05-26 06:05:25,893] {dag.py:1832} INFO - Sync 1 DAGs
[2021-05-26 06:05:25,913] {logging_mixin.py:104} INFO - [2021-05-26 06:05:25,913] {dag.py:2305} INFO - Setting next_dagrun for example_python_operator to None
[2021-05-26 06:05:25,941] {scheduler_job.py:190} INFO - Processing /home/ubuntu/.local/lib/python3.6/site-packages/airflow/example_dags/example_python_operator.py took 0.095 seconds
[2021-05-26 06:06:09,838] {scheduler_job.py:182} INFO - Started process (PID=15461) to work on /home/ubuntu/.local/lib/python3.6/site-packages/airflow/example_dags/example_python_operator.py
[2021-05-26 06:06:09,842] {scheduler_job.py:633} INFO - Processing file /home/ubuntu/.local/lib/python3.6/site-packages/airflow/example_dags/example_python_operator.py for tasks to queue
[2021-05-26 06:06:09,846] {logging_mixin.py:104} INFO - [2021-05-26 06:06:09,846] {dagbag.py:487} INFO - Filling up the DagBag from /home/ubuntu/.local/lib/python3.6/site-packages/airflow/example_dags/example_python_operator.py
[2021-05-26 06:06:09,864] {scheduler_job.py:643} INFO - DAG(s) dict_keys(['example_python_operator']) retrieved from /home/ubuntu/.local/lib/python3.6/site-packages/airflow/example_dags/example_python_operator.py
[2021-05-26 06:06:09,889] {logging_mixin.py:104} INFO - [2021-05-26 06:06:09,888] {dag.py:1832} INFO - Sync 1 DAGs
[2021-05-26 06:06:09,913] {logging_mixin.py:104} INFO - [2021-05-26 06:06:09,913] {dag.py:2305} INFO - Setting next_dagrun for example_python_operator to None
[2021-05-26 06:06:09,944] {scheduler_job.py:190} INFO - Processing /home/ubuntu/.local/lib/python3.6/site-packages/airflow/example_dags/example_python_operator.py took 0.108 seconds
[2021-05-26 06:06:52,650] {scheduler_job.py:182} INFO - Started process (PID=15614) to work on /home/ubuntu/.local/lib/python3.6/site-packages/airflow/example_dags/example_python_operator.py
[2021-05-26 06:06:52,655] {scheduler_job.py:633} INFO - Processing file /home/ubuntu/.local/lib/python3.6/site-packages/airflow/example_dags/example_python_operator.py for tasks to queue
[2021-05-26 06:06:52,660] {logging_mixin.py:104} INFO - [2021-05-26 06:06:52,659] {dagbag.py:487} INFO - Filling up the DagBag from /home/ubuntu/.local/lib/python3.6/site-packages/airflow/example_dags/example_python_operator.py
[2021-05-26 06:06:52,679] {scheduler_job.py:643} INFO - DAG(s) dict_keys(['example_python_operator']) retrieved from /home/ubuntu/.local/lib/python3.6/site-packages/airflow/example_dags/example_python_operator.py
[2021-05-26 06:06:53,200] {logging_mixin.py:104} INFO - [2021-05-26 06:06:53,200] {dag.py:1832} INFO - Sync 1 DAGs
[2021-05-26 06:06:53,219] {logging_mixin.py:104} INFO - [2021-05-26 06:06:53,219] {dag.py:1851} INFO - Creating ORM DAG for example_python_operator
[2021-05-26 06:06:53,226] {logging_mixin.py:104} INFO - [2021-05-26 06:06:53,226] {dag.py:2305} INFO - Setting next_dagrun for example_python_operator to None
[2021-05-26 06:06:53,265] {scheduler_job.py:190} INFO - Processing /home/ubuntu/.local/lib/python3.6/site-packages/airflow/example_dags/example_python_operator.py took 0.618 seconds
[2021-05-26 06:07:28,815] {scheduler_job.py:182} INFO - Started process (PID=15811) to work on /home/ubuntu/.local/lib/python3.6/site-packages/airflow/example_dags/example_python_operator.py
[2021-05-26 06:07:28,819] {scheduler_job.py:633} INFO - Processing file /home/ubuntu/.local/lib/python3.6/site-packages/airflow/example_dags/example_python_operator.py for tasks to queue
[2021-05-26 06:07:28,824] {logging_mixin.py:104} INFO - [2021-05-26 06:07:28,824] {dagbag.py:487} INFO - Filling up the DagBag from /home/ubuntu/.local/lib/python3.6/site-packages/airflow/example_dags/example_python_operator.py
[2021-05-26 06:07:28,839] {scheduler_job.py:643} INFO - DAG(s) dict_keys(['example_python_operator']) retrieved from /home/ubuntu/.local/lib/python3.6/site-packages/airflow/example_dags/example_python_operator.py
[2021-05-26 06:07:28,856] {logging_mixin.py:104} INFO - [2021-05-26 06:07:28,856] {dag.py:1832} INFO - Sync 1 DAGs
[2021-05-26 06:07:28,874] {logging_mixin.py:104} INFO - [2021-05-26 06:07:28,874] {dag.py:2305} INFO - Setting next_dagrun for example_python_operator to None
[2021-05-26 06:07:28,901] {scheduler_job.py:190} INFO - Processing /home/ubuntu/.local/lib/python3.6/site-packages/airflow/example_dags/example_python_operator.py took 0.088 seconds
[2021-05-26 06:08:03,210] {scheduler_job.py:182} INFO - Started process (PID=15963) to work on /home/ubuntu/.local/lib/python3.6/site-packages/airflow/example_dags/example_python_operator.py
[2021-05-26 06:08:03,214] {scheduler_job.py:633} INFO - Processing file /home/ubuntu/.local/lib/python3.6/site-packages/airflow/example_dags/example_python_operator.py for tasks to queue
[2021-05-26 06:08:03,218] {logging_mixin.py:104} INFO - [2021-05-26 06:08:03,218] {dagbag.py:487} INFO - Filling up the DagBag from /home/ubuntu/.local/lib/python3.6/site-packages/airflow/example_dags/example_python_operator.py
[2021-05-26 06:08:03,234] {scheduler_job.py:643} INFO - DAG(s) dict_keys(['example_python_operator']) retrieved from /home/ubuntu/.local/lib/python3.6/site-packages/airflow/example_dags/example_python_operator.py
[2021-05-26 06:08:03,267] {logging_mixin.py:104} INFO - [2021-05-26 06:08:03,267] {dag.py:1832} INFO - Sync 1 DAGs
[2021-05-26 06:08:03,294] {logging_mixin.py:104} INFO - [2021-05-26 06:08:03,294] {dag.py:2305} INFO - Setting next_dagrun for example_python_operator to None
[2021-05-26 06:08:03,325] {scheduler_job.py:190} INFO - Processing /home/ubuntu/.local/lib/python3.6/site-packages/airflow/example_dags/example_python_operator.py took 0.117 seconds
