[2021-05-26 05:47:43,951] {scheduler_job.py:182} INFO - Started process (PID=10613) to work on /home/ubuntu/.local/lib/python3.6/site-packages/airflow/example_dags/example_task_group_decorator.py
[2021-05-26 05:47:43,953] {scheduler_job.py:633} INFO - Processing file /home/ubuntu/.local/lib/python3.6/site-packages/airflow/example_dags/example_task_group_decorator.py for tasks to queue
[2021-05-26 05:47:43,954] {logging_mixin.py:104} INFO - [2021-05-26 05:47:43,954] {dagbag.py:487} INFO - Filling up the DagBag from /home/ubuntu/.local/lib/python3.6/site-packages/airflow/example_dags/example_task_group_decorator.py
[2021-05-26 05:47:43,979] {scheduler_job.py:643} INFO - DAG(s) dict_keys(['example_task_group_decorator']) retrieved from /home/ubuntu/.local/lib/python3.6/site-packages/airflow/example_dags/example_task_group_decorator.py
[2021-05-26 05:47:44,240] {logging_mixin.py:104} INFO - [2021-05-26 05:47:44,240] {dag.py:1832} INFO - Sync 1 DAGs
[2021-05-26 05:47:44,251] {logging_mixin.py:104} INFO - [2021-05-26 05:47:44,251] {dag.py:2305} INFO - Setting next_dagrun for example_task_group_decorator to 2021-05-24 00:00:00+00:00
[2021-05-26 05:47:44,273] {scheduler_job.py:190} INFO - Processing /home/ubuntu/.local/lib/python3.6/site-packages/airflow/example_dags/example_task_group_decorator.py took 0.326 seconds
[2021-05-26 05:48:17,479] {scheduler_job.py:182} INFO - Started process (PID=10766) to work on /home/ubuntu/.local/lib/python3.6/site-packages/airflow/example_dags/example_task_group_decorator.py
[2021-05-26 05:48:17,482] {scheduler_job.py:633} INFO - Processing file /home/ubuntu/.local/lib/python3.6/site-packages/airflow/example_dags/example_task_group_decorator.py for tasks to queue
[2021-05-26 05:48:17,482] {logging_mixin.py:104} INFO - [2021-05-26 05:48:17,482] {dagbag.py:487} INFO - Filling up the DagBag from /home/ubuntu/.local/lib/python3.6/site-packages/airflow/example_dags/example_task_group_decorator.py
[2021-05-26 05:48:17,508] {scheduler_job.py:643} INFO - DAG(s) dict_keys(['example_task_group_decorator']) retrieved from /home/ubuntu/.local/lib/python3.6/site-packages/airflow/example_dags/example_task_group_decorator.py
[2021-05-26 05:48:17,807] {logging_mixin.py:104} INFO - [2021-05-26 05:48:17,807] {dag.py:1832} INFO - Sync 1 DAGs
[2021-05-26 05:48:17,820] {logging_mixin.py:104} INFO - [2021-05-26 05:48:17,820] {dag.py:2305} INFO - Setting next_dagrun for example_task_group_decorator to 2021-05-24 00:00:00+00:00
[2021-05-26 05:48:17,840] {scheduler_job.py:190} INFO - Processing /home/ubuntu/.local/lib/python3.6/site-packages/airflow/example_dags/example_task_group_decorator.py took 0.362 seconds
[2021-05-26 05:48:49,855] {scheduler_job.py:182} INFO - Started process (PID=10905) to work on /home/ubuntu/.local/lib/python3.6/site-packages/airflow/example_dags/example_task_group_decorator.py
[2021-05-26 05:48:49,859] {scheduler_job.py:633} INFO - Processing file /home/ubuntu/.local/lib/python3.6/site-packages/airflow/example_dags/example_task_group_decorator.py for tasks to queue
[2021-05-26 05:48:49,860] {logging_mixin.py:104} INFO - [2021-05-26 05:48:49,860] {dagbag.py:487} INFO - Filling up the DagBag from /home/ubuntu/.local/lib/python3.6/site-packages/airflow/example_dags/example_task_group_decorator.py
[2021-05-26 05:48:49,883] {scheduler_job.py:643} INFO - DAG(s) dict_keys(['example_task_group_decorator']) retrieved from /home/ubuntu/.local/lib/python3.6/site-packages/airflow/example_dags/example_task_group_decorator.py
[2021-05-26 05:48:49,903] {logging_mixin.py:104} INFO - [2021-05-26 05:48:49,903] {dag.py:1832} INFO - Sync 1 DAGs
[2021-05-26 05:48:49,916] {logging_mixin.py:104} INFO - [2021-05-26 05:48:49,916] {dag.py:2305} INFO - Setting next_dagrun for example_task_group_decorator to 2021-05-24 00:00:00+00:00
[2021-05-26 05:48:49,933] {scheduler_job.py:190} INFO - Processing /home/ubuntu/.local/lib/python3.6/site-packages/airflow/example_dags/example_task_group_decorator.py took 0.080 seconds
[2021-05-26 05:49:21,388] {scheduler_job.py:182} INFO - Started process (PID=11046) to work on /home/ubuntu/.local/lib/python3.6/site-packages/airflow/example_dags/example_task_group_decorator.py
[2021-05-26 05:49:21,391] {scheduler_job.py:633} INFO - Processing file /home/ubuntu/.local/lib/python3.6/site-packages/airflow/example_dags/example_task_group_decorator.py for tasks to queue
[2021-05-26 05:49:21,391] {logging_mixin.py:104} INFO - [2021-05-26 05:49:21,391] {dagbag.py:487} INFO - Filling up the DagBag from /home/ubuntu/.local/lib/python3.6/site-packages/airflow/example_dags/example_task_group_decorator.py
[2021-05-26 05:49:21,418] {scheduler_job.py:643} INFO - DAG(s) dict_keys(['example_task_group_decorator']) retrieved from /home/ubuntu/.local/lib/python3.6/site-packages/airflow/example_dags/example_task_group_decorator.py
[2021-05-26 05:49:21,704] {logging_mixin.py:104} INFO - [2021-05-26 05:49:21,704] {dag.py:1832} INFO - Sync 1 DAGs
[2021-05-26 05:49:21,716] {logging_mixin.py:104} INFO - [2021-05-26 05:49:21,716] {dag.py:2305} INFO - Setting next_dagrun for example_task_group_decorator to 2021-05-24 00:00:00+00:00
[2021-05-26 05:49:21,734] {scheduler_job.py:190} INFO - Processing /home/ubuntu/.local/lib/python3.6/site-packages/airflow/example_dags/example_task_group_decorator.py took 0.348 seconds
[2021-05-26 05:49:53,830] {scheduler_job.py:182} INFO - Started process (PID=11179) to work on /home/ubuntu/.local/lib/python3.6/site-packages/airflow/example_dags/example_task_group_decorator.py
[2021-05-26 05:49:53,834] {scheduler_job.py:633} INFO - Processing file /home/ubuntu/.local/lib/python3.6/site-packages/airflow/example_dags/example_task_group_decorator.py for tasks to queue
[2021-05-26 05:49:53,835] {logging_mixin.py:104} INFO - [2021-05-26 05:49:53,835] {dagbag.py:487} INFO - Filling up the DagBag from /home/ubuntu/.local/lib/python3.6/site-packages/airflow/example_dags/example_task_group_decorator.py
[2021-05-26 05:49:53,860] {scheduler_job.py:643} INFO - DAG(s) dict_keys(['example_task_group_decorator']) retrieved from /home/ubuntu/.local/lib/python3.6/site-packages/airflow/example_dags/example_task_group_decorator.py
[2021-05-26 05:49:54,117] {logging_mixin.py:104} INFO - [2021-05-26 05:49:54,117] {dag.py:1832} INFO - Sync 1 DAGs
[2021-05-26 05:49:54,129] {logging_mixin.py:104} INFO - [2021-05-26 05:49:54,128] {dag.py:2305} INFO - Setting next_dagrun for example_task_group_decorator to 2021-05-24 00:00:00+00:00
[2021-05-26 05:49:54,148] {scheduler_job.py:190} INFO - Processing /home/ubuntu/.local/lib/python3.6/site-packages/airflow/example_dags/example_task_group_decorator.py took 0.319 seconds
[2021-05-26 05:50:25,333] {scheduler_job.py:182} INFO - Started process (PID=11301) to work on /home/ubuntu/.local/lib/python3.6/site-packages/airflow/example_dags/example_task_group_decorator.py
[2021-05-26 05:50:25,339] {scheduler_job.py:633} INFO - Processing file /home/ubuntu/.local/lib/python3.6/site-packages/airflow/example_dags/example_task_group_decorator.py for tasks to queue
[2021-05-26 05:50:25,342] {logging_mixin.py:104} INFO - [2021-05-26 05:50:25,342] {dagbag.py:487} INFO - Filling up the DagBag from /home/ubuntu/.local/lib/python3.6/site-packages/airflow/example_dags/example_task_group_decorator.py
[2021-05-26 05:50:25,371] {scheduler_job.py:643} INFO - DAG(s) dict_keys(['example_task_group_decorator']) retrieved from /home/ubuntu/.local/lib/python3.6/site-packages/airflow/example_dags/example_task_group_decorator.py
[2021-05-26 05:50:25,649] {logging_mixin.py:104} INFO - [2021-05-26 05:50:25,649] {dag.py:1832} INFO - Sync 1 DAGs
[2021-05-26 05:50:25,670] {logging_mixin.py:104} INFO - [2021-05-26 05:50:25,669] {dag.py:2305} INFO - Setting next_dagrun for example_task_group_decorator to 2021-05-24 00:00:00+00:00
[2021-05-26 05:50:25,701] {scheduler_job.py:190} INFO - Processing /home/ubuntu/.local/lib/python3.6/site-packages/airflow/example_dags/example_task_group_decorator.py took 0.369 seconds
[2021-05-26 05:50:57,920] {scheduler_job.py:182} INFO - Started process (PID=11428) to work on /home/ubuntu/.local/lib/python3.6/site-packages/airflow/example_dags/example_task_group_decorator.py
[2021-05-26 05:50:57,925] {scheduler_job.py:633} INFO - Processing file /home/ubuntu/.local/lib/python3.6/site-packages/airflow/example_dags/example_task_group_decorator.py for tasks to queue
[2021-05-26 05:50:57,928] {logging_mixin.py:104} INFO - [2021-05-26 05:50:57,927] {dagbag.py:487} INFO - Filling up the DagBag from /home/ubuntu/.local/lib/python3.6/site-packages/airflow/example_dags/example_task_group_decorator.py
[2021-05-26 05:50:57,954] {scheduler_job.py:643} INFO - DAG(s) dict_keys(['example_task_group_decorator']) retrieved from /home/ubuntu/.local/lib/python3.6/site-packages/airflow/example_dags/example_task_group_decorator.py
[2021-05-26 05:50:58,211] {logging_mixin.py:104} INFO - [2021-05-26 05:50:58,210] {dag.py:1832} INFO - Sync 1 DAGs
[2021-05-26 05:50:58,224] {logging_mixin.py:104} INFO - [2021-05-26 05:50:58,224] {dag.py:2305} INFO - Setting next_dagrun for example_task_group_decorator to 2021-05-24 00:00:00+00:00
[2021-05-26 05:50:58,245] {scheduler_job.py:190} INFO - Processing /home/ubuntu/.local/lib/python3.6/site-packages/airflow/example_dags/example_task_group_decorator.py took 0.326 seconds
[2021-05-26 05:51:28,845] {scheduler_job.py:182} INFO - Started process (PID=11549) to work on /home/ubuntu/.local/lib/python3.6/site-packages/airflow/example_dags/example_task_group_decorator.py
[2021-05-26 05:51:28,850] {scheduler_job.py:633} INFO - Processing file /home/ubuntu/.local/lib/python3.6/site-packages/airflow/example_dags/example_task_group_decorator.py for tasks to queue
[2021-05-26 05:51:28,853] {logging_mixin.py:104} INFO - [2021-05-26 05:51:28,853] {dagbag.py:487} INFO - Filling up the DagBag from /home/ubuntu/.local/lib/python3.6/site-packages/airflow/example_dags/example_task_group_decorator.py
[2021-05-26 05:51:28,880] {scheduler_job.py:643} INFO - DAG(s) dict_keys(['example_task_group_decorator']) retrieved from /home/ubuntu/.local/lib/python3.6/site-packages/airflow/example_dags/example_task_group_decorator.py
[2021-05-26 05:51:29,165] {logging_mixin.py:104} INFO - [2021-05-26 05:51:29,164] {dag.py:1832} INFO - Sync 1 DAGs
[2021-05-26 05:51:29,181] {logging_mixin.py:104} INFO - [2021-05-26 05:51:29,180] {dag.py:2305} INFO - Setting next_dagrun for example_task_group_decorator to 2021-05-24 00:00:00+00:00
[2021-05-26 05:51:29,204] {scheduler_job.py:190} INFO - Processing /home/ubuntu/.local/lib/python3.6/site-packages/airflow/example_dags/example_task_group_decorator.py took 0.361 seconds
[2021-05-26 05:52:00,895] {scheduler_job.py:182} INFO - Started process (PID=11676) to work on /home/ubuntu/.local/lib/python3.6/site-packages/airflow/example_dags/example_task_group_decorator.py
[2021-05-26 05:52:00,897] {scheduler_job.py:633} INFO - Processing file /home/ubuntu/.local/lib/python3.6/site-packages/airflow/example_dags/example_task_group_decorator.py for tasks to queue
[2021-05-26 05:52:00,898] {logging_mixin.py:104} INFO - [2021-05-26 05:52:00,898] {dagbag.py:487} INFO - Filling up the DagBag from /home/ubuntu/.local/lib/python3.6/site-packages/airflow/example_dags/example_task_group_decorator.py
[2021-05-26 05:52:00,925] {scheduler_job.py:643} INFO - DAG(s) dict_keys(['example_task_group_decorator']) retrieved from /home/ubuntu/.local/lib/python3.6/site-packages/airflow/example_dags/example_task_group_decorator.py
[2021-05-26 05:52:01,184] {logging_mixin.py:104} INFO - [2021-05-26 05:52:01,184] {dag.py:1832} INFO - Sync 1 DAGs
[2021-05-26 05:52:01,199] {logging_mixin.py:104} INFO - [2021-05-26 05:52:01,199] {dag.py:2305} INFO - Setting next_dagrun for example_task_group_decorator to 2021-05-24 00:00:00+00:00
[2021-05-26 05:52:01,221] {scheduler_job.py:190} INFO - Processing /home/ubuntu/.local/lib/python3.6/site-packages/airflow/example_dags/example_task_group_decorator.py took 0.328 seconds
[2021-05-26 05:52:31,671] {scheduler_job.py:182} INFO - Started process (PID=11797) to work on /home/ubuntu/.local/lib/python3.6/site-packages/airflow/example_dags/example_task_group_decorator.py
[2021-05-26 05:52:31,677] {scheduler_job.py:633} INFO - Processing file /home/ubuntu/.local/lib/python3.6/site-packages/airflow/example_dags/example_task_group_decorator.py for tasks to queue
[2021-05-26 05:52:31,681] {logging_mixin.py:104} INFO - [2021-05-26 05:52:31,681] {dagbag.py:487} INFO - Filling up the DagBag from /home/ubuntu/.local/lib/python3.6/site-packages/airflow/example_dags/example_task_group_decorator.py
[2021-05-26 05:52:31,710] {scheduler_job.py:643} INFO - DAG(s) dict_keys(['example_task_group_decorator']) retrieved from /home/ubuntu/.local/lib/python3.6/site-packages/airflow/example_dags/example_task_group_decorator.py
[2021-05-26 05:52:31,973] {logging_mixin.py:104} INFO - [2021-05-26 05:52:31,972] {dag.py:1832} INFO - Sync 1 DAGs
[2021-05-26 05:52:31,986] {logging_mixin.py:104} INFO - [2021-05-26 05:52:31,986] {dag.py:2305} INFO - Setting next_dagrun for example_task_group_decorator to 2021-05-24 00:00:00+00:00
[2021-05-26 05:52:32,011] {scheduler_job.py:190} INFO - Processing /home/ubuntu/.local/lib/python3.6/site-packages/airflow/example_dags/example_task_group_decorator.py took 0.342 seconds
[2021-05-26 05:53:03,849] {scheduler_job.py:182} INFO - Started process (PID=11918) to work on /home/ubuntu/.local/lib/python3.6/site-packages/airflow/example_dags/example_task_group_decorator.py
[2021-05-26 05:53:03,853] {scheduler_job.py:633} INFO - Processing file /home/ubuntu/.local/lib/python3.6/site-packages/airflow/example_dags/example_task_group_decorator.py for tasks to queue
[2021-05-26 05:53:03,856] {logging_mixin.py:104} INFO - [2021-05-26 05:53:03,856] {dagbag.py:487} INFO - Filling up the DagBag from /home/ubuntu/.local/lib/python3.6/site-packages/airflow/example_dags/example_task_group_decorator.py
[2021-05-26 05:53:03,883] {scheduler_job.py:643} INFO - DAG(s) dict_keys(['example_task_group_decorator']) retrieved from /home/ubuntu/.local/lib/python3.6/site-packages/airflow/example_dags/example_task_group_decorator.py
[2021-05-26 05:53:04,144] {logging_mixin.py:104} INFO - [2021-05-26 05:53:04,144] {dag.py:1832} INFO - Sync 1 DAGs
[2021-05-26 05:53:04,157] {logging_mixin.py:104} INFO - [2021-05-26 05:53:04,157] {dag.py:2305} INFO - Setting next_dagrun for example_task_group_decorator to 2021-05-24 00:00:00+00:00
[2021-05-26 05:53:04,177] {scheduler_job.py:190} INFO - Processing /home/ubuntu/.local/lib/python3.6/site-packages/airflow/example_dags/example_task_group_decorator.py took 0.331 seconds
[2021-05-26 05:53:35,961] {scheduler_job.py:182} INFO - Started process (PID=12048) to work on /home/ubuntu/.local/lib/python3.6/site-packages/airflow/example_dags/example_task_group_decorator.py
[2021-05-26 05:53:35,966] {scheduler_job.py:633} INFO - Processing file /home/ubuntu/.local/lib/python3.6/site-packages/airflow/example_dags/example_task_group_decorator.py for tasks to queue
[2021-05-26 05:53:35,970] {logging_mixin.py:104} INFO - [2021-05-26 05:53:35,970] {dagbag.py:487} INFO - Filling up the DagBag from /home/ubuntu/.local/lib/python3.6/site-packages/airflow/example_dags/example_task_group_decorator.py
[2021-05-26 05:53:35,997] {scheduler_job.py:643} INFO - DAG(s) dict_keys(['example_task_group_decorator']) retrieved from /home/ubuntu/.local/lib/python3.6/site-packages/airflow/example_dags/example_task_group_decorator.py
[2021-05-26 05:53:36,263] {logging_mixin.py:104} INFO - [2021-05-26 05:53:36,263] {dag.py:1832} INFO - Sync 1 DAGs
[2021-05-26 05:53:36,277] {logging_mixin.py:104} INFO - [2021-05-26 05:53:36,277] {dag.py:2305} INFO - Setting next_dagrun for example_task_group_decorator to 2021-05-24 00:00:00+00:00
[2021-05-26 05:53:36,299] {scheduler_job.py:190} INFO - Processing /home/ubuntu/.local/lib/python3.6/site-packages/airflow/example_dags/example_task_group_decorator.py took 0.340 seconds
[2021-05-26 05:54:08,558] {scheduler_job.py:182} INFO - Started process (PID=12175) to work on /home/ubuntu/.local/lib/python3.6/site-packages/airflow/example_dags/example_task_group_decorator.py
[2021-05-26 05:54:08,561] {scheduler_job.py:633} INFO - Processing file /home/ubuntu/.local/lib/python3.6/site-packages/airflow/example_dags/example_task_group_decorator.py for tasks to queue
[2021-05-26 05:54:08,562] {logging_mixin.py:104} INFO - [2021-05-26 05:54:08,562] {dagbag.py:487} INFO - Filling up the DagBag from /home/ubuntu/.local/lib/python3.6/site-packages/airflow/example_dags/example_task_group_decorator.py
[2021-05-26 05:54:08,587] {scheduler_job.py:643} INFO - DAG(s) dict_keys(['example_task_group_decorator']) retrieved from /home/ubuntu/.local/lib/python3.6/site-packages/airflow/example_dags/example_task_group_decorator.py
[2021-05-26 05:54:08,847] {logging_mixin.py:104} INFO - [2021-05-26 05:54:08,847] {dag.py:1832} INFO - Sync 1 DAGs
[2021-05-26 05:54:08,859] {logging_mixin.py:104} INFO - [2021-05-26 05:54:08,859] {dag.py:2305} INFO - Setting next_dagrun for example_task_group_decorator to 2021-05-24 00:00:00+00:00
[2021-05-26 05:54:08,879] {scheduler_job.py:190} INFO - Processing /home/ubuntu/.local/lib/python3.6/site-packages/airflow/example_dags/example_task_group_decorator.py took 0.323 seconds
[2021-05-26 05:54:40,889] {scheduler_job.py:182} INFO - Started process (PID=12296) to work on /home/ubuntu/.local/lib/python3.6/site-packages/airflow/example_dags/example_task_group_decorator.py
[2021-05-26 05:54:40,890] {scheduler_job.py:633} INFO - Processing file /home/ubuntu/.local/lib/python3.6/site-packages/airflow/example_dags/example_task_group_decorator.py for tasks to queue
[2021-05-26 05:54:40,891] {logging_mixin.py:104} INFO - [2021-05-26 05:54:40,891] {dagbag.py:487} INFO - Filling up the DagBag from /home/ubuntu/.local/lib/python3.6/site-packages/airflow/example_dags/example_task_group_decorator.py
[2021-05-26 05:54:40,914] {scheduler_job.py:643} INFO - DAG(s) dict_keys(['example_task_group_decorator']) retrieved from /home/ubuntu/.local/lib/python3.6/site-packages/airflow/example_dags/example_task_group_decorator.py
[2021-05-26 05:54:41,160] {logging_mixin.py:104} INFO - [2021-05-26 05:54:41,160] {dag.py:1832} INFO - Sync 1 DAGs
[2021-05-26 05:54:41,173] {logging_mixin.py:104} INFO - [2021-05-26 05:54:41,173] {dag.py:2305} INFO - Setting next_dagrun for example_task_group_decorator to 2021-05-24 00:00:00+00:00
[2021-05-26 05:54:41,193] {scheduler_job.py:190} INFO - Processing /home/ubuntu/.local/lib/python3.6/site-packages/airflow/example_dags/example_task_group_decorator.py took 0.306 seconds
[2021-05-26 05:55:13,734] {scheduler_job.py:182} INFO - Started process (PID=12458) to work on /home/ubuntu/.local/lib/python3.6/site-packages/airflow/example_dags/example_task_group_decorator.py
[2021-05-26 05:55:13,740] {scheduler_job.py:633} INFO - Processing file /home/ubuntu/.local/lib/python3.6/site-packages/airflow/example_dags/example_task_group_decorator.py for tasks to queue
[2021-05-26 05:55:13,744] {logging_mixin.py:104} INFO - [2021-05-26 05:55:13,744] {dagbag.py:487} INFO - Filling up the DagBag from /home/ubuntu/.local/lib/python3.6/site-packages/airflow/example_dags/example_task_group_decorator.py
[2021-05-26 05:55:13,778] {scheduler_job.py:643} INFO - DAG(s) dict_keys(['example_task_group_decorator']) retrieved from /home/ubuntu/.local/lib/python3.6/site-packages/airflow/example_dags/example_task_group_decorator.py
[2021-05-26 05:55:14,161] {logging_mixin.py:104} INFO - [2021-05-26 05:55:14,161] {dag.py:1832} INFO - Sync 1 DAGs
[2021-05-26 05:55:14,179] {logging_mixin.py:104} INFO - [2021-05-26 05:55:14,179] {dag.py:2305} INFO - Setting next_dagrun for example_task_group_decorator to 2021-05-24 00:00:00+00:00
[2021-05-26 05:55:14,207] {scheduler_job.py:190} INFO - Processing /home/ubuntu/.local/lib/python3.6/site-packages/airflow/example_dags/example_task_group_decorator.py took 0.475 seconds
[2021-05-26 05:56:00,793] {scheduler_job.py:182} INFO - Started process (PID=12645) to work on /home/ubuntu/.local/lib/python3.6/site-packages/airflow/example_dags/example_task_group_decorator.py
[2021-05-26 05:56:00,796] {scheduler_job.py:633} INFO - Processing file /home/ubuntu/.local/lib/python3.6/site-packages/airflow/example_dags/example_task_group_decorator.py for tasks to queue
[2021-05-26 05:56:00,797] {logging_mixin.py:104} INFO - [2021-05-26 05:56:00,797] {dagbag.py:487} INFO - Filling up the DagBag from /home/ubuntu/.local/lib/python3.6/site-packages/airflow/example_dags/example_task_group_decorator.py
[2021-05-26 05:56:00,829] {scheduler_job.py:643} INFO - DAG(s) dict_keys(['example_task_group_decorator']) retrieved from /home/ubuntu/.local/lib/python3.6/site-packages/airflow/example_dags/example_task_group_decorator.py
[2021-05-26 05:56:01,198] {logging_mixin.py:104} INFO - [2021-05-26 05:56:01,198] {dag.py:1832} INFO - Sync 1 DAGs
[2021-05-26 05:56:01,218] {logging_mixin.py:104} INFO - [2021-05-26 05:56:01,218] {dag.py:2305} INFO - Setting next_dagrun for example_task_group_decorator to 2021-05-24 00:00:00+00:00
[2021-05-26 05:56:01,251] {scheduler_job.py:190} INFO - Processing /home/ubuntu/.local/lib/python3.6/site-packages/airflow/example_dags/example_task_group_decorator.py took 0.460 seconds
[2021-05-26 05:56:36,022] {scheduler_job.py:182} INFO - Started process (PID=12806) to work on /home/ubuntu/.local/lib/python3.6/site-packages/airflow/example_dags/example_task_group_decorator.py
[2021-05-26 05:56:36,026] {scheduler_job.py:633} INFO - Processing file /home/ubuntu/.local/lib/python3.6/site-packages/airflow/example_dags/example_task_group_decorator.py for tasks to queue
[2021-05-26 05:56:36,031] {logging_mixin.py:104} INFO - [2021-05-26 05:56:36,031] {dagbag.py:487} INFO - Filling up the DagBag from /home/ubuntu/.local/lib/python3.6/site-packages/airflow/example_dags/example_task_group_decorator.py
[2021-05-26 05:56:36,063] {scheduler_job.py:643} INFO - DAG(s) dict_keys(['example_task_group_decorator']) retrieved from /home/ubuntu/.local/lib/python3.6/site-packages/airflow/example_dags/example_task_group_decorator.py
[2021-05-26 05:56:36,391] {logging_mixin.py:104} INFO - [2021-05-26 05:56:36,391] {dag.py:1832} INFO - Sync 1 DAGs
[2021-05-26 05:56:36,408] {logging_mixin.py:104} INFO - [2021-05-26 05:56:36,408] {dag.py:2305} INFO - Setting next_dagrun for example_task_group_decorator to 2021-05-24 00:00:00+00:00
[2021-05-26 05:56:36,445] {scheduler_job.py:190} INFO - Processing /home/ubuntu/.local/lib/python3.6/site-packages/airflow/example_dags/example_task_group_decorator.py took 0.425 seconds
[2021-05-26 05:57:10,166] {scheduler_job.py:182} INFO - Started process (PID=12970) to work on /home/ubuntu/.local/lib/python3.6/site-packages/airflow/example_dags/example_task_group_decorator.py
[2021-05-26 05:57:10,167] {scheduler_job.py:633} INFO - Processing file /home/ubuntu/.local/lib/python3.6/site-packages/airflow/example_dags/example_task_group_decorator.py for tasks to queue
[2021-05-26 05:57:10,168] {logging_mixin.py:104} INFO - [2021-05-26 05:57:10,168] {dagbag.py:487} INFO - Filling up the DagBag from /home/ubuntu/.local/lib/python3.6/site-packages/airflow/example_dags/example_task_group_decorator.py
[2021-05-26 05:57:10,200] {scheduler_job.py:643} INFO - DAG(s) dict_keys(['example_task_group_decorator']) retrieved from /home/ubuntu/.local/lib/python3.6/site-packages/airflow/example_dags/example_task_group_decorator.py
[2021-05-26 05:57:10,702] {logging_mixin.py:104} INFO - [2021-05-26 05:57:10,702] {dag.py:1832} INFO - Sync 1 DAGs
[2021-05-26 05:57:10,742] {logging_mixin.py:104} INFO - [2021-05-26 05:57:10,742] {dag.py:2305} INFO - Setting next_dagrun for example_task_group_decorator to 2021-05-24 00:00:00+00:00
[2021-05-26 05:57:10,793] {scheduler_job.py:190} INFO - Processing /home/ubuntu/.local/lib/python3.6/site-packages/airflow/example_dags/example_task_group_decorator.py took 0.629 seconds
[2021-05-26 05:57:44,502] {scheduler_job.py:182} INFO - Started process (PID=13120) to work on /home/ubuntu/.local/lib/python3.6/site-packages/airflow/example_dags/example_task_group_decorator.py
[2021-05-26 05:57:44,507] {scheduler_job.py:633} INFO - Processing file /home/ubuntu/.local/lib/python3.6/site-packages/airflow/example_dags/example_task_group_decorator.py for tasks to queue
[2021-05-26 05:57:44,511] {logging_mixin.py:104} INFO - [2021-05-26 05:57:44,511] {dagbag.py:487} INFO - Filling up the DagBag from /home/ubuntu/.local/lib/python3.6/site-packages/airflow/example_dags/example_task_group_decorator.py
[2021-05-26 05:57:44,540] {scheduler_job.py:643} INFO - DAG(s) dict_keys(['example_task_group_decorator']) retrieved from /home/ubuntu/.local/lib/python3.6/site-packages/airflow/example_dags/example_task_group_decorator.py
[2021-05-26 05:57:44,844] {logging_mixin.py:104} INFO - [2021-05-26 05:57:44,844] {dag.py:1832} INFO - Sync 1 DAGs
[2021-05-26 05:57:44,862] {logging_mixin.py:104} INFO - [2021-05-26 05:57:44,862] {dag.py:2305} INFO - Setting next_dagrun for example_task_group_decorator to 2021-05-24 00:00:00+00:00
[2021-05-26 05:57:44,901] {scheduler_job.py:190} INFO - Processing /home/ubuntu/.local/lib/python3.6/site-packages/airflow/example_dags/example_task_group_decorator.py took 0.401 seconds
[2021-05-26 05:58:15,925] {scheduler_job.py:182} INFO - Started process (PID=13248) to work on /home/ubuntu/.local/lib/python3.6/site-packages/airflow/example_dags/example_task_group_decorator.py
[2021-05-26 05:58:15,926] {scheduler_job.py:633} INFO - Processing file /home/ubuntu/.local/lib/python3.6/site-packages/airflow/example_dags/example_task_group_decorator.py for tasks to queue
[2021-05-26 05:58:15,927] {logging_mixin.py:104} INFO - [2021-05-26 05:58:15,927] {dagbag.py:487} INFO - Filling up the DagBag from /home/ubuntu/.local/lib/python3.6/site-packages/airflow/example_dags/example_task_group_decorator.py
[2021-05-26 05:58:15,955] {scheduler_job.py:643} INFO - DAG(s) dict_keys(['example_task_group_decorator']) retrieved from /home/ubuntu/.local/lib/python3.6/site-packages/airflow/example_dags/example_task_group_decorator.py
[2021-05-26 05:58:16,249] {logging_mixin.py:104} INFO - [2021-05-26 05:58:16,249] {dag.py:1832} INFO - Sync 1 DAGs
[2021-05-26 05:58:16,262] {logging_mixin.py:104} INFO - [2021-05-26 05:58:16,262] {dag.py:2305} INFO - Setting next_dagrun for example_task_group_decorator to 2021-05-24 00:00:00+00:00
[2021-05-26 05:58:16,279] {scheduler_job.py:190} INFO - Processing /home/ubuntu/.local/lib/python3.6/site-packages/airflow/example_dags/example_task_group_decorator.py took 0.356 seconds
[2021-05-26 05:58:48,515] {scheduler_job.py:182} INFO - Started process (PID=13412) to work on /home/ubuntu/.local/lib/python3.6/site-packages/airflow/example_dags/example_task_group_decorator.py
[2021-05-26 05:58:48,519] {scheduler_job.py:633} INFO - Processing file /home/ubuntu/.local/lib/python3.6/site-packages/airflow/example_dags/example_task_group_decorator.py for tasks to queue
[2021-05-26 05:58:48,523] {logging_mixin.py:104} INFO - [2021-05-26 05:58:48,523] {dagbag.py:487} INFO - Filling up the DagBag from /home/ubuntu/.local/lib/python3.6/site-packages/airflow/example_dags/example_task_group_decorator.py
[2021-05-26 05:58:48,552] {scheduler_job.py:643} INFO - DAG(s) dict_keys(['example_task_group_decorator']) retrieved from /home/ubuntu/.local/lib/python3.6/site-packages/airflow/example_dags/example_task_group_decorator.py
[2021-05-26 05:58:48,854] {logging_mixin.py:104} INFO - [2021-05-26 05:58:48,854] {dag.py:1832} INFO - Sync 1 DAGs
[2021-05-26 05:58:48,870] {logging_mixin.py:104} INFO - [2021-05-26 05:58:48,870] {dag.py:2305} INFO - Setting next_dagrun for example_task_group_decorator to 2021-05-24 00:00:00+00:00
[2021-05-26 05:58:48,901] {scheduler_job.py:190} INFO - Processing /home/ubuntu/.local/lib/python3.6/site-packages/airflow/example_dags/example_task_group_decorator.py took 0.388 seconds
[2021-05-26 05:59:23,443] {scheduler_job.py:182} INFO - Started process (PID=13585) to work on /home/ubuntu/.local/lib/python3.6/site-packages/airflow/example_dags/example_task_group_decorator.py
[2021-05-26 05:59:23,448] {scheduler_job.py:633} INFO - Processing file /home/ubuntu/.local/lib/python3.6/site-packages/airflow/example_dags/example_task_group_decorator.py for tasks to queue
[2021-05-26 05:59:23,457] {logging_mixin.py:104} INFO - [2021-05-26 05:59:23,456] {dagbag.py:487} INFO - Filling up the DagBag from /home/ubuntu/.local/lib/python3.6/site-packages/airflow/example_dags/example_task_group_decorator.py
[2021-05-26 05:59:23,499] {scheduler_job.py:643} INFO - DAG(s) dict_keys(['example_task_group_decorator']) retrieved from /home/ubuntu/.local/lib/python3.6/site-packages/airflow/example_dags/example_task_group_decorator.py
[2021-05-26 05:59:23,793] {logging_mixin.py:104} INFO - [2021-05-26 05:59:23,793] {dag.py:1832} INFO - Sync 1 DAGs
[2021-05-26 05:59:23,809] {logging_mixin.py:104} INFO - [2021-05-26 05:59:23,809] {dag.py:2305} INFO - Setting next_dagrun for example_task_group_decorator to 2021-05-24 00:00:00+00:00
[2021-05-26 05:59:23,834] {scheduler_job.py:190} INFO - Processing /home/ubuntu/.local/lib/python3.6/site-packages/airflow/example_dags/example_task_group_decorator.py took 0.394 seconds
[2021-05-26 05:59:55,819] {scheduler_job.py:182} INFO - Started process (PID=13753) to work on /home/ubuntu/.local/lib/python3.6/site-packages/airflow/example_dags/example_task_group_decorator.py
[2021-05-26 05:59:55,820] {scheduler_job.py:633} INFO - Processing file /home/ubuntu/.local/lib/python3.6/site-packages/airflow/example_dags/example_task_group_decorator.py for tasks to queue
[2021-05-26 05:59:55,821] {logging_mixin.py:104} INFO - [2021-05-26 05:59:55,821] {dagbag.py:487} INFO - Filling up the DagBag from /home/ubuntu/.local/lib/python3.6/site-packages/airflow/example_dags/example_task_group_decorator.py
[2021-05-26 05:59:55,846] {scheduler_job.py:643} INFO - DAG(s) dict_keys(['example_task_group_decorator']) retrieved from /home/ubuntu/.local/lib/python3.6/site-packages/airflow/example_dags/example_task_group_decorator.py
[2021-05-26 05:59:56,144] {logging_mixin.py:104} INFO - [2021-05-26 05:59:56,144] {dag.py:1832} INFO - Sync 1 DAGs
[2021-05-26 05:59:56,156] {logging_mixin.py:104} INFO - [2021-05-26 05:59:56,155] {dag.py:2305} INFO - Setting next_dagrun for example_task_group_decorator to 2021-05-24 00:00:00+00:00
[2021-05-26 05:59:56,173] {scheduler_job.py:190} INFO - Processing /home/ubuntu/.local/lib/python3.6/site-packages/airflow/example_dags/example_task_group_decorator.py took 0.356 seconds
[2021-05-26 06:00:36,542] {scheduler_job.py:182} INFO - Started process (PID=13942) to work on /home/ubuntu/.local/lib/python3.6/site-packages/airflow/example_dags/example_task_group_decorator.py
[2021-05-26 06:00:36,546] {scheduler_job.py:633} INFO - Processing file /home/ubuntu/.local/lib/python3.6/site-packages/airflow/example_dags/example_task_group_decorator.py for tasks to queue
[2021-05-26 06:00:36,550] {logging_mixin.py:104} INFO - [2021-05-26 06:00:36,549] {dagbag.py:487} INFO - Filling up the DagBag from /home/ubuntu/.local/lib/python3.6/site-packages/airflow/example_dags/example_task_group_decorator.py
[2021-05-26 06:00:36,580] {scheduler_job.py:643} INFO - DAG(s) dict_keys(['example_task_group_decorator']) retrieved from /home/ubuntu/.local/lib/python3.6/site-packages/airflow/example_dags/example_task_group_decorator.py
[2021-05-26 06:00:36,884] {logging_mixin.py:104} INFO - [2021-05-26 06:00:36,883] {dag.py:1832} INFO - Sync 1 DAGs
[2021-05-26 06:00:36,899] {logging_mixin.py:104} INFO - [2021-05-26 06:00:36,899] {dag.py:2305} INFO - Setting next_dagrun for example_task_group_decorator to 2021-05-24 00:00:00+00:00
[2021-05-26 06:00:36,929] {scheduler_job.py:190} INFO - Processing /home/ubuntu/.local/lib/python3.6/site-packages/airflow/example_dags/example_task_group_decorator.py took 0.390 seconds
[2021-05-26 06:01:09,595] {scheduler_job.py:182} INFO - Started process (PID=14093) to work on /home/ubuntu/.local/lib/python3.6/site-packages/airflow/example_dags/example_task_group_decorator.py
[2021-05-26 06:01:09,596] {scheduler_job.py:633} INFO - Processing file /home/ubuntu/.local/lib/python3.6/site-packages/airflow/example_dags/example_task_group_decorator.py for tasks to queue
[2021-05-26 06:01:09,597] {logging_mixin.py:104} INFO - [2021-05-26 06:01:09,597] {dagbag.py:487} INFO - Filling up the DagBag from /home/ubuntu/.local/lib/python3.6/site-packages/airflow/example_dags/example_task_group_decorator.py
[2021-05-26 06:01:09,656] {scheduler_job.py:643} INFO - DAG(s) dict_keys(['example_task_group_decorator']) retrieved from /home/ubuntu/.local/lib/python3.6/site-packages/airflow/example_dags/example_task_group_decorator.py
[2021-05-26 06:01:10,290] {logging_mixin.py:104} INFO - [2021-05-26 06:01:10,290] {dag.py:1832} INFO - Sync 1 DAGs
[2021-05-26 06:01:10,305] {logging_mixin.py:104} INFO - [2021-05-26 06:01:10,305] {dag.py:2305} INFO - Setting next_dagrun for example_task_group_decorator to 2021-05-24 00:00:00+00:00
[2021-05-26 06:01:10,322] {scheduler_job.py:190} INFO - Processing /home/ubuntu/.local/lib/python3.6/site-packages/airflow/example_dags/example_task_group_decorator.py took 0.729 seconds
[2021-05-26 06:01:44,428] {scheduler_job.py:182} INFO - Started process (PID=14269) to work on /home/ubuntu/.local/lib/python3.6/site-packages/airflow/example_dags/example_task_group_decorator.py
[2021-05-26 06:01:44,434] {scheduler_job.py:633} INFO - Processing file /home/ubuntu/.local/lib/python3.6/site-packages/airflow/example_dags/example_task_group_decorator.py for tasks to queue
[2021-05-26 06:01:44,438] {logging_mixin.py:104} INFO - [2021-05-26 06:01:44,438] {dagbag.py:487} INFO - Filling up the DagBag from /home/ubuntu/.local/lib/python3.6/site-packages/airflow/example_dags/example_task_group_decorator.py
[2021-05-26 06:01:44,467] {scheduler_job.py:643} INFO - DAG(s) dict_keys(['example_task_group_decorator']) retrieved from /home/ubuntu/.local/lib/python3.6/site-packages/airflow/example_dags/example_task_group_decorator.py
[2021-05-26 06:01:44,789] {logging_mixin.py:104} INFO - [2021-05-26 06:01:44,789] {dag.py:1832} INFO - Sync 1 DAGs
[2021-05-26 06:01:44,802] {logging_mixin.py:104} INFO - [2021-05-26 06:01:44,802] {dag.py:2305} INFO - Setting next_dagrun for example_task_group_decorator to 2021-05-24 00:00:00+00:00
[2021-05-26 06:01:44,824] {scheduler_job.py:190} INFO - Processing /home/ubuntu/.local/lib/python3.6/site-packages/airflow/example_dags/example_task_group_decorator.py took 0.398 seconds
[2021-05-26 06:02:30,440] {scheduler_job.py:182} INFO - Started process (PID=14480) to work on /home/ubuntu/.local/lib/python3.6/site-packages/airflow/example_dags/example_task_group_decorator.py
[2021-05-26 06:02:30,442] {scheduler_job.py:633} INFO - Processing file /home/ubuntu/.local/lib/python3.6/site-packages/airflow/example_dags/example_task_group_decorator.py for tasks to queue
[2021-05-26 06:02:30,443] {logging_mixin.py:104} INFO - [2021-05-26 06:02:30,443] {dagbag.py:487} INFO - Filling up the DagBag from /home/ubuntu/.local/lib/python3.6/site-packages/airflow/example_dags/example_task_group_decorator.py
[2021-05-26 06:02:30,476] {scheduler_job.py:643} INFO - DAG(s) dict_keys(['example_task_group_decorator']) retrieved from /home/ubuntu/.local/lib/python3.6/site-packages/airflow/example_dags/example_task_group_decorator.py
[2021-05-26 06:02:30,806] {logging_mixin.py:104} INFO - [2021-05-26 06:02:30,806] {dag.py:1832} INFO - Sync 1 DAGs
[2021-05-26 06:02:30,819] {logging_mixin.py:104} INFO - [2021-05-26 06:02:30,819] {dag.py:2305} INFO - Setting next_dagrun for example_task_group_decorator to 2021-05-24 00:00:00+00:00
[2021-05-26 06:02:30,841] {scheduler_job.py:190} INFO - Processing /home/ubuntu/.local/lib/python3.6/site-packages/airflow/example_dags/example_task_group_decorator.py took 0.403 seconds
[2021-05-26 06:03:04,494] {scheduler_job.py:182} INFO - Started process (PID=14650) to work on /home/ubuntu/.local/lib/python3.6/site-packages/airflow/example_dags/example_task_group_decorator.py
[2021-05-26 06:03:04,508] {scheduler_job.py:633} INFO - Processing file /home/ubuntu/.local/lib/python3.6/site-packages/airflow/example_dags/example_task_group_decorator.py for tasks to queue
[2021-05-26 06:03:04,509] {logging_mixin.py:104} INFO - [2021-05-26 06:03:04,509] {dagbag.py:487} INFO - Filling up the DagBag from /home/ubuntu/.local/lib/python3.6/site-packages/airflow/example_dags/example_task_group_decorator.py
[2021-05-26 06:03:04,565] {scheduler_job.py:643} INFO - DAG(s) dict_keys(['example_task_group_decorator']) retrieved from /home/ubuntu/.local/lib/python3.6/site-packages/airflow/example_dags/example_task_group_decorator.py
[2021-05-26 06:03:05,109] {logging_mixin.py:104} INFO - [2021-05-26 06:03:05,109] {dag.py:1832} INFO - Sync 1 DAGs
[2021-05-26 06:03:05,129] {logging_mixin.py:104} INFO - [2021-05-26 06:03:05,129] {dag.py:2305} INFO - Setting next_dagrun for example_task_group_decorator to 2021-05-24 00:00:00+00:00
[2021-05-26 06:03:05,161] {scheduler_job.py:190} INFO - Processing /home/ubuntu/.local/lib/python3.6/site-packages/airflow/example_dags/example_task_group_decorator.py took 0.670 seconds
[2021-05-26 06:03:46,480] {scheduler_job.py:182} INFO - Started process (PID=14859) to work on /home/ubuntu/.local/lib/python3.6/site-packages/airflow/example_dags/example_task_group_decorator.py
[2021-05-26 06:03:46,490] {scheduler_job.py:633} INFO - Processing file /home/ubuntu/.local/lib/python3.6/site-packages/airflow/example_dags/example_task_group_decorator.py for tasks to queue
[2021-05-26 06:03:46,497] {logging_mixin.py:104} INFO - [2021-05-26 06:03:46,497] {dagbag.py:487} INFO - Filling up the DagBag from /home/ubuntu/.local/lib/python3.6/site-packages/airflow/example_dags/example_task_group_decorator.py
[2021-05-26 06:03:46,584] {scheduler_job.py:643} INFO - DAG(s) dict_keys(['example_task_group_decorator']) retrieved from /home/ubuntu/.local/lib/python3.6/site-packages/airflow/example_dags/example_task_group_decorator.py
[2021-05-26 06:03:47,225] {logging_mixin.py:104} INFO - [2021-05-26 06:03:47,225] {dag.py:1832} INFO - Sync 1 DAGs
[2021-05-26 06:03:47,240] {logging_mixin.py:104} INFO - [2021-05-26 06:03:47,240] {dag.py:2305} INFO - Setting next_dagrun for example_task_group_decorator to 2021-05-24 00:00:00+00:00
[2021-05-26 06:03:47,275] {scheduler_job.py:190} INFO - Processing /home/ubuntu/.local/lib/python3.6/site-packages/airflow/example_dags/example_task_group_decorator.py took 0.798 seconds
[2021-05-26 06:04:19,982] {scheduler_job.py:182} INFO - Started process (PID=15021) to work on /home/ubuntu/.local/lib/python3.6/site-packages/airflow/example_dags/example_task_group_decorator.py
[2021-05-26 06:04:19,987] {scheduler_job.py:633} INFO - Processing file /home/ubuntu/.local/lib/python3.6/site-packages/airflow/example_dags/example_task_group_decorator.py for tasks to queue
[2021-05-26 06:04:19,989] {logging_mixin.py:104} INFO - [2021-05-26 06:04:19,989] {dagbag.py:487} INFO - Filling up the DagBag from /home/ubuntu/.local/lib/python3.6/site-packages/airflow/example_dags/example_task_group_decorator.py
[2021-05-26 06:04:20,019] {scheduler_job.py:643} INFO - DAG(s) dict_keys(['example_task_group_decorator']) retrieved from /home/ubuntu/.local/lib/python3.6/site-packages/airflow/example_dags/example_task_group_decorator.py
[2021-05-26 06:04:20,341] {logging_mixin.py:104} INFO - [2021-05-26 06:04:20,341] {dag.py:1832} INFO - Sync 1 DAGs
[2021-05-26 06:04:20,357] {logging_mixin.py:104} INFO - [2021-05-26 06:04:20,357] {dag.py:2305} INFO - Setting next_dagrun for example_task_group_decorator to 2021-05-24 00:00:00+00:00
[2021-05-26 06:04:20,378] {scheduler_job.py:190} INFO - Processing /home/ubuntu/.local/lib/python3.6/site-packages/airflow/example_dags/example_task_group_decorator.py took 0.398 seconds
[2021-05-26 06:04:55,603] {scheduler_job.py:182} INFO - Started process (PID=15167) to work on /home/ubuntu/.local/lib/python3.6/site-packages/airflow/example_dags/example_task_group_decorator.py
[2021-05-26 06:04:55,608] {scheduler_job.py:633} INFO - Processing file /home/ubuntu/.local/lib/python3.6/site-packages/airflow/example_dags/example_task_group_decorator.py for tasks to queue
[2021-05-26 06:04:55,616] {logging_mixin.py:104} INFO - [2021-05-26 06:04:55,616] {dagbag.py:487} INFO - Filling up the DagBag from /home/ubuntu/.local/lib/python3.6/site-packages/airflow/example_dags/example_task_group_decorator.py
[2021-05-26 06:04:55,650] {scheduler_job.py:643} INFO - DAG(s) dict_keys(['example_task_group_decorator']) retrieved from /home/ubuntu/.local/lib/python3.6/site-packages/airflow/example_dags/example_task_group_decorator.py
[2021-05-26 06:04:56,030] {logging_mixin.py:104} INFO - [2021-05-26 06:04:56,030] {dag.py:1832} INFO - Sync 1 DAGs
[2021-05-26 06:04:56,042] {logging_mixin.py:104} INFO - [2021-05-26 06:04:56,042] {dag.py:2305} INFO - Setting next_dagrun for example_task_group_decorator to 2021-05-24 00:00:00+00:00
[2021-05-26 06:04:56,062] {scheduler_job.py:190} INFO - Processing /home/ubuntu/.local/lib/python3.6/site-packages/airflow/example_dags/example_task_group_decorator.py took 0.462 seconds
[2021-05-26 06:05:28,707] {scheduler_job.py:182} INFO - Started process (PID=15308) to work on /home/ubuntu/.local/lib/python3.6/site-packages/airflow/example_dags/example_task_group_decorator.py
[2021-05-26 06:05:28,713] {scheduler_job.py:633} INFO - Processing file /home/ubuntu/.local/lib/python3.6/site-packages/airflow/example_dags/example_task_group_decorator.py for tasks to queue
[2021-05-26 06:05:28,717] {logging_mixin.py:104} INFO - [2021-05-26 06:05:28,717] {dagbag.py:487} INFO - Filling up the DagBag from /home/ubuntu/.local/lib/python3.6/site-packages/airflow/example_dags/example_task_group_decorator.py
[2021-05-26 06:05:28,750] {scheduler_job.py:643} INFO - DAG(s) dict_keys(['example_task_group_decorator']) retrieved from /home/ubuntu/.local/lib/python3.6/site-packages/airflow/example_dags/example_task_group_decorator.py
[2021-05-26 06:05:29,300] {logging_mixin.py:104} INFO - [2021-05-26 06:05:29,300] {dag.py:1832} INFO - Sync 1 DAGs
[2021-05-26 06:05:29,314] {logging_mixin.py:104} INFO - [2021-05-26 06:05:29,314] {dag.py:2305} INFO - Setting next_dagrun for example_task_group_decorator to 2021-05-24 00:00:00+00:00
[2021-05-26 06:05:29,335] {scheduler_job.py:190} INFO - Processing /home/ubuntu/.local/lib/python3.6/site-packages/airflow/example_dags/example_task_group_decorator.py took 0.630 seconds
[2021-05-26 06:06:11,454] {scheduler_job.py:182} INFO - Started process (PID=15469) to work on /home/ubuntu/.local/lib/python3.6/site-packages/airflow/example_dags/example_task_group_decorator.py
[2021-05-26 06:06:11,459] {scheduler_job.py:633} INFO - Processing file /home/ubuntu/.local/lib/python3.6/site-packages/airflow/example_dags/example_task_group_decorator.py for tasks to queue
[2021-05-26 06:06:11,463] {logging_mixin.py:104} INFO - [2021-05-26 06:06:11,463] {dagbag.py:487} INFO - Filling up the DagBag from /home/ubuntu/.local/lib/python3.6/site-packages/airflow/example_dags/example_task_group_decorator.py
[2021-05-26 06:06:11,504] {scheduler_job.py:643} INFO - DAG(s) dict_keys(['example_task_group_decorator']) retrieved from /home/ubuntu/.local/lib/python3.6/site-packages/airflow/example_dags/example_task_group_decorator.py
[2021-05-26 06:06:11,846] {logging_mixin.py:104} INFO - [2021-05-26 06:06:11,845] {dag.py:1832} INFO - Sync 1 DAGs
[2021-05-26 06:06:11,866] {logging_mixin.py:104} INFO - [2021-05-26 06:06:11,866] {dag.py:2305} INFO - Setting next_dagrun for example_task_group_decorator to 2021-05-24 00:00:00+00:00
[2021-05-26 06:06:11,904] {scheduler_job.py:190} INFO - Processing /home/ubuntu/.local/lib/python3.6/site-packages/airflow/example_dags/example_task_group_decorator.py took 0.452 seconds
[2021-05-26 06:06:55,109] {scheduler_job.py:182} INFO - Started process (PID=15628) to work on /home/ubuntu/.local/lib/python3.6/site-packages/airflow/example_dags/example_task_group_decorator.py
[2021-05-26 06:06:55,114] {scheduler_job.py:633} INFO - Processing file /home/ubuntu/.local/lib/python3.6/site-packages/airflow/example_dags/example_task_group_decorator.py for tasks to queue
[2021-05-26 06:06:55,119] {logging_mixin.py:104} INFO - [2021-05-26 06:06:55,118] {dagbag.py:487} INFO - Filling up the DagBag from /home/ubuntu/.local/lib/python3.6/site-packages/airflow/example_dags/example_task_group_decorator.py
[2021-05-26 06:06:55,153] {scheduler_job.py:643} INFO - DAG(s) dict_keys(['example_task_group_decorator']) retrieved from /home/ubuntu/.local/lib/python3.6/site-packages/airflow/example_dags/example_task_group_decorator.py
[2021-05-26 06:06:55,692] {logging_mixin.py:104} INFO - [2021-05-26 06:06:55,692] {dag.py:1832} INFO - Sync 1 DAGs
[2021-05-26 06:06:55,708] {logging_mixin.py:104} INFO - [2021-05-26 06:06:55,708] {dag.py:1851} INFO - Creating ORM DAG for example_task_group_decorator
[2021-05-26 06:06:55,717] {logging_mixin.py:104} INFO - [2021-05-26 06:06:55,716] {dag.py:2305} INFO - Setting next_dagrun for example_task_group_decorator to 2021-05-24 00:00:00+00:00
[2021-05-26 06:06:55,757] {scheduler_job.py:190} INFO - Processing /home/ubuntu/.local/lib/python3.6/site-packages/airflow/example_dags/example_task_group_decorator.py took 0.651 seconds
[2021-05-26 06:07:36,650] {scheduler_job.py:182} INFO - Started process (PID=15848) to work on /home/ubuntu/.local/lib/python3.6/site-packages/airflow/example_dags/example_task_group_decorator.py
[2021-05-26 06:07:36,653] {scheduler_job.py:633} INFO - Processing file /home/ubuntu/.local/lib/python3.6/site-packages/airflow/example_dags/example_task_group_decorator.py for tasks to queue
[2021-05-26 06:07:36,653] {logging_mixin.py:104} INFO - [2021-05-26 06:07:36,653] {dagbag.py:487} INFO - Filling up the DagBag from /home/ubuntu/.local/lib/python3.6/site-packages/airflow/example_dags/example_task_group_decorator.py
[2021-05-26 06:07:36,681] {scheduler_job.py:643} INFO - DAG(s) dict_keys(['example_task_group_decorator']) retrieved from /home/ubuntu/.local/lib/python3.6/site-packages/airflow/example_dags/example_task_group_decorator.py
[2021-05-26 06:07:37,004] {logging_mixin.py:104} INFO - [2021-05-26 06:07:37,004] {dag.py:1832} INFO - Sync 1 DAGs
[2021-05-26 06:07:37,018] {logging_mixin.py:104} INFO - [2021-05-26 06:07:37,018] {dag.py:2305} INFO - Setting next_dagrun for example_task_group_decorator to 2021-05-24 00:00:00+00:00
[2021-05-26 06:07:37,046] {scheduler_job.py:190} INFO - Processing /home/ubuntu/.local/lib/python3.6/site-packages/airflow/example_dags/example_task_group_decorator.py took 0.398 seconds
[2021-05-26 06:08:11,397] {scheduler_job.py:182} INFO - Started process (PID=15995) to work on /home/ubuntu/.local/lib/python3.6/site-packages/airflow/example_dags/example_task_group_decorator.py
[2021-05-26 06:08:11,403] {scheduler_job.py:633} INFO - Processing file /home/ubuntu/.local/lib/python3.6/site-packages/airflow/example_dags/example_task_group_decorator.py for tasks to queue
[2021-05-26 06:08:11,409] {logging_mixin.py:104} INFO - [2021-05-26 06:08:11,409] {dagbag.py:487} INFO - Filling up the DagBag from /home/ubuntu/.local/lib/python3.6/site-packages/airflow/example_dags/example_task_group_decorator.py
[2021-05-26 06:08:11,457] {scheduler_job.py:643} INFO - DAG(s) dict_keys(['example_task_group_decorator']) retrieved from /home/ubuntu/.local/lib/python3.6/site-packages/airflow/example_dags/example_task_group_decorator.py
[2021-05-26 06:08:12,038] {logging_mixin.py:104} INFO - [2021-05-26 06:08:12,038] {dag.py:1832} INFO - Sync 1 DAGs
[2021-05-26 06:08:12,060] {logging_mixin.py:104} INFO - [2021-05-26 06:08:12,059] {dag.py:2305} INFO - Setting next_dagrun for example_task_group_decorator to 2021-05-24 00:00:00+00:00
[2021-05-26 06:08:12,097] {scheduler_job.py:190} INFO - Processing /home/ubuntu/.local/lib/python3.6/site-packages/airflow/example_dags/example_task_group_decorator.py took 0.702 seconds
