[2021-05-26 05:44:36,512] {scheduler_job.py:182} INFO - Started process (PID=9964) to work on /home/ubuntu/.local/lib/python3.6/site-packages/airflow/example_dags/example_task_group.py
[2021-05-26 05:44:36,513] {scheduler_job.py:633} INFO - Processing file /home/ubuntu/.local/lib/python3.6/site-packages/airflow/example_dags/example_task_group.py for tasks to queue
[2021-05-26 05:44:36,514] {logging_mixin.py:104} INFO - [2021-05-26 05:44:36,514] {dagbag.py:487} INFO - Filling up the DagBag from /home/ubuntu/.local/lib/python3.6/site-packages/airflow/example_dags/example_task_group.py
[2021-05-26 05:44:36,526] {scheduler_job.py:643} INFO - DAG(s) dict_keys(['example_task_group']) retrieved from /home/ubuntu/.local/lib/python3.6/site-packages/airflow/example_dags/example_task_group.py
[2021-05-26 05:44:36,807] {logging_mixin.py:104} INFO - [2021-05-26 05:44:36,806] {dag.py:1832} INFO - Sync 1 DAGs
[2021-05-26 05:44:36,822] {logging_mixin.py:104} INFO - [2021-05-26 05:44:36,821] {dag.py:2305} INFO - Setting next_dagrun for example_task_group to 2021-05-24 00:00:00+00:00
[2021-05-26 05:44:36,842] {scheduler_job.py:190} INFO - Processing /home/ubuntu/.local/lib/python3.6/site-packages/airflow/example_dags/example_task_group.py took 0.333 seconds
[2021-05-26 05:47:33,350] {scheduler_job.py:182} INFO - Started process (PID=10573) to work on /home/ubuntu/.local/lib/python3.6/site-packages/airflow/example_dags/example_task_group.py
[2021-05-26 05:47:33,351] {scheduler_job.py:633} INFO - Processing file /home/ubuntu/.local/lib/python3.6/site-packages/airflow/example_dags/example_task_group.py for tasks to queue
[2021-05-26 05:47:33,353] {logging_mixin.py:104} INFO - [2021-05-26 05:47:33,353] {dagbag.py:487} INFO - Filling up the DagBag from /home/ubuntu/.local/lib/python3.6/site-packages/airflow/example_dags/example_task_group.py
[2021-05-26 05:47:33,369] {scheduler_job.py:643} INFO - DAG(s) dict_keys(['example_task_group']) retrieved from /home/ubuntu/.local/lib/python3.6/site-packages/airflow/example_dags/example_task_group.py
[2021-05-26 05:47:33,621] {logging_mixin.py:104} INFO - [2021-05-26 05:47:33,621] {dag.py:1832} INFO - Sync 1 DAGs
[2021-05-26 05:47:33,635] {logging_mixin.py:104} INFO - [2021-05-26 05:47:33,635] {dag.py:2305} INFO - Setting next_dagrun for example_task_group to 2021-05-24 00:00:00+00:00
[2021-05-26 05:47:33,654] {scheduler_job.py:190} INFO - Processing /home/ubuntu/.local/lib/python3.6/site-packages/airflow/example_dags/example_task_group.py took 0.307 seconds
[2021-05-26 05:48:07,181] {scheduler_job.py:182} INFO - Started process (PID=10720) to work on /home/ubuntu/.local/lib/python3.6/site-packages/airflow/example_dags/example_task_group.py
[2021-05-26 05:48:07,183] {scheduler_job.py:633} INFO - Processing file /home/ubuntu/.local/lib/python3.6/site-packages/airflow/example_dags/example_task_group.py for tasks to queue
[2021-05-26 05:48:07,184] {logging_mixin.py:104} INFO - [2021-05-26 05:48:07,184] {dagbag.py:487} INFO - Filling up the DagBag from /home/ubuntu/.local/lib/python3.6/site-packages/airflow/example_dags/example_task_group.py
[2021-05-26 05:48:07,202] {scheduler_job.py:643} INFO - DAG(s) dict_keys(['example_task_group']) retrieved from /home/ubuntu/.local/lib/python3.6/site-packages/airflow/example_dags/example_task_group.py
[2021-05-26 05:48:07,217] {logging_mixin.py:104} INFO - [2021-05-26 05:48:07,217] {dag.py:1832} INFO - Sync 1 DAGs
[2021-05-26 05:48:07,234] {logging_mixin.py:104} INFO - [2021-05-26 05:48:07,234] {dag.py:2305} INFO - Setting next_dagrun for example_task_group to 2021-05-24 00:00:00+00:00
[2021-05-26 05:48:07,252] {scheduler_job.py:190} INFO - Processing /home/ubuntu/.local/lib/python3.6/site-packages/airflow/example_dags/example_task_group.py took 0.075 seconds
[2021-05-26 05:48:39,173] {scheduler_job.py:182} INFO - Started process (PID=10865) to work on /home/ubuntu/.local/lib/python3.6/site-packages/airflow/example_dags/example_task_group.py
[2021-05-26 05:48:39,176] {scheduler_job.py:633} INFO - Processing file /home/ubuntu/.local/lib/python3.6/site-packages/airflow/example_dags/example_task_group.py for tasks to queue
[2021-05-26 05:48:39,178] {logging_mixin.py:104} INFO - [2021-05-26 05:48:39,177] {dagbag.py:487} INFO - Filling up the DagBag from /home/ubuntu/.local/lib/python3.6/site-packages/airflow/example_dags/example_task_group.py
[2021-05-26 05:48:39,195] {scheduler_job.py:643} INFO - DAG(s) dict_keys(['example_task_group']) retrieved from /home/ubuntu/.local/lib/python3.6/site-packages/airflow/example_dags/example_task_group.py
[2021-05-26 05:48:39,211] {logging_mixin.py:104} INFO - [2021-05-26 05:48:39,211] {dag.py:1832} INFO - Sync 1 DAGs
[2021-05-26 05:48:39,228] {logging_mixin.py:104} INFO - [2021-05-26 05:48:39,228] {dag.py:2305} INFO - Setting next_dagrun for example_task_group to 2021-05-24 00:00:00+00:00
[2021-05-26 05:48:39,249] {scheduler_job.py:190} INFO - Processing /home/ubuntu/.local/lib/python3.6/site-packages/airflow/example_dags/example_task_group.py took 0.077 seconds
[2021-05-26 05:49:10,598] {scheduler_job.py:182} INFO - Started process (PID=10992) to work on /home/ubuntu/.local/lib/python3.6/site-packages/airflow/example_dags/example_task_group.py
[2021-05-26 05:49:10,600] {scheduler_job.py:633} INFO - Processing file /home/ubuntu/.local/lib/python3.6/site-packages/airflow/example_dags/example_task_group.py for tasks to queue
[2021-05-26 05:49:10,601] {logging_mixin.py:104} INFO - [2021-05-26 05:49:10,601] {dagbag.py:487} INFO - Filling up the DagBag from /home/ubuntu/.local/lib/python3.6/site-packages/airflow/example_dags/example_task_group.py
[2021-05-26 05:49:10,614] {scheduler_job.py:643} INFO - DAG(s) dict_keys(['example_task_group']) retrieved from /home/ubuntu/.local/lib/python3.6/site-packages/airflow/example_dags/example_task_group.py
[2021-05-26 05:49:10,628] {logging_mixin.py:104} INFO - [2021-05-26 05:49:10,628] {dag.py:1832} INFO - Sync 1 DAGs
[2021-05-26 05:49:10,642] {logging_mixin.py:104} INFO - [2021-05-26 05:49:10,642] {dag.py:2305} INFO - Setting next_dagrun for example_task_group to 2021-05-24 00:00:00+00:00
[2021-05-26 05:49:10,658] {scheduler_job.py:190} INFO - Processing /home/ubuntu/.local/lib/python3.6/site-packages/airflow/example_dags/example_task_group.py took 0.062 seconds
[2021-05-26 05:49:43,214] {scheduler_job.py:182} INFO - Started process (PID=11139) to work on /home/ubuntu/.local/lib/python3.6/site-packages/airflow/example_dags/example_task_group.py
[2021-05-26 05:49:43,215] {scheduler_job.py:633} INFO - Processing file /home/ubuntu/.local/lib/python3.6/site-packages/airflow/example_dags/example_task_group.py for tasks to queue
[2021-05-26 05:49:43,215] {logging_mixin.py:104} INFO - [2021-05-26 05:49:43,215] {dagbag.py:487} INFO - Filling up the DagBag from /home/ubuntu/.local/lib/python3.6/site-packages/airflow/example_dags/example_task_group.py
[2021-05-26 05:49:43,229] {scheduler_job.py:643} INFO - DAG(s) dict_keys(['example_task_group']) retrieved from /home/ubuntu/.local/lib/python3.6/site-packages/airflow/example_dags/example_task_group.py
[2021-05-26 05:49:43,242] {logging_mixin.py:104} INFO - [2021-05-26 05:49:43,242] {dag.py:1832} INFO - Sync 1 DAGs
[2021-05-26 05:49:43,255] {logging_mixin.py:104} INFO - [2021-05-26 05:49:43,255] {dag.py:2305} INFO - Setting next_dagrun for example_task_group to 2021-05-24 00:00:00+00:00
[2021-05-26 05:49:43,270] {scheduler_job.py:190} INFO - Processing /home/ubuntu/.local/lib/python3.6/site-packages/airflow/example_dags/example_task_group.py took 0.058 seconds
[2021-05-26 05:50:15,028] {scheduler_job.py:182} INFO - Started process (PID=11261) to work on /home/ubuntu/.local/lib/python3.6/site-packages/airflow/example_dags/example_task_group.py
[2021-05-26 05:50:15,031] {scheduler_job.py:633} INFO - Processing file /home/ubuntu/.local/lib/python3.6/site-packages/airflow/example_dags/example_task_group.py for tasks to queue
[2021-05-26 05:50:15,032] {logging_mixin.py:104} INFO - [2021-05-26 05:50:15,032] {dagbag.py:487} INFO - Filling up the DagBag from /home/ubuntu/.local/lib/python3.6/site-packages/airflow/example_dags/example_task_group.py
[2021-05-26 05:50:15,047] {scheduler_job.py:643} INFO - DAG(s) dict_keys(['example_task_group']) retrieved from /home/ubuntu/.local/lib/python3.6/site-packages/airflow/example_dags/example_task_group.py
[2021-05-26 05:50:15,063] {logging_mixin.py:104} INFO - [2021-05-26 05:50:15,062] {dag.py:1832} INFO - Sync 1 DAGs
[2021-05-26 05:50:15,080] {logging_mixin.py:104} INFO - [2021-05-26 05:50:15,080] {dag.py:2305} INFO - Setting next_dagrun for example_task_group to 2021-05-24 00:00:00+00:00
[2021-05-26 05:50:15,103] {scheduler_job.py:190} INFO - Processing /home/ubuntu/.local/lib/python3.6/site-packages/airflow/example_dags/example_task_group.py took 0.077 seconds
[2021-05-26 05:50:47,510] {scheduler_job.py:182} INFO - Started process (PID=11388) to work on /home/ubuntu/.local/lib/python3.6/site-packages/airflow/example_dags/example_task_group.py
[2021-05-26 05:50:47,514] {scheduler_job.py:633} INFO - Processing file /home/ubuntu/.local/lib/python3.6/site-packages/airflow/example_dags/example_task_group.py for tasks to queue
[2021-05-26 05:50:47,515] {logging_mixin.py:104} INFO - [2021-05-26 05:50:47,515] {dagbag.py:487} INFO - Filling up the DagBag from /home/ubuntu/.local/lib/python3.6/site-packages/airflow/example_dags/example_task_group.py
[2021-05-26 05:50:47,530] {scheduler_job.py:643} INFO - DAG(s) dict_keys(['example_task_group']) retrieved from /home/ubuntu/.local/lib/python3.6/site-packages/airflow/example_dags/example_task_group.py
[2021-05-26 05:50:47,543] {logging_mixin.py:104} INFO - [2021-05-26 05:50:47,543] {dag.py:1832} INFO - Sync 1 DAGs
[2021-05-26 05:50:47,558] {logging_mixin.py:104} INFO - [2021-05-26 05:50:47,558] {dag.py:2305} INFO - Setting next_dagrun for example_task_group to 2021-05-24 00:00:00+00:00
[2021-05-26 05:50:47,576] {scheduler_job.py:190} INFO - Processing /home/ubuntu/.local/lib/python3.6/site-packages/airflow/example_dags/example_task_group.py took 0.067 seconds
[2021-05-26 05:51:19,674] {scheduler_job.py:182} INFO - Started process (PID=11515) to work on /home/ubuntu/.local/lib/python3.6/site-packages/airflow/example_dags/example_task_group.py
[2021-05-26 05:51:19,677] {scheduler_job.py:633} INFO - Processing file /home/ubuntu/.local/lib/python3.6/site-packages/airflow/example_dags/example_task_group.py for tasks to queue
[2021-05-26 05:51:19,678] {logging_mixin.py:104} INFO - [2021-05-26 05:51:19,678] {dagbag.py:487} INFO - Filling up the DagBag from /home/ubuntu/.local/lib/python3.6/site-packages/airflow/example_dags/example_task_group.py
[2021-05-26 05:51:19,695] {scheduler_job.py:643} INFO - DAG(s) dict_keys(['example_task_group']) retrieved from /home/ubuntu/.local/lib/python3.6/site-packages/airflow/example_dags/example_task_group.py
[2021-05-26 05:51:19,712] {logging_mixin.py:104} INFO - [2021-05-26 05:51:19,712] {dag.py:1832} INFO - Sync 1 DAGs
[2021-05-26 05:51:19,727] {logging_mixin.py:104} INFO - [2021-05-26 05:51:19,727] {dag.py:2305} INFO - Setting next_dagrun for example_task_group to 2021-05-24 00:00:00+00:00
[2021-05-26 05:51:19,752] {scheduler_job.py:190} INFO - Processing /home/ubuntu/.local/lib/python3.6/site-packages/airflow/example_dags/example_task_group.py took 0.080 seconds
[2021-05-26 05:51:50,585] {scheduler_job.py:182} INFO - Started process (PID=11636) to work on /home/ubuntu/.local/lib/python3.6/site-packages/airflow/example_dags/example_task_group.py
[2021-05-26 05:51:50,588] {scheduler_job.py:633} INFO - Processing file /home/ubuntu/.local/lib/python3.6/site-packages/airflow/example_dags/example_task_group.py for tasks to queue
[2021-05-26 05:51:50,593] {logging_mixin.py:104} INFO - [2021-05-26 05:51:50,593] {dagbag.py:487} INFO - Filling up the DagBag from /home/ubuntu/.local/lib/python3.6/site-packages/airflow/example_dags/example_task_group.py
[2021-05-26 05:51:50,608] {scheduler_job.py:643} INFO - DAG(s) dict_keys(['example_task_group']) retrieved from /home/ubuntu/.local/lib/python3.6/site-packages/airflow/example_dags/example_task_group.py
[2021-05-26 05:51:50,624] {logging_mixin.py:104} INFO - [2021-05-26 05:51:50,624] {dag.py:1832} INFO - Sync 1 DAGs
[2021-05-26 05:51:50,637] {logging_mixin.py:104} INFO - [2021-05-26 05:51:50,637] {dag.py:2305} INFO - Setting next_dagrun for example_task_group to 2021-05-24 00:00:00+00:00
[2021-05-26 05:51:50,653] {scheduler_job.py:190} INFO - Processing /home/ubuntu/.local/lib/python3.6/site-packages/airflow/example_dags/example_task_group.py took 0.070 seconds
[2021-05-26 05:52:22,494] {scheduler_job.py:182} INFO - Started process (PID=11757) to work on /home/ubuntu/.local/lib/python3.6/site-packages/airflow/example_dags/example_task_group.py
[2021-05-26 05:52:22,497] {scheduler_job.py:633} INFO - Processing file /home/ubuntu/.local/lib/python3.6/site-packages/airflow/example_dags/example_task_group.py for tasks to queue
[2021-05-26 05:52:22,498] {logging_mixin.py:104} INFO - [2021-05-26 05:52:22,498] {dagbag.py:487} INFO - Filling up the DagBag from /home/ubuntu/.local/lib/python3.6/site-packages/airflow/example_dags/example_task_group.py
[2021-05-26 05:52:22,511] {scheduler_job.py:643} INFO - DAG(s) dict_keys(['example_task_group']) retrieved from /home/ubuntu/.local/lib/python3.6/site-packages/airflow/example_dags/example_task_group.py
[2021-05-26 05:52:22,529] {logging_mixin.py:104} INFO - [2021-05-26 05:52:22,529] {dag.py:1832} INFO - Sync 1 DAGs
[2021-05-26 05:52:22,544] {logging_mixin.py:104} INFO - [2021-05-26 05:52:22,544] {dag.py:2305} INFO - Setting next_dagrun for example_task_group to 2021-05-24 00:00:00+00:00
[2021-05-26 05:52:22,562] {scheduler_job.py:190} INFO - Processing /home/ubuntu/.local/lib/python3.6/site-packages/airflow/example_dags/example_task_group.py took 0.070 seconds
[2021-05-26 05:52:53,430] {scheduler_job.py:182} INFO - Started process (PID=11878) to work on /home/ubuntu/.local/lib/python3.6/site-packages/airflow/example_dags/example_task_group.py
[2021-05-26 05:52:53,433] {scheduler_job.py:633} INFO - Processing file /home/ubuntu/.local/lib/python3.6/site-packages/airflow/example_dags/example_task_group.py for tasks to queue
[2021-05-26 05:52:53,434] {logging_mixin.py:104} INFO - [2021-05-26 05:52:53,434] {dagbag.py:487} INFO - Filling up the DagBag from /home/ubuntu/.local/lib/python3.6/site-packages/airflow/example_dags/example_task_group.py
[2021-05-26 05:52:53,453] {scheduler_job.py:643} INFO - DAG(s) dict_keys(['example_task_group']) retrieved from /home/ubuntu/.local/lib/python3.6/site-packages/airflow/example_dags/example_task_group.py
[2021-05-26 05:52:53,476] {logging_mixin.py:104} INFO - [2021-05-26 05:52:53,476] {dag.py:1832} INFO - Sync 1 DAGs
[2021-05-26 05:52:53,496] {logging_mixin.py:104} INFO - [2021-05-26 05:52:53,496] {dag.py:2305} INFO - Setting next_dagrun for example_task_group to 2021-05-24 00:00:00+00:00
[2021-05-26 05:52:53,518] {scheduler_job.py:190} INFO - Processing /home/ubuntu/.local/lib/python3.6/site-packages/airflow/example_dags/example_task_group.py took 0.089 seconds
[2021-05-26 05:53:25,352] {scheduler_job.py:182} INFO - Started process (PID=12005) to work on /home/ubuntu/.local/lib/python3.6/site-packages/airflow/example_dags/example_task_group.py
[2021-05-26 05:53:25,354] {scheduler_job.py:633} INFO - Processing file /home/ubuntu/.local/lib/python3.6/site-packages/airflow/example_dags/example_task_group.py for tasks to queue
[2021-05-26 05:53:25,355] {logging_mixin.py:104} INFO - [2021-05-26 05:53:25,355] {dagbag.py:487} INFO - Filling up the DagBag from /home/ubuntu/.local/lib/python3.6/site-packages/airflow/example_dags/example_task_group.py
[2021-05-26 05:53:25,372] {scheduler_job.py:643} INFO - DAG(s) dict_keys(['example_task_group']) retrieved from /home/ubuntu/.local/lib/python3.6/site-packages/airflow/example_dags/example_task_group.py
[2021-05-26 05:53:25,387] {logging_mixin.py:104} INFO - [2021-05-26 05:53:25,387] {dag.py:1832} INFO - Sync 1 DAGs
[2021-05-26 05:53:25,400] {logging_mixin.py:104} INFO - [2021-05-26 05:53:25,400] {dag.py:2305} INFO - Setting next_dagrun for example_task_group to 2021-05-24 00:00:00+00:00
[2021-05-26 05:53:25,418] {scheduler_job.py:190} INFO - Processing /home/ubuntu/.local/lib/python3.6/site-packages/airflow/example_dags/example_task_group.py took 0.068 seconds
[2021-05-26 05:53:56,803] {scheduler_job.py:182} INFO - Started process (PID=12128) to work on /home/ubuntu/.local/lib/python3.6/site-packages/airflow/example_dags/example_task_group.py
[2021-05-26 05:53:56,806] {scheduler_job.py:633} INFO - Processing file /home/ubuntu/.local/lib/python3.6/site-packages/airflow/example_dags/example_task_group.py for tasks to queue
[2021-05-26 05:53:56,807] {logging_mixin.py:104} INFO - [2021-05-26 05:53:56,807] {dagbag.py:487} INFO - Filling up the DagBag from /home/ubuntu/.local/lib/python3.6/site-packages/airflow/example_dags/example_task_group.py
[2021-05-26 05:53:56,823] {scheduler_job.py:643} INFO - DAG(s) dict_keys(['example_task_group']) retrieved from /home/ubuntu/.local/lib/python3.6/site-packages/airflow/example_dags/example_task_group.py
[2021-05-26 05:53:56,837] {logging_mixin.py:104} INFO - [2021-05-26 05:53:56,837] {dag.py:1832} INFO - Sync 1 DAGs
[2021-05-26 05:53:56,849] {logging_mixin.py:104} INFO - [2021-05-26 05:53:56,849] {dag.py:2305} INFO - Setting next_dagrun for example_task_group to 2021-05-24 00:00:00+00:00
[2021-05-26 05:53:56,866] {scheduler_job.py:190} INFO - Processing /home/ubuntu/.local/lib/python3.6/site-packages/airflow/example_dags/example_task_group.py took 0.065 seconds
[2021-05-26 05:54:29,353] {scheduler_job.py:182} INFO - Started process (PID=12255) to work on /home/ubuntu/.local/lib/python3.6/site-packages/airflow/example_dags/example_task_group.py
[2021-05-26 05:54:29,356] {scheduler_job.py:633} INFO - Processing file /home/ubuntu/.local/lib/python3.6/site-packages/airflow/example_dags/example_task_group.py for tasks to queue
[2021-05-26 05:54:29,357] {logging_mixin.py:104} INFO - [2021-05-26 05:54:29,357] {dagbag.py:487} INFO - Filling up the DagBag from /home/ubuntu/.local/lib/python3.6/site-packages/airflow/example_dags/example_task_group.py
[2021-05-26 05:54:29,375] {scheduler_job.py:643} INFO - DAG(s) dict_keys(['example_task_group']) retrieved from /home/ubuntu/.local/lib/python3.6/site-packages/airflow/example_dags/example_task_group.py
[2021-05-26 05:54:29,390] {logging_mixin.py:104} INFO - [2021-05-26 05:54:29,390] {dag.py:1832} INFO - Sync 1 DAGs
[2021-05-26 05:54:29,405] {logging_mixin.py:104} INFO - [2021-05-26 05:54:29,404] {dag.py:2305} INFO - Setting next_dagrun for example_task_group to 2021-05-24 00:00:00+00:00
[2021-05-26 05:54:29,423] {scheduler_job.py:190} INFO - Processing /home/ubuntu/.local/lib/python3.6/site-packages/airflow/example_dags/example_task_group.py took 0.071 seconds
[2021-05-26 05:55:01,999] {scheduler_job.py:182} INFO - Started process (PID=12396) to work on /home/ubuntu/.local/lib/python3.6/site-packages/airflow/example_dags/example_task_group.py
[2021-05-26 05:55:02,001] {scheduler_job.py:633} INFO - Processing file /home/ubuntu/.local/lib/python3.6/site-packages/airflow/example_dags/example_task_group.py for tasks to queue
[2021-05-26 05:55:02,002] {logging_mixin.py:104} INFO - [2021-05-26 05:55:02,001] {dagbag.py:487} INFO - Filling up the DagBag from /home/ubuntu/.local/lib/python3.6/site-packages/airflow/example_dags/example_task_group.py
[2021-05-26 05:55:02,020] {scheduler_job.py:643} INFO - DAG(s) dict_keys(['example_task_group']) retrieved from /home/ubuntu/.local/lib/python3.6/site-packages/airflow/example_dags/example_task_group.py
[2021-05-26 05:55:02,034] {logging_mixin.py:104} INFO - [2021-05-26 05:55:02,034] {dag.py:1832} INFO - Sync 1 DAGs
[2021-05-26 05:55:02,047] {logging_mixin.py:104} INFO - [2021-05-26 05:55:02,047] {dag.py:2305} INFO - Setting next_dagrun for example_task_group to 2021-05-24 00:00:00+00:00
[2021-05-26 05:55:02,067] {scheduler_job.py:190} INFO - Processing /home/ubuntu/.local/lib/python3.6/site-packages/airflow/example_dags/example_task_group.py took 0.070 seconds
[2021-05-26 05:55:49,359] {scheduler_job.py:182} INFO - Started process (PID=12599) to work on /home/ubuntu/.local/lib/python3.6/site-packages/airflow/example_dags/example_task_group.py
[2021-05-26 05:55:49,364] {scheduler_job.py:633} INFO - Processing file /home/ubuntu/.local/lib/python3.6/site-packages/airflow/example_dags/example_task_group.py for tasks to queue
[2021-05-26 05:55:49,368] {logging_mixin.py:104} INFO - [2021-05-26 05:55:49,368] {dagbag.py:487} INFO - Filling up the DagBag from /home/ubuntu/.local/lib/python3.6/site-packages/airflow/example_dags/example_task_group.py
[2021-05-26 05:55:49,387] {scheduler_job.py:643} INFO - DAG(s) dict_keys(['example_task_group']) retrieved from /home/ubuntu/.local/lib/python3.6/site-packages/airflow/example_dags/example_task_group.py
[2021-05-26 05:55:49,407] {logging_mixin.py:104} INFO - [2021-05-26 05:55:49,407] {dag.py:1832} INFO - Sync 1 DAGs
[2021-05-26 05:55:49,427] {logging_mixin.py:104} INFO - [2021-05-26 05:55:49,427] {dag.py:2305} INFO - Setting next_dagrun for example_task_group to 2021-05-24 00:00:00+00:00
[2021-05-26 05:55:49,453] {scheduler_job.py:190} INFO - Processing /home/ubuntu/.local/lib/python3.6/site-packages/airflow/example_dags/example_task_group.py took 0.097 seconds
[2021-05-26 05:56:24,639] {scheduler_job.py:182} INFO - Started process (PID=12743) to work on /home/ubuntu/.local/lib/python3.6/site-packages/airflow/example_dags/example_task_group.py
[2021-05-26 05:56:24,644] {scheduler_job.py:633} INFO - Processing file /home/ubuntu/.local/lib/python3.6/site-packages/airflow/example_dags/example_task_group.py for tasks to queue
[2021-05-26 05:56:24,649] {logging_mixin.py:104} INFO - [2021-05-26 05:56:24,649] {dagbag.py:487} INFO - Filling up the DagBag from /home/ubuntu/.local/lib/python3.6/site-packages/airflow/example_dags/example_task_group.py
[2021-05-26 05:56:24,669] {scheduler_job.py:643} INFO - DAG(s) dict_keys(['example_task_group']) retrieved from /home/ubuntu/.local/lib/python3.6/site-packages/airflow/example_dags/example_task_group.py
[2021-05-26 05:56:24,695] {logging_mixin.py:104} INFO - [2021-05-26 05:56:24,695] {dag.py:1832} INFO - Sync 1 DAGs
[2021-05-26 05:56:24,719] {logging_mixin.py:104} INFO - [2021-05-26 05:56:24,719] {dag.py:2305} INFO - Setting next_dagrun for example_task_group to 2021-05-24 00:00:00+00:00
[2021-05-26 05:56:24,746] {scheduler_job.py:190} INFO - Processing /home/ubuntu/.local/lib/python3.6/site-packages/airflow/example_dags/example_task_group.py took 0.110 seconds
[2021-05-26 05:56:58,707] {scheduler_job.py:182} INFO - Started process (PID=12917) to work on /home/ubuntu/.local/lib/python3.6/site-packages/airflow/example_dags/example_task_group.py
[2021-05-26 05:56:58,713] {scheduler_job.py:633} INFO - Processing file /home/ubuntu/.local/lib/python3.6/site-packages/airflow/example_dags/example_task_group.py for tasks to queue
[2021-05-26 05:56:58,719] {logging_mixin.py:104} INFO - [2021-05-26 05:56:58,718] {dagbag.py:487} INFO - Filling up the DagBag from /home/ubuntu/.local/lib/python3.6/site-packages/airflow/example_dags/example_task_group.py
[2021-05-26 05:56:58,738] {scheduler_job.py:643} INFO - DAG(s) dict_keys(['example_task_group']) retrieved from /home/ubuntu/.local/lib/python3.6/site-packages/airflow/example_dags/example_task_group.py
[2021-05-26 05:56:58,757] {logging_mixin.py:104} INFO - [2021-05-26 05:56:58,756] {dag.py:1832} INFO - Sync 1 DAGs
[2021-05-26 05:56:58,777] {logging_mixin.py:104} INFO - [2021-05-26 05:56:58,777] {dag.py:2305} INFO - Setting next_dagrun for example_task_group to 2021-05-24 00:00:00+00:00
[2021-05-26 05:56:58,808] {scheduler_job.py:190} INFO - Processing /home/ubuntu/.local/lib/python3.6/site-packages/airflow/example_dags/example_task_group.py took 0.103 seconds
[2021-05-26 05:57:34,188] {scheduler_job.py:182} INFO - Started process (PID=13080) to work on /home/ubuntu/.local/lib/python3.6/site-packages/airflow/example_dags/example_task_group.py
[2021-05-26 05:57:34,193] {scheduler_job.py:633} INFO - Processing file /home/ubuntu/.local/lib/python3.6/site-packages/airflow/example_dags/example_task_group.py for tasks to queue
[2021-05-26 05:57:34,197] {logging_mixin.py:104} INFO - [2021-05-26 05:57:34,196] {dagbag.py:487} INFO - Filling up the DagBag from /home/ubuntu/.local/lib/python3.6/site-packages/airflow/example_dags/example_task_group.py
[2021-05-26 05:57:34,214] {scheduler_job.py:643} INFO - DAG(s) dict_keys(['example_task_group']) retrieved from /home/ubuntu/.local/lib/python3.6/site-packages/airflow/example_dags/example_task_group.py
[2021-05-26 05:57:34,232] {logging_mixin.py:104} INFO - [2021-05-26 05:57:34,232] {dag.py:1832} INFO - Sync 1 DAGs
[2021-05-26 05:57:34,250] {logging_mixin.py:104} INFO - [2021-05-26 05:57:34,250] {dag.py:2305} INFO - Setting next_dagrun for example_task_group to 2021-05-24 00:00:00+00:00
[2021-05-26 05:57:34,278] {scheduler_job.py:190} INFO - Processing /home/ubuntu/.local/lib/python3.6/site-packages/airflow/example_dags/example_task_group.py took 0.092 seconds
[2021-05-26 05:58:05,792] {scheduler_job.py:182} INFO - Started process (PID=13208) to work on /home/ubuntu/.local/lib/python3.6/site-packages/airflow/example_dags/example_task_group.py
[2021-05-26 05:58:05,796] {scheduler_job.py:633} INFO - Processing file /home/ubuntu/.local/lib/python3.6/site-packages/airflow/example_dags/example_task_group.py for tasks to queue
[2021-05-26 05:58:05,800] {logging_mixin.py:104} INFO - [2021-05-26 05:58:05,800] {dagbag.py:487} INFO - Filling up the DagBag from /home/ubuntu/.local/lib/python3.6/site-packages/airflow/example_dags/example_task_group.py
[2021-05-26 05:58:05,818] {scheduler_job.py:643} INFO - DAG(s) dict_keys(['example_task_group']) retrieved from /home/ubuntu/.local/lib/python3.6/site-packages/airflow/example_dags/example_task_group.py
[2021-05-26 05:58:05,836] {logging_mixin.py:104} INFO - [2021-05-26 05:58:05,836] {dag.py:1832} INFO - Sync 1 DAGs
[2021-05-26 05:58:05,856] {logging_mixin.py:104} INFO - [2021-05-26 05:58:05,856] {dag.py:2305} INFO - Setting next_dagrun for example_task_group to 2021-05-24 00:00:00+00:00
[2021-05-26 05:58:05,883] {scheduler_job.py:190} INFO - Processing /home/ubuntu/.local/lib/python3.6/site-packages/airflow/example_dags/example_task_group.py took 0.094 seconds
[2021-05-26 05:58:38,097] {scheduler_job.py:182} INFO - Started process (PID=13358) to work on /home/ubuntu/.local/lib/python3.6/site-packages/airflow/example_dags/example_task_group.py
[2021-05-26 05:58:38,102] {scheduler_job.py:633} INFO - Processing file /home/ubuntu/.local/lib/python3.6/site-packages/airflow/example_dags/example_task_group.py for tasks to queue
[2021-05-26 05:58:38,107] {logging_mixin.py:104} INFO - [2021-05-26 05:58:38,106] {dagbag.py:487} INFO - Filling up the DagBag from /home/ubuntu/.local/lib/python3.6/site-packages/airflow/example_dags/example_task_group.py
[2021-05-26 05:58:38,124] {scheduler_job.py:643} INFO - DAG(s) dict_keys(['example_task_group']) retrieved from /home/ubuntu/.local/lib/python3.6/site-packages/airflow/example_dags/example_task_group.py
[2021-05-26 05:58:38,145] {logging_mixin.py:104} INFO - [2021-05-26 05:58:38,144] {dag.py:1832} INFO - Sync 1 DAGs
[2021-05-26 05:58:38,163] {logging_mixin.py:104} INFO - [2021-05-26 05:58:38,163] {dag.py:2305} INFO - Setting next_dagrun for example_task_group to 2021-05-24 00:00:00+00:00
[2021-05-26 05:58:38,191] {scheduler_job.py:190} INFO - Processing /home/ubuntu/.local/lib/python3.6/site-packages/airflow/example_dags/example_task_group.py took 0.096 seconds
[2021-05-26 05:59:11,838] {scheduler_job.py:182} INFO - Started process (PID=13527) to work on /home/ubuntu/.local/lib/python3.6/site-packages/airflow/example_dags/example_task_group.py
[2021-05-26 05:59:11,842] {scheduler_job.py:633} INFO - Processing file /home/ubuntu/.local/lib/python3.6/site-packages/airflow/example_dags/example_task_group.py for tasks to queue
[2021-05-26 05:59:11,847] {logging_mixin.py:104} INFO - [2021-05-26 05:59:11,847] {dagbag.py:487} INFO - Filling up the DagBag from /home/ubuntu/.local/lib/python3.6/site-packages/airflow/example_dags/example_task_group.py
[2021-05-26 05:59:11,862] {scheduler_job.py:643} INFO - DAG(s) dict_keys(['example_task_group']) retrieved from /home/ubuntu/.local/lib/python3.6/site-packages/airflow/example_dags/example_task_group.py
[2021-05-26 05:59:11,881] {logging_mixin.py:104} INFO - [2021-05-26 05:59:11,881] {dag.py:1832} INFO - Sync 1 DAGs
[2021-05-26 05:59:11,897] {logging_mixin.py:104} INFO - [2021-05-26 05:59:11,897] {dag.py:2305} INFO - Setting next_dagrun for example_task_group to 2021-05-24 00:00:00+00:00
[2021-05-26 05:59:11,924] {scheduler_job.py:190} INFO - Processing /home/ubuntu/.local/lib/python3.6/site-packages/airflow/example_dags/example_task_group.py took 0.088 seconds
[2021-05-26 05:59:44,073] {scheduler_job.py:182} INFO - Started process (PID=13687) to work on /home/ubuntu/.local/lib/python3.6/site-packages/airflow/example_dags/example_task_group.py
[2021-05-26 05:59:44,077] {scheduler_job.py:633} INFO - Processing file /home/ubuntu/.local/lib/python3.6/site-packages/airflow/example_dags/example_task_group.py for tasks to queue
[2021-05-26 05:59:44,081] {logging_mixin.py:104} INFO - [2021-05-26 05:59:44,081] {dagbag.py:487} INFO - Filling up the DagBag from /home/ubuntu/.local/lib/python3.6/site-packages/airflow/example_dags/example_task_group.py
[2021-05-26 05:59:44,097] {scheduler_job.py:643} INFO - DAG(s) dict_keys(['example_task_group']) retrieved from /home/ubuntu/.local/lib/python3.6/site-packages/airflow/example_dags/example_task_group.py
[2021-05-26 05:59:44,117] {logging_mixin.py:104} INFO - [2021-05-26 05:59:44,117] {dag.py:1832} INFO - Sync 1 DAGs
[2021-05-26 05:59:44,134] {logging_mixin.py:104} INFO - [2021-05-26 05:59:44,134] {dag.py:2305} INFO - Setting next_dagrun for example_task_group to 2021-05-24 00:00:00+00:00
[2021-05-26 05:59:44,162] {scheduler_job.py:190} INFO - Processing /home/ubuntu/.local/lib/python3.6/site-packages/airflow/example_dags/example_task_group.py took 0.091 seconds
[2021-05-26 06:00:23,703] {scheduler_job.py:182} INFO - Started process (PID=13894) to work on /home/ubuntu/.local/lib/python3.6/site-packages/airflow/example_dags/example_task_group.py
[2021-05-26 06:00:23,716] {scheduler_job.py:633} INFO - Processing file /home/ubuntu/.local/lib/python3.6/site-packages/airflow/example_dags/example_task_group.py for tasks to queue
[2021-05-26 06:00:23,720] {logging_mixin.py:104} INFO - [2021-05-26 06:00:23,719] {dagbag.py:487} INFO - Filling up the DagBag from /home/ubuntu/.local/lib/python3.6/site-packages/airflow/example_dags/example_task_group.py
[2021-05-26 06:00:23,748] {scheduler_job.py:643} INFO - DAG(s) dict_keys(['example_task_group']) retrieved from /home/ubuntu/.local/lib/python3.6/site-packages/airflow/example_dags/example_task_group.py
[2021-05-26 06:00:23,791] {logging_mixin.py:104} INFO - [2021-05-26 06:00:23,790] {dag.py:1832} INFO - Sync 1 DAGs
[2021-05-26 06:00:23,808] {logging_mixin.py:104} INFO - [2021-05-26 06:00:23,808] {dag.py:2305} INFO - Setting next_dagrun for example_task_group to 2021-05-24 00:00:00+00:00
[2021-05-26 06:00:23,826] {scheduler_job.py:190} INFO - Processing /home/ubuntu/.local/lib/python3.6/site-packages/airflow/example_dags/example_task_group.py took 0.125 seconds
[2021-05-26 06:00:54,871] {scheduler_job.py:182} INFO - Started process (PID=14014) to work on /home/ubuntu/.local/lib/python3.6/site-packages/airflow/example_dags/example_task_group.py
[2021-05-26 06:00:54,875] {scheduler_job.py:633} INFO - Processing file /home/ubuntu/.local/lib/python3.6/site-packages/airflow/example_dags/example_task_group.py for tasks to queue
[2021-05-26 06:00:54,878] {logging_mixin.py:104} INFO - [2021-05-26 06:00:54,878] {dagbag.py:487} INFO - Filling up the DagBag from /home/ubuntu/.local/lib/python3.6/site-packages/airflow/example_dags/example_task_group.py
[2021-05-26 06:00:54,896] {scheduler_job.py:643} INFO - DAG(s) dict_keys(['example_task_group']) retrieved from /home/ubuntu/.local/lib/python3.6/site-packages/airflow/example_dags/example_task_group.py
[2021-05-26 06:00:54,913] {logging_mixin.py:104} INFO - [2021-05-26 06:00:54,913] {dag.py:1832} INFO - Sync 1 DAGs
[2021-05-26 06:00:54,929] {logging_mixin.py:104} INFO - [2021-05-26 06:00:54,929] {dag.py:2305} INFO - Setting next_dagrun for example_task_group to 2021-05-24 00:00:00+00:00
[2021-05-26 06:00:54,953] {scheduler_job.py:190} INFO - Processing /home/ubuntu/.local/lib/python3.6/site-packages/airflow/example_dags/example_task_group.py took 0.084 seconds
[2021-05-26 06:01:29,261] {scheduler_job.py:182} INFO - Started process (PID=14184) to work on /home/ubuntu/.local/lib/python3.6/site-packages/airflow/example_dags/example_task_group.py
[2021-05-26 06:01:29,265] {scheduler_job.py:633} INFO - Processing file /home/ubuntu/.local/lib/python3.6/site-packages/airflow/example_dags/example_task_group.py for tasks to queue
[2021-05-26 06:01:29,269] {logging_mixin.py:104} INFO - [2021-05-26 06:01:29,269] {dagbag.py:487} INFO - Filling up the DagBag from /home/ubuntu/.local/lib/python3.6/site-packages/airflow/example_dags/example_task_group.py
[2021-05-26 06:01:29,287] {scheduler_job.py:643} INFO - DAG(s) dict_keys(['example_task_group']) retrieved from /home/ubuntu/.local/lib/python3.6/site-packages/airflow/example_dags/example_task_group.py
[2021-05-26 06:01:29,305] {logging_mixin.py:104} INFO - [2021-05-26 06:01:29,305] {dag.py:1832} INFO - Sync 1 DAGs
[2021-05-26 06:01:29,320] {logging_mixin.py:104} INFO - [2021-05-26 06:01:29,320] {dag.py:2305} INFO - Setting next_dagrun for example_task_group to 2021-05-24 00:00:00+00:00
[2021-05-26 06:01:29,354] {scheduler_job.py:190} INFO - Processing /home/ubuntu/.local/lib/python3.6/site-packages/airflow/example_dags/example_task_group.py took 0.096 seconds
[2021-05-26 06:02:07,845] {scheduler_job.py:182} INFO - Started process (PID=14377) to work on /home/ubuntu/.local/lib/python3.6/site-packages/airflow/example_dags/example_task_group.py
[2021-05-26 06:02:07,849] {scheduler_job.py:633} INFO - Processing file /home/ubuntu/.local/lib/python3.6/site-packages/airflow/example_dags/example_task_group.py for tasks to queue
[2021-05-26 06:02:07,853] {logging_mixin.py:104} INFO - [2021-05-26 06:02:07,853] {dagbag.py:487} INFO - Filling up the DagBag from /home/ubuntu/.local/lib/python3.6/site-packages/airflow/example_dags/example_task_group.py
[2021-05-26 06:02:07,871] {scheduler_job.py:643} INFO - DAG(s) dict_keys(['example_task_group']) retrieved from /home/ubuntu/.local/lib/python3.6/site-packages/airflow/example_dags/example_task_group.py
[2021-05-26 06:02:08,184] {logging_mixin.py:104} INFO - [2021-05-26 06:02:08,184] {dag.py:1832} INFO - Sync 1 DAGs
[2021-05-26 06:02:08,201] {logging_mixin.py:104} INFO - [2021-05-26 06:02:08,201] {dag.py:2305} INFO - Setting next_dagrun for example_task_group to 2021-05-24 00:00:00+00:00
[2021-05-26 06:02:08,232] {scheduler_job.py:190} INFO - Processing /home/ubuntu/.local/lib/python3.6/site-packages/airflow/example_dags/example_task_group.py took 0.389 seconds
[2021-05-26 06:02:47,498] {scheduler_job.py:182} INFO - Started process (PID=14562) to work on /home/ubuntu/.local/lib/python3.6/site-packages/airflow/example_dags/example_task_group.py
[2021-05-26 06:02:47,502] {scheduler_job.py:633} INFO - Processing file /home/ubuntu/.local/lib/python3.6/site-packages/airflow/example_dags/example_task_group.py for tasks to queue
[2021-05-26 06:02:47,506] {logging_mixin.py:104} INFO - [2021-05-26 06:02:47,506] {dagbag.py:487} INFO - Filling up the DagBag from /home/ubuntu/.local/lib/python3.6/site-packages/airflow/example_dags/example_task_group.py
[2021-05-26 06:02:47,525] {scheduler_job.py:643} INFO - DAG(s) dict_keys(['example_task_group']) retrieved from /home/ubuntu/.local/lib/python3.6/site-packages/airflow/example_dags/example_task_group.py
[2021-05-26 06:02:47,542] {logging_mixin.py:104} INFO - [2021-05-26 06:02:47,542] {dag.py:1832} INFO - Sync 1 DAGs
[2021-05-26 06:02:47,559] {logging_mixin.py:104} INFO - [2021-05-26 06:02:47,559] {dag.py:2305} INFO - Setting next_dagrun for example_task_group to 2021-05-24 00:00:00+00:00
[2021-05-26 06:02:47,584] {scheduler_job.py:190} INFO - Processing /home/ubuntu/.local/lib/python3.6/site-packages/airflow/example_dags/example_task_group.py took 0.088 seconds
[2021-05-26 06:03:24,562] {scheduler_job.py:182} INFO - Started process (PID=14759) to work on /home/ubuntu/.local/lib/python3.6/site-packages/airflow/example_dags/example_task_group.py
[2021-05-26 06:03:24,567] {scheduler_job.py:633} INFO - Processing file /home/ubuntu/.local/lib/python3.6/site-packages/airflow/example_dags/example_task_group.py for tasks to queue
[2021-05-26 06:03:24,571] {logging_mixin.py:104} INFO - [2021-05-26 06:03:24,571] {dagbag.py:487} INFO - Filling up the DagBag from /home/ubuntu/.local/lib/python3.6/site-packages/airflow/example_dags/example_task_group.py
[2021-05-26 06:03:24,593] {scheduler_job.py:643} INFO - DAG(s) dict_keys(['example_task_group']) retrieved from /home/ubuntu/.local/lib/python3.6/site-packages/airflow/example_dags/example_task_group.py
[2021-05-26 06:03:24,612] {logging_mixin.py:104} INFO - [2021-05-26 06:03:24,612] {dag.py:1832} INFO - Sync 1 DAGs
[2021-05-26 06:03:24,630] {logging_mixin.py:104} INFO - [2021-05-26 06:03:24,630] {dag.py:2305} INFO - Setting next_dagrun for example_task_group to 2021-05-24 00:00:00+00:00
[2021-05-26 06:03:24,658] {scheduler_job.py:190} INFO - Processing /home/ubuntu/.local/lib/python3.6/site-packages/airflow/example_dags/example_task_group.py took 0.098 seconds
[2021-05-26 06:04:00,305] {scheduler_job.py:182} INFO - Started process (PID=14929) to work on /home/ubuntu/.local/lib/python3.6/site-packages/airflow/example_dags/example_task_group.py
[2021-05-26 06:04:00,309] {scheduler_job.py:633} INFO - Processing file /home/ubuntu/.local/lib/python3.6/site-packages/airflow/example_dags/example_task_group.py for tasks to queue
[2021-05-26 06:04:00,313] {logging_mixin.py:104} INFO - [2021-05-26 06:04:00,313] {dagbag.py:487} INFO - Filling up the DagBag from /home/ubuntu/.local/lib/python3.6/site-packages/airflow/example_dags/example_task_group.py
[2021-05-26 06:04:00,334] {scheduler_job.py:643} INFO - DAG(s) dict_keys(['example_task_group']) retrieved from /home/ubuntu/.local/lib/python3.6/site-packages/airflow/example_dags/example_task_group.py
[2021-05-26 06:04:00,359] {logging_mixin.py:104} INFO - [2021-05-26 06:04:00,358] {dag.py:1832} INFO - Sync 1 DAGs
[2021-05-26 06:04:00,378] {logging_mixin.py:104} INFO - [2021-05-26 06:04:00,377] {dag.py:2305} INFO - Setting next_dagrun for example_task_group to 2021-05-24 00:00:00+00:00
[2021-05-26 06:04:00,405] {scheduler_job.py:190} INFO - Processing /home/ubuntu/.local/lib/python3.6/site-packages/airflow/example_dags/example_task_group.py took 0.102 seconds
[2021-05-26 06:04:33,991] {scheduler_job.py:182} INFO - Started process (PID=15075) to work on /home/ubuntu/.local/lib/python3.6/site-packages/airflow/example_dags/example_task_group.py
[2021-05-26 06:04:33,995] {scheduler_job.py:633} INFO - Processing file /home/ubuntu/.local/lib/python3.6/site-packages/airflow/example_dags/example_task_group.py for tasks to queue
[2021-05-26 06:04:33,996] {logging_mixin.py:104} INFO - [2021-05-26 06:04:33,996] {dagbag.py:487} INFO - Filling up the DagBag from /home/ubuntu/.local/lib/python3.6/site-packages/airflow/example_dags/example_task_group.py
[2021-05-26 06:04:34,012] {scheduler_job.py:643} INFO - DAG(s) dict_keys(['example_task_group']) retrieved from /home/ubuntu/.local/lib/python3.6/site-packages/airflow/example_dags/example_task_group.py
[2021-05-26 06:04:34,030] {logging_mixin.py:104} INFO - [2021-05-26 06:04:34,030] {dag.py:1832} INFO - Sync 1 DAGs
[2021-05-26 06:04:34,042] {logging_mixin.py:104} INFO - [2021-05-26 06:04:34,042] {dag.py:2305} INFO - Setting next_dagrun for example_task_group to 2021-05-24 00:00:00+00:00
[2021-05-26 06:04:34,059] {scheduler_job.py:190} INFO - Processing /home/ubuntu/.local/lib/python3.6/site-packages/airflow/example_dags/example_task_group.py took 0.070 seconds
[2021-05-26 06:05:07,640] {scheduler_job.py:182} INFO - Started process (PID=15227) to work on /home/ubuntu/.local/lib/python3.6/site-packages/airflow/example_dags/example_task_group.py
[2021-05-26 06:05:07,643] {scheduler_job.py:633} INFO - Processing file /home/ubuntu/.local/lib/python3.6/site-packages/airflow/example_dags/example_task_group.py for tasks to queue
[2021-05-26 06:05:07,644] {logging_mixin.py:104} INFO - [2021-05-26 06:05:07,643] {dagbag.py:487} INFO - Filling up the DagBag from /home/ubuntu/.local/lib/python3.6/site-packages/airflow/example_dags/example_task_group.py
[2021-05-26 06:05:07,663] {scheduler_job.py:643} INFO - DAG(s) dict_keys(['example_task_group']) retrieved from /home/ubuntu/.local/lib/python3.6/site-packages/airflow/example_dags/example_task_group.py
[2021-05-26 06:05:07,683] {logging_mixin.py:104} INFO - [2021-05-26 06:05:07,683] {dag.py:1832} INFO - Sync 1 DAGs
[2021-05-26 06:05:07,704] {logging_mixin.py:104} INFO - [2021-05-26 06:05:07,704] {dag.py:2305} INFO - Setting next_dagrun for example_task_group to 2021-05-24 00:00:00+00:00
[2021-05-26 06:05:07,727] {scheduler_job.py:190} INFO - Processing /home/ubuntu/.local/lib/python3.6/site-packages/airflow/example_dags/example_task_group.py took 0.090 seconds
[2021-05-26 06:05:47,401] {scheduler_job.py:182} INFO - Started process (PID=15377) to work on /home/ubuntu/.local/lib/python3.6/site-packages/airflow/example_dags/example_task_group.py
[2021-05-26 06:05:47,405] {scheduler_job.py:633} INFO - Processing file /home/ubuntu/.local/lib/python3.6/site-packages/airflow/example_dags/example_task_group.py for tasks to queue
[2021-05-26 06:05:47,409] {logging_mixin.py:104} INFO - [2021-05-26 06:05:47,409] {dagbag.py:487} INFO - Filling up the DagBag from /home/ubuntu/.local/lib/python3.6/site-packages/airflow/example_dags/example_task_group.py
[2021-05-26 06:05:47,426] {scheduler_job.py:643} INFO - DAG(s) dict_keys(['example_task_group']) retrieved from /home/ubuntu/.local/lib/python3.6/site-packages/airflow/example_dags/example_task_group.py
[2021-05-26 06:05:47,444] {logging_mixin.py:104} INFO - [2021-05-26 06:05:47,443] {dag.py:1832} INFO - Sync 1 DAGs
[2021-05-26 06:05:47,462] {logging_mixin.py:104} INFO - [2021-05-26 06:05:47,461] {dag.py:2305} INFO - Setting next_dagrun for example_task_group to 2021-05-24 00:00:00+00:00
[2021-05-26 06:05:47,491] {scheduler_job.py:190} INFO - Processing /home/ubuntu/.local/lib/python3.6/site-packages/airflow/example_dags/example_task_group.py took 0.092 seconds
[2021-05-26 06:06:28,783] {scheduler_job.py:182} INFO - Started process (PID=15531) to work on /home/ubuntu/.local/lib/python3.6/site-packages/airflow/example_dags/example_task_group.py
[2021-05-26 06:06:28,786] {scheduler_job.py:633} INFO - Processing file /home/ubuntu/.local/lib/python3.6/site-packages/airflow/example_dags/example_task_group.py for tasks to queue
[2021-05-26 06:06:28,786] {logging_mixin.py:104} INFO - [2021-05-26 06:06:28,786] {dagbag.py:487} INFO - Filling up the DagBag from /home/ubuntu/.local/lib/python3.6/site-packages/airflow/example_dags/example_task_group.py
[2021-05-26 06:06:28,804] {scheduler_job.py:643} INFO - DAG(s) dict_keys(['example_task_group']) retrieved from /home/ubuntu/.local/lib/python3.6/site-packages/airflow/example_dags/example_task_group.py
[2021-05-26 06:06:28,830] {logging_mixin.py:104} INFO - [2021-05-26 06:06:28,830] {dag.py:1832} INFO - Sync 1 DAGs
[2021-05-26 06:06:28,868] {logging_mixin.py:104} INFO - [2021-05-26 06:06:28,868] {dag.py:2305} INFO - Setting next_dagrun for example_task_group to 2021-05-24 00:00:00+00:00
[2021-05-26 06:06:28,911] {scheduler_job.py:190} INFO - Processing /home/ubuntu/.local/lib/python3.6/site-packages/airflow/example_dags/example_task_group.py took 0.130 seconds
[2021-05-26 06:07:06,648] {scheduler_job.py:182} INFO - Started process (PID=15690) to work on /home/ubuntu/.local/lib/python3.6/site-packages/airflow/example_dags/example_task_group.py
[2021-05-26 06:07:06,654] {scheduler_job.py:633} INFO - Processing file /home/ubuntu/.local/lib/python3.6/site-packages/airflow/example_dags/example_task_group.py for tasks to queue
[2021-05-26 06:07:06,658] {logging_mixin.py:104} INFO - [2021-05-26 06:07:06,658] {dagbag.py:487} INFO - Filling up the DagBag from /home/ubuntu/.local/lib/python3.6/site-packages/airflow/example_dags/example_task_group.py
[2021-05-26 06:07:06,680] {scheduler_job.py:643} INFO - DAG(s) dict_keys(['example_task_group']) retrieved from /home/ubuntu/.local/lib/python3.6/site-packages/airflow/example_dags/example_task_group.py
[2021-05-26 06:07:06,705] {logging_mixin.py:104} INFO - [2021-05-26 06:07:06,705] {dag.py:1832} INFO - Sync 1 DAGs
[2021-05-26 06:07:06,730] {logging_mixin.py:104} INFO - [2021-05-26 06:07:06,730] {dag.py:2305} INFO - Setting next_dagrun for example_task_group to 2021-05-24 00:00:00+00:00
[2021-05-26 06:07:06,762] {scheduler_job.py:190} INFO - Processing /home/ubuntu/.local/lib/python3.6/site-packages/airflow/example_dags/example_task_group.py took 0.116 seconds
[2021-05-26 06:07:43,240] {scheduler_job.py:182} INFO - Started process (PID=15884) to work on /home/ubuntu/.local/lib/python3.6/site-packages/airflow/example_dags/example_task_group.py
[2021-05-26 06:07:43,244] {scheduler_job.py:633} INFO - Processing file /home/ubuntu/.local/lib/python3.6/site-packages/airflow/example_dags/example_task_group.py for tasks to queue
[2021-05-26 06:07:43,258] {logging_mixin.py:104} INFO - [2021-05-26 06:07:43,258] {dagbag.py:487} INFO - Filling up the DagBag from /home/ubuntu/.local/lib/python3.6/site-packages/airflow/example_dags/example_task_group.py
[2021-05-26 06:07:43,297] {scheduler_job.py:643} INFO - DAG(s) dict_keys(['example_task_group']) retrieved from /home/ubuntu/.local/lib/python3.6/site-packages/airflow/example_dags/example_task_group.py
[2021-05-26 06:07:43,334] {logging_mixin.py:104} INFO - [2021-05-26 06:07:43,334] {dag.py:1832} INFO - Sync 1 DAGs
[2021-05-26 06:07:43,355] {logging_mixin.py:104} INFO - [2021-05-26 06:07:43,355] {dag.py:2305} INFO - Setting next_dagrun for example_task_group to 2021-05-24 00:00:00+00:00
[2021-05-26 06:07:43,399] {scheduler_job.py:190} INFO - Processing /home/ubuntu/.local/lib/python3.6/site-packages/airflow/example_dags/example_task_group.py took 0.161 seconds
[2021-05-26 06:08:20,996] {scheduler_job.py:182} INFO - Started process (PID=16044) to work on /home/ubuntu/.local/lib/python3.6/site-packages/airflow/example_dags/example_task_group.py
[2021-05-26 06:08:21,000] {scheduler_job.py:633} INFO - Processing file /home/ubuntu/.local/lib/python3.6/site-packages/airflow/example_dags/example_task_group.py for tasks to queue
[2021-05-26 06:08:21,006] {logging_mixin.py:104} INFO - [2021-05-26 06:08:21,005] {dagbag.py:487} INFO - Filling up the DagBag from /home/ubuntu/.local/lib/python3.6/site-packages/airflow/example_dags/example_task_group.py
[2021-05-26 06:08:21,023] {scheduler_job.py:643} INFO - DAG(s) dict_keys(['example_task_group']) retrieved from /home/ubuntu/.local/lib/python3.6/site-packages/airflow/example_dags/example_task_group.py
[2021-05-26 06:08:21,041] {logging_mixin.py:104} INFO - [2021-05-26 06:08:21,041] {dag.py:1832} INFO - Sync 1 DAGs
[2021-05-26 06:08:21,060] {logging_mixin.py:104} INFO - [2021-05-26 06:08:21,060] {dag.py:2305} INFO - Setting next_dagrun for example_task_group to 2021-05-24 00:00:00+00:00
[2021-05-26 06:08:21,094] {scheduler_job.py:190} INFO - Processing /home/ubuntu/.local/lib/python3.6/site-packages/airflow/example_dags/example_task_group.py took 0.100 seconds
