[2021-05-26 05:44:30,732] {scheduler_job.py:182} INFO - Started process (PID=9941) to work on /home/ubuntu/.local/lib/python3.6/site-packages/airflow/example_dags/tutorial_etl_dag.py
[2021-05-26 05:44:30,734] {scheduler_job.py:633} INFO - Processing file /home/ubuntu/.local/lib/python3.6/site-packages/airflow/example_dags/tutorial_etl_dag.py for tasks to queue
[2021-05-26 05:44:30,735] {logging_mixin.py:104} INFO - [2021-05-26 05:44:30,735] {dagbag.py:487} INFO - Filling up the DagBag from /home/ubuntu/.local/lib/python3.6/site-packages/airflow/example_dags/tutorial_etl_dag.py
[2021-05-26 05:44:30,745] {scheduler_job.py:643} INFO - DAG(s) dict_keys(['tutorial_etl_dag']) retrieved from /home/ubuntu/.local/lib/python3.6/site-packages/airflow/example_dags/tutorial_etl_dag.py
[2021-05-26 05:44:30,759] {logging_mixin.py:104} INFO - [2021-05-26 05:44:30,759] {dag.py:1832} INFO - Sync 1 DAGs
[2021-05-26 05:44:30,776] {logging_mixin.py:104} INFO - [2021-05-26 05:44:30,776] {dag.py:2305} INFO - Setting next_dagrun for tutorial_etl_dag to None
[2021-05-26 05:44:30,800] {scheduler_job.py:190} INFO - Processing /home/ubuntu/.local/lib/python3.6/site-packages/airflow/example_dags/tutorial_etl_dag.py took 0.070 seconds
[2021-05-26 05:47:27,573] {scheduler_job.py:182} INFO - Started process (PID=10544) to work on /home/ubuntu/.local/lib/python3.6/site-packages/airflow/example_dags/tutorial_etl_dag.py
[2021-05-26 05:47:27,574] {scheduler_job.py:633} INFO - Processing file /home/ubuntu/.local/lib/python3.6/site-packages/airflow/example_dags/tutorial_etl_dag.py for tasks to queue
[2021-05-26 05:47:27,575] {logging_mixin.py:104} INFO - [2021-05-26 05:47:27,575] {dagbag.py:487} INFO - Filling up the DagBag from /home/ubuntu/.local/lib/python3.6/site-packages/airflow/example_dags/tutorial_etl_dag.py
[2021-05-26 05:47:27,587] {scheduler_job.py:643} INFO - DAG(s) dict_keys(['tutorial_etl_dag']) retrieved from /home/ubuntu/.local/lib/python3.6/site-packages/airflow/example_dags/tutorial_etl_dag.py
[2021-05-26 05:47:27,604] {logging_mixin.py:104} INFO - [2021-05-26 05:47:27,604] {dag.py:1832} INFO - Sync 1 DAGs
[2021-05-26 05:47:27,616] {logging_mixin.py:104} INFO - [2021-05-26 05:47:27,616] {dag.py:2305} INFO - Setting next_dagrun for tutorial_etl_dag to None
[2021-05-26 05:47:27,633] {scheduler_job.py:190} INFO - Processing /home/ubuntu/.local/lib/python3.6/site-packages/airflow/example_dags/tutorial_etl_dag.py took 0.062 seconds
[2021-05-26 05:48:02,018] {scheduler_job.py:182} INFO - Started process (PID=10697) to work on /home/ubuntu/.local/lib/python3.6/site-packages/airflow/example_dags/tutorial_etl_dag.py
[2021-05-26 05:48:02,022] {scheduler_job.py:633} INFO - Processing file /home/ubuntu/.local/lib/python3.6/site-packages/airflow/example_dags/tutorial_etl_dag.py for tasks to queue
[2021-05-26 05:48:02,023] {logging_mixin.py:104} INFO - [2021-05-26 05:48:02,023] {dagbag.py:487} INFO - Filling up the DagBag from /home/ubuntu/.local/lib/python3.6/site-packages/airflow/example_dags/tutorial_etl_dag.py
[2021-05-26 05:48:02,037] {scheduler_job.py:643} INFO - DAG(s) dict_keys(['tutorial_etl_dag']) retrieved from /home/ubuntu/.local/lib/python3.6/site-packages/airflow/example_dags/tutorial_etl_dag.py
[2021-05-26 05:48:02,052] {logging_mixin.py:104} INFO - [2021-05-26 05:48:02,052] {dag.py:1832} INFO - Sync 1 DAGs
[2021-05-26 05:48:02,069] {logging_mixin.py:104} INFO - [2021-05-26 05:48:02,069] {dag.py:2305} INFO - Setting next_dagrun for tutorial_etl_dag to None
[2021-05-26 05:48:02,089] {scheduler_job.py:190} INFO - Processing /home/ubuntu/.local/lib/python3.6/site-packages/airflow/example_dags/tutorial_etl_dag.py took 0.076 seconds
[2021-05-26 05:48:34,062] {scheduler_job.py:182} INFO - Started process (PID=10842) to work on /home/ubuntu/.local/lib/python3.6/site-packages/airflow/example_dags/tutorial_etl_dag.py
[2021-05-26 05:48:34,064] {scheduler_job.py:633} INFO - Processing file /home/ubuntu/.local/lib/python3.6/site-packages/airflow/example_dags/tutorial_etl_dag.py for tasks to queue
[2021-05-26 05:48:34,065] {logging_mixin.py:104} INFO - [2021-05-26 05:48:34,065] {dagbag.py:487} INFO - Filling up the DagBag from /home/ubuntu/.local/lib/python3.6/site-packages/airflow/example_dags/tutorial_etl_dag.py
[2021-05-26 05:48:34,078] {scheduler_job.py:643} INFO - DAG(s) dict_keys(['tutorial_etl_dag']) retrieved from /home/ubuntu/.local/lib/python3.6/site-packages/airflow/example_dags/tutorial_etl_dag.py
[2021-05-26 05:48:34,091] {logging_mixin.py:104} INFO - [2021-05-26 05:48:34,091] {dag.py:1832} INFO - Sync 1 DAGs
[2021-05-26 05:48:34,106] {logging_mixin.py:104} INFO - [2021-05-26 05:48:34,106] {dag.py:2305} INFO - Setting next_dagrun for tutorial_etl_dag to None
[2021-05-26 05:48:34,123] {scheduler_job.py:190} INFO - Processing /home/ubuntu/.local/lib/python3.6/site-packages/airflow/example_dags/tutorial_etl_dag.py took 0.065 seconds
[2021-05-26 05:49:05,909] {scheduler_job.py:182} INFO - Started process (PID=10969) to work on /home/ubuntu/.local/lib/python3.6/site-packages/airflow/example_dags/tutorial_etl_dag.py
[2021-05-26 05:49:05,911] {scheduler_job.py:633} INFO - Processing file /home/ubuntu/.local/lib/python3.6/site-packages/airflow/example_dags/tutorial_etl_dag.py for tasks to queue
[2021-05-26 05:49:05,912] {logging_mixin.py:104} INFO - [2021-05-26 05:49:05,912] {dagbag.py:487} INFO - Filling up the DagBag from /home/ubuntu/.local/lib/python3.6/site-packages/airflow/example_dags/tutorial_etl_dag.py
[2021-05-26 05:49:05,925] {scheduler_job.py:643} INFO - DAG(s) dict_keys(['tutorial_etl_dag']) retrieved from /home/ubuntu/.local/lib/python3.6/site-packages/airflow/example_dags/tutorial_etl_dag.py
[2021-05-26 05:49:05,938] {logging_mixin.py:104} INFO - [2021-05-26 05:49:05,938] {dag.py:1832} INFO - Sync 1 DAGs
[2021-05-26 05:49:05,954] {logging_mixin.py:104} INFO - [2021-05-26 05:49:05,954] {dag.py:2305} INFO - Setting next_dagrun for tutorial_etl_dag to None
[2021-05-26 05:49:05,974] {scheduler_job.py:190} INFO - Processing /home/ubuntu/.local/lib/python3.6/site-packages/airflow/example_dags/tutorial_etl_dag.py took 0.067 seconds
[2021-05-26 05:49:38,458] {scheduler_job.py:182} INFO - Started process (PID=11122) to work on /home/ubuntu/.local/lib/python3.6/site-packages/airflow/example_dags/tutorial_etl_dag.py
[2021-05-26 05:49:38,460] {scheduler_job.py:633} INFO - Processing file /home/ubuntu/.local/lib/python3.6/site-packages/airflow/example_dags/tutorial_etl_dag.py for tasks to queue
[2021-05-26 05:49:38,461] {logging_mixin.py:104} INFO - [2021-05-26 05:49:38,461] {dagbag.py:487} INFO - Filling up the DagBag from /home/ubuntu/.local/lib/python3.6/site-packages/airflow/example_dags/tutorial_etl_dag.py
[2021-05-26 05:49:38,474] {scheduler_job.py:643} INFO - DAG(s) dict_keys(['tutorial_etl_dag']) retrieved from /home/ubuntu/.local/lib/python3.6/site-packages/airflow/example_dags/tutorial_etl_dag.py
[2021-05-26 05:49:38,486] {logging_mixin.py:104} INFO - [2021-05-26 05:49:38,486] {dag.py:1832} INFO - Sync 1 DAGs
[2021-05-26 05:49:38,500] {logging_mixin.py:104} INFO - [2021-05-26 05:49:38,500] {dag.py:2305} INFO - Setting next_dagrun for tutorial_etl_dag to None
[2021-05-26 05:49:38,517] {scheduler_job.py:190} INFO - Processing /home/ubuntu/.local/lib/python3.6/site-packages/airflow/example_dags/tutorial_etl_dag.py took 0.061 seconds
[2021-05-26 05:50:09,870] {scheduler_job.py:182} INFO - Started process (PID=11244) to work on /home/ubuntu/.local/lib/python3.6/site-packages/airflow/example_dags/tutorial_etl_dag.py
[2021-05-26 05:50:09,873] {scheduler_job.py:633} INFO - Processing file /home/ubuntu/.local/lib/python3.6/site-packages/airflow/example_dags/tutorial_etl_dag.py for tasks to queue
[2021-05-26 05:50:09,875] {logging_mixin.py:104} INFO - [2021-05-26 05:50:09,875] {dagbag.py:487} INFO - Filling up the DagBag from /home/ubuntu/.local/lib/python3.6/site-packages/airflow/example_dags/tutorial_etl_dag.py
[2021-05-26 05:50:09,888] {scheduler_job.py:643} INFO - DAG(s) dict_keys(['tutorial_etl_dag']) retrieved from /home/ubuntu/.local/lib/python3.6/site-packages/airflow/example_dags/tutorial_etl_dag.py
[2021-05-26 05:50:09,903] {logging_mixin.py:104} INFO - [2021-05-26 05:50:09,902] {dag.py:1832} INFO - Sync 1 DAGs
[2021-05-26 05:50:09,921] {logging_mixin.py:104} INFO - [2021-05-26 05:50:09,920] {dag.py:2305} INFO - Setting next_dagrun for tutorial_etl_dag to None
[2021-05-26 05:50:09,940] {scheduler_job.py:190} INFO - Processing /home/ubuntu/.local/lib/python3.6/site-packages/airflow/example_dags/tutorial_etl_dag.py took 0.072 seconds
[2021-05-26 05:50:41,195] {scheduler_job.py:182} INFO - Started process (PID=11364) to work on /home/ubuntu/.local/lib/python3.6/site-packages/airflow/example_dags/tutorial_etl_dag.py
[2021-05-26 05:50:41,196] {scheduler_job.py:633} INFO - Processing file /home/ubuntu/.local/lib/python3.6/site-packages/airflow/example_dags/tutorial_etl_dag.py for tasks to queue
[2021-05-26 05:50:41,196] {logging_mixin.py:104} INFO - [2021-05-26 05:50:41,196] {dagbag.py:487} INFO - Filling up the DagBag from /home/ubuntu/.local/lib/python3.6/site-packages/airflow/example_dags/tutorial_etl_dag.py
[2021-05-26 05:50:41,208] {scheduler_job.py:643} INFO - DAG(s) dict_keys(['tutorial_etl_dag']) retrieved from /home/ubuntu/.local/lib/python3.6/site-packages/airflow/example_dags/tutorial_etl_dag.py
[2021-05-26 05:50:41,222] {logging_mixin.py:104} INFO - [2021-05-26 05:50:41,222] {dag.py:1832} INFO - Sync 1 DAGs
[2021-05-26 05:50:41,238] {logging_mixin.py:104} INFO - [2021-05-26 05:50:41,238] {dag.py:2305} INFO - Setting next_dagrun for tutorial_etl_dag to None
[2021-05-26 05:50:41,257] {scheduler_job.py:190} INFO - Processing /home/ubuntu/.local/lib/python3.6/site-packages/airflow/example_dags/tutorial_etl_dag.py took 0.064 seconds
[2021-05-26 05:51:13,367] {scheduler_job.py:182} INFO - Started process (PID=11491) to work on /home/ubuntu/.local/lib/python3.6/site-packages/airflow/example_dags/tutorial_etl_dag.py
[2021-05-26 05:51:13,370] {scheduler_job.py:633} INFO - Processing file /home/ubuntu/.local/lib/python3.6/site-packages/airflow/example_dags/tutorial_etl_dag.py for tasks to queue
[2021-05-26 05:51:13,371] {logging_mixin.py:104} INFO - [2021-05-26 05:51:13,371] {dagbag.py:487} INFO - Filling up the DagBag from /home/ubuntu/.local/lib/python3.6/site-packages/airflow/example_dags/tutorial_etl_dag.py
[2021-05-26 05:51:13,385] {scheduler_job.py:643} INFO - DAG(s) dict_keys(['tutorial_etl_dag']) retrieved from /home/ubuntu/.local/lib/python3.6/site-packages/airflow/example_dags/tutorial_etl_dag.py
[2021-05-26 05:51:13,399] {logging_mixin.py:104} INFO - [2021-05-26 05:51:13,399] {dag.py:1832} INFO - Sync 1 DAGs
[2021-05-26 05:51:13,416] {logging_mixin.py:104} INFO - [2021-05-26 05:51:13,416] {dag.py:2305} INFO - Setting next_dagrun for tutorial_etl_dag to None
[2021-05-26 05:51:13,433] {scheduler_job.py:190} INFO - Processing /home/ubuntu/.local/lib/python3.6/site-packages/airflow/example_dags/tutorial_etl_dag.py took 0.068 seconds
[2021-05-26 05:51:44,299] {scheduler_job.py:182} INFO - Started process (PID=11612) to work on /home/ubuntu/.local/lib/python3.6/site-packages/airflow/example_dags/tutorial_etl_dag.py
[2021-05-26 05:51:44,302] {scheduler_job.py:633} INFO - Processing file /home/ubuntu/.local/lib/python3.6/site-packages/airflow/example_dags/tutorial_etl_dag.py for tasks to queue
[2021-05-26 05:51:44,303] {logging_mixin.py:104} INFO - [2021-05-26 05:51:44,303] {dagbag.py:487} INFO - Filling up the DagBag from /home/ubuntu/.local/lib/python3.6/site-packages/airflow/example_dags/tutorial_etl_dag.py
[2021-05-26 05:51:44,315] {scheduler_job.py:643} INFO - DAG(s) dict_keys(['tutorial_etl_dag']) retrieved from /home/ubuntu/.local/lib/python3.6/site-packages/airflow/example_dags/tutorial_etl_dag.py
[2021-05-26 05:51:44,328] {logging_mixin.py:104} INFO - [2021-05-26 05:51:44,328] {dag.py:1832} INFO - Sync 1 DAGs
[2021-05-26 05:51:44,344] {logging_mixin.py:104} INFO - [2021-05-26 05:51:44,343] {dag.py:2305} INFO - Setting next_dagrun for tutorial_etl_dag to None
[2021-05-26 05:51:44,362] {scheduler_job.py:190} INFO - Processing /home/ubuntu/.local/lib/python3.6/site-packages/airflow/example_dags/tutorial_etl_dag.py took 0.065 seconds
[2021-05-26 05:52:15,066] {scheduler_job.py:182} INFO - Started process (PID=11732) to work on /home/ubuntu/.local/lib/python3.6/site-packages/airflow/example_dags/tutorial_etl_dag.py
[2021-05-26 05:52:15,071] {scheduler_job.py:633} INFO - Processing file /home/ubuntu/.local/lib/python3.6/site-packages/airflow/example_dags/tutorial_etl_dag.py for tasks to queue
[2021-05-26 05:52:15,073] {logging_mixin.py:104} INFO - [2021-05-26 05:52:15,072] {dagbag.py:487} INFO - Filling up the DagBag from /home/ubuntu/.local/lib/python3.6/site-packages/airflow/example_dags/tutorial_etl_dag.py
[2021-05-26 05:52:15,085] {scheduler_job.py:643} INFO - DAG(s) dict_keys(['tutorial_etl_dag']) retrieved from /home/ubuntu/.local/lib/python3.6/site-packages/airflow/example_dags/tutorial_etl_dag.py
[2021-05-26 05:52:15,100] {logging_mixin.py:104} INFO - [2021-05-26 05:52:15,100] {dag.py:1832} INFO - Sync 1 DAGs
[2021-05-26 05:52:15,113] {logging_mixin.py:104} INFO - [2021-05-26 05:52:15,112] {dag.py:2305} INFO - Setting next_dagrun for tutorial_etl_dag to None
[2021-05-26 05:52:15,130] {scheduler_job.py:190} INFO - Processing /home/ubuntu/.local/lib/python3.6/site-packages/airflow/example_dags/tutorial_etl_dag.py took 0.065 seconds
[2021-05-26 05:52:46,010] {scheduler_job.py:182} INFO - Started process (PID=11853) to work on /home/ubuntu/.local/lib/python3.6/site-packages/airflow/example_dags/tutorial_etl_dag.py
[2021-05-26 05:52:46,013] {scheduler_job.py:633} INFO - Processing file /home/ubuntu/.local/lib/python3.6/site-packages/airflow/example_dags/tutorial_etl_dag.py for tasks to queue
[2021-05-26 05:52:46,014] {logging_mixin.py:104} INFO - [2021-05-26 05:52:46,013] {dagbag.py:487} INFO - Filling up the DagBag from /home/ubuntu/.local/lib/python3.6/site-packages/airflow/example_dags/tutorial_etl_dag.py
[2021-05-26 05:52:46,028] {scheduler_job.py:643} INFO - DAG(s) dict_keys(['tutorial_etl_dag']) retrieved from /home/ubuntu/.local/lib/python3.6/site-packages/airflow/example_dags/tutorial_etl_dag.py
[2021-05-26 05:52:46,043] {logging_mixin.py:104} INFO - [2021-05-26 05:52:46,043] {dag.py:1832} INFO - Sync 1 DAGs
[2021-05-26 05:52:46,056] {logging_mixin.py:104} INFO - [2021-05-26 05:52:46,056] {dag.py:2305} INFO - Setting next_dagrun for tutorial_etl_dag to None
[2021-05-26 05:52:46,097] {scheduler_job.py:190} INFO - Processing /home/ubuntu/.local/lib/python3.6/site-packages/airflow/example_dags/tutorial_etl_dag.py took 0.089 seconds
[2021-05-26 05:53:17,635] {scheduler_job.py:182} INFO - Started process (PID=11974) to work on /home/ubuntu/.local/lib/python3.6/site-packages/airflow/example_dags/tutorial_etl_dag.py
[2021-05-26 05:53:17,640] {scheduler_job.py:633} INFO - Processing file /home/ubuntu/.local/lib/python3.6/site-packages/airflow/example_dags/tutorial_etl_dag.py for tasks to queue
[2021-05-26 05:53:17,644] {logging_mixin.py:104} INFO - [2021-05-26 05:53:17,643] {dagbag.py:487} INFO - Filling up the DagBag from /home/ubuntu/.local/lib/python3.6/site-packages/airflow/example_dags/tutorial_etl_dag.py
[2021-05-26 05:53:17,656] {scheduler_job.py:643} INFO - DAG(s) dict_keys(['tutorial_etl_dag']) retrieved from /home/ubuntu/.local/lib/python3.6/site-packages/airflow/example_dags/tutorial_etl_dag.py
[2021-05-26 05:53:17,669] {logging_mixin.py:104} INFO - [2021-05-26 05:53:17,668] {dag.py:1832} INFO - Sync 1 DAGs
[2021-05-26 05:53:17,681] {logging_mixin.py:104} INFO - [2021-05-26 05:53:17,681] {dag.py:2305} INFO - Setting next_dagrun for tutorial_etl_dag to None
[2021-05-26 05:53:17,697] {scheduler_job.py:190} INFO - Processing /home/ubuntu/.local/lib/python3.6/site-packages/airflow/example_dags/tutorial_etl_dag.py took 0.063 seconds
[2021-05-26 05:53:49,078] {scheduler_job.py:182} INFO - Started process (PID=12097) to work on /home/ubuntu/.local/lib/python3.6/site-packages/airflow/example_dags/tutorial_etl_dag.py
[2021-05-26 05:53:49,080] {scheduler_job.py:633} INFO - Processing file /home/ubuntu/.local/lib/python3.6/site-packages/airflow/example_dags/tutorial_etl_dag.py for tasks to queue
[2021-05-26 05:53:49,081] {logging_mixin.py:104} INFO - [2021-05-26 05:53:49,081] {dagbag.py:487} INFO - Filling up the DagBag from /home/ubuntu/.local/lib/python3.6/site-packages/airflow/example_dags/tutorial_etl_dag.py
[2021-05-26 05:53:49,096] {scheduler_job.py:643} INFO - DAG(s) dict_keys(['tutorial_etl_dag']) retrieved from /home/ubuntu/.local/lib/python3.6/site-packages/airflow/example_dags/tutorial_etl_dag.py
[2021-05-26 05:53:49,110] {logging_mixin.py:104} INFO - [2021-05-26 05:53:49,110] {dag.py:1832} INFO - Sync 1 DAGs
[2021-05-26 05:53:49,124] {logging_mixin.py:104} INFO - [2021-05-26 05:53:49,123] {dag.py:2305} INFO - Setting next_dagrun for tutorial_etl_dag to None
[2021-05-26 05:53:49,143] {scheduler_job.py:190} INFO - Processing /home/ubuntu/.local/lib/python3.6/site-packages/airflow/example_dags/tutorial_etl_dag.py took 0.067 seconds
[2021-05-26 05:54:20,827] {scheduler_job.py:182} INFO - Started process (PID=12223) to work on /home/ubuntu/.local/lib/python3.6/site-packages/airflow/example_dags/tutorial_etl_dag.py
[2021-05-26 05:54:20,830] {scheduler_job.py:633} INFO - Processing file /home/ubuntu/.local/lib/python3.6/site-packages/airflow/example_dags/tutorial_etl_dag.py for tasks to queue
[2021-05-26 05:54:20,830] {logging_mixin.py:104} INFO - [2021-05-26 05:54:20,830] {dagbag.py:487} INFO - Filling up the DagBag from /home/ubuntu/.local/lib/python3.6/site-packages/airflow/example_dags/tutorial_etl_dag.py
[2021-05-26 05:54:20,855] {scheduler_job.py:643} INFO - DAG(s) dict_keys(['tutorial_etl_dag']) retrieved from /home/ubuntu/.local/lib/python3.6/site-packages/airflow/example_dags/tutorial_etl_dag.py
[2021-05-26 05:54:20,874] {logging_mixin.py:104} INFO - [2021-05-26 05:54:20,874] {dag.py:1832} INFO - Sync 1 DAGs
[2021-05-26 05:54:20,894] {logging_mixin.py:104} INFO - [2021-05-26 05:54:20,893] {dag.py:2305} INFO - Setting next_dagrun for tutorial_etl_dag to None
[2021-05-26 05:54:20,920] {scheduler_job.py:190} INFO - Processing /home/ubuntu/.local/lib/python3.6/site-packages/airflow/example_dags/tutorial_etl_dag.py took 0.094 seconds
[2021-05-26 05:54:53,786] {scheduler_job.py:182} INFO - Started process (PID=12355) to work on /home/ubuntu/.local/lib/python3.6/site-packages/airflow/example_dags/tutorial_etl_dag.py
[2021-05-26 05:54:53,789] {scheduler_job.py:633} INFO - Processing file /home/ubuntu/.local/lib/python3.6/site-packages/airflow/example_dags/tutorial_etl_dag.py for tasks to queue
[2021-05-26 05:54:53,789] {logging_mixin.py:104} INFO - [2021-05-26 05:54:53,789] {dagbag.py:487} INFO - Filling up the DagBag from /home/ubuntu/.local/lib/python3.6/site-packages/airflow/example_dags/tutorial_etl_dag.py
[2021-05-26 05:54:53,804] {scheduler_job.py:643} INFO - DAG(s) dict_keys(['tutorial_etl_dag']) retrieved from /home/ubuntu/.local/lib/python3.6/site-packages/airflow/example_dags/tutorial_etl_dag.py
[2021-05-26 05:54:53,818] {logging_mixin.py:104} INFO - [2021-05-26 05:54:53,818] {dag.py:1832} INFO - Sync 1 DAGs
[2021-05-26 05:54:53,831] {logging_mixin.py:104} INFO - [2021-05-26 05:54:53,831] {dag.py:2305} INFO - Setting next_dagrun for tutorial_etl_dag to None
[2021-05-26 05:54:53,850] {scheduler_job.py:190} INFO - Processing /home/ubuntu/.local/lib/python3.6/site-packages/airflow/example_dags/tutorial_etl_dag.py took 0.066 seconds
[2021-05-26 05:55:43,550] {scheduler_job.py:182} INFO - Started process (PID=12576) to work on /home/ubuntu/.local/lib/python3.6/site-packages/airflow/example_dags/tutorial_etl_dag.py
[2021-05-26 05:55:43,555] {scheduler_job.py:633} INFO - Processing file /home/ubuntu/.local/lib/python3.6/site-packages/airflow/example_dags/tutorial_etl_dag.py for tasks to queue
[2021-05-26 05:55:43,560] {logging_mixin.py:104} INFO - [2021-05-26 05:55:43,560] {dagbag.py:487} INFO - Filling up the DagBag from /home/ubuntu/.local/lib/python3.6/site-packages/airflow/example_dags/tutorial_etl_dag.py
[2021-05-26 05:55:43,576] {scheduler_job.py:643} INFO - DAG(s) dict_keys(['tutorial_etl_dag']) retrieved from /home/ubuntu/.local/lib/python3.6/site-packages/airflow/example_dags/tutorial_etl_dag.py
[2021-05-26 05:55:43,593] {logging_mixin.py:104} INFO - [2021-05-26 05:55:43,593] {dag.py:1832} INFO - Sync 1 DAGs
[2021-05-26 05:55:43,617] {logging_mixin.py:104} INFO - [2021-05-26 05:55:43,617] {dag.py:2305} INFO - Setting next_dagrun for tutorial_etl_dag to None
[2021-05-26 05:55:43,645] {scheduler_job.py:190} INFO - Processing /home/ubuntu/.local/lib/python3.6/site-packages/airflow/example_dags/tutorial_etl_dag.py took 0.096 seconds
[2021-05-26 05:56:19,455] {scheduler_job.py:182} INFO - Started process (PID=12726) to work on /home/ubuntu/.local/lib/python3.6/site-packages/airflow/example_dags/tutorial_etl_dag.py
[2021-05-26 05:56:19,456] {scheduler_job.py:633} INFO - Processing file /home/ubuntu/.local/lib/python3.6/site-packages/airflow/example_dags/tutorial_etl_dag.py for tasks to queue
[2021-05-26 05:56:19,457] {logging_mixin.py:104} INFO - [2021-05-26 05:56:19,457] {dagbag.py:487} INFO - Filling up the DagBag from /home/ubuntu/.local/lib/python3.6/site-packages/airflow/example_dags/tutorial_etl_dag.py
[2021-05-26 05:56:19,470] {scheduler_job.py:643} INFO - DAG(s) dict_keys(['tutorial_etl_dag']) retrieved from /home/ubuntu/.local/lib/python3.6/site-packages/airflow/example_dags/tutorial_etl_dag.py
[2021-05-26 05:56:19,488] {logging_mixin.py:104} INFO - [2021-05-26 05:56:19,488] {dag.py:1832} INFO - Sync 1 DAGs
[2021-05-26 05:56:19,506] {logging_mixin.py:104} INFO - [2021-05-26 05:56:19,505] {dag.py:2305} INFO - Setting next_dagrun for tutorial_etl_dag to None
[2021-05-26 05:56:19,524] {scheduler_job.py:190} INFO - Processing /home/ubuntu/.local/lib/python3.6/site-packages/airflow/example_dags/tutorial_etl_dag.py took 0.072 seconds
[2021-05-26 05:56:53,444] {scheduler_job.py:182} INFO - Started process (PID=12888) to work on /home/ubuntu/.local/lib/python3.6/site-packages/airflow/example_dags/tutorial_etl_dag.py
[2021-05-26 05:56:53,449] {scheduler_job.py:633} INFO - Processing file /home/ubuntu/.local/lib/python3.6/site-packages/airflow/example_dags/tutorial_etl_dag.py for tasks to queue
[2021-05-26 05:56:53,452] {logging_mixin.py:104} INFO - [2021-05-26 05:56:53,452] {dagbag.py:487} INFO - Filling up the DagBag from /home/ubuntu/.local/lib/python3.6/site-packages/airflow/example_dags/tutorial_etl_dag.py
[2021-05-26 05:56:53,467] {scheduler_job.py:643} INFO - DAG(s) dict_keys(['tutorial_etl_dag']) retrieved from /home/ubuntu/.local/lib/python3.6/site-packages/airflow/example_dags/tutorial_etl_dag.py
[2021-05-26 05:56:53,484] {logging_mixin.py:104} INFO - [2021-05-26 05:56:53,484] {dag.py:1832} INFO - Sync 1 DAGs
[2021-05-26 05:56:53,503] {logging_mixin.py:104} INFO - [2021-05-26 05:56:53,503] {dag.py:2305} INFO - Setting next_dagrun for tutorial_etl_dag to None
[2021-05-26 05:56:53,531] {scheduler_job.py:190} INFO - Processing /home/ubuntu/.local/lib/python3.6/site-packages/airflow/example_dags/tutorial_etl_dag.py took 0.089 seconds
[2021-05-26 05:57:27,079] {scheduler_job.py:182} INFO - Started process (PID=13050) to work on /home/ubuntu/.local/lib/python3.6/site-packages/airflow/example_dags/tutorial_etl_dag.py
[2021-05-26 05:57:27,083] {scheduler_job.py:633} INFO - Processing file /home/ubuntu/.local/lib/python3.6/site-packages/airflow/example_dags/tutorial_etl_dag.py for tasks to queue
[2021-05-26 05:57:27,087] {logging_mixin.py:104} INFO - [2021-05-26 05:57:27,087] {dagbag.py:487} INFO - Filling up the DagBag from /home/ubuntu/.local/lib/python3.6/site-packages/airflow/example_dags/tutorial_etl_dag.py
[2021-05-26 05:57:27,101] {scheduler_job.py:643} INFO - DAG(s) dict_keys(['tutorial_etl_dag']) retrieved from /home/ubuntu/.local/lib/python3.6/site-packages/airflow/example_dags/tutorial_etl_dag.py
[2021-05-26 05:57:27,117] {logging_mixin.py:104} INFO - [2021-05-26 05:57:27,116] {dag.py:1832} INFO - Sync 1 DAGs
[2021-05-26 05:57:27,135] {logging_mixin.py:104} INFO - [2021-05-26 05:57:27,135] {dag.py:2305} INFO - Setting next_dagrun for tutorial_etl_dag to None
[2021-05-26 05:57:27,164] {scheduler_job.py:190} INFO - Processing /home/ubuntu/.local/lib/python3.6/site-packages/airflow/example_dags/tutorial_etl_dag.py took 0.087 seconds
[2021-05-26 05:57:59,940] {scheduler_job.py:182} INFO - Started process (PID=13177) to work on /home/ubuntu/.local/lib/python3.6/site-packages/airflow/example_dags/tutorial_etl_dag.py
[2021-05-26 05:57:59,944] {scheduler_job.py:633} INFO - Processing file /home/ubuntu/.local/lib/python3.6/site-packages/airflow/example_dags/tutorial_etl_dag.py for tasks to queue
[2021-05-26 05:57:59,948] {logging_mixin.py:104} INFO - [2021-05-26 05:57:59,948] {dagbag.py:487} INFO - Filling up the DagBag from /home/ubuntu/.local/lib/python3.6/site-packages/airflow/example_dags/tutorial_etl_dag.py
[2021-05-26 05:57:59,962] {scheduler_job.py:643} INFO - DAG(s) dict_keys(['tutorial_etl_dag']) retrieved from /home/ubuntu/.local/lib/python3.6/site-packages/airflow/example_dags/tutorial_etl_dag.py
[2021-05-26 05:57:59,977] {logging_mixin.py:104} INFO - [2021-05-26 05:57:59,977] {dag.py:1832} INFO - Sync 1 DAGs
[2021-05-26 05:57:59,995] {logging_mixin.py:104} INFO - [2021-05-26 05:57:59,995] {dag.py:2305} INFO - Setting next_dagrun for tutorial_etl_dag to None
[2021-05-26 05:58:00,022] {scheduler_job.py:190} INFO - Processing /home/ubuntu/.local/lib/python3.6/site-packages/airflow/example_dags/tutorial_etl_dag.py took 0.084 seconds
[2021-05-26 05:58:31,673] {scheduler_job.py:182} INFO - Started process (PID=13328) to work on /home/ubuntu/.local/lib/python3.6/site-packages/airflow/example_dags/tutorial_etl_dag.py
[2021-05-26 05:58:31,684] {scheduler_job.py:633} INFO - Processing file /home/ubuntu/.local/lib/python3.6/site-packages/airflow/example_dags/tutorial_etl_dag.py for tasks to queue
[2021-05-26 05:58:31,685] {logging_mixin.py:104} INFO - [2021-05-26 05:58:31,684] {dagbag.py:487} INFO - Filling up the DagBag from /home/ubuntu/.local/lib/python3.6/site-packages/airflow/example_dags/tutorial_etl_dag.py
[2021-05-26 05:58:31,705] {scheduler_job.py:643} INFO - DAG(s) dict_keys(['tutorial_etl_dag']) retrieved from /home/ubuntu/.local/lib/python3.6/site-packages/airflow/example_dags/tutorial_etl_dag.py
[2021-05-26 05:58:31,732] {logging_mixin.py:104} INFO - [2021-05-26 05:58:31,732] {dag.py:1832} INFO - Sync 1 DAGs
[2021-05-26 05:58:31,754] {logging_mixin.py:104} INFO - [2021-05-26 05:58:31,754] {dag.py:2305} INFO - Setting next_dagrun for tutorial_etl_dag to None
[2021-05-26 05:58:31,786] {scheduler_job.py:190} INFO - Processing /home/ubuntu/.local/lib/python3.6/site-packages/airflow/example_dags/tutorial_etl_dag.py took 0.115 seconds
[2021-05-26 05:59:06,373] {scheduler_job.py:182} INFO - Started process (PID=13496) to work on /home/ubuntu/.local/lib/python3.6/site-packages/airflow/example_dags/tutorial_etl_dag.py
[2021-05-26 05:59:06,378] {scheduler_job.py:633} INFO - Processing file /home/ubuntu/.local/lib/python3.6/site-packages/airflow/example_dags/tutorial_etl_dag.py for tasks to queue
[2021-05-26 05:59:06,382] {logging_mixin.py:104} INFO - [2021-05-26 05:59:06,382] {dagbag.py:487} INFO - Filling up the DagBag from /home/ubuntu/.local/lib/python3.6/site-packages/airflow/example_dags/tutorial_etl_dag.py
[2021-05-26 05:59:06,397] {scheduler_job.py:643} INFO - DAG(s) dict_keys(['tutorial_etl_dag']) retrieved from /home/ubuntu/.local/lib/python3.6/site-packages/airflow/example_dags/tutorial_etl_dag.py
[2021-05-26 05:59:06,415] {logging_mixin.py:104} INFO - [2021-05-26 05:59:06,415] {dag.py:1832} INFO - Sync 1 DAGs
[2021-05-26 05:59:06,433] {logging_mixin.py:104} INFO - [2021-05-26 05:59:06,432] {dag.py:2305} INFO - Setting next_dagrun for tutorial_etl_dag to None
[2021-05-26 05:59:06,460] {scheduler_job.py:190} INFO - Processing /home/ubuntu/.local/lib/python3.6/site-packages/airflow/example_dags/tutorial_etl_dag.py took 0.090 seconds
[2021-05-26 05:59:39,317] {scheduler_job.py:182} INFO - Started process (PID=13663) to work on /home/ubuntu/.local/lib/python3.6/site-packages/airflow/example_dags/tutorial_etl_dag.py
[2021-05-26 05:59:39,322] {scheduler_job.py:633} INFO - Processing file /home/ubuntu/.local/lib/python3.6/site-packages/airflow/example_dags/tutorial_etl_dag.py for tasks to queue
[2021-05-26 05:59:39,325] {logging_mixin.py:104} INFO - [2021-05-26 05:59:39,325] {dagbag.py:487} INFO - Filling up the DagBag from /home/ubuntu/.local/lib/python3.6/site-packages/airflow/example_dags/tutorial_etl_dag.py
[2021-05-26 05:59:39,340] {scheduler_job.py:643} INFO - DAG(s) dict_keys(['tutorial_etl_dag']) retrieved from /home/ubuntu/.local/lib/python3.6/site-packages/airflow/example_dags/tutorial_etl_dag.py
[2021-05-26 05:59:39,358] {logging_mixin.py:104} INFO - [2021-05-26 05:59:39,358] {dag.py:1832} INFO - Sync 1 DAGs
[2021-05-26 05:59:39,375] {logging_mixin.py:104} INFO - [2021-05-26 05:59:39,375] {dag.py:2305} INFO - Setting next_dagrun for tutorial_etl_dag to None
[2021-05-26 05:59:39,399] {scheduler_job.py:190} INFO - Processing /home/ubuntu/.local/lib/python3.6/site-packages/airflow/example_dags/tutorial_etl_dag.py took 0.084 seconds
[2021-05-26 06:00:14,773] {scheduler_job.py:182} INFO - Started process (PID=13854) to work on /home/ubuntu/.local/lib/python3.6/site-packages/airflow/example_dags/tutorial_etl_dag.py
[2021-05-26 06:00:14,784] {scheduler_job.py:633} INFO - Processing file /home/ubuntu/.local/lib/python3.6/site-packages/airflow/example_dags/tutorial_etl_dag.py for tasks to queue
[2021-05-26 06:00:14,786] {logging_mixin.py:104} INFO - [2021-05-26 06:00:14,785] {dagbag.py:487} INFO - Filling up the DagBag from /home/ubuntu/.local/lib/python3.6/site-packages/airflow/example_dags/tutorial_etl_dag.py
[2021-05-26 06:00:14,838] {scheduler_job.py:643} INFO - DAG(s) dict_keys(['tutorial_etl_dag']) retrieved from /home/ubuntu/.local/lib/python3.6/site-packages/airflow/example_dags/tutorial_etl_dag.py
[2021-05-26 06:00:14,917] {logging_mixin.py:104} INFO - [2021-05-26 06:00:14,916] {dag.py:1832} INFO - Sync 1 DAGs
[2021-05-26 06:00:14,970] {logging_mixin.py:104} INFO - [2021-05-26 06:00:14,970] {dag.py:2305} INFO - Setting next_dagrun for tutorial_etl_dag to None
[2021-05-26 06:00:15,013] {scheduler_job.py:190} INFO - Processing /home/ubuntu/.local/lib/python3.6/site-packages/airflow/example_dags/tutorial_etl_dag.py took 0.261 seconds
[2021-05-26 06:00:49,244] {scheduler_job.py:182} INFO - Started process (PID=13990) to work on /home/ubuntu/.local/lib/python3.6/site-packages/airflow/example_dags/tutorial_etl_dag.py
[2021-05-26 06:00:49,272] {scheduler_job.py:633} INFO - Processing file /home/ubuntu/.local/lib/python3.6/site-packages/airflow/example_dags/tutorial_etl_dag.py for tasks to queue
[2021-05-26 06:00:49,273] {logging_mixin.py:104} INFO - [2021-05-26 06:00:49,273] {dagbag.py:487} INFO - Filling up the DagBag from /home/ubuntu/.local/lib/python3.6/site-packages/airflow/example_dags/tutorial_etl_dag.py
[2021-05-26 06:00:49,306] {scheduler_job.py:643} INFO - DAG(s) dict_keys(['tutorial_etl_dag']) retrieved from /home/ubuntu/.local/lib/python3.6/site-packages/airflow/example_dags/tutorial_etl_dag.py
[2021-05-26 06:00:49,371] {logging_mixin.py:104} INFO - [2021-05-26 06:00:49,355] {dag.py:1832} INFO - Sync 1 DAGs
[2021-05-26 06:00:49,413] {logging_mixin.py:104} INFO - [2021-05-26 06:00:49,413] {dag.py:2305} INFO - Setting next_dagrun for tutorial_etl_dag to None
[2021-05-26 06:00:49,550] {scheduler_job.py:190} INFO - Processing /home/ubuntu/.local/lib/python3.6/site-packages/airflow/example_dags/tutorial_etl_dag.py took 0.321 seconds
[2021-05-26 06:01:21,719] {scheduler_job.py:182} INFO - Started process (PID=14153) to work on /home/ubuntu/.local/lib/python3.6/site-packages/airflow/example_dags/tutorial_etl_dag.py
[2021-05-26 06:01:21,723] {scheduler_job.py:633} INFO - Processing file /home/ubuntu/.local/lib/python3.6/site-packages/airflow/example_dags/tutorial_etl_dag.py for tasks to queue
[2021-05-26 06:01:21,727] {logging_mixin.py:104} INFO - [2021-05-26 06:01:21,727] {dagbag.py:487} INFO - Filling up the DagBag from /home/ubuntu/.local/lib/python3.6/site-packages/airflow/example_dags/tutorial_etl_dag.py
[2021-05-26 06:01:21,744] {scheduler_job.py:643} INFO - DAG(s) dict_keys(['tutorial_etl_dag']) retrieved from /home/ubuntu/.local/lib/python3.6/site-packages/airflow/example_dags/tutorial_etl_dag.py
[2021-05-26 06:01:21,760] {logging_mixin.py:104} INFO - [2021-05-26 06:01:21,760] {dag.py:1832} INFO - Sync 1 DAGs
[2021-05-26 06:01:21,777] {logging_mixin.py:104} INFO - [2021-05-26 06:01:21,777] {dag.py:2305} INFO - Setting next_dagrun for tutorial_etl_dag to None
[2021-05-26 06:01:21,806] {scheduler_job.py:190} INFO - Processing /home/ubuntu/.local/lib/python3.6/site-packages/airflow/example_dags/tutorial_etl_dag.py took 0.089 seconds
[2021-05-26 06:01:55,782] {scheduler_job.py:182} INFO - Started process (PID=14319) to work on /home/ubuntu/.local/lib/python3.6/site-packages/airflow/example_dags/tutorial_etl_dag.py
[2021-05-26 06:01:55,786] {scheduler_job.py:633} INFO - Processing file /home/ubuntu/.local/lib/python3.6/site-packages/airflow/example_dags/tutorial_etl_dag.py for tasks to queue
[2021-05-26 06:01:55,789] {logging_mixin.py:104} INFO - [2021-05-26 06:01:55,789] {dagbag.py:487} INFO - Filling up the DagBag from /home/ubuntu/.local/lib/python3.6/site-packages/airflow/example_dags/tutorial_etl_dag.py
[2021-05-26 06:01:55,806] {scheduler_job.py:643} INFO - DAG(s) dict_keys(['tutorial_etl_dag']) retrieved from /home/ubuntu/.local/lib/python3.6/site-packages/airflow/example_dags/tutorial_etl_dag.py
[2021-05-26 06:01:56,099] {logging_mixin.py:104} INFO - [2021-05-26 06:01:56,099] {dag.py:1832} INFO - Sync 1 DAGs
[2021-05-26 06:01:56,115] {logging_mixin.py:104} INFO - [2021-05-26 06:01:56,115] {dag.py:2305} INFO - Setting next_dagrun for tutorial_etl_dag to None
[2021-05-26 06:01:56,146] {scheduler_job.py:190} INFO - Processing /home/ubuntu/.local/lib/python3.6/site-packages/airflow/example_dags/tutorial_etl_dag.py took 0.366 seconds
[2021-05-26 06:02:29,206] {scheduler_job.py:182} INFO - Started process (PID=14473) to work on /home/ubuntu/.local/lib/python3.6/site-packages/airflow/example_dags/tutorial_etl_dag.py
[2021-05-26 06:02:29,211] {scheduler_job.py:633} INFO - Processing file /home/ubuntu/.local/lib/python3.6/site-packages/airflow/example_dags/tutorial_etl_dag.py for tasks to queue
[2021-05-26 06:02:29,215] {logging_mixin.py:104} INFO - [2021-05-26 06:02:29,215] {dagbag.py:487} INFO - Filling up the DagBag from /home/ubuntu/.local/lib/python3.6/site-packages/airflow/example_dags/tutorial_etl_dag.py
[2021-05-26 06:02:29,254] {scheduler_job.py:643} INFO - DAG(s) dict_keys(['tutorial_etl_dag']) retrieved from /home/ubuntu/.local/lib/python3.6/site-packages/airflow/example_dags/tutorial_etl_dag.py
[2021-05-26 06:02:29,286] {logging_mixin.py:104} INFO - [2021-05-26 06:02:29,286] {dag.py:1832} INFO - Sync 1 DAGs
[2021-05-26 06:02:29,308] {logging_mixin.py:104} INFO - [2021-05-26 06:02:29,308] {dag.py:2305} INFO - Setting next_dagrun for tutorial_etl_dag to None
[2021-05-26 06:02:29,331] {scheduler_job.py:190} INFO - Processing /home/ubuntu/.local/lib/python3.6/site-packages/airflow/example_dags/tutorial_etl_dag.py took 0.128 seconds
[2021-05-26 06:03:03,224] {scheduler_job.py:182} INFO - Started process (PID=14643) to work on /home/ubuntu/.local/lib/python3.6/site-packages/airflow/example_dags/tutorial_etl_dag.py
[2021-05-26 06:03:03,231] {scheduler_job.py:633} INFO - Processing file /home/ubuntu/.local/lib/python3.6/site-packages/airflow/example_dags/tutorial_etl_dag.py for tasks to queue
[2021-05-26 06:03:03,241] {logging_mixin.py:104} INFO - [2021-05-26 06:03:03,241] {dagbag.py:487} INFO - Filling up the DagBag from /home/ubuntu/.local/lib/python3.6/site-packages/airflow/example_dags/tutorial_etl_dag.py
[2021-05-26 06:03:03,288] {scheduler_job.py:643} INFO - DAG(s) dict_keys(['tutorial_etl_dag']) retrieved from /home/ubuntu/.local/lib/python3.6/site-packages/airflow/example_dags/tutorial_etl_dag.py
[2021-05-26 06:03:03,322] {logging_mixin.py:104} INFO - [2021-05-26 06:03:03,322] {dag.py:1832} INFO - Sync 1 DAGs
[2021-05-26 06:03:03,370] {logging_mixin.py:104} INFO - [2021-05-26 06:03:03,370] {dag.py:2305} INFO - Setting next_dagrun for tutorial_etl_dag to None
[2021-05-26 06:03:03,408] {scheduler_job.py:190} INFO - Processing /home/ubuntu/.local/lib/python3.6/site-packages/airflow/example_dags/tutorial_etl_dag.py took 0.186 seconds
[2021-05-26 06:03:43,851] {scheduler_job.py:182} INFO - Started process (PID=14848) to work on /home/ubuntu/.local/lib/python3.6/site-packages/airflow/example_dags/tutorial_etl_dag.py
[2021-05-26 06:03:43,857] {scheduler_job.py:633} INFO - Processing file /home/ubuntu/.local/lib/python3.6/site-packages/airflow/example_dags/tutorial_etl_dag.py for tasks to queue
[2021-05-26 06:03:43,861] {logging_mixin.py:104} INFO - [2021-05-26 06:03:43,861] {dagbag.py:487} INFO - Filling up the DagBag from /home/ubuntu/.local/lib/python3.6/site-packages/airflow/example_dags/tutorial_etl_dag.py
[2021-05-26 06:03:43,894] {scheduler_job.py:643} INFO - DAG(s) dict_keys(['tutorial_etl_dag']) retrieved from /home/ubuntu/.local/lib/python3.6/site-packages/airflow/example_dags/tutorial_etl_dag.py
[2021-05-26 06:03:43,920] {logging_mixin.py:104} INFO - [2021-05-26 06:03:43,920] {dag.py:1832} INFO - Sync 1 DAGs
[2021-05-26 06:03:43,940] {logging_mixin.py:104} INFO - [2021-05-26 06:03:43,940] {dag.py:2305} INFO - Setting next_dagrun for tutorial_etl_dag to None
[2021-05-26 06:03:43,997] {scheduler_job.py:190} INFO - Processing /home/ubuntu/.local/lib/python3.6/site-packages/airflow/example_dags/tutorial_etl_dag.py took 0.179 seconds
[2021-05-26 06:04:17,604] {scheduler_job.py:182} INFO - Started process (PID=15013) to work on /home/ubuntu/.local/lib/python3.6/site-packages/airflow/example_dags/tutorial_etl_dag.py
[2021-05-26 06:04:17,611] {scheduler_job.py:633} INFO - Processing file /home/ubuntu/.local/lib/python3.6/site-packages/airflow/example_dags/tutorial_etl_dag.py for tasks to queue
[2021-05-26 06:04:17,615] {logging_mixin.py:104} INFO - [2021-05-26 06:04:17,615] {dagbag.py:487} INFO - Filling up the DagBag from /home/ubuntu/.local/lib/python3.6/site-packages/airflow/example_dags/tutorial_etl_dag.py
[2021-05-26 06:04:17,630] {scheduler_job.py:643} INFO - DAG(s) dict_keys(['tutorial_etl_dag']) retrieved from /home/ubuntu/.local/lib/python3.6/site-packages/airflow/example_dags/tutorial_etl_dag.py
[2021-05-26 06:04:17,650] {logging_mixin.py:104} INFO - [2021-05-26 06:04:17,650] {dag.py:1832} INFO - Sync 1 DAGs
[2021-05-26 06:04:17,676] {logging_mixin.py:104} INFO - [2021-05-26 06:04:17,675] {dag.py:2305} INFO - Setting next_dagrun for tutorial_etl_dag to None
[2021-05-26 06:04:17,701] {scheduler_job.py:190} INFO - Processing /home/ubuntu/.local/lib/python3.6/site-packages/airflow/example_dags/tutorial_etl_dag.py took 0.099 seconds
[2021-05-26 06:04:48,000] {scheduler_job.py:182} INFO - Started process (PID=15129) to work on /home/ubuntu/.local/lib/python3.6/site-packages/airflow/example_dags/tutorial_etl_dag.py
[2021-05-26 06:04:48,004] {scheduler_job.py:633} INFO - Processing file /home/ubuntu/.local/lib/python3.6/site-packages/airflow/example_dags/tutorial_etl_dag.py for tasks to queue
[2021-05-26 06:04:48,005] {logging_mixin.py:104} INFO - [2021-05-26 06:04:48,004] {dagbag.py:487} INFO - Filling up the DagBag from /home/ubuntu/.local/lib/python3.6/site-packages/airflow/example_dags/tutorial_etl_dag.py
[2021-05-26 06:04:48,022] {scheduler_job.py:643} INFO - DAG(s) dict_keys(['tutorial_etl_dag']) retrieved from /home/ubuntu/.local/lib/python3.6/site-packages/airflow/example_dags/tutorial_etl_dag.py
[2021-05-26 06:04:48,039] {logging_mixin.py:104} INFO - [2021-05-26 06:04:48,039] {dag.py:1832} INFO - Sync 1 DAGs
[2021-05-26 06:04:48,058] {logging_mixin.py:104} INFO - [2021-05-26 06:04:48,057] {dag.py:2305} INFO - Setting next_dagrun for tutorial_etl_dag to None
[2021-05-26 06:04:48,088] {scheduler_job.py:190} INFO - Processing /home/ubuntu/.local/lib/python3.6/site-packages/airflow/example_dags/tutorial_etl_dag.py took 0.091 seconds
[2021-05-26 06:05:18,598] {scheduler_job.py:182} INFO - Started process (PID=15268) to work on /home/ubuntu/.local/lib/python3.6/site-packages/airflow/example_dags/tutorial_etl_dag.py
[2021-05-26 06:05:18,602] {scheduler_job.py:633} INFO - Processing file /home/ubuntu/.local/lib/python3.6/site-packages/airflow/example_dags/tutorial_etl_dag.py for tasks to queue
[2021-05-26 06:05:18,606] {logging_mixin.py:104} INFO - [2021-05-26 06:05:18,606] {dagbag.py:487} INFO - Filling up the DagBag from /home/ubuntu/.local/lib/python3.6/site-packages/airflow/example_dags/tutorial_etl_dag.py
[2021-05-26 06:05:18,623] {scheduler_job.py:643} INFO - DAG(s) dict_keys(['tutorial_etl_dag']) retrieved from /home/ubuntu/.local/lib/python3.6/site-packages/airflow/example_dags/tutorial_etl_dag.py
[2021-05-26 06:05:18,661] {logging_mixin.py:104} INFO - [2021-05-26 06:05:18,661] {dag.py:1832} INFO - Sync 1 DAGs
[2021-05-26 06:05:18,699] {logging_mixin.py:104} INFO - [2021-05-26 06:05:18,698] {dag.py:2305} INFO - Setting next_dagrun for tutorial_etl_dag to None
[2021-05-26 06:05:18,730] {scheduler_job.py:190} INFO - Processing /home/ubuntu/.local/lib/python3.6/site-packages/airflow/example_dags/tutorial_etl_dag.py took 0.134 seconds
[2021-05-26 06:05:52,947] {scheduler_job.py:182} INFO - Started process (PID=15400) to work on /home/ubuntu/.local/lib/python3.6/site-packages/airflow/example_dags/tutorial_etl_dag.py
[2021-05-26 06:05:52,964] {scheduler_job.py:633} INFO - Processing file /home/ubuntu/.local/lib/python3.6/site-packages/airflow/example_dags/tutorial_etl_dag.py for tasks to queue
[2021-05-26 06:05:52,969] {logging_mixin.py:104} INFO - [2021-05-26 06:05:52,969] {dagbag.py:487} INFO - Filling up the DagBag from /home/ubuntu/.local/lib/python3.6/site-packages/airflow/example_dags/tutorial_etl_dag.py
[2021-05-26 06:05:53,018] {scheduler_job.py:643} INFO - DAG(s) dict_keys(['tutorial_etl_dag']) retrieved from /home/ubuntu/.local/lib/python3.6/site-packages/airflow/example_dags/tutorial_etl_dag.py
[2021-05-26 06:05:53,085] {logging_mixin.py:104} INFO - [2021-05-26 06:05:53,081] {dag.py:1832} INFO - Sync 1 DAGs
[2021-05-26 06:05:53,125] {logging_mixin.py:104} INFO - [2021-05-26 06:05:53,125] {dag.py:2305} INFO - Setting next_dagrun for tutorial_etl_dag to None
[2021-05-26 06:05:53,165] {scheduler_job.py:190} INFO - Processing /home/ubuntu/.local/lib/python3.6/site-packages/airflow/example_dags/tutorial_etl_dag.py took 0.231 seconds
[2021-05-26 06:06:26,388] {scheduler_job.py:182} INFO - Started process (PID=15523) to work on /home/ubuntu/.local/lib/python3.6/site-packages/airflow/example_dags/tutorial_etl_dag.py
[2021-05-26 06:06:26,391] {scheduler_job.py:633} INFO - Processing file /home/ubuntu/.local/lib/python3.6/site-packages/airflow/example_dags/tutorial_etl_dag.py for tasks to queue
[2021-05-26 06:06:26,392] {logging_mixin.py:104} INFO - [2021-05-26 06:06:26,391] {dagbag.py:487} INFO - Filling up the DagBag from /home/ubuntu/.local/lib/python3.6/site-packages/airflow/example_dags/tutorial_etl_dag.py
[2021-05-26 06:06:26,405] {scheduler_job.py:643} INFO - DAG(s) dict_keys(['tutorial_etl_dag']) retrieved from /home/ubuntu/.local/lib/python3.6/site-packages/airflow/example_dags/tutorial_etl_dag.py
[2021-05-26 06:06:26,425] {logging_mixin.py:104} INFO - [2021-05-26 06:06:26,425] {dag.py:1832} INFO - Sync 1 DAGs
[2021-05-26 06:06:26,443] {logging_mixin.py:104} INFO - [2021-05-26 06:06:26,443] {dag.py:2305} INFO - Setting next_dagrun for tutorial_etl_dag to None
[2021-05-26 06:06:26,463] {scheduler_job.py:190} INFO - Processing /home/ubuntu/.local/lib/python3.6/site-packages/airflow/example_dags/tutorial_etl_dag.py took 0.078 seconds
[2021-05-26 06:07:02,049] {scheduler_job.py:182} INFO - Started process (PID=15657) to work on /home/ubuntu/.local/lib/python3.6/site-packages/airflow/example_dags/tutorial_etl_dag.py
[2021-05-26 06:07:02,054] {scheduler_job.py:633} INFO - Processing file /home/ubuntu/.local/lib/python3.6/site-packages/airflow/example_dags/tutorial_etl_dag.py for tasks to queue
[2021-05-26 06:07:02,055] {logging_mixin.py:104} INFO - [2021-05-26 06:07:02,055] {dagbag.py:487} INFO - Filling up the DagBag from /home/ubuntu/.local/lib/python3.6/site-packages/airflow/example_dags/tutorial_etl_dag.py
[2021-05-26 06:07:02,077] {scheduler_job.py:643} INFO - DAG(s) dict_keys(['tutorial_etl_dag']) retrieved from /home/ubuntu/.local/lib/python3.6/site-packages/airflow/example_dags/tutorial_etl_dag.py
[2021-05-26 06:07:02,409] {logging_mixin.py:104} INFO - [2021-05-26 06:07:02,409] {dag.py:1832} INFO - Sync 1 DAGs
[2021-05-26 06:07:02,422] {logging_mixin.py:104} INFO - [2021-05-26 06:07:02,422] {dag.py:1851} INFO - Creating ORM DAG for tutorial_etl_dag
[2021-05-26 06:07:02,431] {logging_mixin.py:104} INFO - [2021-05-26 06:07:02,431] {dag.py:2305} INFO - Setting next_dagrun for tutorial_etl_dag to None
[2021-05-26 06:07:02,467] {scheduler_job.py:190} INFO - Processing /home/ubuntu/.local/lib/python3.6/site-packages/airflow/example_dags/tutorial_etl_dag.py took 0.421 seconds
[2021-05-26 06:07:35,513] {scheduler_job.py:182} INFO - Started process (PID=15841) to work on /home/ubuntu/.local/lib/python3.6/site-packages/airflow/example_dags/tutorial_etl_dag.py
[2021-05-26 06:07:35,515] {scheduler_job.py:633} INFO - Processing file /home/ubuntu/.local/lib/python3.6/site-packages/airflow/example_dags/tutorial_etl_dag.py for tasks to queue
[2021-05-26 06:07:35,516] {logging_mixin.py:104} INFO - [2021-05-26 06:07:35,516] {dagbag.py:487} INFO - Filling up the DagBag from /home/ubuntu/.local/lib/python3.6/site-packages/airflow/example_dags/tutorial_etl_dag.py
[2021-05-26 06:07:35,529] {scheduler_job.py:643} INFO - DAG(s) dict_keys(['tutorial_etl_dag']) retrieved from /home/ubuntu/.local/lib/python3.6/site-packages/airflow/example_dags/tutorial_etl_dag.py
[2021-05-26 06:07:35,543] {logging_mixin.py:104} INFO - [2021-05-26 06:07:35,543] {dag.py:1832} INFO - Sync 1 DAGs
[2021-05-26 06:07:35,558] {logging_mixin.py:104} INFO - [2021-05-26 06:07:35,558] {dag.py:2305} INFO - Setting next_dagrun for tutorial_etl_dag to None
[2021-05-26 06:07:35,577] {scheduler_job.py:190} INFO - Processing /home/ubuntu/.local/lib/python3.6/site-packages/airflow/example_dags/tutorial_etl_dag.py took 0.066 seconds
[2021-05-26 06:08:10,121] {scheduler_job.py:182} INFO - Started process (PID=15994) to work on /home/ubuntu/.local/lib/python3.6/site-packages/airflow/example_dags/tutorial_etl_dag.py
[2021-05-26 06:08:10,126] {scheduler_job.py:633} INFO - Processing file /home/ubuntu/.local/lib/python3.6/site-packages/airflow/example_dags/tutorial_etl_dag.py for tasks to queue
[2021-05-26 06:08:10,130] {logging_mixin.py:104} INFO - [2021-05-26 06:08:10,129] {dagbag.py:487} INFO - Filling up the DagBag from /home/ubuntu/.local/lib/python3.6/site-packages/airflow/example_dags/tutorial_etl_dag.py
[2021-05-26 06:08:10,146] {scheduler_job.py:643} INFO - DAG(s) dict_keys(['tutorial_etl_dag']) retrieved from /home/ubuntu/.local/lib/python3.6/site-packages/airflow/example_dags/tutorial_etl_dag.py
[2021-05-26 06:08:10,165] {logging_mixin.py:104} INFO - [2021-05-26 06:08:10,165] {dag.py:1832} INFO - Sync 1 DAGs
[2021-05-26 06:08:10,186] {logging_mixin.py:104} INFO - [2021-05-26 06:08:10,186] {dag.py:2305} INFO - Setting next_dagrun for tutorial_etl_dag to None
[2021-05-26 06:08:10,225] {scheduler_job.py:190} INFO - Processing /home/ubuntu/.local/lib/python3.6/site-packages/airflow/example_dags/tutorial_etl_dag.py took 0.107 seconds
