[2021-05-26 06:26:31,505] {taskinstance.py:876} INFO - Dependencies all met for <TaskInstance: my_simple_dag.say_Hi 2018-09-24T13:10:00+00:00 [queued]>
[2021-05-26 06:26:31,521] {taskinstance.py:876} INFO - Dependencies all met for <TaskInstance: my_simple_dag.say_Hi 2018-09-24T13:10:00+00:00 [queued]>
[2021-05-26 06:26:31,522] {taskinstance.py:1067} INFO - 
--------------------------------------------------------------------------------
[2021-05-26 06:26:31,527] {taskinstance.py:1068} INFO - Starting attempt 1 of 1
[2021-05-26 06:26:31,528] {taskinstance.py:1069} INFO - 
--------------------------------------------------------------------------------
[2021-05-26 06:26:31,555] {taskinstance.py:1087} INFO - Executing <Task(BashOperator): say_Hi> on 2018-09-24T13:10:00+00:00
[2021-05-26 06:26:31,557] {standard_task_runner.py:52} INFO - Started process 20632 to run task
[2021-05-26 06:26:31,568] {standard_task_runner.py:76} INFO - Running: ['airflow', 'tasks', 'run', 'my_simple_dag', 'say_Hi', '2018-09-24T13:10:00+00:00', '--job-id', '43', '--pool', 'default_pool', '--raw', '--subdir', 'DAGS_FOLDER/test_dag.py', '--cfg-path', '/tmp/tmphx4hfcu_', '--error-file', '/tmp/tmpzzyrur5h']
[2021-05-26 06:26:31,570] {standard_task_runner.py:77} INFO - Job 43: Subtask say_Hi
[2021-05-26 06:26:31,611] {logging_mixin.py:104} INFO - Running <TaskInstance: my_simple_dag.say_Hi 2018-09-24T13:10:00+00:00 [running]> on host nus-fintech-ner-1.asia-southeast1-b.c.cylynx-dev-badc.internal
[2021-05-26 06:26:31,678] {taskinstance.py:1282} INFO - Exporting the following env vars:
AIRFLOW_CTX_DAG_OWNER=airflow
AIRFLOW_CTX_DAG_ID=my_simple_dag
AIRFLOW_CTX_TASK_ID=say_Hi
AIRFLOW_CTX_EXECUTION_DATE=2018-09-24T13:10:00+00:00
AIRFLOW_CTX_DAG_RUN_ID=scheduled__2018-09-24T13:10:00+00:00
[2021-05-26 06:26:31,681] {subprocess.py:52} INFO - Tmp dir root location: 
 /tmp
[2021-05-26 06:26:31,681] {subprocess.py:63} INFO - Running command: ['bash', '-c', 'echo "Hi!!"']
[2021-05-26 06:26:31,687] {subprocess.py:75} INFO - Output:
[2021-05-26 06:26:31,689] {subprocess.py:79} INFO - Hi!!
[2021-05-26 06:26:31,690] {subprocess.py:83} INFO - Command exited with return code 0
[2021-05-26 06:26:31,718] {taskinstance.py:1191} INFO - Marking task as SUCCESS. dag_id=my_simple_dag, task_id=say_Hi, execution_date=20180924T131000, start_date=20210526T062631, end_date=20210526T062631
[2021-05-26 06:26:31,762] {taskinstance.py:1245} INFO - 1 downstream tasks scheduled from follow-on schedule check
[2021-05-26 06:26:31,783] {local_task_job.py:151} INFO - Task exited with return code 0
