[2021-05-26 06:26:45,231] {taskinstance.py:876} INFO - Dependencies all met for <TaskInstance: my_simple_dag.say_Hi 2018-09-24T13:40:00+00:00 [queued]>
[2021-05-26 06:26:45,241] {taskinstance.py:876} INFO - Dependencies all met for <TaskInstance: my_simple_dag.say_Hi 2018-09-24T13:40:00+00:00 [queued]>
[2021-05-26 06:26:45,242] {taskinstance.py:1067} INFO - 
--------------------------------------------------------------------------------
[2021-05-26 06:26:45,242] {taskinstance.py:1068} INFO - Starting attempt 1 of 1
[2021-05-26 06:26:45,243] {taskinstance.py:1069} INFO - 
--------------------------------------------------------------------------------
[2021-05-26 06:26:45,268] {taskinstance.py:1087} INFO - Executing <Task(BashOperator): say_Hi> on 2018-09-24T13:40:00+00:00
[2021-05-26 06:26:45,270] {standard_task_runner.py:52} INFO - Started process 20702 to run task
[2021-05-26 06:26:45,283] {standard_task_runner.py:76} INFO - Running: ['airflow', 'tasks', 'run', 'my_simple_dag', 'say_Hi', '2018-09-24T13:40:00+00:00', '--job-id', '49', '--pool', 'default_pool', '--raw', '--subdir', 'DAGS_FOLDER/test_dag.py', '--cfg-path', '/tmp/tmpnrfgz74r', '--error-file', '/tmp/tmpx5_u9_aq']
[2021-05-26 06:26:45,284] {standard_task_runner.py:77} INFO - Job 49: Subtask say_Hi
[2021-05-26 06:26:45,330] {logging_mixin.py:104} INFO - Running <TaskInstance: my_simple_dag.say_Hi 2018-09-24T13:40:00+00:00 [running]> on host nus-fintech-ner-1.asia-southeast1-b.c.cylynx-dev-badc.internal
[2021-05-26 06:26:45,404] {taskinstance.py:1282} INFO - Exporting the following env vars:
AIRFLOW_CTX_DAG_OWNER=airflow
AIRFLOW_CTX_DAG_ID=my_simple_dag
AIRFLOW_CTX_TASK_ID=say_Hi
AIRFLOW_CTX_EXECUTION_DATE=2018-09-24T13:40:00+00:00
AIRFLOW_CTX_DAG_RUN_ID=scheduled__2018-09-24T13:40:00+00:00
[2021-05-26 06:26:45,406] {subprocess.py:52} INFO - Tmp dir root location: 
 /tmp
[2021-05-26 06:26:45,406] {subprocess.py:63} INFO - Running command: ['bash', '-c', 'echo "Hi!!"']
[2021-05-26 06:26:45,414] {subprocess.py:75} INFO - Output:
[2021-05-26 06:26:45,416] {subprocess.py:79} INFO - Hi!!
[2021-05-26 06:26:45,416] {subprocess.py:83} INFO - Command exited with return code 0
[2021-05-26 06:26:45,445] {taskinstance.py:1191} INFO - Marking task as SUCCESS. dag_id=my_simple_dag, task_id=say_Hi, execution_date=20180924T134000, start_date=20210526T062645, end_date=20210526T062645
[2021-05-26 06:26:45,497] {taskinstance.py:1245} INFO - 1 downstream tasks scheduled from follow-on schedule check
[2021-05-26 06:26:45,535] {local_task_job.py:151} INFO - Task exited with return code 0
